#
# A fatal error has been detected by the Java Runtime Environment:
#
#  SIGBUS (0xa) at pc=0x00000001277fc628, pid=10341, tid=8707
#
# JRE version: Java(TM) SE Runtime Environment (13.0.2+8) (build 13.0.2+8)
# Java VM: Java HotSpot(TM) 64-Bit Server VM (13.0.2+8, mixed mode, sharing, tiered, compressed oops, g1 gc, bsd-amd64)
# Problematic frame:
# C  0x00000001277fc628
#
# No core dump will be written. Core dumps have been disabled. To enable core dumping, try "ulimit -c unlimited" before starting Java again
#
# If you would like to submit a bug report, please visit:
#   http://bugreport.java.com/bugreport/crash.jsp
# The crash happened outside the Java Virtual Machine in native code.
# See problematic frame for where to report the bug.
#

---------------  S U M M A R Y ------------

Command Line: -ea -Djava.library.path=/Users/awollac/Library/Java/Extensions -Dfile.encoding=UTF-8 org.eclipse.jdt.internal.junit.runner.RemoteTestRunner -Djava.library.path=/src/resources -version 3 -port 58022 -testLoaderClass org.eclipse.jdt.internal.junit5.runner.JUnit5TestLoader -loaderpluginname org.eclipse.jdt.junit5.runtime -classNames shell.Tests

Host: MacBookPro14,3 x86_64 2900 MHz, 8 cores, 16G, Darwin 16.7.0
Time: Fri Aug 14 22:33:06 2020 CDT elapsed time: 0 seconds (0d 0h 0m 0s)

---------------  T H R E A D  ---------------

Current thread (0x00007fb73b800000):  JavaThread "main" [_thread_in_native, id=8707, stack(0x0000000102fd5000,0x00000001030d5000)]

Stack: [0x0000000102fd5000,0x00000001030d5000],  sp=0x00000001030d2e00,  free space=1015k
Native frames: (J=compiled Java code, A=aot compiled Java code, j=interpreted, Vv=VM code, C=native code)
C  0x00000001277fc628

Java frames: (J=compiled Java code, j=interpreted, Vv=VM code)
j  resources.qhullJNI.qh_qhull()V+0
j  resources.qhull.qh_qhull()V+0
j  shell.PointSet.convexHullND(Lshell/PointSet;)Lshell/PointSet;+197
j  shell.Tests.testQHull()V+199
v  ~StubRoutines::call_stub
j  jdk.internal.reflect.NativeMethodAccessorImpl.invoke0(Ljava/lang/reflect/Method;Ljava/lang/Object;[Ljava/lang/Object;)Ljava/lang/Object;+0 java.base@13.0.2
j  jdk.internal.reflect.NativeMethodAccessorImpl.invoke(Ljava/lang/Object;[Ljava/lang/Object;)Ljava/lang/Object;+100 java.base@13.0.2
j  jdk.internal.reflect.DelegatingMethodAccessorImpl.invoke(Ljava/lang/Object;[Ljava/lang/Object;)Ljava/lang/Object;+6 java.base@13.0.2
j  java.lang.reflect.Method.invoke(Ljava/lang/Object;[Ljava/lang/Object;)Ljava/lang/Object;+59 java.base@13.0.2
j  org.junit.platform.commons.util.ReflectionUtils.invokeMethod(Ljava/lang/reflect/Method;Ljava/lang/Object;[Ljava/lang/Object;)Ljava/lang/Object;+41
j  org.junit.jupiter.engine.execution.ExecutableInvoker.invoke(Ljava/lang/reflect/Method;Ljava/lang/Object;Lorg/junit/jupiter/api/extension/ExtensionContext;Lorg/junit/jupiter/engine/extension/ExtensionRegistry;)Ljava/lang/Object;+32
j  org.junit.jupiter.engine.descriptor.TestMethodTestDescriptor.lambda$invokeTestMethod$6(Lorg/junit/jupiter/api/extension/ExtensionContext;Lorg/junit/jupiter/engine/execution/JupiterEngineExecutionContext;)V+24
j  org.junit.jupiter.engine.descriptor.TestMethodTestDescriptor$$Lambda$231.execute()V+12
j  org.junit.platform.engine.support.hierarchical.ThrowableCollector.execute(Lorg/junit/platform/engine/support/hierarchical/ThrowableCollector$Executable;)V+1
j  org.junit.jupiter.engine.descriptor.TestMethodTestDescriptor.invokeTestMethod(Lorg/junit/jupiter/engine/execution/JupiterEngineExecutionContext;Lorg/junit/platform/engine/support/hierarchical/Node$DynamicTestExecutor;)V+21
j  org.junit.jupiter.engine.descriptor.TestMethodTestDescriptor.execute(Lorg/junit/jupiter/engine/execution/JupiterEngineExecutionContext;Lorg/junit/platform/engine/support/hierarchical/Node$DynamicTestExecutor;)Lorg/junit/jupiter/engine/execution/JupiterEngineExecutionContext;+44
j  org.junit.jupiter.engine.descriptor.TestMethodTestDescriptor.execute(Lorg/junit/platform/engine/support/hierarchical/EngineExecutionContext;Lorg/junit/platform/engine/support/hierarchical/Node$DynamicTestExecutor;)Lorg/junit/platform/engine/support/hierarchical/EngineExecutionContext;+6
j  org.junit.platform.engine.support.hierarchical.NodeTestTask.lambda$executeRecursively$5()V+83
j  org.junit.platform.engine.support.hierarchical.NodeTestTask$$Lambda$189.execute()V+4
j  org.junit.platform.engine.support.hierarchical.ThrowableCollector.execute(Lorg/junit/platform/engine/support/hierarchical/ThrowableCollector$Executable;)V+1
j  org.junit.platform.engine.support.hierarchical.NodeTestTask.executeRecursively()V+31
j  org.junit.platform.engine.support.hierarchical.NodeTestTask.execute()V+55
j  org.junit.platform.engine.support.hierarchical.SameThreadHierarchicalTestExecutorService$$Lambda$194.accept(Ljava/lang/Object;)V+4
j  java.util.ArrayList.forEach(Ljava/util/function/Consumer;)V+46 java.base@13.0.2
j  org.junit.platform.engine.support.hierarchical.SameThreadHierarchicalTestExecutorService.invokeAll(Ljava/util/List;)V+6
j  org.junit.platform.engine.support.hierarchical.NodeTestTask.lambda$executeRecursively$5()V+120
j  org.junit.platform.engine.support.hierarchical.NodeTestTask$$Lambda$189.execute()V+4
j  org.junit.platform.engine.support.hierarchical.ThrowableCollector.execute(Lorg/junit/platform/engine/support/hierarchical/ThrowableCollector$Executable;)V+1
j  org.junit.platform.engine.support.hierarchical.NodeTestTask.executeRecursively()V+31
j  org.junit.platform.engine.support.hierarchical.NodeTestTask.execute()V+55
j  org.junit.platform.engine.support.hierarchical.SameThreadHierarchicalTestExecutorService$$Lambda$194.accept(Ljava/lang/Object;)V+4
j  java.util.ArrayList.forEach(Ljava/util/function/Consumer;)V+46 java.base@13.0.2
j  org.junit.platform.engine.support.hierarchical.SameThreadHierarchicalTestExecutorService.invokeAll(Ljava/util/List;)V+6
j  org.junit.platform.engine.support.hierarchical.NodeTestTask.lambda$executeRecursively$5()V+120
j  org.junit.platform.engine.support.hierarchical.NodeTestTask$$Lambda$189.execute()V+4
j  org.junit.platform.engine.support.hierarchical.ThrowableCollector.execute(Lorg/junit/platform/engine/support/hierarchical/ThrowableCollector$Executable;)V+1
j  org.junit.platform.engine.support.hierarchical.NodeTestTask.executeRecursively()V+31
j  org.junit.platform.engine.support.hierarchical.NodeTestTask.execute()V+55
j  org.junit.platform.engine.support.hierarchical.SameThreadHierarchicalTestExecutorService.submit(Lorg/junit/platform/engine/support/hierarchical/HierarchicalTestExecutorService$TestTask;)Ljava/util/concurrent/Future;+1
j  org.junit.platform.engine.support.hierarchical.HierarchicalTestExecutor.execute()Ljava/util/concurrent/Future;+74
j  org.junit.platform.engine.support.hierarchical.HierarchicalTestEngine.execute(Lorg/junit/platform/engine/ExecutionRequest;)V+35
j  org.junit.platform.launcher.core.DefaultLauncher.execute(Lorg/junit/platform/engine/TestEngine;Lorg/junit/platform/engine/ExecutionRequest;)V+2
j  org.junit.platform.launcher.core.DefaultLauncher.lambda$execute$6(Lorg/junit/platform/launcher/core/Root;Lorg/junit/platform/engine/ConfigurationParameters;Lorg/junit/platform/launcher/TestExecutionListener;)V+85
j  org.junit.platform.launcher.core.DefaultLauncher$$Lambda$166.accept(Ljava/lang/Object;)V+16
j  org.junit.platform.launcher.core.DefaultLauncher.withInterceptedStreams(Lorg/junit/platform/engine/ConfigurationParameters;Lorg/junit/platform/launcher/core/TestExecutionListenerRegistry;Ljava/util/function/Consumer;)V+43
j  org.junit.platform.launcher.core.DefaultLauncher.execute(Lorg/junit/platform/launcher/core/Root;Lorg/junit/platform/engine/ConfigurationParameters;[Lorg/junit/platform/launcher/TestExecutionListener;)V+19
j  org.junit.platform.launcher.core.DefaultLauncher.execute(Lorg/junit/platform/launcher/LauncherDiscoveryRequest;[Lorg/junit/platform/launcher/TestExecutionListener;)V+36
j  org.eclipse.jdt.internal.junit5.runner.JUnit5TestReference.run(Lorg/eclipse/jdt/internal/junit/runner/TestExecution;)V+30
j  org.eclipse.jdt.internal.junit.runner.TestExecution.run([Lorg/eclipse/jdt/internal/junit/runner/ITestReference;)V+17
j  org.eclipse.jdt.internal.junit.runner.RemoteTestRunner.runTests([Ljava/lang/String;Ljava/lang/String;Lorg/eclipse/jdt/internal/junit/runner/TestExecution;)V+62
j  org.eclipse.jdt.internal.junit.runner.RemoteTestRunner.runTests(Lorg/eclipse/jdt/internal/junit/runner/TestExecution;)V+10
j  org.eclipse.jdt.internal.junit.runner.RemoteTestRunner.run()V+70
j  org.eclipse.jdt.internal.junit.runner.RemoteTestRunner.main([Ljava/lang/String;)V+14
v  ~StubRoutines::call_stub

siginfo: si_signo: 10 (SIGBUS), si_code: 2 (BUS_ADRERR), si_addr: 0x00000001277fc628

Register to memory mapping:

RAX=0x0000000000000005 is an unknown value
RBX={method} {0x00000001277fd168} 'setjmp_wrap' '()I' in 'resources/qhullJNI'
RCX=0x00007fffb78e81b6: __sigreturn+0xa in /usr/lib/system/libsystem_kernel.dylib at 0x00007fffb78ce000
RDX=0x0 is NULL
RSP=0x00000001030d2e00 is pointing into the stack for thread: 0x00007fb73b800000
RBP=0x00007fb73b800000 is a thread
RSI=0x0000000000000005 is an unknown value
RDI=0x000000012825c874: qh_qh+0x784 in /Users/awollac/Library/Java/Extensions/libqhull.dylib at 0x00000001281db000
R8 =0x0000000000000040 is an unknown value
R9 =0x00007fffc06b44a0: usual_extra+0x1c0 in /usr/lib/system/libsystem_c.dylib at 0x00007fffb77ee000
R10=0x00007fffb78e95be: sigprocmask+0xa in /usr/lib/system/libsystem_kernel.dylib at 0x00007fffb78ce000
R11=0x0000000000000246 is an unknown value
R12=0x0 is NULL
R13={method} {0x00000001277fd168} 'setjmp_wrap' '()I' in 'resources/qhullJNI'
R14=0x00000001030d2e98 is pointing into the stack for thread: 0x00007fb73b800000
R15=0x00007fb73b800000 is a thread


Registers:
RAX=0x0000000000000005, RBX=0x00000001277fd168, RCX=0x00007fffb78e81b6, RDX=0x0000000000000000
RSP=0x00000001030d2e00, RBP=0x00007fb73b800000, RSI=0x0000000000000005, RDI=0x000000012825c874
R8 =0x0000000000000040, R9 =0x00007fffc06b44a0, R10=0x00007fffb78e95be, R11=0x0000000000000246
R12=0x0000000000000000, R13=0x00000001277fd168, R14=0x00000001030d2e98, R15=0x00007fb73b800000
RIP=0x00000001277fc628, EFLAGS=0x0000000000010206, ERR=0x0000000000000015
  TRAPNO=0x000000000000000e

Top of Stack: (sp=0x00000001030d2e00)
0x00000001030d2e00:   00000001030d2e20 000000012822dd05
0x00000001030d2e10:   00000001030d2e90 00007fb73b800310
0x00000001030d2e20:   00000001030d2e80 00000001101e2c90
0x00000001030d2e30:   00000001101e2996 00000001030d2e38
0x00000001030d2e40:   00000001277fc628 00000001030d2e98
0x00000001030d2e50:   0000000127811ea8 0000000000000000
0x00000001030d2e60:   000000070eaadf10 00000001277fc628
0x00000001030d2e70:   0000000000000000 00000001030d2ea0
0x00000001030d2e80:   00000001030d2ee8 00000001101dcfb3
0x00000001030d2e90:   000000070eaadf10 00000001101dfbb8
0x00000001030d2ea0:   00000001030d2ea0 00000001277dc488
0x00000001030d2eb0:   00000001030d2ef0 00000001277f2008
0x00000001030d2ec0:   0000000000000000 000000070eaa0f28
0x00000001030d2ed0:   00000001277dc498 00000001030d2ea0
0x00000001030d2ee0:   00000001030d2ef8 00000001030d2f40
0x00000001030d2ef0:   00000001101dcfb3 00000001030d2ef8
0x00000001030d2f00:   000000012777be75 00000001030d2fe0
0x00000001030d2f10:   000000012777ccf0 0000000000000000
0x00000001030d2f20:   000000070ea51f60 000000012777c128
0x00000001030d2f30:   00000001030d2ef8 00000001030d2fd8
0x00000001030d2f40:   00000001030d3030 00000001101dcd00
0x00000001030d2f50:   0000000000000000 0000000000000000
0x00000001030d2f60:   0000000000000000 0000000000000000
0x00000001030d2f70:   0000000000000000 0000000000000000
0x00000001030d2f80:   0000000000000000 000000070ea67c80
0x00000001030d2f90:   0000000000000006 000000070eab0e30
0x00000001030d2fa0:   0000000000000002 0000000000000000
0x00000001030d2fb0:   000000070eaaf680 000000070eaaf5d0
0x00000001030d2fc0:   000000070eaaf520 000000070eaaf3e8
0x00000001030d2fd0:   000000070eaaf348 000000070ea67a80
0x00000001030d2fe0:   000000070ea52ba0 00000001030d2fe8
0x00000001030d2ff0:   00000001276075cf 00000001030d3058 

Instructions: (pc=0x00000001277fc628)
0x00000001277fc528:   00 00 00 00 00 00 00 00 e0 28 1e 10 01 00 00 00
0x00000001277fc538:   00 00 00 00 00 00 00 00 09 63 89 02 01 00 00 00
0x00000001277fc548:   00 00 00 00 00 00 00 00 00 00 00 00 00 00 00 80
0x00000001277fc558:   a8 5a 7f 27 01 00 00 00 00 00 00 00 00 00 00 00
0x00000001277fc568:   70 e0 0d 38 b7 7f 00 00 07 00 00 00 00 00 0a 00
0x00000001277fc578:   00 00 7c 00 31 00 f3 01 00 00 00 00 00 00 f3 01
0x00000001277fc588:   10 22 b3 02 01 00 00 00 50 c5 7f 27 01 00 00 00
0x00000001277fc598:   00 00 00 00 00 00 00 00 00 00 00 00 00 00 00 00
0x00000001277fc5a8:   19 01 00 00 fe ff ff ff 00 00 00 00 00 00 00 00
0x00000001277fc5b8:   e0 28 1e 10 01 00 00 00 5c ce 21 10 01 00 00 00
0x00000001277fc5c8:   00 00 00 00 00 00 00 00 e0 28 1e 10 01 00 00 00
0x00000001277fc5d8:   00 00 00 00 00 00 00 00 09 63 89 02 01 00 00 00
0x00000001277fc5e8:   00 00 00 00 00 00 00 00 5d 01 00 00 00 00 00 00
0x00000001277fc5f8:   a8 5a 7f 27 01 00 00 00 00 00 00 00 00 00 00 00
0x00000001277fc608:   70 e0 0d 38 b7 7f 00 00 07 00 00 00 00 00 0e 00
0x00000001277fc618:   00 00 7d 00 06 00 0a 00 00 00 00 00 00 00 0a 00
0x00000001277fc628:   10 22 b3 02 01 00 00 00 f0 c5 7f 27 01 00 00 00
0x00000001277fc638:   00 00 00 00 00 00 00 00 40 2f 81 27 01 00 00 00
0x00000001277fc648:   19 01 00 00 fe ff ff ff 00 00 00 00 00 00 00 00
0x00000001277fc658:   e0 28 1e 10 01 00 00 00 5c ce 21 10 01 00 00 00
0x00000001277fc668:   00 00 00 00 00 00 00 00 e0 28 1e 10 01 00 00 00
0x00000001277fc678:   00 00 00 00 00 00 00 00 f0 dc 22 28 01 00 00 00
0x00000001277fc688:   00 1d 23 10 01 00 00 00 00 00 00 00 00 00 00 80
0x00000001277fc698:   a8 5a 7f 27 01 00 00 00 00 00 00 00 00 00 00 00
0x00000001277fc6a8:   88 18 00 3b b7 7f 00 00 07 00 00 00 00 00 04 00
0x00000001277fc6b8:   00 00 7e 00 7f 00 1d 00 00 00 00 00 05 00 1d 00
0x00000001277fc6c8:   10 22 b3 02 01 00 00 00 90 c6 7f 27 01 00 00 00
0x00000001277fc6d8:   00 00 00 00 00 00 00 00 00 00 00 00 00 00 00 00
0x00000001277fc6e8:   19 01 00 00 fe ff ff ff 00 00 00 00 00 00 00 00
0x00000001277fc6f8:   e0 28 1e 10 01 00 00 00 67 b3 2d 10 01 00 00 00
0x00000001277fc708:   00 00 00 00 00 00 00 00 e0 28 1e 10 01 00 00 00
0x00000001277fc718:   00 00 00 00 00 00 00 00 09 63 89 02 01 00 00 00 


Stack slot to memory mapping:
stack at sp + 0 slots: 0x00000001030d2e20 is pointing into the stack for thread: 0x00007fb73b800000
stack at sp + 1 slots: 0x000000012822dd05: Java_resources_qhullJNI_qh_1qhull+0x15 in /Users/awollac/Library/Java/Extensions/libqhull.dylib at 0x00000001281db000
stack at sp + 2 slots: 0x00000001030d2e90 is pointing into the stack for thread: 0x00007fb73b800000
stack at sp + 3 slots: 0x00007fb73b800310 points into unknown readable memory: e0 9d b4 02 01 00 00 00
stack at sp + 4 slots: 0x00000001030d2e80 is pointing into the stack for thread: 0x00007fb73b800000
stack at sp + 5 slots: 0x00000001101e2c90 is at code_begin+944 in an Interpreter codelet
method entry point (kind = native)  [0x00000001101e28e0, 0x00000001101e3320]  2624 bytes
stack at sp + 6 slots: 0x00000001101e2996 is at code_begin+182 in an Interpreter codelet
method entry point (kind = native)  [0x00000001101e28e0, 0x00000001101e3320]  2624 bytes
stack at sp + 7 slots: 0x00000001030d2e38 is pointing into the stack for thread: 0x00007fb73b800000


---------------  P R O C E S S  ---------------

Threads class SMR info:
_java_thread_list=0x00007fb737567860, length=12, elements={
0x00007fb73b800000, 0x00007fb739806800, 0x00007fb739809800, 0x00007fb73980c000,
0x00007fb73980c800, 0x00007fb73980d800, 0x00007fb73b004800, 0x00007fb73a81d800,
0x00007fb73a820800, 0x00007fb7390aa800, 0x00007fb73a8b3000, 0x00007fb73986d000
}

Java Threads: ( => current thread )
=>0x00007fb73b800000 JavaThread "main" [_thread_in_native, id=8707, stack(0x0000000102fd5000,0x00000001030d5000)]
  0x00007fb739806800 JavaThread "Reference Handler" daemon [_thread_blocked, id=17923, stack(0x000070000b09a000,0x000070000b19a000)]
  0x00007fb739809800 JavaThread "Finalizer" daemon [_thread_blocked, id=18691, stack(0x000070000b19d000,0x000070000b29d000)]
  0x00007fb73980c000 JavaThread "Signal Dispatcher" daemon [_thread_blocked, id=22279, stack(0x000070000b2a0000,0x000070000b3a0000)]
  0x00007fb73980c800 JavaThread "C2 CompilerThread0" daemon [_thread_in_native, id=23043, stack(0x000070000b3a3000,0x000070000b4a3000)]
  0x00007fb73980d800 JavaThread "C1 CompilerThread0" daemon [_thread_blocked, id=23811, stack(0x000070000b4a6000,0x000070000b5a6000)]
  0x00007fb73b004800 JavaThread "Sweeper thread" daemon [_thread_blocked, id=24579, stack(0x000070000b5a9000,0x000070000b6a9000)]
  0x00007fb73a81d800 JavaThread "Service Thread" daemon [_thread_blocked, id=25347, stack(0x000070000b6ac000,0x000070000b7ac000)]
  0x00007fb73a820800 JavaThread "Common-Cleaner" daemon [_thread_blocked, id=26627, stack(0x000070000b8b2000,0x000070000b9b2000)]
  0x00007fb7390aa800 JavaThread "C2 CompilerThread1" daemon [_thread_blocked, id=27395, stack(0x000070000b9b5000,0x000070000bab5000)]
  0x00007fb73a8b3000 JavaThread "ReaderThread" [_thread_in_native, id=28163, stack(0x000070000bab8000,0x000070000bbb8000)]
  0x00007fb73986d000 JavaThread "C2 CompilerThread2" daemon [_thread_blocked, id=28931, stack(0x000070000bbbb000,0x000070000bcbb000)]

Other Threads:
  0x00007fb739806000 VMThread "VM Thread" [stack: 0x000070000af97000,0x000070000b097000] [id=16899]
  0x00007fb738800000 WatcherThread [stack: 0x000070000b7af000,0x000070000b8af000] [id=25859]
  0x00007fb739032800 GCTaskThread "GC Thread#0" [stack: 0x000070000aa88000,0x000070000ab88000] [id=12547]
  0x00007fb73b811000 ConcurrentGCThread "G1 Main Marker" [stack: 0x000070000ab8b000,0x000070000ac8b000] [id=13059]
  0x00007fb738015800 ConcurrentGCThread "G1 Conc#0" [stack: 0x000070000ac8e000,0x000070000ad8e000] [id=14083]
  0x00007fb7380b6800 ConcurrentGCThread "G1 Refine#0" [stack: 0x000070000ad91000,0x000070000ae91000] [id=14595]
  0x00007fb7380b7000 ConcurrentGCThread "G1 Young RemSet Sampling" [stack: 0x000070000ae94000,0x000070000af94000] [id=15107]

Threads with active compile tasks:
C2 CompilerThread0      647 1362       4       org.junit.platform.commons.util.AnnotationUtils::findMetaAnnotation (84 bytes)

VM state:not at safepoint (normal execution)

VM Mutex/Monitor currently owned by a thread: None

Heap address: 0x0000000700000000, size: 4096 MB, Compressed Oops mode: Zero based, Oop shift amount: 3
Narrow klass base: 0x0000000800000000, Narrow klass shift: 3
Compressed class space size: 1073741824 Address: 0x0000000800ae0000

Heap:
 garbage-first heap   total 264192K, used 21240K [0x0000000700000000, 0x0000000800000000)
  region size 1024K, 22 young (22528K), 0 survivors (0K)
 Metaspace       used 6890K, capacity 7375K, committed 7680K, reserved 1056768K
  class space    used 753K, capacity 916K, committed 1024K, reserved 1048576K
Heap Regions: E=young(eden), S=young(survivor), O=old, HS=humongous(starts), HC=humongous(continues), CS=collection set, F=free, A=archive, TAMS=top-at-mark-start (previous, next)
|   0|0x0000000700000000, 0x0000000700000000, 0x0000000700100000|  0%| F|  |TAMS 0x0000000700000000, 0x0000000700000000| Untracked 
|   1|0x0000000700100000, 0x0000000700100000, 0x0000000700200000|  0%| F|  |TAMS 0x0000000700100000, 0x0000000700100000| Untracked 
|   2|0x0000000700200000, 0x0000000700200000, 0x0000000700300000|  0%| F|  |TAMS 0x0000000700200000, 0x0000000700200000| Untracked 
|   3|0x0000000700300000, 0x0000000700300000, 0x0000000700400000|  0%| F|  |TAMS 0x0000000700300000, 0x0000000700300000| Untracked 
|   4|0x0000000700400000, 0x0000000700400000, 0x0000000700500000|  0%| F|  |TAMS 0x0000000700400000, 0x0000000700400000| Untracked 
|   5|0x0000000700500000, 0x0000000700500000, 0x0000000700600000|  0%| F|  |TAMS 0x0000000700500000, 0x0000000700500000| Untracked 
|   6|0x0000000700600000, 0x0000000700600000, 0x0000000700700000|  0%| F|  |TAMS 0x0000000700600000, 0x0000000700600000| Untracked 
|   7|0x0000000700700000, 0x0000000700700000, 0x0000000700800000|  0%| F|  |TAMS 0x0000000700700000, 0x0000000700700000| Untracked 
|   8|0x0000000700800000, 0x0000000700800000, 0x0000000700900000|  0%| F|  |TAMS 0x0000000700800000, 0x0000000700800000| Untracked 
|   9|0x0000000700900000, 0x0000000700900000, 0x0000000700a00000|  0%| F|  |TAMS 0x0000000700900000, 0x0000000700900000| Untracked 
|  10|0x0000000700a00000, 0x0000000700a00000, 0x0000000700b00000|  0%| F|  |TAMS 0x0000000700a00000, 0x0000000700a00000| Untracked 
|  11|0x0000000700b00000, 0x0000000700b00000, 0x0000000700c00000|  0%| F|  |TAMS 0x0000000700b00000, 0x0000000700b00000| Untracked 
|  12|0x0000000700c00000, 0x0000000700c00000, 0x0000000700d00000|  0%| F|  |TAMS 0x0000000700c00000, 0x0000000700c00000| Untracked 
|  13|0x0000000700d00000, 0x0000000700d00000, 0x0000000700e00000|  0%| F|  |TAMS 0x0000000700d00000, 0x0000000700d00000| Untracked 
|  14|0x0000000700e00000, 0x0000000700e00000, 0x0000000700f00000|  0%| F|  |TAMS 0x0000000700e00000, 0x0000000700e00000| Untracked 
|  15|0x0000000700f00000, 0x0000000700f00000, 0x0000000701000000|  0%| F|  |TAMS 0x0000000700f00000, 0x0000000700f00000| Untracked 
|  16|0x0000000701000000, 0x0000000701000000, 0x0000000701100000|  0%| F|  |TAMS 0x0000000701000000, 0x0000000701000000| Untracked 
|  17|0x0000000701100000, 0x0000000701100000, 0x0000000701200000|  0%| F|  |TAMS 0x0000000701100000, 0x0000000701100000| Untracked 
|  18|0x0000000701200000, 0x0000000701200000, 0x0000000701300000|  0%| F|  |TAMS 0x0000000701200000, 0x0000000701200000| Untracked 
|  19|0x0000000701300000, 0x0000000701300000, 0x0000000701400000|  0%| F|  |TAMS 0x0000000701300000, 0x0000000701300000| Untracked 
|  20|0x0000000701400000, 0x0000000701400000, 0x0000000701500000|  0%| F|  |TAMS 0x0000000701400000, 0x0000000701400000| Untracked 
|  21|0x0000000701500000, 0x0000000701500000, 0x0000000701600000|  0%| F|  |TAMS 0x0000000701500000, 0x0000000701500000| Untracked 
|  22|0x0000000701600000, 0x0000000701600000, 0x0000000701700000|  0%| F|  |TAMS 0x0000000701600000, 0x0000000701600000| Untracked 
|  23|0x0000000701700000, 0x0000000701700000, 0x0000000701800000|  0%| F|  |TAMS 0x0000000701700000, 0x0000000701700000| Untracked 
|  24|0x0000000701800000, 0x0000000701800000, 0x0000000701900000|  0%| F|  |TAMS 0x0000000701800000, 0x0000000701800000| Untracked 
|  25|0x0000000701900000, 0x0000000701900000, 0x0000000701a00000|  0%| F|  |TAMS 0x0000000701900000, 0x0000000701900000| Untracked 
|  26|0x0000000701a00000, 0x0000000701a00000, 0x0000000701b00000|  0%| F|  |TAMS 0x0000000701a00000, 0x0000000701a00000| Untracked 
|  27|0x0000000701b00000, 0x0000000701b00000, 0x0000000701c00000|  0%| F|  |TAMS 0x0000000701b00000, 0x0000000701b00000| Untracked 
|  28|0x0000000701c00000, 0x0000000701c00000, 0x0000000701d00000|  0%| F|  |TAMS 0x0000000701c00000, 0x0000000701c00000| Untracked 
|  29|0x0000000701d00000, 0x0000000701d00000, 0x0000000701e00000|  0%| F|  |TAMS 0x0000000701d00000, 0x0000000701d00000| Untracked 
|  30|0x0000000701e00000, 0x0000000701e00000, 0x0000000701f00000|  0%| F|  |TAMS 0x0000000701e00000, 0x0000000701e00000| Untracked 
|  31|0x0000000701f00000, 0x0000000701f00000, 0x0000000702000000|  0%| F|  |TAMS 0x0000000701f00000, 0x0000000701f00000| Untracked 
|  32|0x0000000702000000, 0x0000000702000000, 0x0000000702100000|  0%| F|  |TAMS 0x0000000702000000, 0x0000000702000000| Untracked 
|  33|0x0000000702100000, 0x0000000702100000, 0x0000000702200000|  0%| F|  |TAMS 0x0000000702100000, 0x0000000702100000| Untracked 
|  34|0x0000000702200000, 0x0000000702200000, 0x0000000702300000|  0%| F|  |TAMS 0x0000000702200000, 0x0000000702200000| Untracked 
|  35|0x0000000702300000, 0x0000000702300000, 0x0000000702400000|  0%| F|  |TAMS 0x0000000702300000, 0x0000000702300000| Untracked 
|  36|0x0000000702400000, 0x0000000702400000, 0x0000000702500000|  0%| F|  |TAMS 0x0000000702400000, 0x0000000702400000| Untracked 
|  37|0x0000000702500000, 0x0000000702500000, 0x0000000702600000|  0%| F|  |TAMS 0x0000000702500000, 0x0000000702500000| Untracked 
|  38|0x0000000702600000, 0x0000000702600000, 0x0000000702700000|  0%| F|  |TAMS 0x0000000702600000, 0x0000000702600000| Untracked 
|  39|0x0000000702700000, 0x0000000702700000, 0x0000000702800000|  0%| F|  |TAMS 0x0000000702700000, 0x0000000702700000| Untracked 
|  40|0x0000000702800000, 0x0000000702800000, 0x0000000702900000|  0%| F|  |TAMS 0x0000000702800000, 0x0000000702800000| Untracked 
|  41|0x0000000702900000, 0x0000000702900000, 0x0000000702a00000|  0%| F|  |TAMS 0x0000000702900000, 0x0000000702900000| Untracked 
|  42|0x0000000702a00000, 0x0000000702a00000, 0x0000000702b00000|  0%| F|  |TAMS 0x0000000702a00000, 0x0000000702a00000| Untracked 
|  43|0x0000000702b00000, 0x0000000702b00000, 0x0000000702c00000|  0%| F|  |TAMS 0x0000000702b00000, 0x0000000702b00000| Untracked 
|  44|0x0000000702c00000, 0x0000000702c00000, 0x0000000702d00000|  0%| F|  |TAMS 0x0000000702c00000, 0x0000000702c00000| Untracked 
|  45|0x0000000702d00000, 0x0000000702d00000, 0x0000000702e00000|  0%| F|  |TAMS 0x0000000702d00000, 0x0000000702d00000| Untracked 
|  46|0x0000000702e00000, 0x0000000702e00000, 0x0000000702f00000|  0%| F|  |TAMS 0x0000000702e00000, 0x0000000702e00000| Untracked 
|  47|0x0000000702f00000, 0x0000000702f00000, 0x0000000703000000|  0%| F|  |TAMS 0x0000000702f00000, 0x0000000702f00000| Untracked 
|  48|0x0000000703000000, 0x0000000703000000, 0x0000000703100000|  0%| F|  |TAMS 0x0000000703000000, 0x0000000703000000| Untracked 
|  49|0x0000000703100000, 0x0000000703100000, 0x0000000703200000|  0%| F|  |TAMS 0x0000000703100000, 0x0000000703100000| Untracked 
|  50|0x0000000703200000, 0x0000000703200000, 0x0000000703300000|  0%| F|  |TAMS 0x0000000703200000, 0x0000000703200000| Untracked 
|  51|0x0000000703300000, 0x0000000703300000, 0x0000000703400000|  0%| F|  |TAMS 0x0000000703300000, 0x0000000703300000| Untracked 
|  52|0x0000000703400000, 0x0000000703400000, 0x0000000703500000|  0%| F|  |TAMS 0x0000000703400000, 0x0000000703400000| Untracked 
|  53|0x0000000703500000, 0x0000000703500000, 0x0000000703600000|  0%| F|  |TAMS 0x0000000703500000, 0x0000000703500000| Untracked 
|  54|0x0000000703600000, 0x0000000703600000, 0x0000000703700000|  0%| F|  |TAMS 0x0000000703600000, 0x0000000703600000| Untracked 
|  55|0x0000000703700000, 0x0000000703700000, 0x0000000703800000|  0%| F|  |TAMS 0x0000000703700000, 0x0000000703700000| Untracked 
|  56|0x0000000703800000, 0x0000000703800000, 0x0000000703900000|  0%| F|  |TAMS 0x0000000703800000, 0x0000000703800000| Untracked 
|  57|0x0000000703900000, 0x0000000703900000, 0x0000000703a00000|  0%| F|  |TAMS 0x0000000703900000, 0x0000000703900000| Untracked 
|  58|0x0000000703a00000, 0x0000000703a00000, 0x0000000703b00000|  0%| F|  |TAMS 0x0000000703a00000, 0x0000000703a00000| Untracked 
|  59|0x0000000703b00000, 0x0000000703b00000, 0x0000000703c00000|  0%| F|  |TAMS 0x0000000703b00000, 0x0000000703b00000| Untracked 
|  60|0x0000000703c00000, 0x0000000703c00000, 0x0000000703d00000|  0%| F|  |TAMS 0x0000000703c00000, 0x0000000703c00000| Untracked 
|  61|0x0000000703d00000, 0x0000000703d00000, 0x0000000703e00000|  0%| F|  |TAMS 0x0000000703d00000, 0x0000000703d00000| Untracked 
|  62|0x0000000703e00000, 0x0000000703e00000, 0x0000000703f00000|  0%| F|  |TAMS 0x0000000703e00000, 0x0000000703e00000| Untracked 
|  63|0x0000000703f00000, 0x0000000703f00000, 0x0000000704000000|  0%| F|  |TAMS 0x0000000703f00000, 0x0000000703f00000| Untracked 
|  64|0x0000000704000000, 0x0000000704000000, 0x0000000704100000|  0%| F|  |TAMS 0x0000000704000000, 0x0000000704000000| Untracked 
|  65|0x0000000704100000, 0x0000000704100000, 0x0000000704200000|  0%| F|  |TAMS 0x0000000704100000, 0x0000000704100000| Untracked 
|  66|0x0000000704200000, 0x0000000704200000, 0x0000000704300000|  0%| F|  |TAMS 0x0000000704200000, 0x0000000704200000| Untracked 
|  67|0x0000000704300000, 0x0000000704300000, 0x0000000704400000|  0%| F|  |TAMS 0x0000000704300000, 0x0000000704300000| Untracked 
|  68|0x0000000704400000, 0x0000000704400000, 0x0000000704500000|  0%| F|  |TAMS 0x0000000704400000, 0x0000000704400000| Untracked 
|  69|0x0000000704500000, 0x0000000704500000, 0x0000000704600000|  0%| F|  |TAMS 0x0000000704500000, 0x0000000704500000| Untracked 
|  70|0x0000000704600000, 0x0000000704600000, 0x0000000704700000|  0%| F|  |TAMS 0x0000000704600000, 0x0000000704600000| Untracked 
|  71|0x0000000704700000, 0x0000000704700000, 0x0000000704800000|  0%| F|  |TAMS 0x0000000704700000, 0x0000000704700000| Untracked 
|  72|0x0000000704800000, 0x0000000704800000, 0x0000000704900000|  0%| F|  |TAMS 0x0000000704800000, 0x0000000704800000| Untracked 
|  73|0x0000000704900000, 0x0000000704900000, 0x0000000704a00000|  0%| F|  |TAMS 0x0000000704900000, 0x0000000704900000| Untracked 
|  74|0x0000000704a00000, 0x0000000704a00000, 0x0000000704b00000|  0%| F|  |TAMS 0x0000000704a00000, 0x0000000704a00000| Untracked 
|  75|0x0000000704b00000, 0x0000000704b00000, 0x0000000704c00000|  0%| F|  |TAMS 0x0000000704b00000, 0x0000000704b00000| Untracked 
|  76|0x0000000704c00000, 0x0000000704c00000, 0x0000000704d00000|  0%| F|  |TAMS 0x0000000704c00000, 0x0000000704c00000| Untracked 
|  77|0x0000000704d00000, 0x0000000704d00000, 0x0000000704e00000|  0%| F|  |TAMS 0x0000000704d00000, 0x0000000704d00000| Untracked 
|  78|0x0000000704e00000, 0x0000000704e00000, 0x0000000704f00000|  0%| F|  |TAMS 0x0000000704e00000, 0x0000000704e00000| Untracked 
|  79|0x0000000704f00000, 0x0000000704f00000, 0x0000000705000000|  0%| F|  |TAMS 0x0000000704f00000, 0x0000000704f00000| Untracked 
|  80|0x0000000705000000, 0x0000000705000000, 0x0000000705100000|  0%| F|  |TAMS 0x0000000705000000, 0x0000000705000000| Untracked 
|  81|0x0000000705100000, 0x0000000705100000, 0x0000000705200000|  0%| F|  |TAMS 0x0000000705100000, 0x0000000705100000| Untracked 
|  82|0x0000000705200000, 0x0000000705200000, 0x0000000705300000|  0%| F|  |TAMS 0x0000000705200000, 0x0000000705200000| Untracked 
|  83|0x0000000705300000, 0x0000000705300000, 0x0000000705400000|  0%| F|  |TAMS 0x0000000705300000, 0x0000000705300000| Untracked 
|  84|0x0000000705400000, 0x0000000705400000, 0x0000000705500000|  0%| F|  |TAMS 0x0000000705400000, 0x0000000705400000| Untracked 
|  85|0x0000000705500000, 0x0000000705500000, 0x0000000705600000|  0%| F|  |TAMS 0x0000000705500000, 0x0000000705500000| Untracked 
|  86|0x0000000705600000, 0x0000000705600000, 0x0000000705700000|  0%| F|  |TAMS 0x0000000705600000, 0x0000000705600000| Untracked 
|  87|0x0000000705700000, 0x0000000705700000, 0x0000000705800000|  0%| F|  |TAMS 0x0000000705700000, 0x0000000705700000| Untracked 
|  88|0x0000000705800000, 0x0000000705800000, 0x0000000705900000|  0%| F|  |TAMS 0x0000000705800000, 0x0000000705800000| Untracked 
|  89|0x0000000705900000, 0x0000000705900000, 0x0000000705a00000|  0%| F|  |TAMS 0x0000000705900000, 0x0000000705900000| Untracked 
|  90|0x0000000705a00000, 0x0000000705a00000, 0x0000000705b00000|  0%| F|  |TAMS 0x0000000705a00000, 0x0000000705a00000| Untracked 
|  91|0x0000000705b00000, 0x0000000705b00000, 0x0000000705c00000|  0%| F|  |TAMS 0x0000000705b00000, 0x0000000705b00000| Untracked 
|  92|0x0000000705c00000, 0x0000000705c00000, 0x0000000705d00000|  0%| F|  |TAMS 0x0000000705c00000, 0x0000000705c00000| Untracked 
|  93|0x0000000705d00000, 0x0000000705d00000, 0x0000000705e00000|  0%| F|  |TAMS 0x0000000705d00000, 0x0000000705d00000| Untracked 
|  94|0x0000000705e00000, 0x0000000705e00000, 0x0000000705f00000|  0%| F|  |TAMS 0x0000000705e00000, 0x0000000705e00000| Untracked 
|  95|0x0000000705f00000, 0x0000000705f00000, 0x0000000706000000|  0%| F|  |TAMS 0x0000000705f00000, 0x0000000705f00000| Untracked 
|  96|0x0000000706000000, 0x0000000706000000, 0x0000000706100000|  0%| F|  |TAMS 0x0000000706000000, 0x0000000706000000| Untracked 
|  97|0x0000000706100000, 0x0000000706100000, 0x0000000706200000|  0%| F|  |TAMS 0x0000000706100000, 0x0000000706100000| Untracked 
|  98|0x0000000706200000, 0x0000000706200000, 0x0000000706300000|  0%| F|  |TAMS 0x0000000706200000, 0x0000000706200000| Untracked 
|  99|0x0000000706300000, 0x0000000706300000, 0x0000000706400000|  0%| F|  |TAMS 0x0000000706300000, 0x0000000706300000| Untracked 
| 100|0x0000000706400000, 0x0000000706400000, 0x0000000706500000|  0%| F|  |TAMS 0x0000000706400000, 0x0000000706400000| Untracked 
| 101|0x0000000706500000, 0x0000000706500000, 0x0000000706600000|  0%| F|  |TAMS 0x0000000706500000, 0x0000000706500000| Untracked 
| 102|0x0000000706600000, 0x0000000706600000, 0x0000000706700000|  0%| F|  |TAMS 0x0000000706600000, 0x0000000706600000| Untracked 
| 103|0x0000000706700000, 0x0000000706700000, 0x0000000706800000|  0%| F|  |TAMS 0x0000000706700000, 0x0000000706700000| Untracked 
| 104|0x0000000706800000, 0x0000000706800000, 0x0000000706900000|  0%| F|  |TAMS 0x0000000706800000, 0x0000000706800000| Untracked 
| 105|0x0000000706900000, 0x0000000706900000, 0x0000000706a00000|  0%| F|  |TAMS 0x0000000706900000, 0x0000000706900000| Untracked 
| 106|0x0000000706a00000, 0x0000000706a00000, 0x0000000706b00000|  0%| F|  |TAMS 0x0000000706a00000, 0x0000000706a00000| Untracked 
| 107|0x0000000706b00000, 0x0000000706b00000, 0x0000000706c00000|  0%| F|  |TAMS 0x0000000706b00000, 0x0000000706b00000| Untracked 
| 108|0x0000000706c00000, 0x0000000706c00000, 0x0000000706d00000|  0%| F|  |TAMS 0x0000000706c00000, 0x0000000706c00000| Untracked 
| 109|0x0000000706d00000, 0x0000000706d00000, 0x0000000706e00000|  0%| F|  |TAMS 0x0000000706d00000, 0x0000000706d00000| Untracked 
| 110|0x0000000706e00000, 0x0000000706e00000, 0x0000000706f00000|  0%| F|  |TAMS 0x0000000706e00000, 0x0000000706e00000| Untracked 
| 111|0x0000000706f00000, 0x0000000706f00000, 0x0000000707000000|  0%| F|  |TAMS 0x0000000706f00000, 0x0000000706f00000| Untracked 
| 112|0x0000000707000000, 0x0000000707000000, 0x0000000707100000|  0%| F|  |TAMS 0x0000000707000000, 0x0000000707000000| Untracked 
| 113|0x0000000707100000, 0x0000000707100000, 0x0000000707200000|  0%| F|  |TAMS 0x0000000707100000, 0x0000000707100000| Untracked 
| 114|0x0000000707200000, 0x0000000707200000, 0x0000000707300000|  0%| F|  |TAMS 0x0000000707200000, 0x0000000707200000| Untracked 
| 115|0x0000000707300000, 0x0000000707300000, 0x0000000707400000|  0%| F|  |TAMS 0x0000000707300000, 0x0000000707300000| Untracked 
| 116|0x0000000707400000, 0x0000000707400000, 0x0000000707500000|  0%| F|  |TAMS 0x0000000707400000, 0x0000000707400000| Untracked 
| 117|0x0000000707500000, 0x0000000707500000, 0x0000000707600000|  0%| F|  |TAMS 0x0000000707500000, 0x0000000707500000| Untracked 
| 118|0x0000000707600000, 0x0000000707600000, 0x0000000707700000|  0%| F|  |TAMS 0x0000000707600000, 0x0000000707600000| Untracked 
| 119|0x0000000707700000, 0x0000000707700000, 0x0000000707800000|  0%| F|  |TAMS 0x0000000707700000, 0x0000000707700000| Untracked 
| 120|0x0000000707800000, 0x0000000707800000, 0x0000000707900000|  0%| F|  |TAMS 0x0000000707800000, 0x0000000707800000| Untracked 
| 121|0x0000000707900000, 0x0000000707900000, 0x0000000707a00000|  0%| F|  |TAMS 0x0000000707900000, 0x0000000707900000| Untracked 
| 122|0x0000000707a00000, 0x0000000707a00000, 0x0000000707b00000|  0%| F|  |TAMS 0x0000000707a00000, 0x0000000707a00000| Untracked 
| 123|0x0000000707b00000, 0x0000000707b00000, 0x0000000707c00000|  0%| F|  |TAMS 0x0000000707b00000, 0x0000000707b00000| Untracked 
| 124|0x0000000707c00000, 0x0000000707c00000, 0x0000000707d00000|  0%| F|  |TAMS 0x0000000707c00000, 0x0000000707c00000| Untracked 
| 125|0x0000000707d00000, 0x0000000707d00000, 0x0000000707e00000|  0%| F|  |TAMS 0x0000000707d00000, 0x0000000707d00000| Untracked 
| 126|0x0000000707e00000, 0x0000000707e00000, 0x0000000707f00000|  0%| F|  |TAMS 0x0000000707e00000, 0x0000000707e00000| Untracked 
| 127|0x0000000707f00000, 0x0000000707f00000, 0x0000000708000000|  0%| F|  |TAMS 0x0000000707f00000, 0x0000000707f00000| Untracked 
| 128|0x0000000708000000, 0x0000000708000000, 0x0000000708100000|  0%| F|  |TAMS 0x0000000708000000, 0x0000000708000000| Untracked 
| 129|0x0000000708100000, 0x0000000708100000, 0x0000000708200000|  0%| F|  |TAMS 0x0000000708100000, 0x0000000708100000| Untracked 
| 130|0x0000000708200000, 0x0000000708200000, 0x0000000708300000|  0%| F|  |TAMS 0x0000000708200000, 0x0000000708200000| Untracked 
| 131|0x0000000708300000, 0x0000000708300000, 0x0000000708400000|  0%| F|  |TAMS 0x0000000708300000, 0x0000000708300000| Untracked 
| 132|0x0000000708400000, 0x0000000708400000, 0x0000000708500000|  0%| F|  |TAMS 0x0000000708400000, 0x0000000708400000| Untracked 
| 133|0x0000000708500000, 0x0000000708500000, 0x0000000708600000|  0%| F|  |TAMS 0x0000000708500000, 0x0000000708500000| Untracked 
| 134|0x0000000708600000, 0x0000000708600000, 0x0000000708700000|  0%| F|  |TAMS 0x0000000708600000, 0x0000000708600000| Untracked 
| 135|0x0000000708700000, 0x0000000708700000, 0x0000000708800000|  0%| F|  |TAMS 0x0000000708700000, 0x0000000708700000| Untracked 
| 136|0x0000000708800000, 0x0000000708800000, 0x0000000708900000|  0%| F|  |TAMS 0x0000000708800000, 0x0000000708800000| Untracked 
| 137|0x0000000708900000, 0x0000000708900000, 0x0000000708a00000|  0%| F|  |TAMS 0x0000000708900000, 0x0000000708900000| Untracked 
| 138|0x0000000708a00000, 0x0000000708a00000, 0x0000000708b00000|  0%| F|  |TAMS 0x0000000708a00000, 0x0000000708a00000| Untracked 
| 139|0x0000000708b00000, 0x0000000708b00000, 0x0000000708c00000|  0%| F|  |TAMS 0x0000000708b00000, 0x0000000708b00000| Untracked 
| 140|0x0000000708c00000, 0x0000000708c00000, 0x0000000708d00000|  0%| F|  |TAMS 0x0000000708c00000, 0x0000000708c00000| Untracked 
| 141|0x0000000708d00000, 0x0000000708d00000, 0x0000000708e00000|  0%| F|  |TAMS 0x0000000708d00000, 0x0000000708d00000| Untracked 
| 142|0x0000000708e00000, 0x0000000708e00000, 0x0000000708f00000|  0%| F|  |TAMS 0x0000000708e00000, 0x0000000708e00000| Untracked 
| 143|0x0000000708f00000, 0x0000000708f00000, 0x0000000709000000|  0%| F|  |TAMS 0x0000000708f00000, 0x0000000708f00000| Untracked 
| 144|0x0000000709000000, 0x0000000709000000, 0x0000000709100000|  0%| F|  |TAMS 0x0000000709000000, 0x0000000709000000| Untracked 
| 145|0x0000000709100000, 0x0000000709100000, 0x0000000709200000|  0%| F|  |TAMS 0x0000000709100000, 0x0000000709100000| Untracked 
| 146|0x0000000709200000, 0x0000000709200000, 0x0000000709300000|  0%| F|  |TAMS 0x0000000709200000, 0x0000000709200000| Untracked 
| 147|0x0000000709300000, 0x0000000709300000, 0x0000000709400000|  0%| F|  |TAMS 0x0000000709300000, 0x0000000709300000| Untracked 
| 148|0x0000000709400000, 0x0000000709400000, 0x0000000709500000|  0%| F|  |TAMS 0x0000000709400000, 0x0000000709400000| Untracked 
| 149|0x0000000709500000, 0x0000000709500000, 0x0000000709600000|  0%| F|  |TAMS 0x0000000709500000, 0x0000000709500000| Untracked 
| 150|0x0000000709600000, 0x0000000709600000, 0x0000000709700000|  0%| F|  |TAMS 0x0000000709600000, 0x0000000709600000| Untracked 
| 151|0x0000000709700000, 0x0000000709700000, 0x0000000709800000|  0%| F|  |TAMS 0x0000000709700000, 0x0000000709700000| Untracked 
| 152|0x0000000709800000, 0x0000000709800000, 0x0000000709900000|  0%| F|  |TAMS 0x0000000709800000, 0x0000000709800000| Untracked 
| 153|0x0000000709900000, 0x0000000709900000, 0x0000000709a00000|  0%| F|  |TAMS 0x0000000709900000, 0x0000000709900000| Untracked 
| 154|0x0000000709a00000, 0x0000000709a00000, 0x0000000709b00000|  0%| F|  |TAMS 0x0000000709a00000, 0x0000000709a00000| Untracked 
| 155|0x0000000709b00000, 0x0000000709b00000, 0x0000000709c00000|  0%| F|  |TAMS 0x0000000709b00000, 0x0000000709b00000| Untracked 
| 156|0x0000000709c00000, 0x0000000709c00000, 0x0000000709d00000|  0%| F|  |TAMS 0x0000000709c00000, 0x0000000709c00000| Untracked 
| 157|0x0000000709d00000, 0x0000000709d00000, 0x0000000709e00000|  0%| F|  |TAMS 0x0000000709d00000, 0x0000000709d00000| Untracked 
| 158|0x0000000709e00000, 0x0000000709e00000, 0x0000000709f00000|  0%| F|  |TAMS 0x0000000709e00000, 0x0000000709e00000| Untracked 
| 159|0x0000000709f00000, 0x0000000709f00000, 0x000000070a000000|  0%| F|  |TAMS 0x0000000709f00000, 0x0000000709f00000| Untracked 
| 160|0x000000070a000000, 0x000000070a000000, 0x000000070a100000|  0%| F|  |TAMS 0x000000070a000000, 0x000000070a000000| Untracked 
| 161|0x000000070a100000, 0x000000070a100000, 0x000000070a200000|  0%| F|  |TAMS 0x000000070a100000, 0x000000070a100000| Untracked 
| 162|0x000000070a200000, 0x000000070a200000, 0x000000070a300000|  0%| F|  |TAMS 0x000000070a200000, 0x000000070a200000| Untracked 
| 163|0x000000070a300000, 0x000000070a300000, 0x000000070a400000|  0%| F|  |TAMS 0x000000070a300000, 0x000000070a300000| Untracked 
| 164|0x000000070a400000, 0x000000070a400000, 0x000000070a500000|  0%| F|  |TAMS 0x000000070a400000, 0x000000070a400000| Untracked 
| 165|0x000000070a500000, 0x000000070a500000, 0x000000070a600000|  0%| F|  |TAMS 0x000000070a500000, 0x000000070a500000| Untracked 
| 166|0x000000070a600000, 0x000000070a600000, 0x000000070a700000|  0%| F|  |TAMS 0x000000070a600000, 0x000000070a600000| Untracked 
| 167|0x000000070a700000, 0x000000070a700000, 0x000000070a800000|  0%| F|  |TAMS 0x000000070a700000, 0x000000070a700000| Untracked 
| 168|0x000000070a800000, 0x000000070a800000, 0x000000070a900000|  0%| F|  |TAMS 0x000000070a800000, 0x000000070a800000| Untracked 
| 169|0x000000070a900000, 0x000000070a900000, 0x000000070aa00000|  0%| F|  |TAMS 0x000000070a900000, 0x000000070a900000| Untracked 
| 170|0x000000070aa00000, 0x000000070aa00000, 0x000000070ab00000|  0%| F|  |TAMS 0x000000070aa00000, 0x000000070aa00000| Untracked 
| 171|0x000000070ab00000, 0x000000070ab00000, 0x000000070ac00000|  0%| F|  |TAMS 0x000000070ab00000, 0x000000070ab00000| Untracked 
| 172|0x000000070ac00000, 0x000000070ac00000, 0x000000070ad00000|  0%| F|  |TAMS 0x000000070ac00000, 0x000000070ac00000| Untracked 
| 173|0x000000070ad00000, 0x000000070ad00000, 0x000000070ae00000|  0%| F|  |TAMS 0x000000070ad00000, 0x000000070ad00000| Untracked 
| 174|0x000000070ae00000, 0x000000070ae00000, 0x000000070af00000|  0%| F|  |TAMS 0x000000070ae00000, 0x000000070ae00000| Untracked 
| 175|0x000000070af00000, 0x000000070af00000, 0x000000070b000000|  0%| F|  |TAMS 0x000000070af00000, 0x000000070af00000| Untracked 
| 176|0x000000070b000000, 0x000000070b000000, 0x000000070b100000|  0%| F|  |TAMS 0x000000070b000000, 0x000000070b000000| Untracked 
| 177|0x000000070b100000, 0x000000070b100000, 0x000000070b200000|  0%| F|  |TAMS 0x000000070b100000, 0x000000070b100000| Untracked 
| 178|0x000000070b200000, 0x000000070b200000, 0x000000070b300000|  0%| F|  |TAMS 0x000000070b200000, 0x000000070b200000| Untracked 
| 179|0x000000070b300000, 0x000000070b300000, 0x000000070b400000|  0%| F|  |TAMS 0x000000070b300000, 0x000000070b300000| Untracked 
| 180|0x000000070b400000, 0x000000070b400000, 0x000000070b500000|  0%| F|  |TAMS 0x000000070b400000, 0x000000070b400000| Untracked 
| 181|0x000000070b500000, 0x000000070b500000, 0x000000070b600000|  0%| F|  |TAMS 0x000000070b500000, 0x000000070b500000| Untracked 
| 182|0x000000070b600000, 0x000000070b600000, 0x000000070b700000|  0%| F|  |TAMS 0x000000070b600000, 0x000000070b600000| Untracked 
| 183|0x000000070b700000, 0x000000070b700000, 0x000000070b800000|  0%| F|  |TAMS 0x000000070b700000, 0x000000070b700000| Untracked 
| 184|0x000000070b800000, 0x000000070b800000, 0x000000070b900000|  0%| F|  |TAMS 0x000000070b800000, 0x000000070b800000| Untracked 
| 185|0x000000070b900000, 0x000000070b900000, 0x000000070ba00000|  0%| F|  |TAMS 0x000000070b900000, 0x000000070b900000| Untracked 
| 186|0x000000070ba00000, 0x000000070ba00000, 0x000000070bb00000|  0%| F|  |TAMS 0x000000070ba00000, 0x000000070ba00000| Untracked 
| 187|0x000000070bb00000, 0x000000070bb00000, 0x000000070bc00000|  0%| F|  |TAMS 0x000000070bb00000, 0x000000070bb00000| Untracked 
| 188|0x000000070bc00000, 0x000000070bc00000, 0x000000070bd00000|  0%| F|  |TAMS 0x000000070bc00000, 0x000000070bc00000| Untracked 
| 189|0x000000070bd00000, 0x000000070bd00000, 0x000000070be00000|  0%| F|  |TAMS 0x000000070bd00000, 0x000000070bd00000| Untracked 
| 190|0x000000070be00000, 0x000000070be00000, 0x000000070bf00000|  0%| F|  |TAMS 0x000000070be00000, 0x000000070be00000| Untracked 
| 191|0x000000070bf00000, 0x000000070bf00000, 0x000000070c000000|  0%| F|  |TAMS 0x000000070bf00000, 0x000000070bf00000| Untracked 
| 192|0x000000070c000000, 0x000000070c000000, 0x000000070c100000|  0%| F|  |TAMS 0x000000070c000000, 0x000000070c000000| Untracked 
| 193|0x000000070c100000, 0x000000070c100000, 0x000000070c200000|  0%| F|  |TAMS 0x000000070c100000, 0x000000070c100000| Untracked 
| 194|0x000000070c200000, 0x000000070c200000, 0x000000070c300000|  0%| F|  |TAMS 0x000000070c200000, 0x000000070c200000| Untracked 
| 195|0x000000070c300000, 0x000000070c300000, 0x000000070c400000|  0%| F|  |TAMS 0x000000070c300000, 0x000000070c300000| Untracked 
| 196|0x000000070c400000, 0x000000070c400000, 0x000000070c500000|  0%| F|  |TAMS 0x000000070c400000, 0x000000070c400000| Untracked 
| 197|0x000000070c500000, 0x000000070c500000, 0x000000070c600000|  0%| F|  |TAMS 0x000000070c500000, 0x000000070c500000| Untracked 
| 198|0x000000070c600000, 0x000000070c600000, 0x000000070c700000|  0%| F|  |TAMS 0x000000070c600000, 0x000000070c600000| Untracked 
| 199|0x000000070c700000, 0x000000070c700000, 0x000000070c800000|  0%| F|  |TAMS 0x000000070c700000, 0x000000070c700000| Untracked 
| 200|0x000000070c800000, 0x000000070c800000, 0x000000070c900000|  0%| F|  |TAMS 0x000000070c800000, 0x000000070c800000| Untracked 
| 201|0x000000070c900000, 0x000000070c900000, 0x000000070ca00000|  0%| F|  |TAMS 0x000000070c900000, 0x000000070c900000| Untracked 
| 202|0x000000070ca00000, 0x000000070ca00000, 0x000000070cb00000|  0%| F|  |TAMS 0x000000070ca00000, 0x000000070ca00000| Untracked 
| 203|0x000000070cb00000, 0x000000070cb00000, 0x000000070cc00000|  0%| F|  |TAMS 0x000000070cb00000, 0x000000070cb00000| Untracked 
| 204|0x000000070cc00000, 0x000000070cc00000, 0x000000070cd00000|  0%| F|  |TAMS 0x000000070cc00000, 0x000000070cc00000| Untracked 
| 205|0x000000070cd00000, 0x000000070cd00000, 0x000000070ce00000|  0%| F|  |TAMS 0x000000070cd00000, 0x000000070cd00000| Untracked 
| 206|0x000000070ce00000, 0x000000070ce00000, 0x000000070cf00000|  0%| F|  |TAMS 0x000000070ce00000, 0x000000070ce00000| Untracked 
| 207|0x000000070cf00000, 0x000000070cf00000, 0x000000070d000000|  0%| F|  |TAMS 0x000000070cf00000, 0x000000070cf00000| Untracked 
| 208|0x000000070d000000, 0x000000070d000000, 0x000000070d100000|  0%| F|  |TAMS 0x000000070d000000, 0x000000070d000000| Untracked 
| 209|0x000000070d100000, 0x000000070d100000, 0x000000070d200000|  0%| F|  |TAMS 0x000000070d100000, 0x000000070d100000| Untracked 
| 210|0x000000070d200000, 0x000000070d200000, 0x000000070d300000|  0%| F|  |TAMS 0x000000070d200000, 0x000000070d200000| Untracked 
| 211|0x000000070d300000, 0x000000070d300000, 0x000000070d400000|  0%| F|  |TAMS 0x000000070d300000, 0x000000070d300000| Untracked 
| 212|0x000000070d400000, 0x000000070d400000, 0x000000070d500000|  0%| F|  |TAMS 0x000000070d400000, 0x000000070d400000| Untracked 
| 213|0x000000070d500000, 0x000000070d500000, 0x000000070d600000|  0%| F|  |TAMS 0x000000070d500000, 0x000000070d500000| Untracked 
| 214|0x000000070d600000, 0x000000070d600000, 0x000000070d700000|  0%| F|  |TAMS 0x000000070d600000, 0x000000070d600000| Untracked 
| 215|0x000000070d700000, 0x000000070d700000, 0x000000070d800000|  0%| F|  |TAMS 0x000000070d700000, 0x000000070d700000| Untracked 
| 216|0x000000070d800000, 0x000000070d800000, 0x000000070d900000|  0%| F|  |TAMS 0x000000070d800000, 0x000000070d800000| Untracked 
| 217|0x000000070d900000, 0x000000070d900000, 0x000000070da00000|  0%| F|  |TAMS 0x000000070d900000, 0x000000070d900000| Untracked 
| 218|0x000000070da00000, 0x000000070da00000, 0x000000070db00000|  0%| F|  |TAMS 0x000000070da00000, 0x000000070da00000| Untracked 
| 219|0x000000070db00000, 0x000000070db00000, 0x000000070dc00000|  0%| F|  |TAMS 0x000000070db00000, 0x000000070db00000| Untracked 
| 220|0x000000070dc00000, 0x000000070dc00000, 0x000000070dd00000|  0%| F|  |TAMS 0x000000070dc00000, 0x000000070dc00000| Untracked 
| 221|0x000000070dd00000, 0x000000070dd00000, 0x000000070de00000|  0%| F|  |TAMS 0x000000070dd00000, 0x000000070dd00000| Untracked 
| 222|0x000000070de00000, 0x000000070de00000, 0x000000070df00000|  0%| F|  |TAMS 0x000000070de00000, 0x000000070de00000| Untracked 
| 223|0x000000070df00000, 0x000000070df00000, 0x000000070e000000|  0%| F|  |TAMS 0x000000070df00000, 0x000000070df00000| Untracked 
| 224|0x000000070e000000, 0x000000070e000000, 0x000000070e100000|  0%| F|  |TAMS 0x000000070e000000, 0x000000070e000000| Untracked 
| 225|0x000000070e100000, 0x000000070e100000, 0x000000070e200000|  0%| F|  |TAMS 0x000000070e100000, 0x000000070e100000| Untracked 
| 226|0x000000070e200000, 0x000000070e200000, 0x000000070e300000|  0%| F|  |TAMS 0x000000070e200000, 0x000000070e200000| Untracked 
| 227|0x000000070e300000, 0x000000070e300000, 0x000000070e400000|  0%| F|  |TAMS 0x000000070e300000, 0x000000070e300000| Untracked 
| 228|0x000000070e400000, 0x000000070e400000, 0x000000070e500000|  0%| F|  |TAMS 0x000000070e400000, 0x000000070e400000| Untracked 
| 229|0x000000070e500000, 0x000000070e500000, 0x000000070e600000|  0%| F|  |TAMS 0x000000070e500000, 0x000000070e500000| Untracked 
| 230|0x000000070e600000, 0x000000070e600000, 0x000000070e700000|  0%| F|  |TAMS 0x000000070e600000, 0x000000070e600000| Untracked 
| 231|0x000000070e700000, 0x000000070e700000, 0x000000070e800000|  0%| F|  |TAMS 0x000000070e700000, 0x000000070e700000| Untracked 
| 232|0x000000070e800000, 0x000000070e800000, 0x000000070e900000|  0%| F|  |TAMS 0x000000070e800000, 0x000000070e800000| Untracked 
| 233|0x000000070e900000, 0x000000070e900000, 0x000000070ea00000|  0%| F|  |TAMS 0x000000070e900000, 0x000000070e900000| Untracked 
| 234|0x000000070ea00000, 0x000000070eb00000, 0x000000070eb00000|100%| E|  |TAMS 0x000000070ea00000, 0x000000070ea00000| Complete 
| 235|0x000000070eb00000, 0x000000070ec00000, 0x000000070ec00000|100%| E|CS|TAMS 0x000000070eb00000, 0x000000070eb00000| Complete 
| 236|0x000000070ec00000, 0x000000070ed00000, 0x000000070ed00000|100%| E|CS|TAMS 0x000000070ec00000, 0x000000070ec00000| Complete 
| 237|0x000000070ed00000, 0x000000070ee00000, 0x000000070ee00000|100%| E|CS|TAMS 0x000000070ed00000, 0x000000070ed00000| Complete 
| 238|0x000000070ee00000, 0x000000070ef00000, 0x000000070ef00000|100%| E|CS|TAMS 0x000000070ee00000, 0x000000070ee00000| Complete 
| 239|0x000000070ef00000, 0x000000070f000000, 0x000000070f000000|100%| E|CS|TAMS 0x000000070ef00000, 0x000000070ef00000| Complete 
| 240|0x000000070f000000, 0x000000070f100000, 0x000000070f100000|100%| E|CS|TAMS 0x000000070f000000, 0x000000070f000000| Complete 
| 241|0x000000070f100000, 0x000000070f200000, 0x000000070f200000|100%| E|CS|TAMS 0x000000070f100000, 0x000000070f100000| Complete 
| 242|0x000000070f200000, 0x000000070f300000, 0x000000070f300000|100%| E|CS|TAMS 0x000000070f200000, 0x000000070f200000| Complete 
| 243|0x000000070f300000, 0x000000070f400000, 0x000000070f400000|100%| E|CS|TAMS 0x000000070f300000, 0x000000070f300000| Complete 
| 244|0x000000070f400000, 0x000000070f500000, 0x000000070f500000|100%| E|CS|TAMS 0x000000070f400000, 0x000000070f400000| Complete 
| 245|0x000000070f500000, 0x000000070f600000, 0x000000070f600000|100%| E|CS|TAMS 0x000000070f500000, 0x000000070f500000| Complete 
| 246|0x000000070f600000, 0x000000070f700000, 0x000000070f700000|100%| E|CS|TAMS 0x000000070f600000, 0x000000070f600000| Complete 
| 247|0x000000070f700000, 0x000000070f800000, 0x000000070f800000|100%| E|CS|TAMS 0x000000070f700000, 0x000000070f700000| Complete 
| 248|0x000000070f800000, 0x000000070f900000, 0x000000070f900000|100%| E|CS|TAMS 0x000000070f800000, 0x000000070f800000| Complete 
| 249|0x000000070f900000, 0x000000070fa00000, 0x000000070fa00000|100%| E|CS|TAMS 0x000000070f900000, 0x000000070f900000| Complete 
| 250|0x000000070fa00000, 0x000000070fb00000, 0x000000070fb00000|100%| E|CS|TAMS 0x000000070fa00000, 0x000000070fa00000| Complete 
| 251|0x000000070fb00000, 0x000000070fc00000, 0x000000070fc00000|100%| E|CS|TAMS 0x000000070fb00000, 0x000000070fb00000| Complete 
| 252|0x000000070fc00000, 0x000000070fd00000, 0x000000070fd00000|100%| E|CS|TAMS 0x000000070fc00000, 0x000000070fc00000| Complete 
| 253|0x000000070fd00000, 0x000000070fe00000, 0x000000070fe00000|100%| E|  |TAMS 0x000000070fd00000, 0x000000070fd00000| Complete 
| 254|0x000000070fe00000, 0x000000070ff00000, 0x000000070ff00000|100%| E|CS|TAMS 0x000000070fe00000, 0x000000070fe00000| Complete 
| 255|0x000000070ff00000, 0x0000000710000000, 0x0000000710000000|100%| E|CS|TAMS 0x000000070ff00000, 0x000000070ff00000| Complete 
|3070|0x00000007bfe00000, 0x00000007bfe47000, 0x00000007bff00000| 27%|OA|  |TAMS 0x00000007bfe00000, 0x00000007bfe00000| Untracked 
|3071|0x00000007bff00000, 0x00000007bff77000, 0x00000007c0000000| 46%|CA|  |TAMS 0x00000007bff00000, 0x00000007bff00000| Untracked 

Card table byte_map: [0x00000001042cd000,0x0000000104acd000] _byte_map_base: 0x0000000100acd000

Marking Bits (Prev, Next): (CMBitMap*) 0x00007fb739033218, (CMBitMap*) 0x00007fb739033258
 Prev Bits: [0x000000011f1d3000, 0x00000001231d3000)
 Next Bits: [0x00000001231d3000, 0x00000001271d3000)

Polling page: 0x00000001011c6000

Metaspace:

Usage:
  Non-class:      6.31 MB capacity,     5.99 MB ( 95%) used,   287.68 KB (  4%) free+waste,    34.69 KB ( <1%) overhead. 
      Class:    916.00 KB capacity,   753.99 KB ( 82%) used,   143.01 KB ( 16%) free+waste,    19.00 KB (  2%) overhead. 
       Both:      7.20 MB capacity,     6.73 MB ( 93%) used,   430.69 KB (  6%) free+waste,    53.69 KB ( <1%) overhead. 

Virtual space:
  Non-class space:        8.00 MB reserved,       6.50 MB ( 81%) committed 
      Class space:        1.00 GB reserved,       1.00 MB ( <1%) committed 
             Both:        1.01 GB reserved,       7.50 MB ( <1%) committed 

Chunk freelists:
   Non-Class:  57.00 KB
       Class:  12.00 KB
        Both:  69.00 KB

MaxMetaspaceSize: unlimited
CompressedClassSpaceSize: 1.00 GB

CodeHeap 'non-profiled nmethods': size=120028Kb used=463Kb max_used=463Kb free=119564Kb
 bounds [0x0000000117c9c000, 0x0000000117f0c000, 0x000000011f1d3000]
CodeHeap 'profiled nmethods': size=120028Kb used=2756Kb max_used=2756Kb free=117271Kb
 bounds [0x0000000110765000, 0x0000000110a25000, 0x0000000117c9c000]
CodeHeap 'non-nmethods': size=5704Kb used=1229Kb max_used=1229Kb free=4474Kb
 bounds [0x00000001101d3000, 0x0000000110443000, 0x0000000110765000]
 total_blobs=2266 nmethods=1428 adapters=407
 compilation: enabled
              stopped_count=0, restarted_count=0
 full_count=0

Compilation events (20 events):
Event: 0.629 Thread 0x00007fb73980d800 1422       3       java.util.ImmutableCollections$ListN::get (7 bytes)
Event: 0.629 Thread 0x00007fb73980d800 nmethod 1422 0x0000000110a13290 code [0x0000000110a13420, 0x0000000110a135d0]
Event: 0.629 Thread 0x00007fb73980d800 1420       3       java.util.ImmutableCollections$ListN::size (6 bytes)
Event: 0.629 Thread 0x00007fb73980d800 nmethod 1420 0x0000000110a13690 code [0x0000000110a13820, 0x0000000110a139b0]
Event: 0.629 Thread 0x00007fb73980d800 1416       3       java.lang.invoke.LambdaForm::internArgument (85 bytes)
Event: 0.630 Thread 0x00007fb73980d800 nmethod 1416 0x0000000110a13a90 code [0x0000000110a13c60, 0x0000000110a14088]
Event: 0.630 Thread 0x00007fb73980d800 1424       3       java.lang.invoke.LambdaForm$NamedFunction::methodType (23 bytes)
Event: 0.630 Thread 0x00007fb73980d800 nmethod 1424 0x0000000110a14290 code [0x0000000110a14440, 0x0000000110a14708]
Event: 0.630 Thread 0x00007fb73980d800 1427       3       java.lang.invoke.LambdaForm$Name::lastUseIndex (36 bytes)
Event: 0.630 Thread 0x00007fb73980d800 nmethod 1427 0x0000000110a14810 code [0x0000000110a149c0, 0x0000000110a14cd0]
Event: 0.630 Thread 0x00007fb73980d800 1419       3       java.lang.invoke.LambdaForm$Name::<init> (54 bytes)
Event: 0.630 Thread 0x00007fb73980d800 nmethod 1419 0x0000000110a14e10 code [0x0000000110a14fc0, 0x0000000110a15310]
Event: 0.630 Thread 0x00007fb73980d800 1413       3       java.lang.reflect.Modifier::isPrivate (12 bytes)
Event: 0.630 Thread 0x00007fb73980d800 nmethod 1413 0x0000000110a15410 code [0x0000000110a155a0, 0x0000000110a15730]
Event: 0.630 Thread 0x00007fb73980d800 1418       1       java.lang.invoke.LambdaForm$NamedFunction::intrinsicName (5 bytes)
Event: 0.630 Thread 0x00007fb73980d800 nmethod 1418 0x0000000117d0fc10 code [0x0000000117d0fda0, 0x0000000117d0fed0]
Event: 0.630 Thread 0x00007fb73980d800 1428       3       jdk.internal.org.objectweb.asm.ByteVector::put11 (52 bytes)
Event: 0.630 Thread 0x00007fb73980d800 nmethod 1428 0x0000000110a15790 code [0x0000000110a15940, 0x0000000110a15bc8]
Event: 0.633 Thread 0x00007fb73980d800 1429       3       java.lang.ref.WeakReference::<init> (6 bytes)
Event: 0.633 Thread 0x00007fb73980d800 nmethod 1429 0x0000000110a15d10 code [0x0000000110a15ec0, 0x0000000110a16250]

GC Heap History (0 events):
No events

Deoptimization events (20 events):
Event: 0.359 Thread 0x00007fb73b800000 DEOPT PACKING pc=0x00000001107c93b1 sp=0x00000001030cfa60
Event: 0.359 Thread 0x00007fb73b800000 DEOPT UNPACKING pc=0x000000011021c33a sp=0x00000001030cef00 mode 0
Event: 0.405 Thread 0x00007fb73b800000 Uncommon trap: trap_request=0xffffff45 fr.pc=0x0000000117cd2090 relative=0x0000000000000170
Event: 0.405 Thread 0x00007fb73b800000 Uncommon trap: reason=unstable_if action=reinterpret pc=0x0000000117cd2090 method=java.util.HashMap.getNode(ILjava/lang/Object;)Ljava/util/HashMap$Node; @ 129 c2
Event: 0.405 Thread 0x00007fb73b800000 DEOPT PACKING pc=0x0000000117cd2090 sp=0x00000001030d2800
Event: 0.405 Thread 0x00007fb73b800000 DEOPT UNPACKING pc=0x000000011021be25 sp=0x00000001030d2790 mode 2
Event: 0.554 Thread 0x00007fb73b800000 Uncommon trap: trap_request=0xffffff45 fr.pc=0x0000000117cfc284 relative=0x0000000000000324
Event: 0.554 Thread 0x00007fb73b800000 Uncommon trap: reason=unstable_if action=reinterpret pc=0x0000000117cfc284 method=java.util.regex.Matcher.search(I)Z @ 30 c2
Event: 0.554 Thread 0x00007fb73b800000 DEOPT PACKING pc=0x0000000117cfc284 sp=0x00000001030d2b50
Event: 0.554 Thread 0x00007fb73b800000 DEOPT UNPACKING pc=0x000000011021be25 sp=0x00000001030d2b20 mode 2
Event: 0.554 Thread 0x00007fb73b800000 Uncommon trap: trap_request=0xffffffde fr.pc=0x0000000117cfb82c relative=0x000000000000010c
Event: 0.554 Thread 0x00007fb73b800000 Uncommon trap: reason=class_check action=maybe_recompile pc=0x0000000117cfb82c method=java.util.TreeMap.getEntry(Ljava/lang/Object;)Ljava/util/TreeMap$Entry; @ 26 c2
Event: 0.554 Thread 0x00007fb73b800000 DEOPT PACKING pc=0x0000000117cfb82c sp=0x00000001030d2bd0
Event: 0.554 Thread 0x00007fb73b800000 DEOPT UNPACKING pc=0x000000011021be25 sp=0x00000001030d2b18 mode 2
Event: 0.555 Thread 0x00007fb73b800000 Uncommon trap: trap_request=0xffffffde fr.pc=0x0000000117cfb82c relative=0x000000000000010c
Event: 0.555 Thread 0x00007fb73b800000 Uncommon trap: reason=class_check action=maybe_recompile pc=0x0000000117cfb82c method=java.util.TreeMap.getEntry(Ljava/lang/Object;)Ljava/util/TreeMap$Entry; @ 26 c2
Event: 0.555 Thread 0x00007fb73b800000 DEOPT PACKING pc=0x0000000117cfb82c sp=0x00000001030d2e30
Event: 0.555 Thread 0x00007fb73b800000 DEOPT UNPACKING pc=0x000000011021be25 sp=0x00000001030d2d78 mode 2
Event: 0.556 Thread 0x00007fb73b800000 DEOPT PACKING pc=0x00000001109b84e1 sp=0x00000001030d2b30
Event: 0.556 Thread 0x00007fb73b800000 DEOPT UNPACKING pc=0x000000011021c33a sp=0x00000001030d1fd0 mode 0

Classes unloaded (0 events):
No events

Classes redefined (0 events):
No events

Internal exceptions (20 events):
Event: 0.345 Thread 0x00007fb73b800000 Exception <a 'java/lang/NoSuchMethodError'{0x000000070f720ea0}: 'int java.lang.invoke.DirectMethodHandle$Holder.invokeVirtual(java.lang.Object, java.lang.Object)'> (0x000000070f720ea0) 
thrown [/scratch/mesos/slaves/d65fa3d4-10de-46aa-a2db-52cc9981537a-S157/frameworks/1735e8a2-a1db-478c-8104-60c8b0af87dd-0196/executors/cd04c109-7866-4c89-a9cb-580d1b4b0057/runs/bdf96710-70fa-465f-a6db-19a171d6559f/workspace/open/src/hotspot/share/interpreter/linkResolver.cpp, line 767]
Event: 0.351 Thread 0x00007fb73b800000 Exception <a 'java/lang/NoSuchMethodError'{0x000000070f74d170}: 'java.lang.Object java.lang.invoke.DirectMethodHandle$Holder.invokeStaticInit(java.lang.Object, int)'> (0x000000070f74d170) 
thrown [/scratch/mesos/slaves/d65fa3d4-10de-46aa-a2db-52cc9981537a-S157/frameworks/1735e8a2-a1db-478c-8104-60c8b0af87dd-0196/executors/cd04c109-7866-4c89-a9cb-580d1b4b0057/runs/bdf96710-70fa-465f-a6db-19a171d6559f/workspace/open/src/hotspot/share/interpreter/linkResolver.cpp, line 767]
Event: 0.363 Thread 0x00007fb73b800000 Exception <a 'java/lang/NoSuchMethodError'{0x000000070f62ed88}: 'int java.lang.invoke.DirectMethodHandle$Holder.invokeSpecialIFC(java.lang.Object, java.lang.Object, java.lang.Object, java.lang.Object)'> (0x000000070f62ed88) 
thrown [/scratch/mesos/slaves/d65fa3d4-10de-46aa-a2db-52cc9981537a-S157/frameworks/1735e8a2-a1db-478c-8104-60c8b0af87dd-0196/executors/cd04c109-7866-4c89-a9cb-580d1b4b0057/runs/bdf96710-70fa-465f-a6db-19a171d6559f/workspace/open/src/hotspot/share/interpreter/linkResolver.cpp, line 767]
Event: 0.379 Thread 0x00007fb73b800000 Exception <a 'java/lang/NoSuchMethodError'{0x000000070f6edc58}: 'int java.lang.invoke.DirectMethodHandle$Holder.invokeSpecialIFC(java.lang.Object, java.lang.Object, int)'> (0x000000070f6edc58) 
thrown [/scratch/mesos/slaves/d65fa3d4-10de-46aa-a2db-52cc9981537a-S157/frameworks/1735e8a2-a1db-478c-8104-60c8b0af87dd-0196/executors/cd04c109-7866-4c89-a9cb-580d1b4b0057/runs/bdf96710-70fa-465f-a6db-19a171d6559f/workspace/open/src/hotspot/share/interpreter/linkResolver.cpp, line 767]
Event: 0.381 Thread 0x00007fb73b800000 Exception <a 'java/lang/NoSuchMethodError'{0x000000070f505b20}: 'java.lang.Object java.lang.invoke.DirectMethodHandle$Holder.invokeStaticInit(java.lang.Object, java.lang.Object, java.lang.Object)'> (0x000000070f505b20) 
thrown [/scratch/mesos/slaves/d65fa3d4-10de-46aa-a2db-52cc9981537a-S157/frameworks/1735e8a2-a1db-478c-8104-60c8b0af87dd-0196/executors/cd04c109-7866-4c89-a9cb-580d1b4b0057/runs/bdf96710-70fa-465f-a6db-19a171d6559f/workspace/open/src/hotspot/share/interpreter/linkResolver.cpp, line 767]
Event: 0.382 Thread 0x00007fb73b800000 Exception <a 'java/lang/NoSuchMethodError'{0x000000070f50c5a8}: 'void java.lang.invoke.DirectMethodHandle$Holder.invokeStaticInit(java.lang.Object, java.lang.Object, java.lang.Object)'> (0x000000070f50c5a8) 
thrown [/scratch/mesos/slaves/d65fa3d4-10de-46aa-a2db-52cc9981537a-S157/frameworks/1735e8a2-a1db-478c-8104-60c8b0af87dd-0196/executors/cd04c109-7866-4c89-a9cb-580d1b4b0057/runs/bdf96710-70fa-465f-a6db-19a171d6559f/workspace/open/src/hotspot/share/interpreter/linkResolver.cpp, line 767]
Event: 0.384 Thread 0x00007fb73b800000 Exception <a 'java/lang/IncompatibleClassChangeError'{0x000000070f524c60}: Found class java.lang.Object, but interface was expected> (0x000000070f524c60) 
thrown [/scratch/mesos/slaves/d65fa3d4-10de-46aa-a2db-52cc9981537a-S157/frameworks/1735e8a2-a1db-478c-8104-60c8b0af87dd-0196/executors/cd04c109-7866-4c89-a9cb-580d1b4b0057/runs/bdf96710-70fa-465f-a6db-19a171d6559f/workspace/open/src/hotspot/share/interpreter/linkResolver.cpp, line 833]
Event: 0.390 Thread 0x00007fb73b800000 Exception <a 'java/lang/NoSuchMethodError'{0x000000070f578ae0}: 'int java.lang.invoke.DirectMethodHandle$Holder.invokeStaticInit(java.lang.Object, java.lang.Object)'> (0x000000070f578ae0) 
thrown [/scratch/mesos/slaves/d65fa3d4-10de-46aa-a2db-52cc9981537a-S157/frameworks/1735e8a2-a1db-478c-8104-60c8b0af87dd-0196/executors/cd04c109-7866-4c89-a9cb-580d1b4b0057/runs/bdf96710-70fa-465f-a6db-19a171d6559f/workspace/open/src/hotspot/share/interpreter/linkResolver.cpp, line 767]
Event: 0.412 Thread 0x00007fb73b800000 Exception <a 'java/lang/NoSuchMethodError'{0x000000070f473e40}: 'java.lang.Object java.lang.invoke.DirectMethodHandle$Holder.invokeSpecialIFC(java.lang.Object, java.lang.Object, java.lang.Object, java.lang.Object)'> (0x000000070f473e40) 
thrown [/scratch/mesos/slaves/d65fa3d4-10de-46aa-a2db-52cc9981537a-S157/frameworks/1735e8a2-a1db-478c-8104-60c8b0af87dd-0196/executors/cd04c109-7866-4c89-a9cb-580d1b4b0057/runs/bdf96710-70fa-465f-a6db-19a171d6559f/workspace/open/src/hotspot/share/interpreter/linkResolver.c
Event: 0.461 Thread 0x00007fb73b800000 Exception <a 'java/lang/NoSuchMethodError'{0x000000070f2742d0}: 'int java.lang.invoke.DirectMethodHandle$Holder.invokeVirtual(java.lang.Object, java.lang.Object, java.lang.Object)'> (0x000000070f2742d0) 
thrown [/scratch/mesos/slaves/d65fa3d4-10de-46aa-a2db-52cc9981537a-S157/frameworks/1735e8a2-a1db-478c-8104-60c8b0af87dd-0196/executors/cd04c109-7866-4c89-a9cb-580d1b4b0057/runs/bdf96710-70fa-465f-a6db-19a171d6559f/workspace/open/src/hotspot/share/interpreter/linkResolver.cpp, line 767]
Event: 0.464 Thread 0x00007fb73b800000 Exception <a 'java/lang/NoSuchMethodError'{0x000000070f28e400}: 'void java.lang.invoke.DirectMethodHandle$Holder.invokeInterface(java.lang.Object, java.lang.Object)'> (0x000000070f28e400) 
thrown [/scratch/mesos/slaves/d65fa3d4-10de-46aa-a2db-52cc9981537a-S157/frameworks/1735e8a2-a1db-478c-8104-60c8b0af87dd-0196/executors/cd04c109-7866-4c89-a9cb-580d1b4b0057/runs/bdf96710-70fa-465f-a6db-19a171d6559f/workspace/open/src/hotspot/share/interpreter/linkResolver.cpp, line 767]
Event: 0.464 Thread 0x00007fb73b800000 Exception <a 'java/lang/IncompatibleClassChangeError'{0x000000070f290df0}: Found class java.lang.Object, but interface was expected> (0x000000070f290df0) 
thrown [/scratch/mesos/slaves/d65fa3d4-10de-46aa-a2db-52cc9981537a-S157/frameworks/1735e8a2-a1db-478c-8104-60c8b0af87dd-0196/executors/cd04c109-7866-4c89-a9cb-580d1b4b0057/runs/bdf96710-70fa-465f-a6db-19a171d6559f/workspace/open/src/hotspot/share/interpreter/linkResolver.cpp, line 833]
Event: 0.466 Thread 0x00007fb73b800000 Exception <a 'java/lang/NoSuchMethodError'{0x000000070f2a5c78}: 'void java.lang.invoke.DirectMethodHandle$Holder.invokeStatic(java.lang.Object, java.lang.Object, java.lang.Object, java.lang.Object)'> (0x000000070f2a5c78) 
thrown [/scratch/mesos/slaves/d65fa3d4-10de-46aa-a2db-52cc9981537a-S157/frameworks/1735e8a2-a1db-478c-8104-60c8b0af87dd-0196/executors/cd04c109-7866-4c89-a9cb-580d1b4b0057/runs/bdf96710-70fa-465f-a6db-19a171d6559f/workspace/open/src/hotspot/share/interpreter/linkResolver.cpp, line 767]
Event: 0.533 Thread 0x00007fb73b800000 Exception <a 'java/lang/NoSuchMethodError'{0x000000070ee76290}: 'void java.lang.invoke.DirectMethodHandle$Holder.invokeInterface(java.lang.Object, java.lang.Object, java.lang.Object, java.lang.Object)'> (0x000000070ee76290) 
thrown [/scratch/mesos/slaves/d65fa3d4-10de-46aa-a2db-52cc9981537a-S157/frameworks/1735e8a2-a1db-478c-8104-60c8b0af87dd-0196/executors/cd04c109-7866-4c89-a9cb-580d1b4b0057/runs/bdf96710-70fa-465f-a6db-19a171d6559f/workspace/open/src/hotspot/share/interpreter/linkResolver.cpp, line 767]
Event: 0.534 Thread 0x00007fb73b800000 Exception <a 'java/lang/IncompatibleClassChangeError'{0x000000070ee78cb8}: Found class java.lang.Object, but interface was expected> (0x000000070ee78cb8) 
thrown [/scratch/mesos/slaves/d65fa3d4-10de-46aa-a2db-52cc9981537a-S157/frameworks/1735e8a2-a1db-478c-8104-60c8b0af87dd-0196/executors/cd04c109-7866-4c89-a9cb-580d1b4b0057/runs/bdf96710-70fa-465f-a6db-19a171d6559f/workspace/open/src/hotspot/share/interpreter/linkResolver.cpp, line 833]
Event: 0.557 Thread 0x00007fb73b800000 Exception <a 'java/lang/NoSuchMethodError'{0x000000070ede6970}: 'void java.lang.invoke.DirectMethodHandle$Holder.invokeSpecial(java.lang.Object, java.lang.Object)'> (0x000000070ede6970) 
thrown [/scratch/mesos/slaves/d65fa3d4-10de-46aa-a2db-52cc9981537a-S157/frameworks/1735e8a2-a1db-478c-8104-60c8b0af87dd-0196/executors/cd04c109-7866-4c89-a9cb-580d1b4b0057/runs/bdf96710-70fa-465f-a6db-19a171d6559f/workspace/open/src/hotspot/share/interpreter/linkResolver.cpp, line 767]
Event: 0.563 Thread 0x00007fb73b800000 Exception <a 'java/lang/NoSuchMethodError'{0x000000070ec23c10}: 'int java.lang.invoke.DirectMethodHandle$Holder.invokeStatic(java.lang.Object, java.lang.Object, java.lang.Object, java.lang.Object, java.lang.Object)'> (0x000000070ec23c10) 
thrown [/scratch/mesos/slaves/d65fa3d4-10de-46aa-a2db-52cc9981537a-S157/frameworks/1735e8a2-a1db-478c-8104-60c8b0af87dd-0196/executors/cd04c109-7866-4c89-a9cb-580d1b4b0057/runs/bdf96710-70fa-465f-a6db-19a171d6559f/workspace/open/src/hotspot/share/interpreter/linkResolver.
Event: 0.609 Thread 0x00007fb73b800000 Exception <a 'java/lang/ClassNotFoundException'{0x000000070ebdc020}: sun/awt/resources/spi/awtProvider> (0x000000070ebdc020) 
thrown [/scratch/mesos/slaves/d65fa3d4-10de-46aa-a2db-52cc9981537a-S157/frameworks/1735e8a2-a1db-478c-8104-60c8b0af87dd-0196/executors/cd04c109-7866-4c89-a9cb-580d1b4b0057/runs/bdf96710-70fa-465f-a6db-19a171d6559f/workspace/open/src/hotspot/share/classfile/systemDictionary.cpp, line 232]
Event: 0.625 Thread 0x00007fb73b800000 Exception <a 'java/io/FileNotFoundException'{0x000000070ea17c98}> (0x000000070ea17c98) 
thrown [/scratch/mesos/slaves/d65fa3d4-10de-46aa-a2db-52cc9981537a-S157/frameworks/1735e8a2-a1db-478c-8104-60c8b0af87dd-0196/executors/cd04c109-7866-4c89-a9cb-580d1b4b0057/runs/bdf96710-70fa-465f-a6db-19a171d6559f/workspace/open/src/hotspot/share/prims/jni.cpp, line 598]
Event: 0.630 Thread 0x00007fb73b800000 Exception <a 'java/io/FileNotFoundException'{0x000000070ea3e218}> (0x000000070ea3e218) 
thrown [/scratch/mesos/slaves/d65fa3d4-10de-46aa-a2db-52cc9981537a-S157/frameworks/1735e8a2-a1db-478c-8104-60c8b0af87dd-0196/executors/cd04c109-7866-4c89-a9cb-580d1b4b0057/runs/bdf96710-70fa-465f-a6db-19a171d6559f/workspace/open/src/hotspot/share/prims/jni.cpp, line 598]

Events (20 events):
Event: 0.634 loading class shell/PointSet done
Event: 0.635 Executing VM operation: Deoptimize
Event: 0.635 Executing VM operation: Deoptimize done
Event: 0.635 loading class java/lang/ClassLoaderHelper
Event: 0.635 loading class java/lang/ClassLoaderHelper done
Event: 0.636 Loaded shared library /Users/awollac/Library/Java/Extensions/libqhull.dylib
Event: 0.636 loading class shell/Shell
Event: 0.636 loading class shell/Shell done
Event: 0.638 loading class shell/PointSetPath
Event: 0.638 loading class shell/PointSetPath done
Event: 0.639 loading class resources/qhull
Event: 0.639 loading class resources/qhull done
Event: 0.640 loading class resources/qhullConstants
Event: 0.640 loading class resources/qhullConstants done
Event: 0.642 loading class resources/qhullJNI
Event: 0.642 loading class resources/qhullJNI done
Event: 0.644 loading class resources/SWIGTYPE_p_p_char
Event: 0.644 loading class resources/SWIGTYPE_p_p_char done
Event: 0.644 loading class resources/SWIGTYPE_p_coordT
Event: 0.644 loading class resources/SWIGTYPE_p_coordT done


Dynamic libraries:
0x00007fffb76bd000 	/usr/lib/libz.1.dylib
0x0000000101129000 	/Library/Java/JavaVirtualMachines/jdk-13.0.2.jdk/Contents/Home/lib/libjli.dylib
0x00007fffa1a1c000 	/System/Library/Frameworks/Cocoa.framework/Versions/A/Cocoa
0x00007fffa82be000 	/System/Library/Frameworks/Security.framework/Versions/A/Security
0x00007fffa08d7000 	/System/Library/Frameworks/ApplicationServices.framework/Versions/A/ApplicationServices
0x00007fffb620f000 	/usr/lib/libSystem.B.dylib
0x00007fffb76dd000 	/usr/lib/system/libcache.dylib
0x00007fffb76e2000 	/usr/lib/system/libcommonCrypto.dylib
0x00007fffb76ed000 	/usr/lib/system/libcompiler_rt.dylib
0x00007fffb76f5000 	/usr/lib/system/libcopyfile.dylib
0x00007fffb76fe000 	/usr/lib/system/libcorecrypto.dylib
0x00007fffb7782000 	/usr/lib/system/libdispatch.dylib
0x00007fffb77b4000 	/usr/lib/system/libdyld.dylib
0x00007fffb77ba000 	/usr/lib/system/libkeymgr.dylib
0x00007fffb77c8000 	/usr/lib/system/liblaunch.dylib
0x00007fffb77c9000 	/usr/lib/system/libmacho.dylib
0x00007fffb77cf000 	/usr/lib/system/libquarantine.dylib
0x00007fffb77d2000 	/usr/lib/system/libremovefile.dylib
0x00007fffb77d4000 	/usr/lib/system/libsystem_asl.dylib
0x00007fffb77ed000 	/usr/lib/system/libsystem_blocks.dylib
0x00007fffb77ee000 	/usr/lib/system/libsystem_c.dylib
0x00007fffb787c000 	/usr/lib/system/libsystem_configuration.dylib
0x00007fffb7880000 	/usr/lib/system/libsystem_coreservices.dylib
0x00007fffb7884000 	/usr/lib/system/libsystem_coretls.dylib
0x00007fffb789d000 	/usr/lib/system/libsystem_dnssd.dylib
0x00007fffb78a4000 	/usr/lib/system/libsystem_info.dylib
0x00007fffb78ce000 	/usr/lib/system/libsystem_kernel.dylib
0x00007fffb78f1000 	/usr/lib/system/libsystem_m.dylib
0x00007fffb7939000 	/usr/lib/system/libsystem_malloc.dylib
0x00007fffb7958000 	/usr/lib/system/libsystem_network.dylib
0x00007fffb79b2000 	/usr/lib/system/libsystem_networkextension.dylib
0x00007fffb79bc000 	/usr/lib/system/libsystem_notify.dylib
0x00007fffb79c6000 	/usr/lib/system/libsystem_platform.dylib
0x00007fffb79cf000 	/usr/lib/system/libsystem_pthread.dylib
0x00007fffb79da000 	/usr/lib/system/libsystem_sandbox.dylib
0x00007fffb79de000 	/usr/lib/system/libsystem_secinit.dylib
0x00007fffb79e0000 	/usr/lib/system/libsystem_symptoms.dylib
0x00007fffb79e8000 	/usr/lib/system/libsystem_trace.dylib
0x00007fffb79fc000 	/usr/lib/system/libunwind.dylib
0x00007fffb7a02000 	/usr/lib/system/libxpc.dylib
0x00007fffb6ebe000 	/usr/lib/libobjc.A.dylib
0x00007fffb63a0000 	/usr/lib/libc++abi.dylib
0x00007fffb6349000 	/usr/lib/libc++.1.dylib
0x00007fffa1fb2000 	/System/Library/Frameworks/CoreFoundation.framework/Versions/A/CoreFoundation
0x00007fffa3a2a000 	/System/Library/Frameworks/Foundation.framework/Versions/C/Foundation
0x00007fff9faec000 	/System/Library/Frameworks/AppKit.framework/Versions/C/AppKit
0x00007fffa1c08000 	/System/Library/Frameworks/CoreData.framework/Versions/A/CoreData
0x00007fffb2c94000 	/System/Library/PrivateFrameworks/RemoteViewServices.framework/Versions/A/RemoteViewServices
0x00007fffb4c7f000 	/System/Library/PrivateFrameworks/UIFoundation.framework/Versions/A/UIFoundation
0x00007fffae042000 	/System/Library/PrivateFrameworks/DFRFoundation.framework/Versions/A/DFRFoundation
0x00007fffb6801000 	/usr/lib/libenergytrace.dylib
0x00007fffb3ac1000 	/System/Library/PrivateFrameworks/SkyLight.framework/Versions/A/SkyLight
0x00007fffa244c000 	/System/Library/Frameworks/CoreGraphics.framework/Versions/A/CoreGraphics
0x00007fffb620a000 	/usr/lib/libScreenReader.dylib
0x00007fff9eb0e000 	/System/Library/Frameworks/Accelerate.framework/Versions/A/Accelerate
0x00007fffa4028000 	/System/Library/Frameworks/IOSurface.framework/Versions/A/IOSurface
0x00007fffa0dfa000 	/System/Library/Frameworks/AudioToolbox.framework/Versions/A/AudioToolbox
0x00007fffa1007000 	/System/Library/Frameworks/AudioUnit.framework/Versions/A/AudioUnit
0x00007fffae087000 	/System/Library/PrivateFrameworks/DataDetectorsCore.framework/Versions/A/DataDetectorsCore
0x00007fffae178000 	/System/Library/PrivateFrameworks/DesktopServicesPriv.framework/Versions/A/DesktopServicesPriv
0x00007fffa1569000 	/System/Library/Frameworks/Carbon.framework/Versions/A/Frameworks/HIToolbox.framework/Versions/A/HIToolbox
0x00007fffb690a000 	/usr/lib/libicucore.A.dylib
0x00007fffa7b57000 	/System/Library/Frameworks/QuartzCore.framework/Versions/A/QuartzCore
0x00007fffa1935000 	/System/Library/Frameworks/Carbon.framework/Versions/A/Frameworks/SpeechRecognition.framework/Versions/A/SpeechRecognition
0x00007fffb6328000 	/usr/lib/libauto.dylib
0x00007fffb75a3000 	/usr/lib/libxml2.2.dylib
0x00007fffadcfc000 	/System/Library/PrivateFrameworks/CoreUI.framework/Versions/A/CoreUI
0x00007fffa1b66000 	/System/Library/Frameworks/CoreAudio.framework/Versions/A/CoreAudio
0x00007fffa3893000 	/System/Library/Frameworks/DiskArbitration.framework/Versions/A/DiskArbitration
0x00007fffb6b35000 	/usr/lib/liblangid.dylib
0x00007fffb1b7b000 	/System/Library/PrivateFrameworks/MultitouchSupport.framework/Versions/A/MultitouchSupport
0x00007fffa3f91000 	/System/Library/Frameworks/IOKit.framework/Versions/A/IOKit
0x00007fffb5fd0000 	/usr/lib/libDiagnosticMessagesClient.dylib
0x00007fffa2e77000 	/System/Library/Frameworks/CoreServices.framework/Versions/A/CoreServices
0x00007fffb2538000 	/System/Library/PrivateFrameworks/PerformanceAnalysis.framework/Versions/A/PerformanceAnalysis
0x00007fffaffca000 	/System/Library/PrivateFrameworks/GenerationalStorage.framework/Versions/A/GenerationalStorage
0x00007fffa6ff7000 	/System/Library/Frameworks/OpenGL.framework/Versions/A/OpenGL
0x00007fffa2acf000 	/System/Library/Frameworks/CoreImage.framework/Versions/A/CoreImage
0x00007fffa35a0000 	/System/Library/Frameworks/CoreText.framework/Versions/A/CoreText
0x00007fffa4081000 	/System/Library/Frameworks/ImageIO.framework/Versions/A/ImageIO
0x00007fffab8b9000 	/System/Library/PrivateFrameworks/Backup.framework/Versions/A/Backup
0x00007fffb627c000 	/usr/lib/libarchive.2.dylib
0x00007fffa1170000 	/System/Library/Frameworks/CFNetwork.framework/Versions/A/CFNetwork
0x00007fffa89eb000 	/System/Library/Frameworks/SystemConfiguration.framework/Versions/A/SystemConfiguration
0x00007fffb5f17000 	/usr/lib/libCRFSuite.dylib
0x00007fffb6329000 	/usr/lib/libbsm.0.dylib
0x00007fffb77bb000 	/usr/lib/system/libkxld.dylib
0x00007fffb63f2000 	/usr/lib/libcoretls.dylib
0x00007fffb63f3000 	/usr/lib/libcoretls_cfhelpers.dylib
0x00007fffb6209000 	/usr/lib/libOpenScriptingUtil.dylib
0x00007fffb7293000 	/usr/lib/libpam.2.dylib
0x00007fffb7352000 	/usr/lib/libsqlite3.dylib
0x00007fffb7595000 	/usr/lib/libxar.1.dylib
0x00007fffb633a000 	/usr/lib/libbz2.1.0.dylib
0x00007fffb6b37000 	/usr/lib/liblzma.5.dylib
0x00007fffb6e43000 	/usr/lib/libnetwork.dylib
0x00007fffb7298000 	/usr/lib/libpcap.A.dylib
0x00007fffa31da000 	/System/Library/Frameworks/CoreServices.framework/Versions/A/Frameworks/FSEvents.framework/Versions/A/FSEvents
0x00007fffa2eca000 	/System/Library/Frameworks/CoreServices.framework/Versions/A/Frameworks/CarbonCore.framework/Versions/A/CarbonCore
0x00007fffa3350000 	/System/Library/Frameworks/CoreServices.framework/Versions/A/Frameworks/Metadata.framework/Versions/A/Metadata
0x00007fffa3401000 	/System/Library/Frameworks/CoreServices.framework/Versions/A/Frameworks/OSServices.framework/Versions/A/OSServices
0x00007fffa3461000 	/System/Library/Frameworks/CoreServices.framework/Versions/A/Frameworks/SearchKit.framework/Versions/A/SearchKit
0x00007fffa2e78000 	/System/Library/Frameworks/CoreServices.framework/Versions/A/Frameworks/AE.framework/Versions/A/AE
0x00007fffa31e3000 	/System/Library/Frameworks/CoreServices.framework/Versions/A/Frameworks/LaunchServices.framework/Versions/A/LaunchServices
0x00007fffa31a6000 	/System/Library/Frameworks/CoreServices.framework/Versions/A/Frameworks/DictionaryServices.framework/Versions/A/DictionaryServices
0x00007fffa34d2000 	/System/Library/Frameworks/CoreServices.framework/Versions/A/Frameworks/SharedFileList.framework/Versions/A/SharedFileList
0x00007fffa621b000 	/System/Library/Frameworks/NetFS.framework/Versions/A/NetFS
0x00007fffb1c55000 	/System/Library/PrivateFrameworks/NetAuth.framework/Versions/A/NetAuth
0x00007fffb5ec0000 	/System/Library/PrivateFrameworks/login.framework/Versions/A/Frameworks/loginsupport.framework/Versions/A/loginsupport
0x00007fffb4ab1000 	/System/Library/PrivateFrameworks/TCC.framework/Versions/A/TCC
0x00007fffb6b68000 	/usr/lib/libmecabra.dylib
0x00007fffa08d8000 	/System/Library/Frameworks/ApplicationServices.framework/Versions/A/Frameworks/ATS.framework/Versions/A/ATS
0x00007fffa0c57000 	/System/Library/Frameworks/ApplicationServices.framework/Versions/A/Frameworks/ColorSync.framework/Versions/A/ColorSync
0x00007fffa0d02000 	/System/Library/Frameworks/ApplicationServices.framework/Versions/A/Frameworks/HIServices.framework/Versions/A/HIServices
0x00007fffa0d54000 	/System/Library/Frameworks/ApplicationServices.framework/Versions/A/Frameworks/LangAnalysis.framework/Versions/A/LangAnalysis
0x00007fffa0d64000 	/System/Library/Frameworks/ApplicationServices.framework/Versions/A/Frameworks/PrintCore.framework/Versions/A/PrintCore
0x00007fffa0db2000 	/System/Library/Frameworks/ApplicationServices.framework/Versions/A/Frameworks/QD.framework/Versions/A/QD
0x00007fffa0dee000 	/System/Library/Frameworks/ApplicationServices.framework/Versions/A/Frameworks/SpeechSynthesis.framework/Versions/A/SpeechSynthesis
0x00007fff9eb27000 	/System/Library/Frameworks/Accelerate.framework/Versions/A/Frameworks/vImage.framework/Versions/A/vImage
0x00007fff9f82d000 	/System/Library/Frameworks/Accelerate.framework/Versions/A/Frameworks/vecLib.framework/Versions/A/vecLib
0x00007fff9f5f2000 	/System/Library/Frameworks/Accelerate.framework/Versions/A/Frameworks/vecLib.framework/Versions/A/libvDSP.dylib
0x00007fff9f1b3000 	/System/Library/Frameworks/Accelerate.framework/Versions/A/Frameworks/vecLib.framework/Versions/A/libBNNS.dylib
0x00007fff9f5d6000 	/System/Library/Frameworks/Accelerate.framework/Versions/A/Frameworks/vecLib.framework/Versions/A/libQuadrature.dylib
0x00007fff9f77a000 	/System/Library/Frameworks/Accelerate.framework/Versions/A/Frameworks/vecLib.framework/Versions/A/libvMisc.dylib
0x00007fff9f1c8000 	/System/Library/Frameworks/Accelerate.framework/Versions/A/Frameworks/vecLib.framework/Versions/A/libLAPACK.dylib
0x00007fff9f041000 	/System/Library/Frameworks/Accelerate.framework/Versions/A/Frameworks/vecLib.framework/Versions/A/libBLAS.dylib
0x00007fff9f5bf000 	/System/Library/Frameworks/Accelerate.framework/Versions/A/Frameworks/vecLib.framework/Versions/A/libLinearAlgebra.dylib
0x00007fff9f5dd000 	/System/Library/Frameworks/Accelerate.framework/Versions/A/Frameworks/vecLib.framework/Versions/A/libSparseBLAS.dylib
0x00007fffa09e0000 	/System/Library/Frameworks/ApplicationServices.framework/Versions/A/Frameworks/ATS.framework/Versions/A/Resources/libFontParser.dylib
0x00007fffa0b10000 	/System/Library/Frameworks/ApplicationServices.framework/Versions/A/Frameworks/ATS.framework/Versions/A/Resources/libFontRegistry.dylib
0x00007fffa42d8000 	/System/Library/Frameworks/ImageIO.framework/Versions/A/Resources/libJPEG.dylib
0x00007fffa4327000 	/System/Library/Frameworks/ImageIO.framework/Versions/A/Resources/libTIFF.dylib
0x00007fffa42fc000 	/System/Library/Frameworks/ImageIO.framework/Versions/A/Resources/libPng.dylib
0x00007fffa41e2000 	/System/Library/Frameworks/ImageIO.framework/Versions/A/Resources/libGIF.dylib
0x00007fffa41e7000 	/System/Library/Frameworks/ImageIO.framework/Versions/A/Resources/libJP2.dylib
0x00007fffa4324000 	/System/Library/Frameworks/ImageIO.framework/Versions/A/Resources/libRadiance.dylib
0x00007fffb63db000 	/usr/lib/libcompression.dylib
0x00007fffab3fb000 	/System/Library/PrivateFrameworks/AppleJPEG.framework/Versions/A/AppleJPEG
0x00007fffb6731000 	/usr/lib/libcups.2.dylib
0x00007fffa50de000 	/System/Library/Frameworks/Kerberos.framework/Versions/A/Kerberos
0x00007fffa3dfc000 	/System/Library/Frameworks/GSS.framework/Versions/A/GSS
0x00007fffb72e6000 	/usr/lib/libresolv.9.dylib
0x00007fffb6817000 	/usr/lib/libiconv.2.dylib
0x00007fffb06f7000 	/System/Library/PrivateFrameworks/Heimdal.framework/Versions/A/Heimdal
0x00007fffb6811000 	/usr/lib/libheimdal-asn1.dylib
0x00007fffa646c000 	/System/Library/Frameworks/OpenDirectory.framework/Versions/A/OpenDirectory
0x00007fffacf0e000 	/System/Library/PrivateFrameworks/CommonAuth.framework/Versions/A/CommonAuth
0x00007fffa6452000 	/System/Library/Frameworks/OpenDirectory.framework/Versions/A/Frameworks/CFOpenDirectory.framework/Versions/A/CFOpenDirectory
0x00007fffa85c1000 	/System/Library/Frameworks/SecurityFoundation.framework/Versions/A/SecurityFoundation
0x00007fffb0eaf000 	/System/Library/PrivateFrameworks/LanguageModeling.framework/Versions/A/LanguageModeling
0x00007fffb6b51000 	/usr/lib/libmarisa.dylib
0x00007fffb5f33000 	/usr/lib/libChineseTokenizer.dylib
0x00007fffb63ca000 	/usr/lib/libcmph.dylib
0x00007fffad660000 	/System/Library/PrivateFrameworks/CoreEmoji.framework/Versions/A/CoreEmoji
0x00007fffa8661000 	/System/Library/Frameworks/ServiceManagement.framework/Versions/A/ServiceManagement
0x00007fffb7693000 	/usr/lib/libxslt.1.dylib
0x00007fffa187d000 	/System/Library/Frameworks/Carbon.framework/Versions/A/Frameworks/Ink.framework/Versions/A/Ink
0x00007fffb4b43000 	/System/Library/PrivateFrameworks/TextureIO.framework/Versions/A/TextureIO
0x00007fffa58d7000 	/System/Library/Frameworks/Metal.framework/Versions/A/Metal
0x00007fffb62a8000 	/usr/lib/libate.dylib
0x00007fffafcf9000 	/System/Library/PrivateFrameworks/GPUCompiler.framework/libmetal_timestamp.dylib
0x00007fffa647b000 	/System/Library/Frameworks/OpenGL.framework/Versions/A/Libraries/libCoreFSCache.dylib
0x00007fffb0d88000 	/System/Library/PrivateFrameworks/IOAccelerator.framework/Versions/A/IOAccelerator
0x00007fffa36ee000 	/System/Library/Frameworks/CoreVideo.framework/Versions/A/CoreVideo
0x00007fffb5fd2000 	/usr/lib/libFosl_dynamic.dylib
0x00007fffb1987000 	/System/Library/PrivateFrameworks/MetalPerformanceShaders.framework/Versions/A/MetalPerformanceShaders
0x00007fffae571000 	/System/Library/PrivateFrameworks/FaceCore.framework/Versions/A/FaceCore
0x00007fffa6403000 	/System/Library/Frameworks/OpenCL.framework/Versions/A/OpenCL
0x00007fffa664e000 	/System/Library/Frameworks/OpenGL.framework/Versions/A/Libraries/libGLU.dylib
0x00007fffa6484000 	/System/Library/Frameworks/OpenGL.framework/Versions/A/Libraries/libGFXShared.dylib
0x00007fffa648e000 	/System/Library/Frameworks/OpenGL.framework/Versions/A/Libraries/libGL.dylib
0x00007fffa649a000 	/System/Library/Frameworks/OpenGL.framework/Versions/A/Libraries/libGLImage.dylib
0x00007fffa6478000 	/System/Library/Frameworks/OpenGL.framework/Versions/A/Libraries/libCVMSPluginSupport.dylib
0x00007fffa647f000 	/System/Library/Frameworks/OpenGL.framework/Versions/A/Libraries/libCoreVMClient.dylib
0x00007fffadfc2000 	/System/Library/PrivateFrameworks/CrashReporterSupport.framework/Versions/A/CrashReporterSupport
0x00007fffb3a13000 	/System/Library/PrivateFrameworks/Sharing.framework/Versions/A/Sharing
0x00007fffb0da6000 	/System/Library/PrivateFrameworks/IconServices.framework/Versions/A/IconServices
0x00007fffb2c61000 	/System/Library/PrivateFrameworks/ProtocolBuffer.framework/Versions/A/ProtocolBuffer
0x00007fffab2db000 	/System/Library/PrivateFrameworks/Apple80211.framework/Versions/A/Apple80211
0x00007fffa3724000 	/System/Library/Frameworks/CoreWLAN.framework/Versions/A/CoreWLAN
0x00007fffade3c000 	/System/Library/PrivateFrameworks/CoreUtils.framework/Versions/A/CoreUtils
0x00007fffa3eed000 	/System/Library/Frameworks/IOBluetooth.framework/Versions/A/IOBluetooth
0x00007fffadf5c000 	/System/Library/PrivateFrameworks/CoreWiFi.framework/Versions/A/CoreWiFi
0x00007fffa1bf4000 	/System/Library/Frameworks/CoreBluetooth.framework/Versions/A/CoreBluetooth
0x00007fffa1f04000 	/System/Library/Frameworks/CoreDisplay.framework/Versions/A/CoreDisplay
0x00007fffb0d91000 	/System/Library/PrivateFrameworks/IOPresentment.framework/Versions/A/IOPresentment
0x00007fffae04d000 	/System/Library/PrivateFrameworks/DSExternalDisplay.framework/Versions/A/DSExternalDisplay
0x00007fffae138000 	/System/Library/PrivateFrameworks/DebugSymbols.framework/Versions/A/DebugSymbols
0x00007fffadc6c000 	/System/Library/PrivateFrameworks/CoreSymbolication.framework/Versions/A/CoreSymbolication
0x00007fffb45fe000 	/System/Library/PrivateFrameworks/Symbolication.framework/Versions/A/Symbolication
0x00007fffab2fe000 	/System/Library/PrivateFrameworks/AppleFSCompression.framework/Versions/A/AppleFSCompression
0x00007fffb3f06000 	/System/Library/PrivateFrameworks/SpeechRecognitionCore.framework/Versions/A/SpeechRecognitionCore
0x00007fffac5c2000 	/System/Library/PrivateFrameworks/ChunkingLibrary.framework/Versions/A/ChunkingLibrary
0x0000000102200000 	/Library/Java/JavaVirtualMachines/jdk-13.0.2.jdk/Contents/Home/lib/server/libjvm.dylib
0x0000000101195000 	/Library/Java/JavaVirtualMachines/jdk-13.0.2.jdk/Contents/Home/lib/libverify.dylib
0x00000001011a1000 	/Library/Java/JavaVirtualMachines/jdk-13.0.2.jdk/Contents/Home/lib/libjava.dylib
0x00000001011d0000 	/Library/Java/JavaVirtualMachines/jdk-13.0.2.jdk/Contents/Home/lib/libzip.dylib
0x00000001011d7000 	/Library/Java/JavaVirtualMachines/jdk-13.0.2.jdk/Contents/Home/lib/libjimage.dylib
0x0000000127aee000 	/Library/Java/JavaVirtualMachines/jdk-13.0.2.jdk/Contents/Home/lib/libnio.dylib
0x0000000127afc000 	/Library/Java/JavaVirtualMachines/jdk-13.0.2.jdk/Contents/Home/lib/./libnet.dylib
0x00000001011f3000 	/Library/Java/JavaVirtualMachines/jdk-13.0.2.jdk/Contents/Home/lib/libextnet.dylib
0x0000000127fcf000 	/Library/Java/JavaVirtualMachines/jdk-13.0.2.jdk/Contents/Home/lib/libawt.dylib
0x0000000127e0e000 	/Library/Java/JavaVirtualMachines/jdk-13.0.2.jdk/Contents/Home/lib/./libmlib_image.dylib
0x0000000127b97000 	/System/Library/Frameworks/JavaVM.framework/Versions/A/Frameworks/JavaNativeFoundation.framework/Versions/A/JavaNativeFoundation
0x0000000127ee6000 	/System/Library/Frameworks/JavaVM.framework/Versions/A/Frameworks/JavaRuntimeSupport.framework/Versions/A/JavaRuntimeSupport
0x0000000127c7b000 	/System/Library/Frameworks/JavaVM.framework/Versions/A/JavaVM
0x0000000127f00000 	/System/Library/PrivateFrameworks/JavaLaunching.framework/Versions/A/JavaLaunching
0x00007fffa1564000 	/System/Library/Frameworks/Carbon.framework/Versions/A/Carbon
0x00007fffa1565000 	/System/Library/Frameworks/Carbon.framework/Versions/A/Frameworks/CommonPanels.framework/Versions/A/CommonPanels
0x00007fffa1873000 	/System/Library/Frameworks/Carbon.framework/Versions/A/Frameworks/Help.framework/Versions/A/Help
0x00007fffa1877000 	/System/Library/Frameworks/Carbon.framework/Versions/A/Frameworks/ImageCapture.framework/Versions/A/ImageCapture
0x00007fffa1915000 	/System/Library/Frameworks/Carbon.framework/Versions/A/Frameworks/OpenScripting.framework/Versions/A/OpenScripting
0x00007fffa1930000 	/System/Library/Frameworks/Carbon.framework/Versions/A/Frameworks/Print.framework/Versions/A/Print
0x00007fffa1932000 	/System/Library/Frameworks/Carbon.framework/Versions/A/Frameworks/SecurityHI.framework/Versions/A/SecurityHI
0x0000000128065000 	/Library/Java/JavaVirtualMachines/jdk-13.0.2.jdk/Contents/Home/lib/libawt_lwawt.dylib
0x0000000127f0c000 	/Library/Java/JavaVirtualMachines/jdk-13.0.2.jdk/Contents/Home/lib/./libosxapp.dylib
0x00007fffa3a27000 	/System/Library/Frameworks/ExceptionHandling.framework/Versions/A/ExceptionHandling
0x00000001281db000 	/Users/awollac/Library/Java/Extensions/libqhull.dylib


VM Arguments:
jvm_args: -ea -Djava.library.path=/Users/awollac/Library/Java/Extensions -Dfile.encoding=UTF-8 
java_command: org.eclipse.jdt.internal.junit.runner.RemoteTestRunner -Djava.library.path=/src/resources -version 3 -port 58022 -testLoaderClass org.eclipse.jdt.internal.junit5.runner.JUnit5TestLoader -loaderpluginname org.eclipse.jdt.junit5.runtime -classNames shell.Tests
java_class_path (initial): /Users/awollac/TSP/target/test-classes:/Users/awollac/TSP/target/classes:/Users/awollac/.p2/pool/plugins/org.junit.jupiter.api_5.3.1.v20181005-1442.jar:/Users/awollac/.p2/pool/plugins/org.junit.jupiter.engine_5.3.1.v20181005-1442.jar:/Users/awollac/.p2/pool/plugins/org.junit.jupiter.migrationsupport_5.3.1.v20181005-1442.jar:/Users/awollac/.p2/pool/plugins/org.junit.jupiter.params_5.3.1.v20181005-1442.jar:/Users/awollac/.p2/pool/plugins/org.junit.platform.commons_1.3.1.v20181005-1442.jar:/Users/awollac/.p2/pool/plugins/org.junit.platform.engine_1.3.1.v20181005-1442.jar:/Users/awollac/.p2/pool/plugins/org.junit.platform.launcher_1.3.1.v20181005-1442.jar:/Users/awollac/.p2/pool/plugins/org.junit.platform.runner_1.3.1.v20181005-1442.jar:/Users/awollac/.p2/pool/plugins/org.junit.platform.suite.api_1.3.1.v20181005-1442.jar:/Users/awollac/.p2/pool/plugins/org.junit.vintage.engine_5.3.1.v20181005-1442.jar:/Users/awollac/.p2/pool/plugins/org.opentest4j_1.1.1.v20181005-1442.jar:/Users/awollac/.p2/pool/plugins/org.apiguardian_1.0.0.v20181005-1442.jar:/Users/awollac/.p2/pool/plugins/org.junit_4.12.0.v201504281640/junit.jar:/Users/awollac/.p2/pool/plugins/org.hamcrest.core_1.3.0.v20180420-1519.jar:/Users/awollac/.m2/repository/org/apache/commons/commons-math3/3.1/commons-math3-3.1.jar:/Users/awollac/eclipse/java-2018-12/Eclipse.app/Contents/Eclipse/configuration/org.eclipse.osgi/214/0/.cp:/Users/awollac/eclipse/java-2018-12/Eclipse.app/Contents/Eclipse/configuration/org.eclipse.osgi/212/0/.cp
Launcher Type: SUN_STANDARD

[Global flags]
     intx CICompilerCount                          = 4                                         {product} {ergonomic}
     uint ConcGCThreads                            = 2                                         {product} {ergonomic}
     uint G1ConcRefinementThreads                  = 8                                         {product} {ergonomic}
   size_t G1HeapRegionSize                         = 1048576                                   {product} {ergonomic}
    uintx GCDrainStackTargetSize                   = 64                                        {product} {ergonomic}
   size_t InitialHeapSize                          = 268435456                                 {product} {ergonomic}
   size_t MarkStackSize                            = 4194304                                   {product} {ergonomic}
   size_t MaxHeapSize                              = 4294967296                                {product} {ergonomic}
   size_t MaxNewSize                               = 2576351232                                {product} {ergonomic}
   size_t MinHeapDeltaBytes                        = 1048576                                   {product} {ergonomic}
   size_t MinHeapSize                              = 8388608                                   {product} {ergonomic}
    uintx NonNMethodCodeHeapSize                   = 5839372                                {pd product} {ergonomic}
    uintx NonProfiledCodeHeapSize                  = 122909434                              {pd product} {ergonomic}
    uintx ProfiledCodeHeapSize                     = 122909434                              {pd product} {ergonomic}
    uintx ReservedCodeCacheSize                    = 251658240                              {pd product} {ergonomic}
     bool SegmentedCodeCache                       = true                                      {product} {ergonomic}
   size_t SoftMaxHeapSize                          = 4294967296                             {manageable} {ergonomic}
     bool UseCompressedClassPointers               = true                                 {lp64_product} {ergonomic}
     bool UseCompressedOops                        = true                                 {lp64_product} {ergonomic}
     bool UseG1GC                                  = true                                      {product} {ergonomic}

Logging:
Log output configuration:
 #0: stdout all=warning uptime,level,tags
 #1: stderr all=off uptime,level,tags

Environment Variables:
PATH=/usr/bin:/bin:/usr/sbin:/sbin
LD_LIBRARY_PATH=/Users/awollac/Library/Java/Extensions
SHELL=/bin/bash
DISPLAY=/private/tmp/com.apple.launchd.AJiGU6qGWP/org.macosforge.xquartz:0

Signal Handlers:
SIGSEGV: [libjvm.dylib+0x77ba40], sa_mask[0]=11111111011111110111111111111111, sa_flags=SA_ONSTACK|SA_RESTART|SA_SIGINFO
SIGBUS: [libjvm.dylib+0x77ba40], sa_mask[0]=11111111011111110111111111111111, sa_flags=SA_RESTART|SA_SIGINFO
SIGFPE: [libjvm.dylib+0x77ba40], sa_mask[0]=11111111011111110111111111111111, sa_flags=SA_RESTART|SA_SIGINFO
SIGPIPE: [libjvm.dylib+0x6221fd], sa_mask[0]=11111111011111110111111111111111, sa_flags=SA_RESTART|SA_SIGINFO
SIGXFSZ: [libjvm.dylib+0x6221fd], sa_mask[0]=11111111011111110111111111111111, sa_flags=SA_RESTART|SA_SIGINFO
SIGILL: [libjvm.dylib+0x77ba40], sa_mask[0]=11111111011111110111111111111111, sa_flags=SA_RESTART|SA_SIGINFO
SIGUSR2: [libjvm.dylib+0x6227e7], sa_mask[0]=00100000000000000000000000000000, sa_flags=SA_RESTART|SA_SIGINFO
SIGHUP: [libjvm.dylib+0x6217d5], sa_mask[0]=11111111011111110111111111111111, sa_flags=SA_RESTART|SA_SIGINFO
SIGINT: [libjvm.dylib+0x6217d5], sa_mask[0]=11111111011111110111111111111111, sa_flags=SA_RESTART|SA_SIGINFO
SIGTERM: [libjvm.dylib+0x6217d5], sa_mask[0]=11111111011111110111111111111111, sa_flags=SA_RESTART|SA_SIGINFO
SIGQUIT: [libjvm.dylib+0x6217d5], sa_mask[0]=11111111011111110111111111111111, sa_flags=SA_RESTART|SA_SIGINFO


---------------  S Y S T E M  ---------------

OS:uname:Darwin 16.7.0 Darwin Kernel Version 16.7.0: Thu Jun 15 17:36:27 PDT 2017; root:xnu-3789.70.16~2/RELEASE_X86_64 x86_64
rlimit: STACK 8192k, CORE 0k, NPROC 709, NOFILE 10240, AS infinity, DATA infinity, FSIZE infinity
load average:1.81 1.69 1.87

CPU:total 8 (initial active 8) (4 cores per cpu, 2 threads per core) family 6 model 158 stepping 9, cmov, cx8, fxsr, mmx, sse, sse2, sse3, ssse3, sse4.1, sse4.2, popcnt, avx, avx2, aes, clmul, erms, rtm, 3dnowpref, lzcnt, ht, tsc, tscinvbit, bmi1, bmi2, adx, fma

Memory: 4k page, physical 16777216k(2107184k free), swap 1048576k(827392k free)

vm_info: Java HotSpot(TM) 64-Bit Server VM (13.0.2+8) for bsd-amd64 JRE (13.0.2+8), built on Dec 11 2019 09:27:08 by "mach5one" with clang 4.2.1 Compatible Apple LLVM 10.0.0 (clang-1000.11.45.5)

END.
