#
# A fatal error has been detected by the Java Runtime Environment:
#
#  SIGBUS (0xa) at pc=0x00000001329ebe18, pid=7477, tid=8707
#
# JRE version: Java(TM) SE Runtime Environment (13.0.2+8) (build 13.0.2+8)
# Java VM: Java HotSpot(TM) 64-Bit Server VM (13.0.2+8, mixed mode, sharing, tiered, compressed oops, g1 gc, bsd-amd64)
# Problematic frame:
# C  0x00000001329ebe18
#
# No core dump will be written. Core dumps have been disabled. To enable core dumping, try "ulimit -c unlimited" before starting Java again
#
# If you would like to submit a bug report, please visit:
#   http://bugreport.java.com/bugreport/crash.jsp
# The crash happened outside the Java Virtual Machine in native code.
# See problematic frame for where to report the bug.
#

---------------  S U M M A R Y ------------

Command Line: -ea -Djava.library.path=/Users/awollac/Library/Java/Extensions -Dfile.encoding=UTF-8 org.eclipse.jdt.internal.junit.runner.RemoteTestRunner -Djava.library.path=/src/resources -version 3 -port 53903 -testLoaderClass org.eclipse.jdt.internal.junit5.runner.JUnit5TestLoader -loaderpluginname org.eclipse.jdt.junit5.runtime -test shell.Tests:testQHull -uniqueId [engine:junit-jupiter]/[class:shell.Tests]/[method:testQHull()]

Host: MacBookPro14,3 x86_64 2900 MHz, 8 cores, 16G, Darwin 16.7.0
Time: Thu Aug 13 17:13:46 2020 CDT elapsed time: 0 seconds (0d 0h 0m 0s)

---------------  T H R E A D  ---------------

Current thread (0x00007ff5f680f800):  JavaThread "main" [_thread_in_native, id=8707, stack(0x000000010c257000,0x000000010c357000)]

Stack: [0x000000010c257000,0x000000010c357000],  sp=0x000000010c354e40,  free space=1015k
Native frames: (J=compiled Java code, A=aot compiled Java code, j=interpreted, Vv=VM code, C=native code)
C  0x00000001329ebe18

Java frames: (J=compiled Java code, j=interpreted, Vv=VM code)
j  resources.qhullJNI.qh_qhull()V+0
j  resources.qhull.qh_qhull()V+0
j  shell.PointSet.convexHull(Lshell/PointSet;)Lshell/Shell;+191
j  shell.Tests.testQHull()V+171
v  ~StubRoutines::call_stub
j  jdk.internal.reflect.NativeMethodAccessorImpl.invoke0(Ljava/lang/reflect/Method;Ljava/lang/Object;[Ljava/lang/Object;)Ljava/lang/Object;+0 java.base@13.0.2
j  jdk.internal.reflect.NativeMethodAccessorImpl.invoke(Ljava/lang/Object;[Ljava/lang/Object;)Ljava/lang/Object;+100 java.base@13.0.2
j  jdk.internal.reflect.DelegatingMethodAccessorImpl.invoke(Ljava/lang/Object;[Ljava/lang/Object;)Ljava/lang/Object;+6 java.base@13.0.2
j  java.lang.reflect.Method.invoke(Ljava/lang/Object;[Ljava/lang/Object;)Ljava/lang/Object;+59 java.base@13.0.2
j  org.junit.platform.commons.util.ReflectionUtils.invokeMethod(Ljava/lang/reflect/Method;Ljava/lang/Object;[Ljava/lang/Object;)Ljava/lang/Object;+41
j  org.junit.jupiter.engine.execution.ExecutableInvoker.invoke(Ljava/lang/reflect/Method;Ljava/lang/Object;Lorg/junit/jupiter/api/extension/ExtensionContext;Lorg/junit/jupiter/engine/extension/ExtensionRegistry;)Ljava/lang/Object;+32
j  org.junit.jupiter.engine.descriptor.TestMethodTestDescriptor.lambda$invokeTestMethod$6(Lorg/junit/jupiter/api/extension/ExtensionContext;Lorg/junit/jupiter/engine/execution/JupiterEngineExecutionContext;)V+24
j  org.junit.jupiter.engine.descriptor.TestMethodTestDescriptor$$Lambda$231.execute()V+12
j  org.junit.platform.engine.support.hierarchical.ThrowableCollector.execute(Lorg/junit/platform/engine/support/hierarchical/ThrowableCollector$Executable;)V+1
j  org.junit.jupiter.engine.descriptor.TestMethodTestDescriptor.invokeTestMethod(Lorg/junit/jupiter/engine/execution/JupiterEngineExecutionContext;Lorg/junit/platform/engine/support/hierarchical/Node$DynamicTestExecutor;)V+21
j  org.junit.jupiter.engine.descriptor.TestMethodTestDescriptor.execute(Lorg/junit/jupiter/engine/execution/JupiterEngineExecutionContext;Lorg/junit/platform/engine/support/hierarchical/Node$DynamicTestExecutor;)Lorg/junit/jupiter/engine/execution/JupiterEngineExecutionContext;+44
j  org.junit.jupiter.engine.descriptor.TestMethodTestDescriptor.execute(Lorg/junit/platform/engine/support/hierarchical/EngineExecutionContext;Lorg/junit/platform/engine/support/hierarchical/Node$DynamicTestExecutor;)Lorg/junit/platform/engine/support/hierarchical/EngineExecutionContext;+6
j  org.junit.platform.engine.support.hierarchical.NodeTestTask.lambda$executeRecursively$5()V+83
j  org.junit.platform.engine.support.hierarchical.NodeTestTask$$Lambda$185.execute()V+4
j  org.junit.platform.engine.support.hierarchical.ThrowableCollector.execute(Lorg/junit/platform/engine/support/hierarchical/ThrowableCollector$Executable;)V+1
j  org.junit.platform.engine.support.hierarchical.NodeTestTask.executeRecursively()V+31
j  org.junit.platform.engine.support.hierarchical.NodeTestTask.execute()V+55
j  org.junit.platform.engine.support.hierarchical.SameThreadHierarchicalTestExecutorService$$Lambda$190.accept(Ljava/lang/Object;)V+4
j  java.util.ArrayList.forEach(Ljava/util/function/Consumer;)V+46 java.base@13.0.2
j  org.junit.platform.engine.support.hierarchical.SameThreadHierarchicalTestExecutorService.invokeAll(Ljava/util/List;)V+6
j  org.junit.platform.engine.support.hierarchical.NodeTestTask.lambda$executeRecursively$5()V+120
j  org.junit.platform.engine.support.hierarchical.NodeTestTask$$Lambda$185.execute()V+4
j  org.junit.platform.engine.support.hierarchical.ThrowableCollector.execute(Lorg/junit/platform/engine/support/hierarchical/ThrowableCollector$Executable;)V+1
j  org.junit.platform.engine.support.hierarchical.NodeTestTask.executeRecursively()V+31
j  org.junit.platform.engine.support.hierarchical.NodeTestTask.execute()V+55
j  org.junit.platform.engine.support.hierarchical.SameThreadHierarchicalTestExecutorService$$Lambda$190.accept(Ljava/lang/Object;)V+4
j  java.util.ArrayList.forEach(Ljava/util/function/Consumer;)V+46 java.base@13.0.2
j  org.junit.platform.engine.support.hierarchical.SameThreadHierarchicalTestExecutorService.invokeAll(Ljava/util/List;)V+6
j  org.junit.platform.engine.support.hierarchical.NodeTestTask.lambda$executeRecursively$5()V+120
j  org.junit.platform.engine.support.hierarchical.NodeTestTask$$Lambda$185.execute()V+4
j  org.junit.platform.engine.support.hierarchical.ThrowableCollector.execute(Lorg/junit/platform/engine/support/hierarchical/ThrowableCollector$Executable;)V+1
j  org.junit.platform.engine.support.hierarchical.NodeTestTask.executeRecursively()V+31
j  org.junit.platform.engine.support.hierarchical.NodeTestTask.execute()V+55
j  org.junit.platform.engine.support.hierarchical.SameThreadHierarchicalTestExecutorService.submit(Lorg/junit/platform/engine/support/hierarchical/HierarchicalTestExecutorService$TestTask;)Ljava/util/concurrent/Future;+1
j  org.junit.platform.engine.support.hierarchical.HierarchicalTestExecutor.execute()Ljava/util/concurrent/Future;+74
j  org.junit.platform.engine.support.hierarchical.HierarchicalTestEngine.execute(Lorg/junit/platform/engine/ExecutionRequest;)V+35
j  org.junit.platform.launcher.core.DefaultLauncher.execute(Lorg/junit/platform/engine/TestEngine;Lorg/junit/platform/engine/ExecutionRequest;)V+2
j  org.junit.platform.launcher.core.DefaultLauncher.lambda$execute$6(Lorg/junit/platform/launcher/core/Root;Lorg/junit/platform/engine/ConfigurationParameters;Lorg/junit/platform/launcher/TestExecutionListener;)V+85
j  org.junit.platform.launcher.core.DefaultLauncher$$Lambda$159.accept(Ljava/lang/Object;)V+16
j  org.junit.platform.launcher.core.DefaultLauncher.withInterceptedStreams(Lorg/junit/platform/engine/ConfigurationParameters;Lorg/junit/platform/launcher/core/TestExecutionListenerRegistry;Ljava/util/function/Consumer;)V+43
j  org.junit.platform.launcher.core.DefaultLauncher.execute(Lorg/junit/platform/launcher/core/Root;Lorg/junit/platform/engine/ConfigurationParameters;[Lorg/junit/platform/launcher/TestExecutionListener;)V+19
j  org.junit.platform.launcher.core.DefaultLauncher.execute(Lorg/junit/platform/launcher/LauncherDiscoveryRequest;[Lorg/junit/platform/launcher/TestExecutionListener;)V+36
j  org.eclipse.jdt.internal.junit5.runner.JUnit5TestReference.run(Lorg/eclipse/jdt/internal/junit/runner/TestExecution;)V+30
j  org.eclipse.jdt.internal.junit.runner.TestExecution.run([Lorg/eclipse/jdt/internal/junit/runner/ITestReference;)V+17
j  org.eclipse.jdt.internal.junit.runner.RemoteTestRunner.runTests([Ljava/lang/String;Ljava/lang/String;Lorg/eclipse/jdt/internal/junit/runner/TestExecution;)V+62
j  org.eclipse.jdt.internal.junit.runner.RemoteTestRunner.runTests(Lorg/eclipse/jdt/internal/junit/runner/TestExecution;)V+10
j  org.eclipse.jdt.internal.junit.runner.RemoteTestRunner.run()V+70
j  org.eclipse.jdt.internal.junit.runner.RemoteTestRunner.main([Ljava/lang/String;)V+14
v  ~StubRoutines::call_stub

siginfo: si_signo: 10 (SIGBUS), si_code: 2 (BUS_ADRERR), si_addr: 0x00000001329ebe18

Register to memory mapping:

RAX=0x0000000000000005 is an unknown value
RBX={method} {0x00000001329ec958} 'setjmp_wrap' '()I' in 'resources/qhullJNI'
RCX=0x00007fffb78e81b6: __sigreturn+0xa in /usr/lib/system/libsystem_kernel.dylib at 0x00007fffb78ce000
RDX=0x0 is NULL
RSP=0x000000010c354e40 is pointing into the stack for thread: 0x00007ff5f680f800
RBP=0x00007ff5f680f800 is a thread
RSI=0x0000000000000005 is an unknown value
RDI=0x0000000133144874: qh_qh+0x784 in /Users/awollac/Library/Java/Extensions/libqhull.dylib at 0x00000001330c3000
R8 =0x0000000000000040 is an unknown value
R9 =0x00007fffc06b44a0: usual_extra+0x1c0 in /usr/lib/system/libsystem_c.dylib at 0x00007fffb77ee000
R10=0x00007fffb78e95be: sigprocmask+0xa in /usr/lib/system/libsystem_kernel.dylib at 0x00007fffb78ce000
R11=0x0000000000000246 is an unknown value
R12=0x0 is NULL
R13={method} {0x00000001329ec958} 'setjmp_wrap' '()I' in 'resources/qhullJNI'
R14=0x000000010c354ed0 is pointing into the stack for thread: 0x00007ff5f680f800
R15=0x00007ff5f680f800 is a thread


Registers:
RAX=0x0000000000000005, RBX=0x00000001329ec958, RCX=0x00007fffb78e81b6, RDX=0x0000000000000000
RSP=0x000000010c354e40, RBP=0x00007ff5f680f800, RSI=0x0000000000000005, RDI=0x0000000133144874
R8 =0x0000000000000040, R9 =0x00007fffc06b44a0, R10=0x00007fffb78e95be, R11=0x0000000000000246
R12=0x0000000000000000, R13=0x00000001329ec958, R14=0x000000010c354ed0, R15=0x00007ff5f680f800
RIP=0x00000001329ebe18, EFLAGS=0x0000000000010206, ERR=0x0000000000000015
  TRAPNO=0x000000000000000e

Top of Stack: (sp=0x000000010c354e40)
0x000000010c354e40:   000000010c354e60 0000000133115d05
0x000000010c354e50:   000000010c354ec8 00007ff5f680fb10
0x000000010c354e60:   000000010c354eb8 000000011b40cc90
0x000000010c354e70:   000000010c354e70 00000001329ebe18
0x000000010c354e80:   000000010c354ed0 0000000132a01688
0x000000010c354e90:   0000000000000000 000000070ed19528
0x000000010c354ea0:   00000001329ebe18 0000000000000000
0x000000010c354eb0:   000000010c354ed8 000000010c354f20
0x000000010c354ec0:   000000011b406fb3 000000070ed19528
0x000000010c354ed0:   000000011b409bb8 000000010c354ed8
0x000000010c354ee0:   00000001329cb8f0 000000010c354f28
0x000000010c354ef0:   00000001329e17e8 0000000000000000
0x000000010c354f00:   000000070eef8610 00000001329cb900
0x000000010c354f10:   000000010c354ed8 000000010c354f30
0x000000010c354f20:   000000010c354f78 000000011b406fb3
0x000000010c354f30:   000000010c354f30 000000013298b597
0x000000010c354f40:   000000010c354fe0 000000013298c0e0
0x000000010c354f50:   0000000000000000 000000070eebd988
0x000000010c354f60:   000000013298b6d0 000000010c354f30
0x000000010c354f70:   000000010c354fd8 000000010c355030
0x000000010c354f80:   000000011b406d00 0000000000000003
0x000000010c354f90:   000000070eed3410 0000000000000005
0x000000010c354fa0:   000000070ed1c428 0000000000000003
0x000000010c354fb0:   0000000000000000 000000070ed1aa40
0x000000010c354fc0:   000000070ed1aa20 000000070ed1aa00
0x000000010c354fd0:   000000070ed1a960 000000070eed32c0
0x000000010c354fe0:   000000070eebe5c8 000000010c354fe8
0x000000010c354ff0:   000000013283759b 000000010c355058
0x000000010c355000:   00000001328c7610 0000000000000000
0x000000010c355010:   000000070f8adb00 00000001328375e8
0x000000010c355020:   000000010c354fd8 000000010c355058
0x000000010c355030:   000000010c3550c0 000000011b3fd949 

Instructions: (pc=0x00000001329ebe18)
0x00000001329ebd18:   00 00 00 00 00 00 00 00 e0 c8 40 1b 01 00 00 00
0x00000001329ebd28:   00 00 00 00 00 00 00 00 09 63 a9 0d 01 00 00 00
0x00000001329ebd38:   00 00 00 00 00 00 00 00 00 00 00 00 00 00 00 80
0x00000001329ebd48:   88 52 9e 32 01 00 00 00 00 00 00 00 00 00 00 00
0x00000001329ebd58:   70 30 81 f8 f5 7f 00 00 07 00 00 00 00 00 0a 00
0x00000001329ebd68:   00 00 7c 00 31 00 71 02 00 00 00 00 00 00 71 02
0x00000001329ebd78:   10 22 d3 0d 01 00 00 00 40 bd 9e 32 01 00 00 00
0x00000001329ebd88:   00 00 00 00 00 00 00 00 00 00 00 00 00 00 00 00
0x00000001329ebd98:   19 01 00 00 fe ff ff ff 00 00 00 00 00 00 00 00
0x00000001329ebda8:   e0 c8 40 1b 01 00 00 00 5c 6e 44 1b 01 00 00 00
0x00000001329ebdb8:   00 00 00 00 00 00 00 00 e0 c8 40 1b 01 00 00 00
0x00000001329ebdc8:   00 00 00 00 00 00 00 00 09 63 a9 0d 01 00 00 00
0x00000001329ebdd8:   00 00 00 00 00 00 00 00 5d 01 00 00 00 00 00 00
0x00000001329ebde8:   88 52 9e 32 01 00 00 00 00 00 00 00 00 00 00 00
0x00000001329ebdf8:   70 30 81 f8 f5 7f 00 00 07 00 00 00 00 00 0e 00
0x00000001329ebe08:   00 00 7d 00 06 00 36 00 00 00 00 00 00 00 36 00
0x00000001329ebe18:   10 22 d3 0d 01 00 00 00 e0 bd 9e 32 01 00 00 00
0x00000001329ebe28:   00 00 00 00 00 00 00 00 d0 26 a0 32 01 00 00 00
0x00000001329ebe38:   19 01 00 00 fe ff ff ff 00 00 00 00 00 00 00 00
0x00000001329ebe48:   e0 c8 40 1b 01 00 00 00 5c 6e 44 1b 01 00 00 00
0x00000001329ebe58:   00 00 00 00 00 00 00 00 e0 c8 40 1b 01 00 00 00
0x00000001329ebe68:   00 00 00 00 00 00 00 00 f0 5c 11 33 01 00 00 00
0x00000001329ebe78:   00 bd 45 1b 01 00 00 00 00 00 00 00 00 00 00 80
0x00000001329ebe88:   88 52 9e 32 01 00 00 00 00 00 00 00 00 00 00 00
0x00000001329ebe98:   88 48 8f f6 f5 7f 00 00 07 00 00 00 00 00 04 00
0x00000001329ebea8:   00 00 7e 00 7f 00 9b 00 00 00 00 00 05 00 9b 00
0x00000001329ebeb8:   10 22 d3 0d 01 00 00 00 80 be 9e 32 01 00 00 00
0x00000001329ebec8:   00 00 00 00 00 00 00 00 00 00 00 00 00 00 00 00
0x00000001329ebed8:   19 01 00 00 fe ff ff ff 00 00 00 00 00 00 00 00
0x00000001329ebee8:   e0 c8 40 1b 01 00 00 00 67 0e 50 1b 01 00 00 00
0x00000001329ebef8:   00 00 00 00 00 00 00 00 e0 c8 40 1b 01 00 00 00
0x00000001329ebf08:   00 00 00 00 00 00 00 00 09 63 a9 0d 01 00 00 00 


Stack slot to memory mapping:
stack at sp + 0 slots: 0x000000010c354e60 is pointing into the stack for thread: 0x00007ff5f680f800
stack at sp + 1 slots: 0x0000000133115d05: Java_resources_qhullJNI_qh_1qhull+0x15 in /Users/awollac/Library/Java/Extensions/libqhull.dylib at 0x00000001330c3000
stack at sp + 2 slots: 0x000000010c354ec8 is pointing into the stack for thread: 0x00007ff5f680f800
stack at sp + 3 slots: 0x00007ff5f680fb10 points into unknown readable memory: e0 9d d4 0d 01 00 00 00
stack at sp + 4 slots: 0x000000010c354eb8 is pointing into the stack for thread: 0x00007ff5f680f800
stack at sp + 5 slots: 0x000000011b40cc90 is at code_begin+944 in an Interpreter codelet
method entry point (kind = native)  [0x000000011b40c8e0, 0x000000011b40d320]  2624 bytes
stack at sp + 6 slots: 0x000000010c354e70 is pointing into the stack for thread: 0x00007ff5f680f800
stack at sp + 7 slots: {method} {0x00000001329ebe18} 'qh_qhull' '()V' in 'resources/qhullJNI'


---------------  P R O C E S S  ---------------

Threads class SMR info:
_java_thread_list=0x00007ff5f5dbd7e0, length=11, elements={
0x00007ff5f680f800, 0x00007ff5f68f2800, 0x00007ff5f68f5800, 0x00007ff5f9035800,
0x00007ff5f9038800, 0x00007ff5f9039800, 0x00007ff5f8001000, 0x00007ff5f8805800,
0x00007ff5f8819800, 0x00007ff5f610f000, 0x00007ff5f690c000
}

Java Threads: ( => current thread )
=>0x00007ff5f680f800 JavaThread "main" [_thread_in_native, id=8707, stack(0x000000010c257000,0x000000010c357000)]
  0x00007ff5f68f2800 JavaThread "Reference Handler" daemon [_thread_blocked, id=17923, stack(0x000070000bfe2000,0x000070000c0e2000)]
  0x00007ff5f68f5800 JavaThread "Finalizer" daemon [_thread_blocked, id=18691, stack(0x000070000c0e5000,0x000070000c1e5000)]
  0x00007ff5f9035800 JavaThread "Signal Dispatcher" daemon [_thread_blocked, id=22279, stack(0x000070000c1e8000,0x000070000c2e8000)]
  0x00007ff5f9038800 JavaThread "C2 CompilerThread0" daemon [_thread_in_native, id=23043, stack(0x000070000c2eb000,0x000070000c3eb000)]
  0x00007ff5f9039800 JavaThread "C1 CompilerThread0" daemon [_thread_blocked, id=23811, stack(0x000070000c3ee000,0x000070000c4ee000)]
  0x00007ff5f8001000 JavaThread "Sweeper thread" daemon [_thread_blocked, id=24579, stack(0x000070000c4f1000,0x000070000c5f1000)]
  0x00007ff5f8805800 JavaThread "Service Thread" daemon [_thread_blocked, id=25347, stack(0x000070000c5f4000,0x000070000c6f4000)]
  0x00007ff5f8819800 JavaThread "Common-Cleaner" daemon [_thread_blocked, id=26627, stack(0x000070000c7fa000,0x000070000c8fa000)]
  0x00007ff5f610f000 JavaThread "C2 CompilerThread1" daemon [_thread_blocked, id=27395, stack(0x000070000c8fd000,0x000070000c9fd000)]
  0x00007ff5f690c000 JavaThread "ReaderThread" [_thread_in_native, id=28163, stack(0x000070000ca00000,0x000070000cb00000)]

Other Threads:
  0x00007ff5f68f1800 VMThread "VM Thread" [stack: 0x000070000bedf000,0x000070000bfdf000] [id=16899]
  0x00007ff5f9052800 WatcherThread [stack: 0x000070000c6f7000,0x000070000c7f7000] [id=25859]
  0x00007ff5f684c000 GCTaskThread "GC Thread#0" [stack: 0x000070000b9d0000,0x000070000bad0000] [id=12547]
  0x00007ff5f686d000 ConcurrentGCThread "G1 Main Marker" [stack: 0x000070000bad3000,0x000070000bbd3000] [id=13059]
  0x00007ff5f686e000 ConcurrentGCThread "G1 Conc#0" [stack: 0x000070000bbd6000,0x000070000bcd6000] [id=14083]
  0x00007ff5f901d000 ConcurrentGCThread "G1 Refine#0" [stack: 0x000070000bcd9000,0x000070000bdd9000] [id=14595]
  0x00007ff5f901e000 ConcurrentGCThread "G1 Young RemSet Sampling" [stack: 0x000070000bddc000,0x000070000bedc000] [id=15107]

Threads with active compile tasks:
C2 CompilerThread0      489 1104       4       sun.reflect.annotation.AnnotationInvocationHandler::invoke (178 bytes)

VM state:not at safepoint (normal execution)

VM Mutex/Monitor currently owned by a thread: None

Heap address: 0x0000000700000000, size: 4096 MB, Compressed Oops mode: Zero based, Oop shift amount: 3
Narrow klass base: 0x0000000800000000, Narrow klass shift: 3
Compressed class space size: 1073741824 Address: 0x0000000800ae0000

Heap:
 garbage-first heap   total 264192K, used 18168K [0x0000000700000000, 0x0000000800000000)
  region size 1024K, 19 young (19456K), 0 survivors (0K)
 Metaspace       used 6686K, capacity 7121K, committed 7424K, reserved 1056768K
  class space    used 748K, capacity 917K, committed 1024K, reserved 1048576K
Heap Regions: E=young(eden), S=young(survivor), O=old, HS=humongous(starts), HC=humongous(continues), CS=collection set, F=free, A=archive, TAMS=top-at-mark-start (previous, next)
|   0|0x0000000700000000, 0x0000000700000000, 0x0000000700100000|  0%| F|  |TAMS 0x0000000700000000, 0x0000000700000000| Untracked 
|   1|0x0000000700100000, 0x0000000700100000, 0x0000000700200000|  0%| F|  |TAMS 0x0000000700100000, 0x0000000700100000| Untracked 
|   2|0x0000000700200000, 0x0000000700200000, 0x0000000700300000|  0%| F|  |TAMS 0x0000000700200000, 0x0000000700200000| Untracked 
|   3|0x0000000700300000, 0x0000000700300000, 0x0000000700400000|  0%| F|  |TAMS 0x0000000700300000, 0x0000000700300000| Untracked 
|   4|0x0000000700400000, 0x0000000700400000, 0x0000000700500000|  0%| F|  |TAMS 0x0000000700400000, 0x0000000700400000| Untracked 
|   5|0x0000000700500000, 0x0000000700500000, 0x0000000700600000|  0%| F|  |TAMS 0x0000000700500000, 0x0000000700500000| Untracked 
|   6|0x0000000700600000, 0x0000000700600000, 0x0000000700700000|  0%| F|  |TAMS 0x0000000700600000, 0x0000000700600000| Untracked 
|   7|0x0000000700700000, 0x0000000700700000, 0x0000000700800000|  0%| F|  |TAMS 0x0000000700700000, 0x0000000700700000| Untracked 
|   8|0x0000000700800000, 0x0000000700800000, 0x0000000700900000|  0%| F|  |TAMS 0x0000000700800000, 0x0000000700800000| Untracked 
|   9|0x0000000700900000, 0x0000000700900000, 0x0000000700a00000|  0%| F|  |TAMS 0x0000000700900000, 0x0000000700900000| Untracked 
|  10|0x0000000700a00000, 0x0000000700a00000, 0x0000000700b00000|  0%| F|  |TAMS 0x0000000700a00000, 0x0000000700a00000| Untracked 
|  11|0x0000000700b00000, 0x0000000700b00000, 0x0000000700c00000|  0%| F|  |TAMS 0x0000000700b00000, 0x0000000700b00000| Untracked 
|  12|0x0000000700c00000, 0x0000000700c00000, 0x0000000700d00000|  0%| F|  |TAMS 0x0000000700c00000, 0x0000000700c00000| Untracked 
|  13|0x0000000700d00000, 0x0000000700d00000, 0x0000000700e00000|  0%| F|  |TAMS 0x0000000700d00000, 0x0000000700d00000| Untracked 
|  14|0x0000000700e00000, 0x0000000700e00000, 0x0000000700f00000|  0%| F|  |TAMS 0x0000000700e00000, 0x0000000700e00000| Untracked 
|  15|0x0000000700f00000, 0x0000000700f00000, 0x0000000701000000|  0%| F|  |TAMS 0x0000000700f00000, 0x0000000700f00000| Untracked 
|  16|0x0000000701000000, 0x0000000701000000, 0x0000000701100000|  0%| F|  |TAMS 0x0000000701000000, 0x0000000701000000| Untracked 
|  17|0x0000000701100000, 0x0000000701100000, 0x0000000701200000|  0%| F|  |TAMS 0x0000000701100000, 0x0000000701100000| Untracked 
|  18|0x0000000701200000, 0x0000000701200000, 0x0000000701300000|  0%| F|  |TAMS 0x0000000701200000, 0x0000000701200000| Untracked 
|  19|0x0000000701300000, 0x0000000701300000, 0x0000000701400000|  0%| F|  |TAMS 0x0000000701300000, 0x0000000701300000| Untracked 
|  20|0x0000000701400000, 0x0000000701400000, 0x0000000701500000|  0%| F|  |TAMS 0x0000000701400000, 0x0000000701400000| Untracked 
|  21|0x0000000701500000, 0x0000000701500000, 0x0000000701600000|  0%| F|  |TAMS 0x0000000701500000, 0x0000000701500000| Untracked 
|  22|0x0000000701600000, 0x0000000701600000, 0x0000000701700000|  0%| F|  |TAMS 0x0000000701600000, 0x0000000701600000| Untracked 
|  23|0x0000000701700000, 0x0000000701700000, 0x0000000701800000|  0%| F|  |TAMS 0x0000000701700000, 0x0000000701700000| Untracked 
|  24|0x0000000701800000, 0x0000000701800000, 0x0000000701900000|  0%| F|  |TAMS 0x0000000701800000, 0x0000000701800000| Untracked 
|  25|0x0000000701900000, 0x0000000701900000, 0x0000000701a00000|  0%| F|  |TAMS 0x0000000701900000, 0x0000000701900000| Untracked 
|  26|0x0000000701a00000, 0x0000000701a00000, 0x0000000701b00000|  0%| F|  |TAMS 0x0000000701a00000, 0x0000000701a00000| Untracked 
|  27|0x0000000701b00000, 0x0000000701b00000, 0x0000000701c00000|  0%| F|  |TAMS 0x0000000701b00000, 0x0000000701b00000| Untracked 
|  28|0x0000000701c00000, 0x0000000701c00000, 0x0000000701d00000|  0%| F|  |TAMS 0x0000000701c00000, 0x0000000701c00000| Untracked 
|  29|0x0000000701d00000, 0x0000000701d00000, 0x0000000701e00000|  0%| F|  |TAMS 0x0000000701d00000, 0x0000000701d00000| Untracked 
|  30|0x0000000701e00000, 0x0000000701e00000, 0x0000000701f00000|  0%| F|  |TAMS 0x0000000701e00000, 0x0000000701e00000| Untracked 
|  31|0x0000000701f00000, 0x0000000701f00000, 0x0000000702000000|  0%| F|  |TAMS 0x0000000701f00000, 0x0000000701f00000| Untracked 
|  32|0x0000000702000000, 0x0000000702000000, 0x0000000702100000|  0%| F|  |TAMS 0x0000000702000000, 0x0000000702000000| Untracked 
|  33|0x0000000702100000, 0x0000000702100000, 0x0000000702200000|  0%| F|  |TAMS 0x0000000702100000, 0x0000000702100000| Untracked 
|  34|0x0000000702200000, 0x0000000702200000, 0x0000000702300000|  0%| F|  |TAMS 0x0000000702200000, 0x0000000702200000| Untracked 
|  35|0x0000000702300000, 0x0000000702300000, 0x0000000702400000|  0%| F|  |TAMS 0x0000000702300000, 0x0000000702300000| Untracked 
|  36|0x0000000702400000, 0x0000000702400000, 0x0000000702500000|  0%| F|  |TAMS 0x0000000702400000, 0x0000000702400000| Untracked 
|  37|0x0000000702500000, 0x0000000702500000, 0x0000000702600000|  0%| F|  |TAMS 0x0000000702500000, 0x0000000702500000| Untracked 
|  38|0x0000000702600000, 0x0000000702600000, 0x0000000702700000|  0%| F|  |TAMS 0x0000000702600000, 0x0000000702600000| Untracked 
|  39|0x0000000702700000, 0x0000000702700000, 0x0000000702800000|  0%| F|  |TAMS 0x0000000702700000, 0x0000000702700000| Untracked 
|  40|0x0000000702800000, 0x0000000702800000, 0x0000000702900000|  0%| F|  |TAMS 0x0000000702800000, 0x0000000702800000| Untracked 
|  41|0x0000000702900000, 0x0000000702900000, 0x0000000702a00000|  0%| F|  |TAMS 0x0000000702900000, 0x0000000702900000| Untracked 
|  42|0x0000000702a00000, 0x0000000702a00000, 0x0000000702b00000|  0%| F|  |TAMS 0x0000000702a00000, 0x0000000702a00000| Untracked 
|  43|0x0000000702b00000, 0x0000000702b00000, 0x0000000702c00000|  0%| F|  |TAMS 0x0000000702b00000, 0x0000000702b00000| Untracked 
|  44|0x0000000702c00000, 0x0000000702c00000, 0x0000000702d00000|  0%| F|  |TAMS 0x0000000702c00000, 0x0000000702c00000| Untracked 
|  45|0x0000000702d00000, 0x0000000702d00000, 0x0000000702e00000|  0%| F|  |TAMS 0x0000000702d00000, 0x0000000702d00000| Untracked 
|  46|0x0000000702e00000, 0x0000000702e00000, 0x0000000702f00000|  0%| F|  |TAMS 0x0000000702e00000, 0x0000000702e00000| Untracked 
|  47|0x0000000702f00000, 0x0000000702f00000, 0x0000000703000000|  0%| F|  |TAMS 0x0000000702f00000, 0x0000000702f00000| Untracked 
|  48|0x0000000703000000, 0x0000000703000000, 0x0000000703100000|  0%| F|  |TAMS 0x0000000703000000, 0x0000000703000000| Untracked 
|  49|0x0000000703100000, 0x0000000703100000, 0x0000000703200000|  0%| F|  |TAMS 0x0000000703100000, 0x0000000703100000| Untracked 
|  50|0x0000000703200000, 0x0000000703200000, 0x0000000703300000|  0%| F|  |TAMS 0x0000000703200000, 0x0000000703200000| Untracked 
|  51|0x0000000703300000, 0x0000000703300000, 0x0000000703400000|  0%| F|  |TAMS 0x0000000703300000, 0x0000000703300000| Untracked 
|  52|0x0000000703400000, 0x0000000703400000, 0x0000000703500000|  0%| F|  |TAMS 0x0000000703400000, 0x0000000703400000| Untracked 
|  53|0x0000000703500000, 0x0000000703500000, 0x0000000703600000|  0%| F|  |TAMS 0x0000000703500000, 0x0000000703500000| Untracked 
|  54|0x0000000703600000, 0x0000000703600000, 0x0000000703700000|  0%| F|  |TAMS 0x0000000703600000, 0x0000000703600000| Untracked 
|  55|0x0000000703700000, 0x0000000703700000, 0x0000000703800000|  0%| F|  |TAMS 0x0000000703700000, 0x0000000703700000| Untracked 
|  56|0x0000000703800000, 0x0000000703800000, 0x0000000703900000|  0%| F|  |TAMS 0x0000000703800000, 0x0000000703800000| Untracked 
|  57|0x0000000703900000, 0x0000000703900000, 0x0000000703a00000|  0%| F|  |TAMS 0x0000000703900000, 0x0000000703900000| Untracked 
|  58|0x0000000703a00000, 0x0000000703a00000, 0x0000000703b00000|  0%| F|  |TAMS 0x0000000703a00000, 0x0000000703a00000| Untracked 
|  59|0x0000000703b00000, 0x0000000703b00000, 0x0000000703c00000|  0%| F|  |TAMS 0x0000000703b00000, 0x0000000703b00000| Untracked 
|  60|0x0000000703c00000, 0x0000000703c00000, 0x0000000703d00000|  0%| F|  |TAMS 0x0000000703c00000, 0x0000000703c00000| Untracked 
|  61|0x0000000703d00000, 0x0000000703d00000, 0x0000000703e00000|  0%| F|  |TAMS 0x0000000703d00000, 0x0000000703d00000| Untracked 
|  62|0x0000000703e00000, 0x0000000703e00000, 0x0000000703f00000|  0%| F|  |TAMS 0x0000000703e00000, 0x0000000703e00000| Untracked 
|  63|0x0000000703f00000, 0x0000000703f00000, 0x0000000704000000|  0%| F|  |TAMS 0x0000000703f00000, 0x0000000703f00000| Untracked 
|  64|0x0000000704000000, 0x0000000704000000, 0x0000000704100000|  0%| F|  |TAMS 0x0000000704000000, 0x0000000704000000| Untracked 
|  65|0x0000000704100000, 0x0000000704100000, 0x0000000704200000|  0%| F|  |TAMS 0x0000000704100000, 0x0000000704100000| Untracked 
|  66|0x0000000704200000, 0x0000000704200000, 0x0000000704300000|  0%| F|  |TAMS 0x0000000704200000, 0x0000000704200000| Untracked 
|  67|0x0000000704300000, 0x0000000704300000, 0x0000000704400000|  0%| F|  |TAMS 0x0000000704300000, 0x0000000704300000| Untracked 
|  68|0x0000000704400000, 0x0000000704400000, 0x0000000704500000|  0%| F|  |TAMS 0x0000000704400000, 0x0000000704400000| Untracked 
|  69|0x0000000704500000, 0x0000000704500000, 0x0000000704600000|  0%| F|  |TAMS 0x0000000704500000, 0x0000000704500000| Untracked 
|  70|0x0000000704600000, 0x0000000704600000, 0x0000000704700000|  0%| F|  |TAMS 0x0000000704600000, 0x0000000704600000| Untracked 
|  71|0x0000000704700000, 0x0000000704700000, 0x0000000704800000|  0%| F|  |TAMS 0x0000000704700000, 0x0000000704700000| Untracked 
|  72|0x0000000704800000, 0x0000000704800000, 0x0000000704900000|  0%| F|  |TAMS 0x0000000704800000, 0x0000000704800000| Untracked 
|  73|0x0000000704900000, 0x0000000704900000, 0x0000000704a00000|  0%| F|  |TAMS 0x0000000704900000, 0x0000000704900000| Untracked 
|  74|0x0000000704a00000, 0x0000000704a00000, 0x0000000704b00000|  0%| F|  |TAMS 0x0000000704a00000, 0x0000000704a00000| Untracked 
|  75|0x0000000704b00000, 0x0000000704b00000, 0x0000000704c00000|  0%| F|  |TAMS 0x0000000704b00000, 0x0000000704b00000| Untracked 
|  76|0x0000000704c00000, 0x0000000704c00000, 0x0000000704d00000|  0%| F|  |TAMS 0x0000000704c00000, 0x0000000704c00000| Untracked 
|  77|0x0000000704d00000, 0x0000000704d00000, 0x0000000704e00000|  0%| F|  |TAMS 0x0000000704d00000, 0x0000000704d00000| Untracked 
|  78|0x0000000704e00000, 0x0000000704e00000, 0x0000000704f00000|  0%| F|  |TAMS 0x0000000704e00000, 0x0000000704e00000| Untracked 
|  79|0x0000000704f00000, 0x0000000704f00000, 0x0000000705000000|  0%| F|  |TAMS 0x0000000704f00000, 0x0000000704f00000| Untracked 
|  80|0x0000000705000000, 0x0000000705000000, 0x0000000705100000|  0%| F|  |TAMS 0x0000000705000000, 0x0000000705000000| Untracked 
|  81|0x0000000705100000, 0x0000000705100000, 0x0000000705200000|  0%| F|  |TAMS 0x0000000705100000, 0x0000000705100000| Untracked 
|  82|0x0000000705200000, 0x0000000705200000, 0x0000000705300000|  0%| F|  |TAMS 0x0000000705200000, 0x0000000705200000| Untracked 
|  83|0x0000000705300000, 0x0000000705300000, 0x0000000705400000|  0%| F|  |TAMS 0x0000000705300000, 0x0000000705300000| Untracked 
|  84|0x0000000705400000, 0x0000000705400000, 0x0000000705500000|  0%| F|  |TAMS 0x0000000705400000, 0x0000000705400000| Untracked 
|  85|0x0000000705500000, 0x0000000705500000, 0x0000000705600000|  0%| F|  |TAMS 0x0000000705500000, 0x0000000705500000| Untracked 
|  86|0x0000000705600000, 0x0000000705600000, 0x0000000705700000|  0%| F|  |TAMS 0x0000000705600000, 0x0000000705600000| Untracked 
|  87|0x0000000705700000, 0x0000000705700000, 0x0000000705800000|  0%| F|  |TAMS 0x0000000705700000, 0x0000000705700000| Untracked 
|  88|0x0000000705800000, 0x0000000705800000, 0x0000000705900000|  0%| F|  |TAMS 0x0000000705800000, 0x0000000705800000| Untracked 
|  89|0x0000000705900000, 0x0000000705900000, 0x0000000705a00000|  0%| F|  |TAMS 0x0000000705900000, 0x0000000705900000| Untracked 
|  90|0x0000000705a00000, 0x0000000705a00000, 0x0000000705b00000|  0%| F|  |TAMS 0x0000000705a00000, 0x0000000705a00000| Untracked 
|  91|0x0000000705b00000, 0x0000000705b00000, 0x0000000705c00000|  0%| F|  |TAMS 0x0000000705b00000, 0x0000000705b00000| Untracked 
|  92|0x0000000705c00000, 0x0000000705c00000, 0x0000000705d00000|  0%| F|  |TAMS 0x0000000705c00000, 0x0000000705c00000| Untracked 
|  93|0x0000000705d00000, 0x0000000705d00000, 0x0000000705e00000|  0%| F|  |TAMS 0x0000000705d00000, 0x0000000705d00000| Untracked 
|  94|0x0000000705e00000, 0x0000000705e00000, 0x0000000705f00000|  0%| F|  |TAMS 0x0000000705e00000, 0x0000000705e00000| Untracked 
|  95|0x0000000705f00000, 0x0000000705f00000, 0x0000000706000000|  0%| F|  |TAMS 0x0000000705f00000, 0x0000000705f00000| Untracked 
|  96|0x0000000706000000, 0x0000000706000000, 0x0000000706100000|  0%| F|  |TAMS 0x0000000706000000, 0x0000000706000000| Untracked 
|  97|0x0000000706100000, 0x0000000706100000, 0x0000000706200000|  0%| F|  |TAMS 0x0000000706100000, 0x0000000706100000| Untracked 
|  98|0x0000000706200000, 0x0000000706200000, 0x0000000706300000|  0%| F|  |TAMS 0x0000000706200000, 0x0000000706200000| Untracked 
|  99|0x0000000706300000, 0x0000000706300000, 0x0000000706400000|  0%| F|  |TAMS 0x0000000706300000, 0x0000000706300000| Untracked 
| 100|0x0000000706400000, 0x0000000706400000, 0x0000000706500000|  0%| F|  |TAMS 0x0000000706400000, 0x0000000706400000| Untracked 
| 101|0x0000000706500000, 0x0000000706500000, 0x0000000706600000|  0%| F|  |TAMS 0x0000000706500000, 0x0000000706500000| Untracked 
| 102|0x0000000706600000, 0x0000000706600000, 0x0000000706700000|  0%| F|  |TAMS 0x0000000706600000, 0x0000000706600000| Untracked 
| 103|0x0000000706700000, 0x0000000706700000, 0x0000000706800000|  0%| F|  |TAMS 0x0000000706700000, 0x0000000706700000| Untracked 
| 104|0x0000000706800000, 0x0000000706800000, 0x0000000706900000|  0%| F|  |TAMS 0x0000000706800000, 0x0000000706800000| Untracked 
| 105|0x0000000706900000, 0x0000000706900000, 0x0000000706a00000|  0%| F|  |TAMS 0x0000000706900000, 0x0000000706900000| Untracked 
| 106|0x0000000706a00000, 0x0000000706a00000, 0x0000000706b00000|  0%| F|  |TAMS 0x0000000706a00000, 0x0000000706a00000| Untracked 
| 107|0x0000000706b00000, 0x0000000706b00000, 0x0000000706c00000|  0%| F|  |TAMS 0x0000000706b00000, 0x0000000706b00000| Untracked 
| 108|0x0000000706c00000, 0x0000000706c00000, 0x0000000706d00000|  0%| F|  |TAMS 0x0000000706c00000, 0x0000000706c00000| Untracked 
| 109|0x0000000706d00000, 0x0000000706d00000, 0x0000000706e00000|  0%| F|  |TAMS 0x0000000706d00000, 0x0000000706d00000| Untracked 
| 110|0x0000000706e00000, 0x0000000706e00000, 0x0000000706f00000|  0%| F|  |TAMS 0x0000000706e00000, 0x0000000706e00000| Untracked 
| 111|0x0000000706f00000, 0x0000000706f00000, 0x0000000707000000|  0%| F|  |TAMS 0x0000000706f00000, 0x0000000706f00000| Untracked 
| 112|0x0000000707000000, 0x0000000707000000, 0x0000000707100000|  0%| F|  |TAMS 0x0000000707000000, 0x0000000707000000| Untracked 
| 113|0x0000000707100000, 0x0000000707100000, 0x0000000707200000|  0%| F|  |TAMS 0x0000000707100000, 0x0000000707100000| Untracked 
| 114|0x0000000707200000, 0x0000000707200000, 0x0000000707300000|  0%| F|  |TAMS 0x0000000707200000, 0x0000000707200000| Untracked 
| 115|0x0000000707300000, 0x0000000707300000, 0x0000000707400000|  0%| F|  |TAMS 0x0000000707300000, 0x0000000707300000| Untracked 
| 116|0x0000000707400000, 0x0000000707400000, 0x0000000707500000|  0%| F|  |TAMS 0x0000000707400000, 0x0000000707400000| Untracked 
| 117|0x0000000707500000, 0x0000000707500000, 0x0000000707600000|  0%| F|  |TAMS 0x0000000707500000, 0x0000000707500000| Untracked 
| 118|0x0000000707600000, 0x0000000707600000, 0x0000000707700000|  0%| F|  |TAMS 0x0000000707600000, 0x0000000707600000| Untracked 
| 119|0x0000000707700000, 0x0000000707700000, 0x0000000707800000|  0%| F|  |TAMS 0x0000000707700000, 0x0000000707700000| Untracked 
| 120|0x0000000707800000, 0x0000000707800000, 0x0000000707900000|  0%| F|  |TAMS 0x0000000707800000, 0x0000000707800000| Untracked 
| 121|0x0000000707900000, 0x0000000707900000, 0x0000000707a00000|  0%| F|  |TAMS 0x0000000707900000, 0x0000000707900000| Untracked 
| 122|0x0000000707a00000, 0x0000000707a00000, 0x0000000707b00000|  0%| F|  |TAMS 0x0000000707a00000, 0x0000000707a00000| Untracked 
| 123|0x0000000707b00000, 0x0000000707b00000, 0x0000000707c00000|  0%| F|  |TAMS 0x0000000707b00000, 0x0000000707b00000| Untracked 
| 124|0x0000000707c00000, 0x0000000707c00000, 0x0000000707d00000|  0%| F|  |TAMS 0x0000000707c00000, 0x0000000707c00000| Untracked 
| 125|0x0000000707d00000, 0x0000000707d00000, 0x0000000707e00000|  0%| F|  |TAMS 0x0000000707d00000, 0x0000000707d00000| Untracked 
| 126|0x0000000707e00000, 0x0000000707e00000, 0x0000000707f00000|  0%| F|  |TAMS 0x0000000707e00000, 0x0000000707e00000| Untracked 
| 127|0x0000000707f00000, 0x0000000707f00000, 0x0000000708000000|  0%| F|  |TAMS 0x0000000707f00000, 0x0000000707f00000| Untracked 
| 128|0x0000000708000000, 0x0000000708000000, 0x0000000708100000|  0%| F|  |TAMS 0x0000000708000000, 0x0000000708000000| Untracked 
| 129|0x0000000708100000, 0x0000000708100000, 0x0000000708200000|  0%| F|  |TAMS 0x0000000708100000, 0x0000000708100000| Untracked 
| 130|0x0000000708200000, 0x0000000708200000, 0x0000000708300000|  0%| F|  |TAMS 0x0000000708200000, 0x0000000708200000| Untracked 
| 131|0x0000000708300000, 0x0000000708300000, 0x0000000708400000|  0%| F|  |TAMS 0x0000000708300000, 0x0000000708300000| Untracked 
| 132|0x0000000708400000, 0x0000000708400000, 0x0000000708500000|  0%| F|  |TAMS 0x0000000708400000, 0x0000000708400000| Untracked 
| 133|0x0000000708500000, 0x0000000708500000, 0x0000000708600000|  0%| F|  |TAMS 0x0000000708500000, 0x0000000708500000| Untracked 
| 134|0x0000000708600000, 0x0000000708600000, 0x0000000708700000|  0%| F|  |TAMS 0x0000000708600000, 0x0000000708600000| Untracked 
| 135|0x0000000708700000, 0x0000000708700000, 0x0000000708800000|  0%| F|  |TAMS 0x0000000708700000, 0x0000000708700000| Untracked 
| 136|0x0000000708800000, 0x0000000708800000, 0x0000000708900000|  0%| F|  |TAMS 0x0000000708800000, 0x0000000708800000| Untracked 
| 137|0x0000000708900000, 0x0000000708900000, 0x0000000708a00000|  0%| F|  |TAMS 0x0000000708900000, 0x0000000708900000| Untracked 
| 138|0x0000000708a00000, 0x0000000708a00000, 0x0000000708b00000|  0%| F|  |TAMS 0x0000000708a00000, 0x0000000708a00000| Untracked 
| 139|0x0000000708b00000, 0x0000000708b00000, 0x0000000708c00000|  0%| F|  |TAMS 0x0000000708b00000, 0x0000000708b00000| Untracked 
| 140|0x0000000708c00000, 0x0000000708c00000, 0x0000000708d00000|  0%| F|  |TAMS 0x0000000708c00000, 0x0000000708c00000| Untracked 
| 141|0x0000000708d00000, 0x0000000708d00000, 0x0000000708e00000|  0%| F|  |TAMS 0x0000000708d00000, 0x0000000708d00000| Untracked 
| 142|0x0000000708e00000, 0x0000000708e00000, 0x0000000708f00000|  0%| F|  |TAMS 0x0000000708e00000, 0x0000000708e00000| Untracked 
| 143|0x0000000708f00000, 0x0000000708f00000, 0x0000000709000000|  0%| F|  |TAMS 0x0000000708f00000, 0x0000000708f00000| Untracked 
| 144|0x0000000709000000, 0x0000000709000000, 0x0000000709100000|  0%| F|  |TAMS 0x0000000709000000, 0x0000000709000000| Untracked 
| 145|0x0000000709100000, 0x0000000709100000, 0x0000000709200000|  0%| F|  |TAMS 0x0000000709100000, 0x0000000709100000| Untracked 
| 146|0x0000000709200000, 0x0000000709200000, 0x0000000709300000|  0%| F|  |TAMS 0x0000000709200000, 0x0000000709200000| Untracked 
| 147|0x0000000709300000, 0x0000000709300000, 0x0000000709400000|  0%| F|  |TAMS 0x0000000709300000, 0x0000000709300000| Untracked 
| 148|0x0000000709400000, 0x0000000709400000, 0x0000000709500000|  0%| F|  |TAMS 0x0000000709400000, 0x0000000709400000| Untracked 
| 149|0x0000000709500000, 0x0000000709500000, 0x0000000709600000|  0%| F|  |TAMS 0x0000000709500000, 0x0000000709500000| Untracked 
| 150|0x0000000709600000, 0x0000000709600000, 0x0000000709700000|  0%| F|  |TAMS 0x0000000709600000, 0x0000000709600000| Untracked 
| 151|0x0000000709700000, 0x0000000709700000, 0x0000000709800000|  0%| F|  |TAMS 0x0000000709700000, 0x0000000709700000| Untracked 
| 152|0x0000000709800000, 0x0000000709800000, 0x0000000709900000|  0%| F|  |TAMS 0x0000000709800000, 0x0000000709800000| Untracked 
| 153|0x0000000709900000, 0x0000000709900000, 0x0000000709a00000|  0%| F|  |TAMS 0x0000000709900000, 0x0000000709900000| Untracked 
| 154|0x0000000709a00000, 0x0000000709a00000, 0x0000000709b00000|  0%| F|  |TAMS 0x0000000709a00000, 0x0000000709a00000| Untracked 
| 155|0x0000000709b00000, 0x0000000709b00000, 0x0000000709c00000|  0%| F|  |TAMS 0x0000000709b00000, 0x0000000709b00000| Untracked 
| 156|0x0000000709c00000, 0x0000000709c00000, 0x0000000709d00000|  0%| F|  |TAMS 0x0000000709c00000, 0x0000000709c00000| Untracked 
| 157|0x0000000709d00000, 0x0000000709d00000, 0x0000000709e00000|  0%| F|  |TAMS 0x0000000709d00000, 0x0000000709d00000| Untracked 
| 158|0x0000000709e00000, 0x0000000709e00000, 0x0000000709f00000|  0%| F|  |TAMS 0x0000000709e00000, 0x0000000709e00000| Untracked 
| 159|0x0000000709f00000, 0x0000000709f00000, 0x000000070a000000|  0%| F|  |TAMS 0x0000000709f00000, 0x0000000709f00000| Untracked 
| 160|0x000000070a000000, 0x000000070a000000, 0x000000070a100000|  0%| F|  |TAMS 0x000000070a000000, 0x000000070a000000| Untracked 
| 161|0x000000070a100000, 0x000000070a100000, 0x000000070a200000|  0%| F|  |TAMS 0x000000070a100000, 0x000000070a100000| Untracked 
| 162|0x000000070a200000, 0x000000070a200000, 0x000000070a300000|  0%| F|  |TAMS 0x000000070a200000, 0x000000070a200000| Untracked 
| 163|0x000000070a300000, 0x000000070a300000, 0x000000070a400000|  0%| F|  |TAMS 0x000000070a300000, 0x000000070a300000| Untracked 
| 164|0x000000070a400000, 0x000000070a400000, 0x000000070a500000|  0%| F|  |TAMS 0x000000070a400000, 0x000000070a400000| Untracked 
| 165|0x000000070a500000, 0x000000070a500000, 0x000000070a600000|  0%| F|  |TAMS 0x000000070a500000, 0x000000070a500000| Untracked 
| 166|0x000000070a600000, 0x000000070a600000, 0x000000070a700000|  0%| F|  |TAMS 0x000000070a600000, 0x000000070a600000| Untracked 
| 167|0x000000070a700000, 0x000000070a700000, 0x000000070a800000|  0%| F|  |TAMS 0x000000070a700000, 0x000000070a700000| Untracked 
| 168|0x000000070a800000, 0x000000070a800000, 0x000000070a900000|  0%| F|  |TAMS 0x000000070a800000, 0x000000070a800000| Untracked 
| 169|0x000000070a900000, 0x000000070a900000, 0x000000070aa00000|  0%| F|  |TAMS 0x000000070a900000, 0x000000070a900000| Untracked 
| 170|0x000000070aa00000, 0x000000070aa00000, 0x000000070ab00000|  0%| F|  |TAMS 0x000000070aa00000, 0x000000070aa00000| Untracked 
| 171|0x000000070ab00000, 0x000000070ab00000, 0x000000070ac00000|  0%| F|  |TAMS 0x000000070ab00000, 0x000000070ab00000| Untracked 
| 172|0x000000070ac00000, 0x000000070ac00000, 0x000000070ad00000|  0%| F|  |TAMS 0x000000070ac00000, 0x000000070ac00000| Untracked 
| 173|0x000000070ad00000, 0x000000070ad00000, 0x000000070ae00000|  0%| F|  |TAMS 0x000000070ad00000, 0x000000070ad00000| Untracked 
| 174|0x000000070ae00000, 0x000000070ae00000, 0x000000070af00000|  0%| F|  |TAMS 0x000000070ae00000, 0x000000070ae00000| Untracked 
| 175|0x000000070af00000, 0x000000070af00000, 0x000000070b000000|  0%| F|  |TAMS 0x000000070af00000, 0x000000070af00000| Untracked 
| 176|0x000000070b000000, 0x000000070b000000, 0x000000070b100000|  0%| F|  |TAMS 0x000000070b000000, 0x000000070b000000| Untracked 
| 177|0x000000070b100000, 0x000000070b100000, 0x000000070b200000|  0%| F|  |TAMS 0x000000070b100000, 0x000000070b100000| Untracked 
| 178|0x000000070b200000, 0x000000070b200000, 0x000000070b300000|  0%| F|  |TAMS 0x000000070b200000, 0x000000070b200000| Untracked 
| 179|0x000000070b300000, 0x000000070b300000, 0x000000070b400000|  0%| F|  |TAMS 0x000000070b300000, 0x000000070b300000| Untracked 
| 180|0x000000070b400000, 0x000000070b400000, 0x000000070b500000|  0%| F|  |TAMS 0x000000070b400000, 0x000000070b400000| Untracked 
| 181|0x000000070b500000, 0x000000070b500000, 0x000000070b600000|  0%| F|  |TAMS 0x000000070b500000, 0x000000070b500000| Untracked 
| 182|0x000000070b600000, 0x000000070b600000, 0x000000070b700000|  0%| F|  |TAMS 0x000000070b600000, 0x000000070b600000| Untracked 
| 183|0x000000070b700000, 0x000000070b700000, 0x000000070b800000|  0%| F|  |TAMS 0x000000070b700000, 0x000000070b700000| Untracked 
| 184|0x000000070b800000, 0x000000070b800000, 0x000000070b900000|  0%| F|  |TAMS 0x000000070b800000, 0x000000070b800000| Untracked 
| 185|0x000000070b900000, 0x000000070b900000, 0x000000070ba00000|  0%| F|  |TAMS 0x000000070b900000, 0x000000070b900000| Untracked 
| 186|0x000000070ba00000, 0x000000070ba00000, 0x000000070bb00000|  0%| F|  |TAMS 0x000000070ba00000, 0x000000070ba00000| Untracked 
| 187|0x000000070bb00000, 0x000000070bb00000, 0x000000070bc00000|  0%| F|  |TAMS 0x000000070bb00000, 0x000000070bb00000| Untracked 
| 188|0x000000070bc00000, 0x000000070bc00000, 0x000000070bd00000|  0%| F|  |TAMS 0x000000070bc00000, 0x000000070bc00000| Untracked 
| 189|0x000000070bd00000, 0x000000070bd00000, 0x000000070be00000|  0%| F|  |TAMS 0x000000070bd00000, 0x000000070bd00000| Untracked 
| 190|0x000000070be00000, 0x000000070be00000, 0x000000070bf00000|  0%| F|  |TAMS 0x000000070be00000, 0x000000070be00000| Untracked 
| 191|0x000000070bf00000, 0x000000070bf00000, 0x000000070c000000|  0%| F|  |TAMS 0x000000070bf00000, 0x000000070bf00000| Untracked 
| 192|0x000000070c000000, 0x000000070c000000, 0x000000070c100000|  0%| F|  |TAMS 0x000000070c000000, 0x000000070c000000| Untracked 
| 193|0x000000070c100000, 0x000000070c100000, 0x000000070c200000|  0%| F|  |TAMS 0x000000070c100000, 0x000000070c100000| Untracked 
| 194|0x000000070c200000, 0x000000070c200000, 0x000000070c300000|  0%| F|  |TAMS 0x000000070c200000, 0x000000070c200000| Untracked 
| 195|0x000000070c300000, 0x000000070c300000, 0x000000070c400000|  0%| F|  |TAMS 0x000000070c300000, 0x000000070c300000| Untracked 
| 196|0x000000070c400000, 0x000000070c400000, 0x000000070c500000|  0%| F|  |TAMS 0x000000070c400000, 0x000000070c400000| Untracked 
| 197|0x000000070c500000, 0x000000070c500000, 0x000000070c600000|  0%| F|  |TAMS 0x000000070c500000, 0x000000070c500000| Untracked 
| 198|0x000000070c600000, 0x000000070c600000, 0x000000070c700000|  0%| F|  |TAMS 0x000000070c600000, 0x000000070c600000| Untracked 
| 199|0x000000070c700000, 0x000000070c700000, 0x000000070c800000|  0%| F|  |TAMS 0x000000070c700000, 0x000000070c700000| Untracked 
| 200|0x000000070c800000, 0x000000070c800000, 0x000000070c900000|  0%| F|  |TAMS 0x000000070c800000, 0x000000070c800000| Untracked 
| 201|0x000000070c900000, 0x000000070c900000, 0x000000070ca00000|  0%| F|  |TAMS 0x000000070c900000, 0x000000070c900000| Untracked 
| 202|0x000000070ca00000, 0x000000070ca00000, 0x000000070cb00000|  0%| F|  |TAMS 0x000000070ca00000, 0x000000070ca00000| Untracked 
| 203|0x000000070cb00000, 0x000000070cb00000, 0x000000070cc00000|  0%| F|  |TAMS 0x000000070cb00000, 0x000000070cb00000| Untracked 
| 204|0x000000070cc00000, 0x000000070cc00000, 0x000000070cd00000|  0%| F|  |TAMS 0x000000070cc00000, 0x000000070cc00000| Untracked 
| 205|0x000000070cd00000, 0x000000070cd00000, 0x000000070ce00000|  0%| F|  |TAMS 0x000000070cd00000, 0x000000070cd00000| Untracked 
| 206|0x000000070ce00000, 0x000000070ce00000, 0x000000070cf00000|  0%| F|  |TAMS 0x000000070ce00000, 0x000000070ce00000| Untracked 
| 207|0x000000070cf00000, 0x000000070cf00000, 0x000000070d000000|  0%| F|  |TAMS 0x000000070cf00000, 0x000000070cf00000| Untracked 
| 208|0x000000070d000000, 0x000000070d000000, 0x000000070d100000|  0%| F|  |TAMS 0x000000070d000000, 0x000000070d000000| Untracked 
| 209|0x000000070d100000, 0x000000070d100000, 0x000000070d200000|  0%| F|  |TAMS 0x000000070d100000, 0x000000070d100000| Untracked 
| 210|0x000000070d200000, 0x000000070d200000, 0x000000070d300000|  0%| F|  |TAMS 0x000000070d200000, 0x000000070d200000| Untracked 
| 211|0x000000070d300000, 0x000000070d300000, 0x000000070d400000|  0%| F|  |TAMS 0x000000070d300000, 0x000000070d300000| Untracked 
| 212|0x000000070d400000, 0x000000070d400000, 0x000000070d500000|  0%| F|  |TAMS 0x000000070d400000, 0x000000070d400000| Untracked 
| 213|0x000000070d500000, 0x000000070d500000, 0x000000070d600000|  0%| F|  |TAMS 0x000000070d500000, 0x000000070d500000| Untracked 
| 214|0x000000070d600000, 0x000000070d600000, 0x000000070d700000|  0%| F|  |TAMS 0x000000070d600000, 0x000000070d600000| Untracked 
| 215|0x000000070d700000, 0x000000070d700000, 0x000000070d800000|  0%| F|  |TAMS 0x000000070d700000, 0x000000070d700000| Untracked 
| 216|0x000000070d800000, 0x000000070d800000, 0x000000070d900000|  0%| F|  |TAMS 0x000000070d800000, 0x000000070d800000| Untracked 
| 217|0x000000070d900000, 0x000000070d900000, 0x000000070da00000|  0%| F|  |TAMS 0x000000070d900000, 0x000000070d900000| Untracked 
| 218|0x000000070da00000, 0x000000070da00000, 0x000000070db00000|  0%| F|  |TAMS 0x000000070da00000, 0x000000070da00000| Untracked 
| 219|0x000000070db00000, 0x000000070db00000, 0x000000070dc00000|  0%| F|  |TAMS 0x000000070db00000, 0x000000070db00000| Untracked 
| 220|0x000000070dc00000, 0x000000070dc00000, 0x000000070dd00000|  0%| F|  |TAMS 0x000000070dc00000, 0x000000070dc00000| Untracked 
| 221|0x000000070dd00000, 0x000000070dd00000, 0x000000070de00000|  0%| F|  |TAMS 0x000000070dd00000, 0x000000070dd00000| Untracked 
| 222|0x000000070de00000, 0x000000070de00000, 0x000000070df00000|  0%| F|  |TAMS 0x000000070de00000, 0x000000070de00000| Untracked 
| 223|0x000000070df00000, 0x000000070df00000, 0x000000070e000000|  0%| F|  |TAMS 0x000000070df00000, 0x000000070df00000| Untracked 
| 224|0x000000070e000000, 0x000000070e000000, 0x000000070e100000|  0%| F|  |TAMS 0x000000070e000000, 0x000000070e000000| Untracked 
| 225|0x000000070e100000, 0x000000070e100000, 0x000000070e200000|  0%| F|  |TAMS 0x000000070e100000, 0x000000070e100000| Untracked 
| 226|0x000000070e200000, 0x000000070e200000, 0x000000070e300000|  0%| F|  |TAMS 0x000000070e200000, 0x000000070e200000| Untracked 
| 227|0x000000070e300000, 0x000000070e300000, 0x000000070e400000|  0%| F|  |TAMS 0x000000070e300000, 0x000000070e300000| Untracked 
| 228|0x000000070e400000, 0x000000070e400000, 0x000000070e500000|  0%| F|  |TAMS 0x000000070e400000, 0x000000070e400000| Untracked 
| 229|0x000000070e500000, 0x000000070e500000, 0x000000070e600000|  0%| F|  |TAMS 0x000000070e500000, 0x000000070e500000| Untracked 
| 230|0x000000070e600000, 0x000000070e600000, 0x000000070e700000|  0%| F|  |TAMS 0x000000070e600000, 0x000000070e600000| Untracked 
| 231|0x000000070e700000, 0x000000070e700000, 0x000000070e800000|  0%| F|  |TAMS 0x000000070e700000, 0x000000070e700000| Untracked 
| 232|0x000000070e800000, 0x000000070e800000, 0x000000070e900000|  0%| F|  |TAMS 0x000000070e800000, 0x000000070e800000| Untracked 
| 233|0x000000070e900000, 0x000000070e900000, 0x000000070ea00000|  0%| F|  |TAMS 0x000000070e900000, 0x000000070e900000| Untracked 
| 234|0x000000070ea00000, 0x000000070ea00000, 0x000000070eb00000|  0%| F|  |TAMS 0x000000070ea00000, 0x000000070ea00000| Untracked 
| 235|0x000000070eb00000, 0x000000070eb00000, 0x000000070ec00000|  0%| F|  |TAMS 0x000000070eb00000, 0x000000070eb00000| Untracked 
| 236|0x000000070ec00000, 0x000000070ec00000, 0x000000070ed00000|  0%| F|  |TAMS 0x000000070ec00000, 0x000000070ec00000| Untracked 
| 237|0x000000070ed00000, 0x000000070ed93b20, 0x000000070ee00000| 57%| E|  |TAMS 0x000000070ed00000, 0x000000070ed00000| Complete 
| 238|0x000000070ee00000, 0x000000070ef00000, 0x000000070ef00000|100%| E|  |TAMS 0x000000070ee00000, 0x000000070ee00000| Complete 
| 239|0x000000070ef00000, 0x000000070f000000, 0x000000070f000000|100%| E|CS|TAMS 0x000000070ef00000, 0x000000070ef00000| Complete 
| 240|0x000000070f000000, 0x000000070f100000, 0x000000070f100000|100%| E|CS|TAMS 0x000000070f000000, 0x000000070f000000| Complete 
| 241|0x000000070f100000, 0x000000070f200000, 0x000000070f200000|100%| E|CS|TAMS 0x000000070f100000, 0x000000070f100000| Complete 
| 242|0x000000070f200000, 0x000000070f300000, 0x000000070f300000|100%| E|CS|TAMS 0x000000070f200000, 0x000000070f200000| Complete 
| 243|0x000000070f300000, 0x000000070f400000, 0x000000070f400000|100%| E|CS|TAMS 0x000000070f300000, 0x000000070f300000| Complete 
| 244|0x000000070f400000, 0x000000070f500000, 0x000000070f500000|100%| E|CS|TAMS 0x000000070f400000, 0x000000070f400000| Complete 
| 245|0x000000070f500000, 0x000000070f600000, 0x000000070f600000|100%| E|CS|TAMS 0x000000070f500000, 0x000000070f500000| Complete 
| 246|0x000000070f600000, 0x000000070f700000, 0x000000070f700000|100%| E|CS|TAMS 0x000000070f600000, 0x000000070f600000| Complete 
| 247|0x000000070f700000, 0x000000070f800000, 0x000000070f800000|100%| E|CS|TAMS 0x000000070f700000, 0x000000070f700000| Complete 
| 248|0x000000070f800000, 0x000000070f900000, 0x000000070f900000|100%| E|CS|TAMS 0x000000070f800000, 0x000000070f800000| Complete 
| 249|0x000000070f900000, 0x000000070fa00000, 0x000000070fa00000|100%| E|CS|TAMS 0x000000070f900000, 0x000000070f900000| Complete 
| 250|0x000000070fa00000, 0x000000070fb00000, 0x000000070fb00000|100%| E|CS|TAMS 0x000000070fa00000, 0x000000070fa00000| Complete 
| 251|0x000000070fb00000, 0x000000070fc00000, 0x000000070fc00000|100%| E|CS|TAMS 0x000000070fb00000, 0x000000070fb00000| Complete 
| 252|0x000000070fc00000, 0x000000070fd00000, 0x000000070fd00000|100%| E|CS|TAMS 0x000000070fc00000, 0x000000070fc00000| Complete 
| 253|0x000000070fd00000, 0x000000070fe00000, 0x000000070fe00000|100%| E|CS|TAMS 0x000000070fd00000, 0x000000070fd00000| Complete 
| 254|0x000000070fe00000, 0x000000070ff00000, 0x000000070ff00000|100%| E|CS|TAMS 0x000000070fe00000, 0x000000070fe00000| Complete 
| 255|0x000000070ff00000, 0x0000000710000000, 0x0000000710000000|100%| E|CS|TAMS 0x000000070ff00000, 0x000000070ff00000| Complete 
|3070|0x00000007bfe00000, 0x00000007bfe47000, 0x00000007bff00000| 27%|OA|  |TAMS 0x00000007bfe00000, 0x00000007bfe00000| Untracked 
|3071|0x00000007bff00000, 0x00000007bff77000, 0x00000007c0000000| 46%|CA|  |TAMS 0x00000007bff00000, 0x00000007bff00000| Untracked 

Card table byte_map: [0x000000010f3ab000,0x000000010fbab000] _byte_map_base: 0x000000010bbab000

Marking Bits (Prev, Next): (CMBitMap*) 0x00007ff5f684ca18, (CMBitMap*) 0x00007ff5f684ca58
 Prev Bits: [0x000000012a3fd000, 0x000000012e3fd000)
 Next Bits: [0x000000012e3fd000, 0x00000001323fd000)

Polling page: 0x000000010c38a000

Metaspace:

Usage:
  Non-class:      6.06 MB capacity,     5.80 MB ( 96%) used,   231.66 KB (  4%) free+waste,    34.12 KB ( <1%) overhead. 
      Class:    917.00 KB capacity,   748.48 KB ( 82%) used,   149.46 KB ( 16%) free+waste,    19.06 KB (  2%) overhead. 
       Both:      6.95 MB capacity,     6.53 MB ( 94%) used,   381.12 KB (  5%) free+waste,    53.19 KB ( <1%) overhead. 

Virtual space:
  Non-class space:        8.00 MB reserved,       6.25 MB ( 78%) committed 
      Class space:        1.00 GB reserved,       1.00 MB ( <1%) committed 
             Both:        1.01 GB reserved,       7.25 MB ( <1%) committed 

Chunk freelists:
   Non-Class:  16.00 KB
       Class:  11.00 KB
        Both:  27.00 KB

MaxMetaspaceSize: unlimited
CompressedClassSpaceSize: 1.00 GB

CodeHeap 'non-profiled nmethods': size=120028Kb used=387Kb max_used=387Kb free=119640Kb
 bounds [0x0000000122ec6000, 0x0000000123136000, 0x000000012a3fd000]
CodeHeap 'profiled nmethods': size=120028Kb used=2360Kb max_used=2360Kb free=117667Kb
 bounds [0x000000011b98f000, 0x000000011bbff000, 0x0000000122ec6000]
CodeHeap 'non-nmethods': size=5704Kb used=1227Kb max_used=1227Kb free=4476Kb
 bounds [0x000000011b3fd000, 0x000000011b66d000, 0x000000011b98f000]
 total_blobs=1965 nmethods=1194 adapters=407
 compilation: enabled
              stopped_count=0, restarted_count=0
 full_count=0

Compilation events (20 events):
Event: 0.466 Thread 0x00007ff5f9039800 1186       3       jdk.internal.org.objectweb.asm.Frame::getLocal (46 bytes)
Event: 0.466 Thread 0x00007ff5f9039800 nmethod 1186 0x000000011bbd7890 code [0x000000011bbd7a40, 0x000000011bbd7cb0]
Event: 0.466 Thread 0x00007ff5f9039800 1187       3       jdk.internal.org.objectweb.asm.ByteVector::put11 (52 bytes)
Event: 0.466 Thread 0x00007ff5f9039800 nmethod 1187 0x000000011bbd7d90 code [0x000000011bbd7f40, 0x000000011bbd81c8]
Event: 0.466 Thread 0x00007ff5f9039800 1188       3       sun.invoke.util.VerifyType::isNullConversion (157 bytes)
Event: 0.467 Thread 0x00007ff5f9039800 nmethod 1188 0x000000011bbd8310 code [0x000000011bbd8620, 0x000000011bbd9b68]
Event: 0.467 Thread 0x00007ff5f9039800 1189       3       java.lang.ref.SoftReference::<init> (13 bytes)
Event: 0.467 Thread 0x00007ff5f9039800 nmethod 1189 0x000000011bbda010 code [0x000000011bbda1c0, 0x000000011bbda550]
Event: 0.469 Thread 0x00007ff5f9039800 1190       3       java.lang.ref.WeakReference::<init> (6 bytes)
Event: 0.469 Thread 0x00007ff5f9039800 nmethod 1190 0x000000011bbda690 code [0x000000011bbda840, 0x000000011bbdabd0]
Event: 0.474 Thread 0x00007ff5f9039800 1191       3       java.util.ArrayList::grow (11 bytes)
Event: 0.474 Thread 0x00007ff5f9039800 nmethod 1191 0x000000011bbdad10 code [0x000000011bbdaec0, 0x000000011bbdb068]
Event: 0.474 Thread 0x00007ff5f9039800 1193       3       java.lang.StringLatin1::trim (76 bytes)
Event: 0.475 Thread 0x00007ff5f9039800 nmethod 1193 0x000000011bbdb110 code [0x000000011bbdb300, 0x000000011bbdb948]
Event: 0.475 Thread 0x00007ff5f9039800 1195       3       java.util.ArrayList::add (23 bytes)
Event: 0.475 Thread 0x00007ff5f9039800 nmethod 1195 0x000000011bbdbb10 code [0x000000011bbdbce0, 0x000000011bbdc128]
Event: 0.475 Thread 0x00007ff5f9039800 1194       3       java.util.ArrayList::add (25 bytes)
Event: 0.475 Thread 0x00007ff5f9039800 nmethod 1194 0x000000011bbdc290 code [0x000000011bbdc460, 0x000000011bbdc928]
Event: 0.475 Thread 0x00007ff5f9039800 1192       3       java.lang.String::trim (35 bytes)
Event: 0.475 Thread 0x00007ff5f9039800 nmethod 1192 0x000000011bbdcb10 code [0x000000011bbdcce0, 0x000000011bbdd038]

GC Heap History (0 events):
No events

Deoptimization events (20 events):
Event: 0.263 Thread 0x00007ff5f680f800 DEOPT PACKING pc=0x000000011b9f43b1 sp=0x000000010c351ae0
Event: 0.263 Thread 0x00007ff5f680f800 DEOPT UNPACKING pc=0x000000011b44633a sp=0x000000010c350f80 mode 0
Event: 0.314 Thread 0x00007ff5f680f800 Uncommon trap: trap_request=0xffffffde fr.pc=0x0000000122efc584 relative=0x0000000000000c04
Event: 0.314 Thread 0x00007ff5f680f800 Uncommon trap: reason=class_check action=maybe_recompile pc=0x0000000122efc584 method=java.util.HashMap.putVal(ILjava/lang/Object;Ljava/lang/Object;ZZ)Ljava/lang/Object; @ 253 c2
Event: 0.314 Thread 0x00007ff5f680f800 DEOPT PACKING pc=0x0000000122efc584 sp=0x000000010c355520
Event: 0.314 Thread 0x00007ff5f680f800 DEOPT UNPACKING pc=0x000000011b445e25 sp=0x000000010c3554d0 mode 2
Event: 0.315 Thread 0x00007ff5f680f800 Uncommon trap: trap_request=0xffffffde fr.pc=0x0000000122efc584 relative=0x0000000000000c04
Event: 0.315 Thread 0x00007ff5f680f800 Uncommon trap: reason=class_check action=maybe_recompile pc=0x0000000122efc584 method=java.util.HashMap.putVal(ILjava/lang/Object;Ljava/lang/Object;ZZ)Ljava/lang/Object; @ 253 c2
Event: 0.315 Thread 0x00007ff5f680f800 DEOPT PACKING pc=0x0000000122efc584 sp=0x000000010c355450
Event: 0.315 Thread 0x00007ff5f680f800 DEOPT UNPACKING pc=0x000000011b445e25 sp=0x000000010c355400 mode 2
Event: 0.319 Thread 0x00007ff5f680f800 Uncommon trap: trap_request=0xffffffde fr.pc=0x0000000122efc584 relative=0x0000000000000c04
Event: 0.319 Thread 0x00007ff5f680f800 Uncommon trap: reason=class_check action=maybe_recompile pc=0x0000000122efc584 method=java.util.HashMap.putVal(ILjava/lang/Object;Ljava/lang/Object;ZZ)Ljava/lang/Object; @ 253 c2
Event: 0.319 Thread 0x00007ff5f680f800 DEOPT PACKING pc=0x0000000122efc584 sp=0x000000010c355460
Event: 0.319 Thread 0x00007ff5f680f800 DEOPT UNPACKING pc=0x000000011b445e25 sp=0x000000010c355410 mode 2
Event: 0.325 Thread 0x00007ff5f680f800 Uncommon trap: trap_request=0xffffffde fr.pc=0x0000000122efc584 relative=0x0000000000000c04
Event: 0.325 Thread 0x00007ff5f680f800 Uncommon trap: reason=class_check action=maybe_recompile pc=0x0000000122efc584 method=java.util.HashMap.putVal(ILjava/lang/Object;Ljava/lang/Object;ZZ)Ljava/lang/Object; @ 253 c2
Event: 0.325 Thread 0x00007ff5f680f800 DEOPT PACKING pc=0x0000000122efc584 sp=0x000000010c355440
Event: 0.325 Thread 0x00007ff5f680f800 DEOPT UNPACKING pc=0x000000011b445e25 sp=0x000000010c3553f0 mode 2
Event: 0.387 Thread 0x00007ff5f680f800 DEOPT PACKING pc=0x000000011bb650e1 sp=0x000000010c354b30
Event: 0.387 Thread 0x00007ff5f680f800 DEOPT UNPACKING pc=0x000000011b44633a sp=0x000000010c353fd0 mode 0

Classes unloaded (0 events):
No events

Classes redefined (0 events):
No events

Internal exceptions (20 events):
Event: 0.249 Thread 0x00007ff5f680f800 Exception <a 'java/lang/NoSuchMethodError'{0x000000070f7217d0}: 'java.lang.Object java.lang.invoke.Invokers$Holder.linkToTargetMethod(java.lang.Object, int, java.lang.Object)'> (0x000000070f7217d0) 
thrown [/scratch/mesos/slaves/d65fa3d4-10de-46aa-a2db-52cc9981537a-S157/frameworks/1735e8a2-a1db-478c-8104-60c8b0af87dd-0196/executors/cd04c109-7866-4c89-a9cb-580d1b4b0057/runs/bdf96710-70fa-465f-a6db-19a171d6559f/workspace/open/src/hotspot/share/interpreter/linkResolver.cpp, line 767]
Event: 0.256 Thread 0x00007ff5f680f800 Exception <a 'java/lang/NoSuchMethodError'{0x000000070f766a08}: 'int java.lang.invoke.DirectMethodHandle$Holder.invokeVirtual(java.lang.Object, java.lang.Object)'> (0x000000070f766a08) 
thrown [/scratch/mesos/slaves/d65fa3d4-10de-46aa-a2db-52cc9981537a-S157/frameworks/1735e8a2-a1db-478c-8104-60c8b0af87dd-0196/executors/cd04c109-7866-4c89-a9cb-580d1b4b0057/runs/bdf96710-70fa-465f-a6db-19a171d6559f/workspace/open/src/hotspot/share/interpreter/linkResolver.cpp, line 767]
Event: 0.267 Thread 0x00007ff5f680f800 Exception <a 'java/lang/NoSuchMethodError'{0x000000070f63fdd0}: 'int java.lang.invoke.DirectMethodHandle$Holder.invokeSpecialIFC(java.lang.Object, java.lang.Object, java.lang.Object, java.lang.Object)'> (0x000000070f63fdd0) 
thrown [/scratch/mesos/slaves/d65fa3d4-10de-46aa-a2db-52cc9981537a-S157/frameworks/1735e8a2-a1db-478c-8104-60c8b0af87dd-0196/executors/cd04c109-7866-4c89-a9cb-580d1b4b0057/runs/bdf96710-70fa-465f-a6db-19a171d6559f/workspace/open/src/hotspot/share/interpreter/linkResolver.cpp, line 767]
Event: 0.286 Thread 0x00007ff5f680f800 Exception <a 'java/lang/NoSuchMethodError'{0x000000070f51f6c0}: 'int java.lang.invoke.DirectMethodHandle$Holder.invokeSpecialIFC(java.lang.Object, java.lang.Object, int)'> (0x000000070f51f6c0) 
thrown [/scratch/mesos/slaves/d65fa3d4-10de-46aa-a2db-52cc9981537a-S157/frameworks/1735e8a2-a1db-478c-8104-60c8b0af87dd-0196/executors/cd04c109-7866-4c89-a9cb-580d1b4b0057/runs/bdf96710-70fa-465f-a6db-19a171d6559f/workspace/open/src/hotspot/share/interpreter/linkResolver.cpp, line 767]
Event: 0.288 Thread 0x00007ff5f680f800 Exception <a 'java/lang/NoSuchMethodError'{0x000000070f535458}: 'java.lang.Object java.lang.invoke.DirectMethodHandle$Holder.invokeStaticInit(java.lang.Object, java.lang.Object, java.lang.Object)'> (0x000000070f535458) 
thrown [/scratch/mesos/slaves/d65fa3d4-10de-46aa-a2db-52cc9981537a-S157/frameworks/1735e8a2-a1db-478c-8104-60c8b0af87dd-0196/executors/cd04c109-7866-4c89-a9cb-580d1b4b0057/runs/bdf96710-70fa-465f-a6db-19a171d6559f/workspace/open/src/hotspot/share/interpreter/linkResolver.cpp, line 767]
Event: 0.289 Thread 0x00007ff5f680f800 Exception <a 'java/lang/NoSuchMethodError'{0x000000070f53be30}: 'void java.lang.invoke.DirectMethodHandle$Holder.invokeStaticInit(java.lang.Object, java.lang.Object, java.lang.Object)'> (0x000000070f53be30) 
thrown [/scratch/mesos/slaves/d65fa3d4-10de-46aa-a2db-52cc9981537a-S157/frameworks/1735e8a2-a1db-478c-8104-60c8b0af87dd-0196/executors/cd04c109-7866-4c89-a9cb-580d1b4b0057/runs/bdf96710-70fa-465f-a6db-19a171d6559f/workspace/open/src/hotspot/share/interpreter/linkResolver.cpp, line 767]
Event: 0.295 Thread 0x00007ff5f680f800 Exception <a 'java/lang/NoSuchMethodError'{0x000000070f590fe0}: 'int java.lang.invoke.DirectMethodHandle$Holder.invokeStaticInit(java.lang.Object, java.lang.Object)'> (0x000000070f590fe0) 
thrown [/scratch/mesos/slaves/d65fa3d4-10de-46aa-a2db-52cc9981537a-S157/frameworks/1735e8a2-a1db-478c-8104-60c8b0af87dd-0196/executors/cd04c109-7866-4c89-a9cb-580d1b4b0057/runs/bdf96710-70fa-465f-a6db-19a171d6559f/workspace/open/src/hotspot/share/interpreter/linkResolver.cpp, line 767]
Event: 0.317 Thread 0x00007ff5f680f800 Exception <a 'java/lang/NoSuchMethodError'{0x000000070f48cf10}: 'java.lang.Object java.lang.invoke.DirectMethodHandle$Holder.invokeSpecialIFC(java.lang.Object, java.lang.Object, java.lang.Object, java.lang.Object)'> (0x000000070f48cf10) 
thrown [/scratch/mesos/slaves/d65fa3d4-10de-46aa-a2db-52cc9981537a-S157/frameworks/1735e8a2-a1db-478c-8104-60c8b0af87dd-0196/executors/cd04c109-7866-4c89-a9cb-580d1b4b0057/runs/bdf96710-70fa-465f-a6db-19a171d6559f/workspace/open/src/hotspot/share/interpreter/linkResolver.c
Event: 0.332 Thread 0x00007ff5f680f800 Exception <a 'java/lang/NoSuchMethodError'{0x000000070f31afe0}: 'int java.lang.invoke.DirectMethodHandle$Holder.invokeVirtual(java.lang.Object, java.lang.Object, java.lang.Object)'> (0x000000070f31afe0) 
thrown [/scratch/mesos/slaves/d65fa3d4-10de-46aa-a2db-52cc9981537a-S157/frameworks/1735e8a2-a1db-478c-8104-60c8b0af87dd-0196/executors/cd04c109-7866-4c89-a9cb-580d1b4b0057/runs/bdf96710-70fa-465f-a6db-19a171d6559f/workspace/open/src/hotspot/share/interpreter/linkResolver.cpp, line 767]
Event: 0.334 Thread 0x00007ff5f680f800 Exception <a 'java/lang/NoSuchMethodError'{0x000000070f333410}: 'void java.lang.invoke.DirectMethodHandle$Holder.invokeInterface(java.lang.Object, java.lang.Object)'> (0x000000070f333410) 
thrown [/scratch/mesos/slaves/d65fa3d4-10de-46aa-a2db-52cc9981537a-S157/frameworks/1735e8a2-a1db-478c-8104-60c8b0af87dd-0196/executors/cd04c109-7866-4c89-a9cb-580d1b4b0057/runs/bdf96710-70fa-465f-a6db-19a171d6559f/workspace/open/src/hotspot/share/interpreter/linkResolver.cpp, line 767]
Event: 0.334 Thread 0x00007ff5f680f800 Exception <a 'java/lang/IncompatibleClassChangeError'{0x000000070f335e00}: Found class java.lang.Object, but interface was expected> (0x000000070f335e00) 
thrown [/scratch/mesos/slaves/d65fa3d4-10de-46aa-a2db-52cc9981537a-S157/frameworks/1735e8a2-a1db-478c-8104-60c8b0af87dd-0196/executors/cd04c109-7866-4c89-a9cb-580d1b4b0057/runs/bdf96710-70fa-465f-a6db-19a171d6559f/workspace/open/src/hotspot/share/interpreter/linkResolver.cpp, line 833]
Event: 0.337 Thread 0x00007ff5f680f800 Exception <a 'java/lang/NoSuchMethodError'{0x000000070f344758}: 'void java.lang.invoke.DirectMethodHandle$Holder.invokeStatic(java.lang.Object, java.lang.Object, java.lang.Object, java.lang.Object)'> (0x000000070f344758) 
thrown [/scratch/mesos/slaves/d65fa3d4-10de-46aa-a2db-52cc9981537a-S157/frameworks/1735e8a2-a1db-478c-8104-60c8b0af87dd-0196/executors/cd04c109-7866-4c89-a9cb-580d1b4b0057/runs/bdf96710-70fa-465f-a6db-19a171d6559f/workspace/open/src/hotspot/share/interpreter/linkResolver.cpp, line 767]
Event: 0.351 Thread 0x00007ff5f680f800 Exception <a 'java/lang/IncompatibleClassChangeError'{0x000000070f242908}: Found class java.lang.Object, but interface was expected> (0x000000070f242908) 
thrown [/scratch/mesos/slaves/d65fa3d4-10de-46aa-a2db-52cc9981537a-S157/frameworks/1735e8a2-a1db-478c-8104-60c8b0af87dd-0196/executors/cd04c109-7866-4c89-a9cb-580d1b4b0057/runs/bdf96710-70fa-465f-a6db-19a171d6559f/workspace/open/src/hotspot/share/interpreter/linkResolver.cpp, line 833]
Event: 0.373 Thread 0x00007ff5f680f800 Exception <a 'java/lang/NoSuchMethodError'{0x000000070f125d68}: 'void java.lang.invoke.DirectMethodHandle$Holder.invokeInterface(java.lang.Object, java.lang.Object, java.lang.Object, java.lang.Object)'> (0x000000070f125d68) 
thrown [/scratch/mesos/slaves/d65fa3d4-10de-46aa-a2db-52cc9981537a-S157/frameworks/1735e8a2-a1db-478c-8104-60c8b0af87dd-0196/executors/cd04c109-7866-4c89-a9cb-580d1b4b0057/runs/bdf96710-70fa-465f-a6db-19a171d6559f/workspace/open/src/hotspot/share/interpreter/linkResolver.cpp, line 767]
Event: 0.373 Thread 0x00007ff5f680f800 Exception <a 'java/lang/IncompatibleClassChangeError'{0x000000070f128790}: Found class java.lang.Object, but interface was expected> (0x000000070f128790) 
thrown [/scratch/mesos/slaves/d65fa3d4-10de-46aa-a2db-52cc9981537a-S157/frameworks/1735e8a2-a1db-478c-8104-60c8b0af87dd-0196/executors/cd04c109-7866-4c89-a9cb-580d1b4b0057/runs/bdf96710-70fa-465f-a6db-19a171d6559f/workspace/open/src/hotspot/share/interpreter/linkResolver.cpp, line 833]
Event: 0.389 Thread 0x00007ff5f680f800 Exception <a 'java/lang/NoSuchMethodError'{0x000000070f0229f0}: 'void java.lang.invoke.DirectMethodHandle$Holder.invokeSpecial(java.lang.Object, java.lang.Object)'> (0x000000070f0229f0) 
thrown [/scratch/mesos/slaves/d65fa3d4-10de-46aa-a2db-52cc9981537a-S157/frameworks/1735e8a2-a1db-478c-8104-60c8b0af87dd-0196/executors/cd04c109-7866-4c89-a9cb-580d1b4b0057/runs/bdf96710-70fa-465f-a6db-19a171d6559f/workspace/open/src/hotspot/share/interpreter/linkResolver.cpp, line 767]
Event: 0.395 Thread 0x00007ff5f680f800 Exception <a 'java/lang/NoSuchMethodError'{0x000000070f05f178}: 'int java.lang.invoke.DirectMethodHandle$Holder.invokeStatic(java.lang.Object, java.lang.Object, java.lang.Object, java.lang.Object, java.lang.Object)'> (0x000000070f05f178) 
thrown [/scratch/mesos/slaves/d65fa3d4-10de-46aa-a2db-52cc9981537a-S157/frameworks/1735e8a2-a1db-478c-8104-60c8b0af87dd-0196/executors/cd04c109-7866-4c89-a9cb-580d1b4b0057/runs/bdf96710-70fa-465f-a6db-19a171d6559f/workspace/open/src/hotspot/share/interpreter/linkResolver.
Event: 0.447 Thread 0x00007ff5f680f800 Exception <a 'java/lang/ClassNotFoundException'{0x000000070ee4a250}: sun/awt/resources/spi/awtProvider> (0x000000070ee4a250) 
thrown [/scratch/mesos/slaves/d65fa3d4-10de-46aa-a2db-52cc9981537a-S157/frameworks/1735e8a2-a1db-478c-8104-60c8b0af87dd-0196/executors/cd04c109-7866-4c89-a9cb-580d1b4b0057/runs/bdf96710-70fa-465f-a6db-19a171d6559f/workspace/open/src/hotspot/share/classfile/systemDictionary.cpp, line 232]
Event: 0.462 Thread 0x00007ff5f680f800 Exception <a 'java/io/FileNotFoundException'{0x000000070ee858e0}> (0x000000070ee858e0) 
thrown [/scratch/mesos/slaves/d65fa3d4-10de-46aa-a2db-52cc9981537a-S157/frameworks/1735e8a2-a1db-478c-8104-60c8b0af87dd-0196/executors/cd04c109-7866-4c89-a9cb-580d1b4b0057/runs/bdf96710-70fa-465f-a6db-19a171d6559f/workspace/open/src/hotspot/share/prims/jni.cpp, line 598]
Event: 0.466 Thread 0x00007ff5f680f800 Exception <a 'java/io/FileNotFoundException'{0x000000070eeabe60}> (0x000000070eeabe60) 
thrown [/scratch/mesos/slaves/d65fa3d4-10de-46aa-a2db-52cc9981537a-S157/frameworks/1735e8a2-a1db-478c-8104-60c8b0af87dd-0196/executors/cd04c109-7866-4c89-a9cb-580d1b4b0057/runs/bdf96710-70fa-465f-a6db-19a171d6559f/workspace/open/src/hotspot/share/prims/jni.cpp, line 598]

Events (20 events):
Event: 0.471 loading class shell/PointSet done
Event: 0.471 Executing VM operation: Deoptimize
Event: 0.471 Executing VM operation: Deoptimize done
Event: 0.472 loading class java/lang/ClassLoaderHelper
Event: 0.472 loading class java/lang/ClassLoaderHelper done
Event: 0.472 Loaded shared library /Users/awollac/Library/Java/Extensions/libqhull.dylib
Event: 0.473 loading class shell/Shell
Event: 0.473 loading class shell/Shell done
Event: 0.475 loading class shell/PointSetPath
Event: 0.475 loading class shell/PointSetPath done
Event: 0.475 loading class resources/qhull
Event: 0.475 loading class resources/qhull done
Event: 0.476 loading class resources/qhullConstants
Event: 0.476 loading class resources/qhullConstants done
Event: 0.478 loading class resources/qhullJNI
Event: 0.478 loading class resources/qhullJNI done
Event: 0.480 loading class resources/SWIGTYPE_p_p_char
Event: 0.480 loading class resources/SWIGTYPE_p_p_char done
Event: 0.480 loading class resources/SWIGTYPE_p_coordT
Event: 0.480 loading class resources/SWIGTYPE_p_coordT done


Dynamic libraries:
0x00007fffb76bd000 	/usr/lib/libz.1.dylib
0x000000010c1e4000 	/Library/Java/JavaVirtualMachines/jdk-13.0.2.jdk/Contents/Home/lib/libjli.dylib
0x00007fffa1a1c000 	/System/Library/Frameworks/Cocoa.framework/Versions/A/Cocoa
0x00007fffa82be000 	/System/Library/Frameworks/Security.framework/Versions/A/Security
0x00007fffa08d7000 	/System/Library/Frameworks/ApplicationServices.framework/Versions/A/ApplicationServices
0x00007fffb620f000 	/usr/lib/libSystem.B.dylib
0x00007fffb76dd000 	/usr/lib/system/libcache.dylib
0x00007fffb76e2000 	/usr/lib/system/libcommonCrypto.dylib
0x00007fffb76ed000 	/usr/lib/system/libcompiler_rt.dylib
0x00007fffb76f5000 	/usr/lib/system/libcopyfile.dylib
0x00007fffb76fe000 	/usr/lib/system/libcorecrypto.dylib
0x00007fffb7782000 	/usr/lib/system/libdispatch.dylib
0x00007fffb77b4000 	/usr/lib/system/libdyld.dylib
0x00007fffb77ba000 	/usr/lib/system/libkeymgr.dylib
0x00007fffb77c8000 	/usr/lib/system/liblaunch.dylib
0x00007fffb77c9000 	/usr/lib/system/libmacho.dylib
0x00007fffb77cf000 	/usr/lib/system/libquarantine.dylib
0x00007fffb77d2000 	/usr/lib/system/libremovefile.dylib
0x00007fffb77d4000 	/usr/lib/system/libsystem_asl.dylib
0x00007fffb77ed000 	/usr/lib/system/libsystem_blocks.dylib
0x00007fffb77ee000 	/usr/lib/system/libsystem_c.dylib
0x00007fffb787c000 	/usr/lib/system/libsystem_configuration.dylib
0x00007fffb7880000 	/usr/lib/system/libsystem_coreservices.dylib
0x00007fffb7884000 	/usr/lib/system/libsystem_coretls.dylib
0x00007fffb789d000 	/usr/lib/system/libsystem_dnssd.dylib
0x00007fffb78a4000 	/usr/lib/system/libsystem_info.dylib
0x00007fffb78ce000 	/usr/lib/system/libsystem_kernel.dylib
0x00007fffb78f1000 	/usr/lib/system/libsystem_m.dylib
0x00007fffb7939000 	/usr/lib/system/libsystem_malloc.dylib
0x00007fffb7958000 	/usr/lib/system/libsystem_network.dylib
0x00007fffb79b2000 	/usr/lib/system/libsystem_networkextension.dylib
0x00007fffb79bc000 	/usr/lib/system/libsystem_notify.dylib
0x00007fffb79c6000 	/usr/lib/system/libsystem_platform.dylib
0x00007fffb79cf000 	/usr/lib/system/libsystem_pthread.dylib
0x00007fffb79da000 	/usr/lib/system/libsystem_sandbox.dylib
0x00007fffb79de000 	/usr/lib/system/libsystem_secinit.dylib
0x00007fffb79e0000 	/usr/lib/system/libsystem_symptoms.dylib
0x00007fffb79e8000 	/usr/lib/system/libsystem_trace.dylib
0x00007fffb79fc000 	/usr/lib/system/libunwind.dylib
0x00007fffb7a02000 	/usr/lib/system/libxpc.dylib
0x00007fffb6ebe000 	/usr/lib/libobjc.A.dylib
0x00007fffb63a0000 	/usr/lib/libc++abi.dylib
0x00007fffb6349000 	/usr/lib/libc++.1.dylib
0x00007fffa1fb2000 	/System/Library/Frameworks/CoreFoundation.framework/Versions/A/CoreFoundation
0x00007fffa3a2a000 	/System/Library/Frameworks/Foundation.framework/Versions/C/Foundation
0x00007fff9faec000 	/System/Library/Frameworks/AppKit.framework/Versions/C/AppKit
0x00007fffa1c08000 	/System/Library/Frameworks/CoreData.framework/Versions/A/CoreData
0x00007fffb2c94000 	/System/Library/PrivateFrameworks/RemoteViewServices.framework/Versions/A/RemoteViewServices
0x00007fffb4c7f000 	/System/Library/PrivateFrameworks/UIFoundation.framework/Versions/A/UIFoundation
0x00007fffae042000 	/System/Library/PrivateFrameworks/DFRFoundation.framework/Versions/A/DFRFoundation
0x00007fffb6801000 	/usr/lib/libenergytrace.dylib
0x00007fffb3ac1000 	/System/Library/PrivateFrameworks/SkyLight.framework/Versions/A/SkyLight
0x00007fffa244c000 	/System/Library/Frameworks/CoreGraphics.framework/Versions/A/CoreGraphics
0x00007fffb620a000 	/usr/lib/libScreenReader.dylib
0x00007fff9eb0e000 	/System/Library/Frameworks/Accelerate.framework/Versions/A/Accelerate
0x00007fffa4028000 	/System/Library/Frameworks/IOSurface.framework/Versions/A/IOSurface
0x00007fffa0dfa000 	/System/Library/Frameworks/AudioToolbox.framework/Versions/A/AudioToolbox
0x00007fffa1007000 	/System/Library/Frameworks/AudioUnit.framework/Versions/A/AudioUnit
0x00007fffae087000 	/System/Library/PrivateFrameworks/DataDetectorsCore.framework/Versions/A/DataDetectorsCore
0x00007fffae178000 	/System/Library/PrivateFrameworks/DesktopServicesPriv.framework/Versions/A/DesktopServicesPriv
0x00007fffa1569000 	/System/Library/Frameworks/Carbon.framework/Versions/A/Frameworks/HIToolbox.framework/Versions/A/HIToolbox
0x00007fffb690a000 	/usr/lib/libicucore.A.dylib
0x00007fffa7b57000 	/System/Library/Frameworks/QuartzCore.framework/Versions/A/QuartzCore
0x00007fffa1935000 	/System/Library/Frameworks/Carbon.framework/Versions/A/Frameworks/SpeechRecognition.framework/Versions/A/SpeechRecognition
0x00007fffb6328000 	/usr/lib/libauto.dylib
0x00007fffb75a3000 	/usr/lib/libxml2.2.dylib
0x00007fffadcfc000 	/System/Library/PrivateFrameworks/CoreUI.framework/Versions/A/CoreUI
0x00007fffa1b66000 	/System/Library/Frameworks/CoreAudio.framework/Versions/A/CoreAudio
0x00007fffa3893000 	/System/Library/Frameworks/DiskArbitration.framework/Versions/A/DiskArbitration
0x00007fffb6b35000 	/usr/lib/liblangid.dylib
0x00007fffb1b7b000 	/System/Library/PrivateFrameworks/MultitouchSupport.framework/Versions/A/MultitouchSupport
0x00007fffa3f91000 	/System/Library/Frameworks/IOKit.framework/Versions/A/IOKit
0x00007fffb5fd0000 	/usr/lib/libDiagnosticMessagesClient.dylib
0x00007fffa2e77000 	/System/Library/Frameworks/CoreServices.framework/Versions/A/CoreServices
0x00007fffb2538000 	/System/Library/PrivateFrameworks/PerformanceAnalysis.framework/Versions/A/PerformanceAnalysis
0x00007fffaffca000 	/System/Library/PrivateFrameworks/GenerationalStorage.framework/Versions/A/GenerationalStorage
0x00007fffa6ff7000 	/System/Library/Frameworks/OpenGL.framework/Versions/A/OpenGL
0x00007fffa2acf000 	/System/Library/Frameworks/CoreImage.framework/Versions/A/CoreImage
0x00007fffa35a0000 	/System/Library/Frameworks/CoreText.framework/Versions/A/CoreText
0x00007fffa4081000 	/System/Library/Frameworks/ImageIO.framework/Versions/A/ImageIO
0x00007fffab8b9000 	/System/Library/PrivateFrameworks/Backup.framework/Versions/A/Backup
0x00007fffb627c000 	/usr/lib/libarchive.2.dylib
0x00007fffa1170000 	/System/Library/Frameworks/CFNetwork.framework/Versions/A/CFNetwork
0x00007fffa89eb000 	/System/Library/Frameworks/SystemConfiguration.framework/Versions/A/SystemConfiguration
0x00007fffb5f17000 	/usr/lib/libCRFSuite.dylib
0x00007fffb6329000 	/usr/lib/libbsm.0.dylib
0x00007fffb77bb000 	/usr/lib/system/libkxld.dylib
0x00007fffb63f2000 	/usr/lib/libcoretls.dylib
0x00007fffb63f3000 	/usr/lib/libcoretls_cfhelpers.dylib
0x00007fffb6209000 	/usr/lib/libOpenScriptingUtil.dylib
0x00007fffb7293000 	/usr/lib/libpam.2.dylib
0x00007fffb7352000 	/usr/lib/libsqlite3.dylib
0x00007fffb7595000 	/usr/lib/libxar.1.dylib
0x00007fffb633a000 	/usr/lib/libbz2.1.0.dylib
0x00007fffb6b37000 	/usr/lib/liblzma.5.dylib
0x00007fffb6e43000 	/usr/lib/libnetwork.dylib
0x00007fffb7298000 	/usr/lib/libpcap.A.dylib
0x00007fffa31da000 	/System/Library/Frameworks/CoreServices.framework/Versions/A/Frameworks/FSEvents.framework/Versions/A/FSEvents
0x00007fffa2eca000 	/System/Library/Frameworks/CoreServices.framework/Versions/A/Frameworks/CarbonCore.framework/Versions/A/CarbonCore
0x00007fffa3350000 	/System/Library/Frameworks/CoreServices.framework/Versions/A/Frameworks/Metadata.framework/Versions/A/Metadata
0x00007fffa3401000 	/System/Library/Frameworks/CoreServices.framework/Versions/A/Frameworks/OSServices.framework/Versions/A/OSServices
0x00007fffa3461000 	/System/Library/Frameworks/CoreServices.framework/Versions/A/Frameworks/SearchKit.framework/Versions/A/SearchKit
0x00007fffa2e78000 	/System/Library/Frameworks/CoreServices.framework/Versions/A/Frameworks/AE.framework/Versions/A/AE
0x00007fffa31e3000 	/System/Library/Frameworks/CoreServices.framework/Versions/A/Frameworks/LaunchServices.framework/Versions/A/LaunchServices
0x00007fffa31a6000 	/System/Library/Frameworks/CoreServices.framework/Versions/A/Frameworks/DictionaryServices.framework/Versions/A/DictionaryServices
0x00007fffa34d2000 	/System/Library/Frameworks/CoreServices.framework/Versions/A/Frameworks/SharedFileList.framework/Versions/A/SharedFileList
0x00007fffa621b000 	/System/Library/Frameworks/NetFS.framework/Versions/A/NetFS
0x00007fffb1c55000 	/System/Library/PrivateFrameworks/NetAuth.framework/Versions/A/NetAuth
0x00007fffb5ec0000 	/System/Library/PrivateFrameworks/login.framework/Versions/A/Frameworks/loginsupport.framework/Versions/A/loginsupport
0x00007fffb4ab1000 	/System/Library/PrivateFrameworks/TCC.framework/Versions/A/TCC
0x00007fffb6b68000 	/usr/lib/libmecabra.dylib
0x00007fffa08d8000 	/System/Library/Frameworks/ApplicationServices.framework/Versions/A/Frameworks/ATS.framework/Versions/A/ATS
0x00007fffa0c57000 	/System/Library/Frameworks/ApplicationServices.framework/Versions/A/Frameworks/ColorSync.framework/Versions/A/ColorSync
0x00007fffa0d02000 	/System/Library/Frameworks/ApplicationServices.framework/Versions/A/Frameworks/HIServices.framework/Versions/A/HIServices
0x00007fffa0d54000 	/System/Library/Frameworks/ApplicationServices.framework/Versions/A/Frameworks/LangAnalysis.framework/Versions/A/LangAnalysis
0x00007fffa0d64000 	/System/Library/Frameworks/ApplicationServices.framework/Versions/A/Frameworks/PrintCore.framework/Versions/A/PrintCore
0x00007fffa0db2000 	/System/Library/Frameworks/ApplicationServices.framework/Versions/A/Frameworks/QD.framework/Versions/A/QD
0x00007fffa0dee000 	/System/Library/Frameworks/ApplicationServices.framework/Versions/A/Frameworks/SpeechSynthesis.framework/Versions/A/SpeechSynthesis
0x00007fff9eb27000 	/System/Library/Frameworks/Accelerate.framework/Versions/A/Frameworks/vImage.framework/Versions/A/vImage
0x00007fff9f82d000 	/System/Library/Frameworks/Accelerate.framework/Versions/A/Frameworks/vecLib.framework/Versions/A/vecLib
0x00007fff9f5f2000 	/System/Library/Frameworks/Accelerate.framework/Versions/A/Frameworks/vecLib.framework/Versions/A/libvDSP.dylib
0x00007fff9f1b3000 	/System/Library/Frameworks/Accelerate.framework/Versions/A/Frameworks/vecLib.framework/Versions/A/libBNNS.dylib
0x00007fff9f5d6000 	/System/Library/Frameworks/Accelerate.framework/Versions/A/Frameworks/vecLib.framework/Versions/A/libQuadrature.dylib
0x00007fff9f77a000 	/System/Library/Frameworks/Accelerate.framework/Versions/A/Frameworks/vecLib.framework/Versions/A/libvMisc.dylib
0x00007fff9f1c8000 	/System/Library/Frameworks/Accelerate.framework/Versions/A/Frameworks/vecLib.framework/Versions/A/libLAPACK.dylib
0x00007fff9f041000 	/System/Library/Frameworks/Accelerate.framework/Versions/A/Frameworks/vecLib.framework/Versions/A/libBLAS.dylib
0x00007fff9f5bf000 	/System/Library/Frameworks/Accelerate.framework/Versions/A/Frameworks/vecLib.framework/Versions/A/libLinearAlgebra.dylib
0x00007fff9f5dd000 	/System/Library/Frameworks/Accelerate.framework/Versions/A/Frameworks/vecLib.framework/Versions/A/libSparseBLAS.dylib
0x00007fffa09e0000 	/System/Library/Frameworks/ApplicationServices.framework/Versions/A/Frameworks/ATS.framework/Versions/A/Resources/libFontParser.dylib
0x00007fffa0b10000 	/System/Library/Frameworks/ApplicationServices.framework/Versions/A/Frameworks/ATS.framework/Versions/A/Resources/libFontRegistry.dylib
0x00007fffa42d8000 	/System/Library/Frameworks/ImageIO.framework/Versions/A/Resources/libJPEG.dylib
0x00007fffa4327000 	/System/Library/Frameworks/ImageIO.framework/Versions/A/Resources/libTIFF.dylib
0x00007fffa42fc000 	/System/Library/Frameworks/ImageIO.framework/Versions/A/Resources/libPng.dylib
0x00007fffa41e2000 	/System/Library/Frameworks/ImageIO.framework/Versions/A/Resources/libGIF.dylib
0x00007fffa41e7000 	/System/Library/Frameworks/ImageIO.framework/Versions/A/Resources/libJP2.dylib
0x00007fffa4324000 	/System/Library/Frameworks/ImageIO.framework/Versions/A/Resources/libRadiance.dylib
0x00007fffb63db000 	/usr/lib/libcompression.dylib
0x00007fffab3fb000 	/System/Library/PrivateFrameworks/AppleJPEG.framework/Versions/A/AppleJPEG
0x00007fffb6731000 	/usr/lib/libcups.2.dylib
0x00007fffa50de000 	/System/Library/Frameworks/Kerberos.framework/Versions/A/Kerberos
0x00007fffa3dfc000 	/System/Library/Frameworks/GSS.framework/Versions/A/GSS
0x00007fffb72e6000 	/usr/lib/libresolv.9.dylib
0x00007fffb6817000 	/usr/lib/libiconv.2.dylib
0x00007fffb06f7000 	/System/Library/PrivateFrameworks/Heimdal.framework/Versions/A/Heimdal
0x00007fffb6811000 	/usr/lib/libheimdal-asn1.dylib
0x00007fffa646c000 	/System/Library/Frameworks/OpenDirectory.framework/Versions/A/OpenDirectory
0x00007fffacf0e000 	/System/Library/PrivateFrameworks/CommonAuth.framework/Versions/A/CommonAuth
0x00007fffa6452000 	/System/Library/Frameworks/OpenDirectory.framework/Versions/A/Frameworks/CFOpenDirectory.framework/Versions/A/CFOpenDirectory
0x00007fffa85c1000 	/System/Library/Frameworks/SecurityFoundation.framework/Versions/A/SecurityFoundation
0x00007fffb0eaf000 	/System/Library/PrivateFrameworks/LanguageModeling.framework/Versions/A/LanguageModeling
0x00007fffb6b51000 	/usr/lib/libmarisa.dylib
0x00007fffb5f33000 	/usr/lib/libChineseTokenizer.dylib
0x00007fffb63ca000 	/usr/lib/libcmph.dylib
0x00007fffad660000 	/System/Library/PrivateFrameworks/CoreEmoji.framework/Versions/A/CoreEmoji
0x00007fffa8661000 	/System/Library/Frameworks/ServiceManagement.framework/Versions/A/ServiceManagement
0x00007fffb7693000 	/usr/lib/libxslt.1.dylib
0x00007fffa187d000 	/System/Library/Frameworks/Carbon.framework/Versions/A/Frameworks/Ink.framework/Versions/A/Ink
0x00007fffb4b43000 	/System/Library/PrivateFrameworks/TextureIO.framework/Versions/A/TextureIO
0x00007fffa58d7000 	/System/Library/Frameworks/Metal.framework/Versions/A/Metal
0x00007fffb62a8000 	/usr/lib/libate.dylib
0x00007fffafcf9000 	/System/Library/PrivateFrameworks/GPUCompiler.framework/libmetal_timestamp.dylib
0x00007fffa647b000 	/System/Library/Frameworks/OpenGL.framework/Versions/A/Libraries/libCoreFSCache.dylib
0x00007fffb0d88000 	/System/Library/PrivateFrameworks/IOAccelerator.framework/Versions/A/IOAccelerator
0x00007fffa36ee000 	/System/Library/Frameworks/CoreVideo.framework/Versions/A/CoreVideo
0x00007fffb5fd2000 	/usr/lib/libFosl_dynamic.dylib
0x00007fffb1987000 	/System/Library/PrivateFrameworks/MetalPerformanceShaders.framework/Versions/A/MetalPerformanceShaders
0x00007fffae571000 	/System/Library/PrivateFrameworks/FaceCore.framework/Versions/A/FaceCore
0x00007fffa6403000 	/System/Library/Frameworks/OpenCL.framework/Versions/A/OpenCL
0x00007fffa664e000 	/System/Library/Frameworks/OpenGL.framework/Versions/A/Libraries/libGLU.dylib
0x00007fffa6484000 	/System/Library/Frameworks/OpenGL.framework/Versions/A/Libraries/libGFXShared.dylib
0x00007fffa648e000 	/System/Library/Frameworks/OpenGL.framework/Versions/A/Libraries/libGL.dylib
0x00007fffa649a000 	/System/Library/Frameworks/OpenGL.framework/Versions/A/Libraries/libGLImage.dylib
0x00007fffa6478000 	/System/Library/Frameworks/OpenGL.framework/Versions/A/Libraries/libCVMSPluginSupport.dylib
0x00007fffa647f000 	/System/Library/Frameworks/OpenGL.framework/Versions/A/Libraries/libCoreVMClient.dylib
0x00007fffadfc2000 	/System/Library/PrivateFrameworks/CrashReporterSupport.framework/Versions/A/CrashReporterSupport
0x00007fffb3a13000 	/System/Library/PrivateFrameworks/Sharing.framework/Versions/A/Sharing
0x00007fffb0da6000 	/System/Library/PrivateFrameworks/IconServices.framework/Versions/A/IconServices
0x00007fffb2c61000 	/System/Library/PrivateFrameworks/ProtocolBuffer.framework/Versions/A/ProtocolBuffer
0x00007fffab2db000 	/System/Library/PrivateFrameworks/Apple80211.framework/Versions/A/Apple80211
0x00007fffa3724000 	/System/Library/Frameworks/CoreWLAN.framework/Versions/A/CoreWLAN
0x00007fffade3c000 	/System/Library/PrivateFrameworks/CoreUtils.framework/Versions/A/CoreUtils
0x00007fffa3eed000 	/System/Library/Frameworks/IOBluetooth.framework/Versions/A/IOBluetooth
0x00007fffadf5c000 	/System/Library/PrivateFrameworks/CoreWiFi.framework/Versions/A/CoreWiFi
0x00007fffa1bf4000 	/System/Library/Frameworks/CoreBluetooth.framework/Versions/A/CoreBluetooth
0x00007fffa1f04000 	/System/Library/Frameworks/CoreDisplay.framework/Versions/A/CoreDisplay
0x00007fffb0d91000 	/System/Library/PrivateFrameworks/IOPresentment.framework/Versions/A/IOPresentment
0x00007fffae04d000 	/System/Library/PrivateFrameworks/DSExternalDisplay.framework/Versions/A/DSExternalDisplay
0x00007fffae138000 	/System/Library/PrivateFrameworks/DebugSymbols.framework/Versions/A/DebugSymbols
0x00007fffadc6c000 	/System/Library/PrivateFrameworks/CoreSymbolication.framework/Versions/A/CoreSymbolication
0x00007fffb45fe000 	/System/Library/PrivateFrameworks/Symbolication.framework/Versions/A/Symbolication
0x00007fffab2fe000 	/System/Library/PrivateFrameworks/AppleFSCompression.framework/Versions/A/AppleFSCompression
0x00007fffb3f06000 	/System/Library/PrivateFrameworks/SpeechRecognitionCore.framework/Versions/A/SpeechRecognitionCore
0x00007fffac5c2000 	/System/Library/PrivateFrameworks/ChunkingLibrary.framework/Versions/A/ChunkingLibrary
0x000000010d400000 	/Library/Java/JavaVirtualMachines/jdk-13.0.2.jdk/Contents/Home/lib/server/libjvm.dylib
0x000000010c359000 	/Library/Java/JavaVirtualMachines/jdk-13.0.2.jdk/Contents/Home/lib/libverify.dylib
0x000000010c365000 	/Library/Java/JavaVirtualMachines/jdk-13.0.2.jdk/Contents/Home/lib/libjava.dylib
0x000000010c394000 	/Library/Java/JavaVirtualMachines/jdk-13.0.2.jdk/Contents/Home/lib/libzip.dylib
0x000000010c39b000 	/Library/Java/JavaVirtualMachines/jdk-13.0.2.jdk/Contents/Home/lib/libjimage.dylib
0x0000000112e2f000 	/Library/Java/JavaVirtualMachines/jdk-13.0.2.jdk/Contents/Home/lib/libnio.dylib
0x0000000112e3d000 	/Library/Java/JavaVirtualMachines/jdk-13.0.2.jdk/Contents/Home/lib/./libnet.dylib
0x000000010c3f7000 	/Library/Java/JavaVirtualMachines/jdk-13.0.2.jdk/Contents/Home/lib/libextnet.dylib
0x0000000132edc000 	/Library/Java/JavaVirtualMachines/jdk-13.0.2.jdk/Contents/Home/lib/libawt.dylib
0x0000000132f72000 	/Library/Java/JavaVirtualMachines/jdk-13.0.2.jdk/Contents/Home/lib/./libmlib_image.dylib
0x0000000112e71000 	/System/Library/Frameworks/JavaVM.framework/Versions/A/Frameworks/JavaNativeFoundation.framework/Versions/A/JavaNativeFoundation
0x0000000132fd8000 	/System/Library/Frameworks/JavaVM.framework/Versions/A/Frameworks/JavaRuntimeSupport.framework/Versions/A/JavaRuntimeSupport
0x0000000132d49000 	/System/Library/Frameworks/JavaVM.framework/Versions/A/JavaVM
0x0000000132ff2000 	/System/Library/PrivateFrameworks/JavaLaunching.framework/Versions/A/JavaLaunching
0x00007fffa1564000 	/System/Library/Frameworks/Carbon.framework/Versions/A/Carbon
0x00007fffa1565000 	/System/Library/Frameworks/Carbon.framework/Versions/A/Frameworks/CommonPanels.framework/Versions/A/CommonPanels
0x00007fffa1873000 	/System/Library/Frameworks/Carbon.framework/Versions/A/Frameworks/Help.framework/Versions/A/Help
0x00007fffa1877000 	/System/Library/Frameworks/Carbon.framework/Versions/A/Frameworks/ImageCapture.framework/Versions/A/ImageCapture
0x00007fffa1915000 	/System/Library/Frameworks/Carbon.framework/Versions/A/Frameworks/OpenScripting.framework/Versions/A/OpenScripting
0x00007fffa1930000 	/System/Library/Frameworks/Carbon.framework/Versions/A/Frameworks/Print.framework/Versions/A/Print
0x00007fffa1932000 	/System/Library/Frameworks/Carbon.framework/Versions/A/Frameworks/SecurityHI.framework/Versions/A/SecurityHI
0x0000000132ffe000 	/Library/Java/JavaVirtualMachines/jdk-13.0.2.jdk/Contents/Home/lib/libawt_lwawt.dylib
0x00000001330a8000 	/Library/Java/JavaVirtualMachines/jdk-13.0.2.jdk/Contents/Home/lib/./libosxapp.dylib
0x00007fffa3a27000 	/System/Library/Frameworks/ExceptionHandling.framework/Versions/A/ExceptionHandling
0x00000001330c3000 	/Users/awollac/Library/Java/Extensions/libqhull.dylib


VM Arguments:
jvm_args: -ea -Djava.library.path=/Users/awollac/Library/Java/Extensions -Dfile.encoding=UTF-8 
java_command: org.eclipse.jdt.internal.junit.runner.RemoteTestRunner -Djava.library.path=/src/resources -version 3 -port 53903 -testLoaderClass org.eclipse.jdt.internal.junit5.runner.JUnit5TestLoader -loaderpluginname org.eclipse.jdt.junit5.runtime -test shell.Tests:testQHull -uniqueId [engine:junit-jupiter]/[class:shell.Tests]/[method:testQHull()]
java_class_path (initial): /Users/awollac/TSP/target/test-classes:/Users/awollac/TSP/target/classes:/Users/awollac/.p2/pool/plugins/org.junit.jupiter.api_5.3.1.v20181005-1442.jar:/Users/awollac/.p2/pool/plugins/org.junit.jupiter.engine_5.3.1.v20181005-1442.jar:/Users/awollac/.p2/pool/plugins/org.junit.jupiter.migrationsupport_5.3.1.v20181005-1442.jar:/Users/awollac/.p2/pool/plugins/org.junit.jupiter.params_5.3.1.v20181005-1442.jar:/Users/awollac/.p2/pool/plugins/org.junit.platform.commons_1.3.1.v20181005-1442.jar:/Users/awollac/.p2/pool/plugins/org.junit.platform.engine_1.3.1.v20181005-1442.jar:/Users/awollac/.p2/pool/plugins/org.junit.platform.launcher_1.3.1.v20181005-1442.jar:/Users/awollac/.p2/pool/plugins/org.junit.platform.runner_1.3.1.v20181005-1442.jar:/Users/awollac/.p2/pool/plugins/org.junit.platform.suite.api_1.3.1.v20181005-1442.jar:/Users/awollac/.p2/pool/plugins/org.junit.vintage.engine_5.3.1.v20181005-1442.jar:/Users/awollac/.p2/pool/plugins/org.opentest4j_1.1.1.v20181005-1442.jar:/Users/awollac/.p2/pool/plugins/org.apiguardian_1.0.0.v20181005-1442.jar:/Users/awollac/.p2/pool/plugins/org.junit_4.12.0.v201504281640/junit.jar:/Users/awollac/.p2/pool/plugins/org.hamcrest.core_1.3.0.v20180420-1519.jar:/Users/awollac/.m2/repository/org/apache/commons/commons-math3/3.1/commons-math3-3.1.jar:/Users/awollac/eclipse/java-2018-12/Eclipse.app/Contents/Eclipse/configuration/org.eclipse.osgi/214/0/.cp:/Users/awollac/eclipse/java-2018-12/Eclipse.app/Contents/Eclipse/configuration/org.eclipse.osgi/212/0/.cp
Launcher Type: SUN_STANDARD

[Global flags]
     intx CICompilerCount                          = 4                                         {product} {ergonomic}
     uint ConcGCThreads                            = 2                                         {product} {ergonomic}
     uint G1ConcRefinementThreads                  = 8                                         {product} {ergonomic}
   size_t G1HeapRegionSize                         = 1048576                                   {product} {ergonomic}
    uintx GCDrainStackTargetSize                   = 64                                        {product} {ergonomic}
   size_t InitialHeapSize                          = 268435456                                 {product} {ergonomic}
   size_t MarkStackSize                            = 4194304                                   {product} {ergonomic}
   size_t MaxHeapSize                              = 4294967296                                {product} {ergonomic}
   size_t MaxNewSize                               = 2576351232                                {product} {ergonomic}
   size_t MinHeapDeltaBytes                        = 1048576                                   {product} {ergonomic}
   size_t MinHeapSize                              = 8388608                                   {product} {ergonomic}
    uintx NonNMethodCodeHeapSize                   = 5839372                                {pd product} {ergonomic}
    uintx NonProfiledCodeHeapSize                  = 122909434                              {pd product} {ergonomic}
    uintx ProfiledCodeHeapSize                     = 122909434                              {pd product} {ergonomic}
    uintx ReservedCodeCacheSize                    = 251658240                              {pd product} {ergonomic}
     bool SegmentedCodeCache                       = true                                      {product} {ergonomic}
   size_t SoftMaxHeapSize                          = 4294967296                             {manageable} {ergonomic}
     bool UseCompressedClassPointers               = true                                 {lp64_product} {ergonomic}
     bool UseCompressedOops                        = true                                 {lp64_product} {ergonomic}
     bool UseG1GC                                  = true                                      {product} {ergonomic}

Logging:
Log output configuration:
 #0: stdout all=warning uptime,level,tags
 #1: stderr all=off uptime,level,tags

Environment Variables:
PATH=/usr/bin:/bin:/usr/sbin:/sbin
LD_LIBRARY_PATH=/Users/awollac/Library/Java/Extensions
SHELL=/bin/bash
DISPLAY=/private/tmp/com.apple.launchd.AJiGU6qGWP/org.macosforge.xquartz:0

Signal Handlers:
SIGSEGV: [libjvm.dylib+0x77ba40], sa_mask[0]=11111111011111110111111111111111, sa_flags=SA_ONSTACK|SA_RESTART|SA_SIGINFO
SIGBUS: [libjvm.dylib+0x77ba40], sa_mask[0]=11111111011111110111111111111111, sa_flags=SA_RESTART|SA_SIGINFO
SIGFPE: [libjvm.dylib+0x77ba40], sa_mask[0]=11111111011111110111111111111111, sa_flags=SA_RESTART|SA_SIGINFO
SIGPIPE: [libjvm.dylib+0x6221fd], sa_mask[0]=11111111011111110111111111111111, sa_flags=SA_RESTART|SA_SIGINFO
SIGXFSZ: [libjvm.dylib+0x6221fd], sa_mask[0]=11111111011111110111111111111111, sa_flags=SA_RESTART|SA_SIGINFO
SIGILL: [libjvm.dylib+0x77ba40], sa_mask[0]=11111111011111110111111111111111, sa_flags=SA_RESTART|SA_SIGINFO
SIGUSR2: [libjvm.dylib+0x6227e7], sa_mask[0]=00100000000000000000000000000000, sa_flags=SA_RESTART|SA_SIGINFO
SIGHUP: [libjvm.dylib+0x6217d5], sa_mask[0]=11111111011111110111111111111111, sa_flags=SA_RESTART|SA_SIGINFO
SIGINT: [libjvm.dylib+0x6217d5], sa_mask[0]=11111111011111110111111111111111, sa_flags=SA_RESTART|SA_SIGINFO
SIGTERM: [libjvm.dylib+0x6217d5], sa_mask[0]=11111111011111110111111111111111, sa_flags=SA_RESTART|SA_SIGINFO
SIGQUIT: [libjvm.dylib+0x6217d5], sa_mask[0]=11111111011111110111111111111111, sa_flags=SA_RESTART|SA_SIGINFO


---------------  S Y S T E M  ---------------

OS:uname:Darwin 16.7.0 Darwin Kernel Version 16.7.0: Thu Jun 15 17:36:27 PDT 2017; root:xnu-3789.70.16~2/RELEASE_X86_64 x86_64
rlimit: STACK 8192k, CORE 0k, NPROC 709, NOFILE 10240, AS infinity, DATA infinity, FSIZE infinity
load average:1.57 1.46 1.49

CPU:total 8 (initial active 8) (4 cores per cpu, 2 threads per core) family 6 model 158 stepping 9, cmov, cx8, fxsr, mmx, sse, sse2, sse3, ssse3, sse4.1, sse4.2, popcnt, avx, avx2, aes, clmul, erms, rtm, 3dnowpref, lzcnt, ht, tsc, tscinvbit, bmi1, bmi2, adx, fma

Memory: 4k page, physical 16777216k(913024k free), swap 1048576k(794624k free)

vm_info: Java HotSpot(TM) 64-Bit Server VM (13.0.2+8) for bsd-amd64 JRE (13.0.2+8), built on Dec 11 2019 09:27:08 by "mach5one" with clang 4.2.1 Compatible Apple LLVM 10.0.0 (clang-1000.11.45.5)

END.
