#
# A fatal error has been detected by the Java Runtime Environment:
#
#  EXCEPTION_ACCESS_VIOLATION (0xc0000005) at pc=0x00007ffcf07d5150, pid=22120, tid=3820
#
# JRE version: Java(TM) SE Runtime Environment (14.0.1+7) (build 14.0.1+7)
# Java VM: Java HotSpot(TM) 64-Bit Server VM (14.0.1+7, mixed mode, sharing, tiered, compressed oops, g1 gc, windows-amd64)
# Problematic frame:
# C  [nvoglv64.dll+0xf65150]
#
# No core dump will be written. Minidumps are not enabled by default on client versions of Windows
#
# If you would like to submit a bug report, please visit:
#   https://bugreport.java.com/bugreport/crash.jsp
# The crash happened outside the Java Virtual Machine in native code.
# See problematic frame for where to report the bug.
#

---------------  S U M M A R Y ------------

Command Line: -agentlib:jdwp=transport=dt_socket,server=n,suspend=y,address=localhost:61405 -enableassertions -Dsun.awt.noerasebackground=true -Dorg.lwjgl.util.DebugLoader=true -Dvisualvm.display.name=Project-Gordian%PID -Dvisualvm.id=1726695277754 -XX:+ShowCodeDetailsInExceptionMessages shell.AWTTest

Host: AMD Ryzen 7 1700 Eight-Core Processor          , 16 cores, 7G,  Windows 10 , 64 bit Build 22000 (10.0.22000.2538)
Time: Wed Sep 18 17:36:48 2024 Eastern Daylight Time elapsed time: 1 seconds (0d 0h 0m 1s)

---------------  T H R E A D  ---------------

Current thread (0x00000217ff3f6800):  JavaThread "AWT-EventQueue-0" [_thread_in_native, id=3820, stack(0x00000067a7b00000,0x00000067a7c00000)]

Stack: [0x00000067a7b00000,0x00000067a7c00000],  sp=0x00000067a7bfe6f8,  free space=1017k
Native frames: (J=compiled Java code, j=interpreted, Vv=VM code, C=native code)
C  [nvoglv64.dll+0xf65150]

Java frames: (J=compiled Java code, j=interpreted, Vv=VM code)
j  org.lwjgl.opengl.GL11C.nglDrawElements(IIIJ)V+0
j  org.lwjgl.opengl.GL11C.glDrawElements(IIIJ)V+4
j  org.lwjgl.opengl.GL11.glDrawElements(IIIJ)V+4
j  shell.AWTTest$1.paintGL()V+85
j  org.lwjgl.opengl.awt.AWTGLCanvas.render()V+21
j  shell.AWTTest$2.run()V+19
j  java.awt.event.InvocationEvent.dispatch()V+47 java.desktop@14.0.1
j  java.awt.EventQueue.dispatchEventImpl(Ljava/awt/AWTEvent;Ljava/lang/Object;)V+21 java.desktop@14.0.1
j  java.awt.EventQueue$4.run()Ljava/lang/Void;+32 java.desktop@14.0.1
j  java.awt.EventQueue$4.run()Ljava/lang/Object;+1 java.desktop@14.0.1
J 1036 c1 java.security.AccessController.executePrivileged(Ljava/security/PrivilegedAction;Ljava/security/AccessControlContext;Ljava/lang/Class;)Ljava/lang/Object; java.base@14.0.1 (65 bytes) @ 0x00000217e6556fd4 [0x00000217e6556e60+0x0000000000000174]
j  java.security.AccessController.doPrivileged(Ljava/security/PrivilegedAction;Ljava/security/AccessControlContext;)Ljava/lang/Object;+13 java.base@14.0.1
j  java.security.ProtectionDomain$JavaSecurityAccessImpl.doIntersectionPrivilege(Ljava/security/PrivilegedAction;Ljava/security/AccessControlContext;Ljava/security/AccessControlContext;)Ljava/lang/Object;+18 java.base@14.0.1
j  java.awt.EventQueue.dispatchEvent(Ljava/awt/AWTEvent;)V+46 java.desktop@14.0.1
j  java.awt.EventDispatchThread.pumpOneEventForFilters(I)V+78 java.desktop@14.0.1
j  java.awt.EventDispatchThread.pumpEventsForFilter(ILjava/awt/Conditional;Ljava/awt/EventFilter;)V+35 java.desktop@14.0.1
j  java.awt.EventDispatchThread.pumpEventsForHierarchy(ILjava/awt/Conditional;Ljava/awt/Component;)V+11 java.desktop@14.0.1
j  java.awt.EventDispatchThread.pumpEvents(ILjava/awt/Conditional;)V+4 java.desktop@14.0.1
j  java.awt.EventDispatchThread.pumpEvents(Ljava/awt/Conditional;)V+3 java.desktop@14.0.1
j  java.awt.EventDispatchThread.run()V+9 java.desktop@14.0.1
v  ~StubRoutines::call_stub

siginfo: EXCEPTION_ACCESS_VIOLATION (0xc0000005), reading address 0x0000000000000000


Register to memory mapping:

RIP=0x00007ffcf07d5150 nvoglv64.dll
RAX=0x0000000000022006 is an unknown value
RBX=0x00000217ffc23fa8 points into unknown readable memory: 06 20 02 00 04 00 00 00
RCX=0x00000217ffc23fc4 points into unknown readable memory: 00 00 00 00
RDX=0x0 is NULL
RSP=0x00000067a7bfe6f8 is pointing into the stack for thread: 0x00000217ff3f6800
RBP=0x0000000000000044 is an unknown value
RSI=0x0000000000000006 is an unknown value
RDI=0x0000021787227080 points into unknown readable memory: 00 00 00 00 00 00 00 00
R8 =0x0000000000000018 is an unknown value
R9 =0x00000217ffc23fa8 points into unknown readable memory: 06 20 02 00 04 00 00 00
R10=0x0 is NULL
R11=0x00000217ffc23fc4 points into unknown readable memory: 00 00 00 00
R12=0x0000000000000004 is an unknown value
R13=0x0000000000001405 is an unknown value
R14=0x0000000000000018 is an unknown value
R15=0x0 is NULL


Registers:
RAX=0x0000000000022006, RBX=0x00000217ffc23fa8, RCX=0x00000217ffc23fc4, RDX=0x0000000000000000
RSP=0x00000067a7bfe6f8, RBP=0x0000000000000044, RSI=0x0000000000000006, RDI=0x0000021787227080
R8 =0x0000000000000018, R9 =0x00000217ffc23fa8, R10=0x0000000000000000, R11=0x00000217ffc23fc4
R12=0x0000000000000004, R13=0x0000000000001405, R14=0x0000000000000018, R15=0x0000000000000000
RIP=0x00007ffcf07d5150, EFLAGS=0x0000000000010283

Top of Stack: (sp=0x00000067a7bfe6f8)
0x00000067a7bfe6f8:   00007ffcefd7c95c 00000217ff3f6800
0x00000067a7bfe708:   00000067a7bfe860 00000067a7bfe820
0x00000067a7bfe718:   00007ffcc9949cb7 00000067a7bfe740
0x00000067a7bfe728:   00000217ff0806d0 00000000014caabd
0x00000067a7bfe738:   00000217e5c7f7c9 000002178812fca8
0x00000067a7bfe748:   00000217ff3f6800 00000217e5c1cda9
0x00000067a7bfe758:   00000217e5c25e47 00000217ff3f6800
0x00000067a7bfe768:   000002178812fca8 0000000000000000
0x00000067a7bfe778:   00000217e5c1cda9 00000217ff501a08
0x00000067a7bfe788:   00000217e5c26182 00000067a7bfe820
0x00000067a7bfe798:   00007ffcc9bc2800 00000067a7bfe860
0x00000067a7bfe7a8:   000002178812fca8 0000021700001405
0x00000067a7bfe7b8:   0000000000000000 00000217e5c1cda9
0x00000067a7bfe7c8:   00007ffcc9bbbf7c 00000217e5c25a56
0x00000067a7bfe7d8:   00000067a7bfe7d8 000002178812fca8
0x00000067a7bfe7e8:   00000067a7bfe860 000002178813abd8 

Instructions: (pc=0x00007ffcf07d5150)
0x00007ffcf07d5050:   33 c0 c3 1b c0 83 d8 ff c3 90 49 c1 e9 02 74 37
0x00007ffcf07d5060:   48 8b 01 48 3b 04 11 75 5b 48 8b 41 08 48 3b 44
0x00007ffcf07d5070:   11 08 75 4c 48 8b 41 10 48 3b 44 11 10 75 3d 48
0x00007ffcf07d5080:   8b 41 18 48 3b 44 11 18 75 2e 48 83 c1 20 49 ff
0x00007ffcf07d5090:   c9 75 cd 49 83 e0 1f 4d 8b c8 49 c1 e9 03 74 9b
0x00007ffcf07d50a0:   48 8b 01 48 3b 04 11 75 1b 48 83 c1 08 49 ff c9
0x00007ffcf07d50b0:   75 ee 49 83 e0 07 eb 83 48 83 c1 08 48 83 c1 08
0x00007ffcf07d50c0:   48 83 c1 08 48 8b 0c 0a 48 0f c8 48 0f c9 48 3b
0x00007ffcf07d50d0:   c1 1b c0 83 d8 ff c3 cc cc cc cc cc cc cc cc cc
0x00007ffcf07d50e0:   cc cc cc cc cc cc 66 66 0f 1f 84 00 00 00 00 00
0x00007ffcf07d50f0:   57 56 49 8b c3 48 8b f9 49 8b c8 49 8b f2 f3 a4
0x00007ffcf07d5100:   5e 5f c3 cc cc cc cc cc cc 0f 1f 80 00 00 00 00
0x00007ffcf07d5110:   4c 8b d9 4c 8b d2 49 83 f8 10 76 54 49 83 f8 20
0x00007ffcf07d5120:   76 2e 48 2b d1 73 0d 4b 8d 04 10 48 3b c8 0f 82
0x00007ffcf07d5130:   dc 02 00 00 49 81 f8 80 00 00 00 0f 86 0f 02 00
0x00007ffcf07d5140:   00 f6 05 68 c7 b4 01 02 0f 84 52 01 00 00 eb a0
0x00007ffcf07d5150:   0f 10 02 42 0f 10 4c 02 f0 0f 11 01 42 0f 11 4c
0x00007ffcf07d5160:   01 f0 48 8b c1 c3 66 66 0f 1f 84 00 00 00 00 00
0x00007ffcf07d5170:   48 8b c1 4c 8d 0d 86 ae 09 ff 43 8b 8c 81 10 ea
0x00007ffcf07d5180:   ba 02 49 03 c9 ff e1 66 0f 1f 84 00 00 00 00 00
0x00007ffcf07d5190:   c3 0f b7 0a 66 89 08 c3 48 8b 0a 48 89 08 c3 0f
0x00007ffcf07d51a0:   b7 0a 44 0f b6 42 02 66 89 08 44 88 40 02 c3 0f
0x00007ffcf07d51b0:   b6 0a 88 08 c3 f3 0f 6f 02 f3 0f 7f 00 c3 66 90
0x00007ffcf07d51c0:   4c 8b 02 0f b7 4a 08 44 0f b6 4a 0a 4c 89 00 66
0x00007ffcf07d51d0:   89 48 08 44 88 48 0a c3 8b 0a 89 08 c3 0f 1f 00
0x00007ffcf07d51e0:   8b 0a 44 0f b6 42 04 89 08 44 88 40 04 c3 66 90
0x00007ffcf07d51f0:   8b 0a 44 0f b7 42 04 89 08 66 44 89 40 04 c3 90
0x00007ffcf07d5200:   8b 0a 44 0f b7 42 04 44 0f b6 4a 06 89 08 66 44
0x00007ffcf07d5210:   89 40 04 44 88 48 06 c3 4c 8b 02 8b 4a 08 44 0f
0x00007ffcf07d5220:   b6 4a 0c 4c 89 00 89 48 08 44 88 48 0c c3 66 90
0x00007ffcf07d5230:   4c 8b 02 0f b6 4a 08 4c 89 00 88 48 08 c3 66 90
0x00007ffcf07d5240:   4c 8b 02 0f b7 4a 08 4c 89 00 66 89 48 08 c3 90 


Stack slot to memory mapping:
stack at sp + 0 slots: 0x00007ffcefd7c95c nvoglv64.dll
stack at sp + 1 slots: 0x00000217ff3f6800 is a thread
stack at sp + 2 slots: 0x00000067a7bfe860 is pointing into the stack for thread: 0x00000217ff3f6800
stack at sp + 3 slots: 0x00000067a7bfe820 is pointing into the stack for thread: 0x00000217ff3f6800
stack at sp + 4 slots: 0x00007ffcc9949cb7 jvm.dll
stack at sp + 5 slots: 0x00000067a7bfe740 is pointing into the stack for thread: 0x00000217ff3f6800
stack at sp + 6 slots: 0x00000217ff0806d0 points into unknown readable memory: 02 00 00 00 6a 61 76 61
stack at sp + 7 slots: 0x00000000014caabd is an unknown value


---------------  P R O C E S S  ---------------

Threads class SMR info:
_java_thread_list=0x00000217ff093bf0, length=22, elements={
0x00000217fd091800, 0x00000217fd092800, 0x00000217fd0af800, 0x00000217fd0b3000,
0x00000217fd0b4000, 0x00000217fd0b7800, 0x00000217fd0bd000, 0x00000217fd0bf000,
0x00000217fdae8800, 0x00000217fdaea800, 0x00000217fdb52800, 0x00000217fdb53800,
0x00000217fdb55800, 0x00000217fdb6b000, 0x00000217fdb7a000, 0x00000217fe679800,
0x00000217fe669000, 0x00000217fdd0d800, 0x00000217ff3f6800, 0x00000217ff412000,
0x00000217dd476800, 0x00000217ffac0000
}

Java Threads: ( => current thread )
  0x00000217fd091800 JavaThread "Reference Handler" daemon [_thread_blocked, id=16752, stack(0x00000067a6500000,0x00000067a6600000)]
  0x00000217fd092800 JavaThread "Finalizer" daemon [_thread_blocked, id=22224, stack(0x00000067a6600000,0x00000067a6700000)]
  0x00000217fd0af800 JavaThread "Signal Dispatcher" daemon [_thread_blocked, id=22620, stack(0x00000067a6700000,0x00000067a6800000)]
  0x00000217fd0b3000 JavaThread "Attach Listener" daemon [_thread_blocked, id=18232, stack(0x00000067a6800000,0x00000067a6900000)]
  0x00000217fd0b4000 JavaThread "Service Thread" daemon [_thread_blocked, id=11228, stack(0x00000067a6900000,0x00000067a6a00000)]
  0x00000217fd0b7800 JavaThread "C2 CompilerThread0" daemon [_thread_blocked, id=15536, stack(0x00000067a6a00000,0x00000067a6b00000)]
  0x00000217fd0bd000 JavaThread "C1 CompilerThread0" daemon [_thread_blocked, id=21044, stack(0x00000067a6b00000,0x00000067a6c00000)]
  0x00000217fd0bf000 JavaThread "Sweeper thread" daemon [_thread_blocked, id=9028, stack(0x00000067a6c00000,0x00000067a6d00000)]
  0x00000217fdae8800 JavaThread "C1 CompilerThread1" daemon [_thread_blocked, id=10028, stack(0x00000067a6d00000,0x00000067a6e00000)]
  0x00000217fdaea800 JavaThread "C1 CompilerThread2" daemon [_thread_blocked, id=25500, stack(0x00000067a6e00000,0x00000067a6f00000)]
  0x00000217fdb52800 JavaThread "JDWP Transport Listener: dt_socket" daemon [_thread_blocked, id=25168, stack(0x00000067a6f00000,0x00000067a7000000)]
  0x00000217fdb53800 JavaThread "JDWP Event Helper Thread" daemon [_thread_blocked, id=20056, stack(0x00000067a7000000,0x00000067a7100000)]
  0x00000217fdb55800 JavaThread "JDWP Command Reader" daemon [_thread_in_native, id=18048, stack(0x00000067a7100000,0x00000067a7200000)]
  0x00000217fdb6b000 JavaThread "Notification Thread" daemon [_thread_blocked, id=20596, stack(0x00000067a7200000,0x00000067a7300000)]
  0x00000217fdb7a000 JavaThread "Common-Cleaner" daemon [_thread_blocked, id=16460, stack(0x00000067a7400000,0x00000067a7500000)]
  0x00000217fe679800 JavaThread "Java2D Disposer" daemon [_thread_blocked, id=9080, stack(0x00000067a7700000,0x00000067a7800000)]
  0x00000217fe669000 JavaThread "AWT-Shutdown" [_thread_blocked, id=25412, stack(0x00000067a7800000,0x00000067a7900000)]
  0x00000217fdd0d800 JavaThread "AWT-Windows" daemon [_thread_in_native, id=4988, stack(0x00000067a7900000,0x00000067a7a00000)]
=>0x00000217ff3f6800 JavaThread "AWT-EventQueue-0" [_thread_in_native, id=3820, stack(0x00000067a7b00000,0x00000067a7c00000)]
  0x00000217ff412000 JavaThread "D3D Screen Updater" daemon [_thread_blocked, id=25096, stack(0x00000067a7c00000,0x00000067a7d00000)]
  0x00000217dd476800 JavaThread "DestroyJavaVM" [_thread_blocked, id=7036, stack(0x00000067a5e00000,0x00000067a5f00000)]
  0x00000217ffac0000 JavaThread "C2 CompilerThread1" daemon [_thread_blocked, id=22836, stack(0x00000067a8100000,0x00000067a8200000)]

Other Threads:
  0x00000217fd08f800 VMThread "VM Thread" [stack: 0x00000067a6400000,0x00000067a6500000] [id=19724]
  0x00000217fdb73800 WatcherThread [stack: 0x00000067a7300000,0x00000067a7400000] [id=17324]
  0x00000217dd4b7800 GCTaskThread "GC Thread#0" [stack: 0x00000067a5f00000,0x00000067a6000000] [id=25888]
  0x00000217dd4c9000 ConcurrentGCThread "G1 Main Marker" [stack: 0x00000067a6000000,0x00000067a6100000] [id=2720]
  0x00000217dd4cc000 ConcurrentGCThread "G1 Conc#0" [stack: 0x00000067a6100000,0x00000067a6200000] [id=18560]
  0x00000217fcf01800 ConcurrentGCThread "G1 Refine#0" [stack: 0x00000067a6200000,0x00000067a6300000] [id=19728]
  0x00000217fcf02000 ConcurrentGCThread "G1 Young RemSet Sampling" [stack: 0x00000067a6300000,0x00000067a6400000] [id=24428]

Threads with active compile tasks:

VM state:not at safepoint (normal execution)

VM Mutex/Monitor currently owned by a thread: None

Heap address: 0x0000000081000000, size: 2032 MB, Compressed Oops mode: 32-bit
Narrow klass base: 0x0000000800000000, Narrow klass shift: 3
Compressed class space size: 1073741824 Address: 0x0000000800b30000

Heap:
 garbage-first heap   total 131072K, used 21504K [0x0000000081000000, 0x0000000100000000)
  region size 1024K, 23 young (23552K), 0 survivors (0K)
 Metaspace       used 9877K, capacity 10161K, committed 10240K, reserved 1058816K
  class space    used 880K, capacity 1018K, committed 1024K, reserved 1048576K
Heap Regions: E=young(eden), S=young(survivor), O=old, HS=humongous(starts), HC=humongous(continues), CS=collection set, F=free, OA=open archive, CA=closed archive, TAMS=top-at-mark-start (previous, next)
|   0|0x0000000081000000, 0x0000000081000000, 0x0000000081100000|  0%| F|  |TAMS 0x0000000081000000, 0x0000000081000000| Untracked 
|   1|0x0000000081100000, 0x0000000081100000, 0x0000000081200000|  0%| F|  |TAMS 0x0000000081100000, 0x0000000081100000| Untracked 
|   2|0x0000000081200000, 0x0000000081200000, 0x0000000081300000|  0%| F|  |TAMS 0x0000000081200000, 0x0000000081200000| Untracked 
|   3|0x0000000081300000, 0x0000000081300000, 0x0000000081400000|  0%| F|  |TAMS 0x0000000081300000, 0x0000000081300000| Untracked 
|   4|0x0000000081400000, 0x0000000081400000, 0x0000000081500000|  0%| F|  |TAMS 0x0000000081400000, 0x0000000081400000| Untracked 
|   5|0x0000000081500000, 0x0000000081500000, 0x0000000081600000|  0%| F|  |TAMS 0x0000000081500000, 0x0000000081500000| Untracked 
|   6|0x0000000081600000, 0x0000000081600000, 0x0000000081700000|  0%| F|  |TAMS 0x0000000081600000, 0x0000000081600000| Untracked 
|   7|0x0000000081700000, 0x0000000081700000, 0x0000000081800000|  0%| F|  |TAMS 0x0000000081700000, 0x0000000081700000| Untracked 
|   8|0x0000000081800000, 0x0000000081800000, 0x0000000081900000|  0%| F|  |TAMS 0x0000000081800000, 0x0000000081800000| Untracked 
|   9|0x0000000081900000, 0x0000000081900000, 0x0000000081a00000|  0%| F|  |TAMS 0x0000000081900000, 0x0000000081900000| Untracked 
|  10|0x0000000081a00000, 0x0000000081a00000, 0x0000000081b00000|  0%| F|  |TAMS 0x0000000081a00000, 0x0000000081a00000| Untracked 
|  11|0x0000000081b00000, 0x0000000081b00000, 0x0000000081c00000|  0%| F|  |TAMS 0x0000000081b00000, 0x0000000081b00000| Untracked 
|  12|0x0000000081c00000, 0x0000000081c00000, 0x0000000081d00000|  0%| F|  |TAMS 0x0000000081c00000, 0x0000000081c00000| Untracked 
|  13|0x0000000081d00000, 0x0000000081d00000, 0x0000000081e00000|  0%| F|  |TAMS 0x0000000081d00000, 0x0000000081d00000| Untracked 
|  14|0x0000000081e00000, 0x0000000081e00000, 0x0000000081f00000|  0%| F|  |TAMS 0x0000000081e00000, 0x0000000081e00000| Untracked 
|  15|0x0000000081f00000, 0x0000000081f00000, 0x0000000082000000|  0%| F|  |TAMS 0x0000000081f00000, 0x0000000081f00000| Untracked 
|  16|0x0000000082000000, 0x0000000082000000, 0x0000000082100000|  0%| F|  |TAMS 0x0000000082000000, 0x0000000082000000| Untracked 
|  17|0x0000000082100000, 0x0000000082100000, 0x0000000082200000|  0%| F|  |TAMS 0x0000000082100000, 0x0000000082100000| Untracked 
|  18|0x0000000082200000, 0x0000000082200000, 0x0000000082300000|  0%| F|  |TAMS 0x0000000082200000, 0x0000000082200000| Untracked 
|  19|0x0000000082300000, 0x0000000082300000, 0x0000000082400000|  0%| F|  |TAMS 0x0000000082300000, 0x0000000082300000| Untracked 
|  20|0x0000000082400000, 0x0000000082400000, 0x0000000082500000|  0%| F|  |TAMS 0x0000000082400000, 0x0000000082400000| Untracked 
|  21|0x0000000082500000, 0x0000000082500000, 0x0000000082600000|  0%| F|  |TAMS 0x0000000082500000, 0x0000000082500000| Untracked 
|  22|0x0000000082600000, 0x0000000082600000, 0x0000000082700000|  0%| F|  |TAMS 0x0000000082600000, 0x0000000082600000| Untracked 
|  23|0x0000000082700000, 0x0000000082700000, 0x0000000082800000|  0%| F|  |TAMS 0x0000000082700000, 0x0000000082700000| Untracked 
|  24|0x0000000082800000, 0x0000000082800000, 0x0000000082900000|  0%| F|  |TAMS 0x0000000082800000, 0x0000000082800000| Untracked 
|  25|0x0000000082900000, 0x0000000082900000, 0x0000000082a00000|  0%| F|  |TAMS 0x0000000082900000, 0x0000000082900000| Untracked 
|  26|0x0000000082a00000, 0x0000000082a00000, 0x0000000082b00000|  0%| F|  |TAMS 0x0000000082a00000, 0x0000000082a00000| Untracked 
|  27|0x0000000082b00000, 0x0000000082b00000, 0x0000000082c00000|  0%| F|  |TAMS 0x0000000082b00000, 0x0000000082b00000| Untracked 
|  28|0x0000000082c00000, 0x0000000082c00000, 0x0000000082d00000|  0%| F|  |TAMS 0x0000000082c00000, 0x0000000082c00000| Untracked 
|  29|0x0000000082d00000, 0x0000000082d00000, 0x0000000082e00000|  0%| F|  |TAMS 0x0000000082d00000, 0x0000000082d00000| Untracked 
|  30|0x0000000082e00000, 0x0000000082e00000, 0x0000000082f00000|  0%| F|  |TAMS 0x0000000082e00000, 0x0000000082e00000| Untracked 
|  31|0x0000000082f00000, 0x0000000082f00000, 0x0000000083000000|  0%| F|  |TAMS 0x0000000082f00000, 0x0000000082f00000| Untracked 
|  32|0x0000000083000000, 0x0000000083000000, 0x0000000083100000|  0%| F|  |TAMS 0x0000000083000000, 0x0000000083000000| Untracked 
|  33|0x0000000083100000, 0x0000000083100000, 0x0000000083200000|  0%| F|  |TAMS 0x0000000083100000, 0x0000000083100000| Untracked 
|  34|0x0000000083200000, 0x0000000083200000, 0x0000000083300000|  0%| F|  |TAMS 0x0000000083200000, 0x0000000083200000| Untracked 
|  35|0x0000000083300000, 0x0000000083300000, 0x0000000083400000|  0%| F|  |TAMS 0x0000000083300000, 0x0000000083300000| Untracked 
|  36|0x0000000083400000, 0x0000000083400000, 0x0000000083500000|  0%| F|  |TAMS 0x0000000083400000, 0x0000000083400000| Untracked 
|  37|0x0000000083500000, 0x0000000083500000, 0x0000000083600000|  0%| F|  |TAMS 0x0000000083500000, 0x0000000083500000| Untracked 
|  38|0x0000000083600000, 0x0000000083600000, 0x0000000083700000|  0%| F|  |TAMS 0x0000000083600000, 0x0000000083600000| Untracked 
|  39|0x0000000083700000, 0x0000000083700000, 0x0000000083800000|  0%| F|  |TAMS 0x0000000083700000, 0x0000000083700000| Untracked 
|  40|0x0000000083800000, 0x0000000083800000, 0x0000000083900000|  0%| F|  |TAMS 0x0000000083800000, 0x0000000083800000| Untracked 
|  41|0x0000000083900000, 0x0000000083900000, 0x0000000083a00000|  0%| F|  |TAMS 0x0000000083900000, 0x0000000083900000| Untracked 
|  42|0x0000000083a00000, 0x0000000083a00000, 0x0000000083b00000|  0%| F|  |TAMS 0x0000000083a00000, 0x0000000083a00000| Untracked 
|  43|0x0000000083b00000, 0x0000000083b00000, 0x0000000083c00000|  0%| F|  |TAMS 0x0000000083b00000, 0x0000000083b00000| Untracked 
|  44|0x0000000083c00000, 0x0000000083c00000, 0x0000000083d00000|  0%| F|  |TAMS 0x0000000083c00000, 0x0000000083c00000| Untracked 
|  45|0x0000000083d00000, 0x0000000083d00000, 0x0000000083e00000|  0%| F|  |TAMS 0x0000000083d00000, 0x0000000083d00000| Untracked 
|  46|0x0000000083e00000, 0x0000000083e00000, 0x0000000083f00000|  0%| F|  |TAMS 0x0000000083e00000, 0x0000000083e00000| Untracked 
|  47|0x0000000083f00000, 0x0000000083f00000, 0x0000000084000000|  0%| F|  |TAMS 0x0000000083f00000, 0x0000000083f00000| Untracked 
|  48|0x0000000084000000, 0x0000000084000000, 0x0000000084100000|  0%| F|  |TAMS 0x0000000084000000, 0x0000000084000000| Untracked 
|  49|0x0000000084100000, 0x0000000084100000, 0x0000000084200000|  0%| F|  |TAMS 0x0000000084100000, 0x0000000084100000| Untracked 
|  50|0x0000000084200000, 0x0000000084200000, 0x0000000084300000|  0%| F|  |TAMS 0x0000000084200000, 0x0000000084200000| Untracked 
|  51|0x0000000084300000, 0x0000000084300000, 0x0000000084400000|  0%| F|  |TAMS 0x0000000084300000, 0x0000000084300000| Untracked 
|  52|0x0000000084400000, 0x0000000084400000, 0x0000000084500000|  0%| F|  |TAMS 0x0000000084400000, 0x0000000084400000| Untracked 
|  53|0x0000000084500000, 0x0000000084500000, 0x0000000084600000|  0%| F|  |TAMS 0x0000000084500000, 0x0000000084500000| Untracked 
|  54|0x0000000084600000, 0x0000000084600000, 0x0000000084700000|  0%| F|  |TAMS 0x0000000084600000, 0x0000000084600000| Untracked 
|  55|0x0000000084700000, 0x0000000084700000, 0x0000000084800000|  0%| F|  |TAMS 0x0000000084700000, 0x0000000084700000| Untracked 
|  56|0x0000000084800000, 0x0000000084800000, 0x0000000084900000|  0%| F|  |TAMS 0x0000000084800000, 0x0000000084800000| Untracked 
|  57|0x0000000084900000, 0x0000000084900000, 0x0000000084a00000|  0%| F|  |TAMS 0x0000000084900000, 0x0000000084900000| Untracked 
|  58|0x0000000084a00000, 0x0000000084a00000, 0x0000000084b00000|  0%| F|  |TAMS 0x0000000084a00000, 0x0000000084a00000| Untracked 
|  59|0x0000000084b00000, 0x0000000084b00000, 0x0000000084c00000|  0%| F|  |TAMS 0x0000000084b00000, 0x0000000084b00000| Untracked 
|  60|0x0000000084c00000, 0x0000000084c00000, 0x0000000084d00000|  0%| F|  |TAMS 0x0000000084c00000, 0x0000000084c00000| Untracked 
|  61|0x0000000084d00000, 0x0000000084d00000, 0x0000000084e00000|  0%| F|  |TAMS 0x0000000084d00000, 0x0000000084d00000| Untracked 
|  62|0x0000000084e00000, 0x0000000084e00000, 0x0000000084f00000|  0%| F|  |TAMS 0x0000000084e00000, 0x0000000084e00000| Untracked 
|  63|0x0000000084f00000, 0x0000000084f00000, 0x0000000085000000|  0%| F|  |TAMS 0x0000000084f00000, 0x0000000084f00000| Untracked 
|  64|0x0000000085000000, 0x0000000085000000, 0x0000000085100000|  0%| F|  |TAMS 0x0000000085000000, 0x0000000085000000| Untracked 
|  65|0x0000000085100000, 0x0000000085100000, 0x0000000085200000|  0%| F|  |TAMS 0x0000000085100000, 0x0000000085100000| Untracked 
|  66|0x0000000085200000, 0x0000000085200000, 0x0000000085300000|  0%| F|  |TAMS 0x0000000085200000, 0x0000000085200000| Untracked 
|  67|0x0000000085300000, 0x0000000085300000, 0x0000000085400000|  0%| F|  |TAMS 0x0000000085300000, 0x0000000085300000| Untracked 
|  68|0x0000000085400000, 0x0000000085400000, 0x0000000085500000|  0%| F|  |TAMS 0x0000000085400000, 0x0000000085400000| Untracked 
|  69|0x0000000085500000, 0x0000000085500000, 0x0000000085600000|  0%| F|  |TAMS 0x0000000085500000, 0x0000000085500000| Untracked 
|  70|0x0000000085600000, 0x0000000085600000, 0x0000000085700000|  0%| F|  |TAMS 0x0000000085600000, 0x0000000085600000| Untracked 
|  71|0x0000000085700000, 0x0000000085700000, 0x0000000085800000|  0%| F|  |TAMS 0x0000000085700000, 0x0000000085700000| Untracked 
|  72|0x0000000085800000, 0x0000000085800000, 0x0000000085900000|  0%| F|  |TAMS 0x0000000085800000, 0x0000000085800000| Untracked 
|  73|0x0000000085900000, 0x0000000085900000, 0x0000000085a00000|  0%| F|  |TAMS 0x0000000085900000, 0x0000000085900000| Untracked 
|  74|0x0000000085a00000, 0x0000000085a00000, 0x0000000085b00000|  0%| F|  |TAMS 0x0000000085a00000, 0x0000000085a00000| Untracked 
|  75|0x0000000085b00000, 0x0000000085b00000, 0x0000000085c00000|  0%| F|  |TAMS 0x0000000085b00000, 0x0000000085b00000| Untracked 
|  76|0x0000000085c00000, 0x0000000085c00000, 0x0000000085d00000|  0%| F|  |TAMS 0x0000000085c00000, 0x0000000085c00000| Untracked 
|  77|0x0000000085d00000, 0x0000000085d00000, 0x0000000085e00000|  0%| F|  |TAMS 0x0000000085d00000, 0x0000000085d00000| Untracked 
|  78|0x0000000085e00000, 0x0000000085e00000, 0x0000000085f00000|  0%| F|  |TAMS 0x0000000085e00000, 0x0000000085e00000| Untracked 
|  79|0x0000000085f00000, 0x0000000085f00000, 0x0000000086000000|  0%| F|  |TAMS 0x0000000085f00000, 0x0000000085f00000| Untracked 
|  80|0x0000000086000000, 0x0000000086000000, 0x0000000086100000|  0%| F|  |TAMS 0x0000000086000000, 0x0000000086000000| Untracked 
|  81|0x0000000086100000, 0x0000000086100000, 0x0000000086200000|  0%| F|  |TAMS 0x0000000086100000, 0x0000000086100000| Untracked 
|  82|0x0000000086200000, 0x0000000086200000, 0x0000000086300000|  0%| F|  |TAMS 0x0000000086200000, 0x0000000086200000| Untracked 
|  83|0x0000000086300000, 0x0000000086300000, 0x0000000086400000|  0%| F|  |TAMS 0x0000000086300000, 0x0000000086300000| Untracked 
|  84|0x0000000086400000, 0x0000000086400000, 0x0000000086500000|  0%| F|  |TAMS 0x0000000086400000, 0x0000000086400000| Untracked 
|  85|0x0000000086500000, 0x0000000086500000, 0x0000000086600000|  0%| F|  |TAMS 0x0000000086500000, 0x0000000086500000| Untracked 
|  86|0x0000000086600000, 0x0000000086600000, 0x0000000086700000|  0%| F|  |TAMS 0x0000000086600000, 0x0000000086600000| Untracked 
|  87|0x0000000086700000, 0x0000000086700000, 0x0000000086800000|  0%| F|  |TAMS 0x0000000086700000, 0x0000000086700000| Untracked 
|  88|0x0000000086800000, 0x0000000086800000, 0x0000000086900000|  0%| F|  |TAMS 0x0000000086800000, 0x0000000086800000| Untracked 
|  89|0x0000000086900000, 0x0000000086900000, 0x0000000086a00000|  0%| F|  |TAMS 0x0000000086900000, 0x0000000086900000| Untracked 
|  90|0x0000000086a00000, 0x0000000086a00000, 0x0000000086b00000|  0%| F|  |TAMS 0x0000000086a00000, 0x0000000086a00000| Untracked 
|  91|0x0000000086b00000, 0x0000000086b00000, 0x0000000086c00000|  0%| F|  |TAMS 0x0000000086b00000, 0x0000000086b00000| Untracked 
|  92|0x0000000086c00000, 0x0000000086c00000, 0x0000000086d00000|  0%| F|  |TAMS 0x0000000086c00000, 0x0000000086c00000| Untracked 
|  93|0x0000000086d00000, 0x0000000086d00000, 0x0000000086e00000|  0%| F|  |TAMS 0x0000000086d00000, 0x0000000086d00000| Untracked 
|  94|0x0000000086e00000, 0x0000000086e00000, 0x0000000086f00000|  0%| F|  |TAMS 0x0000000086e00000, 0x0000000086e00000| Untracked 
|  95|0x0000000086f00000, 0x0000000086f00000, 0x0000000087000000|  0%| F|  |TAMS 0x0000000086f00000, 0x0000000086f00000| Untracked 
|  96|0x0000000087000000, 0x0000000087000000, 0x0000000087100000|  0%| F|  |TAMS 0x0000000087000000, 0x0000000087000000| Untracked 
|  97|0x0000000087100000, 0x0000000087100000, 0x0000000087200000|  0%| F|  |TAMS 0x0000000087100000, 0x0000000087100000| Untracked 
|  98|0x0000000087200000, 0x0000000087200000, 0x0000000087300000|  0%| F|  |TAMS 0x0000000087200000, 0x0000000087200000| Untracked 
|  99|0x0000000087300000, 0x0000000087300000, 0x0000000087400000|  0%| F|  |TAMS 0x0000000087300000, 0x0000000087300000| Untracked 
| 100|0x0000000087400000, 0x0000000087400000, 0x0000000087500000|  0%| F|  |TAMS 0x0000000087400000, 0x0000000087400000| Untracked 
| 101|0x0000000087500000, 0x0000000087500000, 0x0000000087600000|  0%| F|  |TAMS 0x0000000087500000, 0x0000000087500000| Untracked 
| 102|0x0000000087600000, 0x0000000087600000, 0x0000000087700000|  0%| F|  |TAMS 0x0000000087600000, 0x0000000087600000| Untracked 
| 103|0x0000000087700000, 0x0000000087700000, 0x0000000087800000|  0%| F|  |TAMS 0x0000000087700000, 0x0000000087700000| Untracked 
| 104|0x0000000087800000, 0x0000000087800000, 0x0000000087900000|  0%| F|  |TAMS 0x0000000087800000, 0x0000000087800000| Untracked 
| 105|0x0000000087900000, 0x00000000879ec0e0, 0x0000000087a00000| 92%| E|  |TAMS 0x0000000087900000, 0x0000000087900000| Complete 
| 106|0x0000000087a00000, 0x0000000087b00000, 0x0000000087b00000|100%| E|CS|TAMS 0x0000000087a00000, 0x0000000087a00000| Complete 
| 107|0x0000000087b00000, 0x0000000087c00000, 0x0000000087c00000|100%| E|  |TAMS 0x0000000087b00000, 0x0000000087b00000| Complete 
| 108|0x0000000087c00000, 0x0000000087d00000, 0x0000000087d00000|100%| E|CS|TAMS 0x0000000087c00000, 0x0000000087c00000| Complete 
| 109|0x0000000087d00000, 0x0000000087e00000, 0x0000000087e00000|100%| E|CS|TAMS 0x0000000087d00000, 0x0000000087d00000| Complete 
| 110|0x0000000087e00000, 0x0000000087f00000, 0x0000000087f00000|100%| E|CS|TAMS 0x0000000087e00000, 0x0000000087e00000| Complete 
| 111|0x0000000087f00000, 0x0000000088000000, 0x0000000088000000|100%| E|CS|TAMS 0x0000000087f00000, 0x0000000087f00000| Complete 
| 112|0x0000000088000000, 0x0000000088100000, 0x0000000088100000|100%| E|CS|TAMS 0x0000000088000000, 0x0000000088000000| Complete 
| 113|0x0000000088100000, 0x0000000088200000, 0x0000000088200000|100%| E|CS|TAMS 0x0000000088100000, 0x0000000088100000| Complete 
| 114|0x0000000088200000, 0x0000000088300000, 0x0000000088300000|100%| E|CS|TAMS 0x0000000088200000, 0x0000000088200000| Complete 
| 115|0x0000000088300000, 0x0000000088400000, 0x0000000088400000|100%| E|CS|TAMS 0x0000000088300000, 0x0000000088300000| Complete 
| 116|0x0000000088400000, 0x0000000088500000, 0x0000000088500000|100%| E|CS|TAMS 0x0000000088400000, 0x0000000088400000| Complete 
| 117|0x0000000088500000, 0x0000000088600000, 0x0000000088600000|100%| E|CS|TAMS 0x0000000088500000, 0x0000000088500000| Complete 
| 118|0x0000000088600000, 0x0000000088700000, 0x0000000088700000|100%| E|CS|TAMS 0x0000000088600000, 0x0000000088600000| Complete 
| 119|0x0000000088700000, 0x0000000088800000, 0x0000000088800000|100%| E|CS|TAMS 0x0000000088700000, 0x0000000088700000| Complete 
| 120|0x0000000088800000, 0x0000000088900000, 0x0000000088900000|100%| E|CS|TAMS 0x0000000088800000, 0x0000000088800000| Complete 
| 121|0x0000000088900000, 0x0000000088a00000, 0x0000000088a00000|100%| E|CS|TAMS 0x0000000088900000, 0x0000000088900000| Complete 
| 122|0x0000000088a00000, 0x0000000088b00000, 0x0000000088b00000|100%| E|CS|TAMS 0x0000000088a00000, 0x0000000088a00000| Complete 
| 123|0x0000000088b00000, 0x0000000088c00000, 0x0000000088c00000|100%| E|CS|TAMS 0x0000000088b00000, 0x0000000088b00000| Complete 
| 124|0x0000000088c00000, 0x0000000088d00000, 0x0000000088d00000|100%| E|CS|TAMS 0x0000000088c00000, 0x0000000088c00000| Complete 
| 125|0x0000000088d00000, 0x0000000088e00000, 0x0000000088e00000|100%| E|CS|TAMS 0x0000000088d00000, 0x0000000088d00000| Complete 
| 126|0x0000000088e00000, 0x0000000088f00000, 0x0000000088f00000|100%| E|CS|TAMS 0x0000000088e00000, 0x0000000088e00000| Complete 
| 127|0x0000000088f00000, 0x0000000089000000, 0x0000000089000000|100%| E|CS|TAMS 0x0000000088f00000, 0x0000000088f00000| Complete 

Card table byte_map: [0x00000217f58b0000,0x00000217f5cb0000] _byte_map_base: 0x00000217f54a8000

Marking Bits (Prev, Next): (CMBitMap*) 0x00000217dd4b8478, (CMBitMap*) 0x00000217dd4b84b8
 Prev Bits: [0x00000217f60b0000, 0x00000217f8070000)
 Next Bits: [0x00000217f8070000, 0x00000217fa030000)

Polling page: 0x00000217dcc40000

Metaspace:

Usage:
  Non-class:      8.93 MB capacity,     8.79 MB ( 98%) used,   118.76 KB (  1%) free+waste,    27.13 KB ( <1%) overhead. 
      Class:   1018.00 KB capacity,   880.58 KB ( 87%) used,   121.30 KB ( 12%) free+waste,    16.13 KB (  2%) overhead. 
       Both:      9.92 MB capacity,     9.65 MB ( 97%) used,   240.05 KB (  2%) free+waste,    43.25 KB ( <1%) overhead. 

Virtual space:
  Non-class space:       10.00 MB reserved,       9.00 MB ( 90%) committed 
      Class space:        1.00 GB reserved,       1.00 MB ( <1%) committed 
             Both:        1.01 GB reserved,      10.00 MB ( <1%) committed 

Chunk freelists:
   Non-Class:  73.00 KB
       Class:  6.00 KB
        Both:  79.00 KB

MaxMetaspaceSize: 17179869184.00 GB
CompressedClassSpaceSize: 1.00 GB

CodeHeap 'non-profiled nmethods': size=119168Kb used=413Kb max_used=413Kb free=118754Kb
 bounds [0x00000217ed7b0000, 0x00000217eda20000, 0x00000217f4c10000]
CodeHeap 'profiled nmethods': size=119104Kb used=2400Kb max_used=2400Kb free=116703Kb
 bounds [0x00000217e6360000, 0x00000217e65d0000, 0x00000217ed7b0000]
CodeHeap 'non-nmethods': size=7488Kb used=2939Kb max_used=2952Kb free=4548Kb
 bounds [0x00000217e5c10000, 0x00000217e5f00000, 0x00000217e6360000]
 total_blobs=2912 nmethods=1239 adapters=1064
 compilation: enabled
              stopped_count=0, restarted_count=0
 full_count=0

Compilation events (20 events):
Event: 1.176 Thread 0x00000217ffac0000 nmethod 1230 0x00000217ed814c10 code [0x00000217ed814da0, 0x00000217ed814eb8]
Event: 1.178 Thread 0x00000217ffac0000 1232       4       java.lang.String::checkBoundsBeginEnd (63 bytes)
Event: 1.178 Thread 0x00000217ffac0000 nmethod 1232 0x00000217ed815010 code [0x00000217ed8151c0, 0x00000217ed8152b8]
Event: 1.179 Thread 0x00000217fdae8800 1233       3       java.lang.String::concat (15 bytes)
Event: 1.179 Thread 0x00000217fd0b7800 nmethod 1231 0x00000217ed815390 code [0x00000217ed815580, 0x00000217ed815958]
Event: 1.180 Thread 0x00000217fdae8800 nmethod 1233 0x00000217e65b4c10 code [0x00000217e65b4f00, 0x00000217e65b5eb8]
Event: 1.183 Thread 0x00000217fdae8800 1234       3       java.lang.ref.Reference::clear (6 bytes)
Event: 1.183 Thread 0x00000217fdae8800 nmethod 1234 0x00000217e65b6510 code [0x00000217e65b66a0, 0x00000217e65b67d8]
Event: 1.186 Thread 0x00000217fd0b7800 1235       4       java.util.HashMap::getNode (148 bytes)
Event: 1.190 Thread 0x00000217ffac0000 1236       4       java.lang.String::substring (58 bytes)
Event: 1.191 Thread 0x00000217fd0b7800 nmethod 1235 0x00000217ed815b10 code [0x00000217ed815d40, 0x00000217ed816538]
Event: 1.192 Thread 0x00000217fdae8800 1237       3       java.util.LinkedHashMap::get (33 bytes)
Event: 1.193 Thread 0x00000217fdae8800 nmethod 1237 0x00000217e65b6890 code [0x00000217e65b6a60, 0x00000217e65b6e68]
Event: 1.193 Thread 0x00000217fd0bd000 1238       1       java.lang.invoke.MethodHandle::internalForm (5 bytes)
Event: 1.193 Thread 0x00000217fd0bd000 nmethod 1238 0x00000217ed816890 code [0x00000217ed816a20, 0x00000217ed816af8]
Event: 1.194 Thread 0x00000217ffac0000 nmethod 1236 0x00000217ed816b90 code [0x00000217ed816d80, 0x00000217ed8173d8]
Event: 1.203 Thread 0x00000217fdae8800 1239       3       java.util.concurrent.ConcurrentHashMap::isEmpty (15 bytes)
Event: 1.203 Thread 0x00000217fdae8800 nmethod 1239 0x00000217e65b7010 code [0x00000217e65b71c0, 0x00000217e65b7388]
Event: 1.204 Thread 0x00000217fdaea800 1240       3       java.lang.ClassLoader::findNative (81 bytes)
Event: 1.204 Thread 0x00000217fdaea800 nmethod 1240 0x00000217e65b7410 code [0x00000217e65b7640, 0x00000217e65b7e98]

GC Heap History (0 events):
No events

Deoptimization events (20 events):
Event: 0.699 Thread 0x00000217dd476800 DEOPT PACKING pc=0x00000217e648cd7c sp=0x00000067a5efba60
Event: 0.699 Thread 0x00000217dd476800 DEOPT UNPACKING pc=0x00000217e5c5964e sp=0x00000067a5efae30 mode 1
Event: 0.699 Thread 0x00000217dd476800 DEOPT PACKING pc=0x00000217e648cd7c sp=0x00000067a5efba60
Event: 0.699 Thread 0x00000217dd476800 DEOPT UNPACKING pc=0x00000217e5c5964e sp=0x00000067a5efae30 mode 1
Event: 0.699 Thread 0x00000217dd476800 DEOPT PACKING pc=0x00000217e648cd7c sp=0x00000067a5efba60
Event: 0.699 Thread 0x00000217dd476800 DEOPT UNPACKING pc=0x00000217e5c5964e sp=0x00000067a5efae30 mode 1
Event: 0.703 Thread 0x00000217dd476800 Uncommon trap: trap_request=0xffffff45 fr.pc=0x00000217ed7e890c relative=0x000000000000084c
Event: 0.703 Thread 0x00000217dd476800 Uncommon trap: reason=unstable_if action=reinterpret pc=0x00000217ed7e890c method=java.util.HashMap.putVal(ILjava/lang/Object;Ljava/lang/Object;ZZ)Ljava/lang/Object; @ 181 c2
Event: 0.703 Thread 0x00000217dd476800 DEOPT PACKING pc=0x00000217ed7e890c sp=0x00000067a5efbb90
Event: 0.703 Thread 0x00000217dd476800 DEOPT UNPACKING pc=0x00000217e5c5912f sp=0x00000067a5efbb20 mode 2
Event: 0.800 Thread 0x00000217dd476800 Uncommon trap: trap_request=0xffffff45 fr.pc=0x00000217ed7c13e8 relative=0x0000000000000388
Event: 0.800 Thread 0x00000217dd476800 Uncommon trap: reason=unstable_if action=reinterpret pc=0x00000217ed7c13e8 method=java.lang.StringUTF16.compress([CI[BII)I @ 20 c2
Event: 0.800 Thread 0x00000217dd476800 DEOPT PACKING pc=0x00000217ed7c13e8 sp=0x00000067a5efd3d0
Event: 0.800 Thread 0x00000217dd476800 DEOPT UNPACKING pc=0x00000217e5c5912f sp=0x00000067a5efd350 mode 2
Event: 0.879 Thread 0x00000217ff3f6800 DEOPT PACKING pc=0x00000217e639a4f3 sp=0x00000067a7bfcd80
Event: 0.879 Thread 0x00000217ff3f6800 DEOPT UNPACKING pc=0x00000217e5c5964e sp=0x00000067a7bfc1e0 mode 0
Event: 1.144 Thread 0x00000217ff3f6800 Uncommon trap: trap_request=0xffffff5c fr.pc=0x00000217ed812d88 relative=0x0000000000000068
Event: 1.144 Thread 0x00000217ff3f6800 Uncommon trap: reason=speculate_null_check action=make_not_entrant pc=0x00000217ed812d88 method=sun.misc.Unsafe.getLong(Ljava/lang/Object;J)J @ 5 c2
Event: 1.144 Thread 0x00000217ff3f6800 DEOPT PACKING pc=0x00000217ed812d88 sp=0x00000067a7bfe4c0
Event: 1.144 Thread 0x00000217ff3f6800 DEOPT UNPACKING pc=0x00000217e5c5912f sp=0x00000067a7bfe448 mode 2

Classes unloaded (0 events):
No events

Classes redefined (0 events):
No events

Internal exceptions (20 events):
Event: 0.686 Thread 0x00000217dd476800 Exception <a 'sun/nio/fs/WindowsException'{0x00000000884d58a8}> (0x00000000884d58a8) 
thrown [./open/src/hotspot/share/prims/jni.cpp, line 599]
Event: 0.719 Thread 0x00000217dd476800 Exception <a 'java/lang/NoSuchMethodError'{0x0000000088385f88}: 'int java.lang.invoke.DirectMethodHandle$Holder.invokeStaticInit(java.lang.Object, java.lang.Object, int, long)'> (0x0000000088385f88) 
thrown [./open/src/hotspot/share/interpreter/linkResolver.cpp, line 766]
Event: 0.720 Thread 0x00000217dd476800 Exception <a 'java/lang/NoSuchMethodError'{0x000000008838aa38}: 'java.lang.Object java.lang.invoke.Invokers$Holder.linkToTargetMethod(java.lang.Object, int, java.lang.Object)'> (0x000000008838aa38) 
thrown [./open/src/hotspot/share/interpreter/linkResolver.cpp, line 766]
Event: 0.721 Thread 0x00000217dd476800 Exception <a 'java/lang/NoSuchMethodError'{0x000000008839a0e8}: 'int java.lang.invoke.DirectMethodHandle$Holder.invokeStaticInit(java.lang.Object, java.lang.Object, long, long)'> (0x000000008839a0e8) 
thrown [./open/src/hotspot/share/interpreter/linkResolver.cpp, line 766]
Event: 0.721 Thread 0x00000217dd476800 Exception <a 'java/lang/NoSuchMethodError'{0x000000008839ef18}: 'java.lang.Object java.lang.invoke.Invokers$Holder.linkToTargetMethod(java.lang.Object, long, java.lang.Object)'> (0x000000008839ef18) 
thrown [./open/src/hotspot/share/interpreter/linkResolver.cpp, line 766]
Event: 0.722 Thread 0x00000217dd476800 Exception <a 'java/lang/NoSuchMethodError'{0x00000000883a4a68}: 'int java.lang.invoke.DirectMethodHandle$Holder.invokeStaticInit(java.lang.Object, java.lang.Object, java.lang.Object, long)'> (0x00000000883a4a68) 
thrown [./open/src/hotspot/share/interpreter/linkResolver.cpp, line 766]
Event: 0.733 Thread 0x00000217dd476800 Exception <a 'sun/nio/fs/WindowsException'{0x0000000088236088}> (0x0000000088236088) 
thrown [./open/src/hotspot/share/prims/jni.cpp, line 599]
Event: 0.733 Thread 0x00000217dd476800 Exception <a 'sun/nio/fs/WindowsException'{0x0000000088236410}> (0x0000000088236410) 
thrown [./open/src/hotspot/share/prims/jni.cpp, line 599]
Event: 0.755 Thread 0x00000217dd476800 Exception <a 'java/lang/NoSuchMethodError'{0x00000000882de8f0}: 'void java.lang.invoke.DirectMethodHandle$Holder.invokeVirtual(java.lang.Object, java.lang.Object)'> (0x00000000882de8f0) 
thrown [./open/src/hotspot/share/interpreter/linkResolver.cpp, line 766]
Event: 0.761 Thread 0x00000217dd476800 Exception <a 'sun/nio/fs/WindowsException'{0x000000008812e4f8}> (0x000000008812e4f8) 
thrown [./open/src/hotspot/share/prims/jni.cpp, line 599]
Event: 0.761 Thread 0x00000217dd476800 Exception <a 'sun/nio/fs/WindowsException'{0x000000008812e7b0}> (0x000000008812e7b0) 
thrown [./open/src/hotspot/share/prims/jni.cpp, line 599]
Event: 0.785 Thread 0x00000217dd476800 Exception <a 'java/lang/NoSuchMethodError'{0x0000000088168628}: 'void java.lang.invoke.DirectMethodHandle$Holder.invokeStaticInit(java.lang.Object)'> (0x0000000088168628) 
thrown [./open/src/hotspot/share/interpreter/linkResolver.cpp, line 766]
Event: 0.874 Thread 0x00000217ff3f6800 Exception <a 'sun/nio/fs/WindowsException'{0x0000000087f82138}> (0x0000000087f82138) 
thrown [./open/src/hotspot/share/prims/jni.cpp, line 599]
Event: 0.874 Thread 0x00000217ff3f6800 Exception <a 'sun/nio/fs/WindowsException'{0x0000000087f82418}> (0x0000000087f82418) 
thrown [./open/src/hotspot/share/prims/jni.cpp, line 599]
Event: 0.882 Thread 0x00000217ff3f6800 Exception <a 'sun/nio/fs/WindowsException'{0x0000000087fe1ae0}> (0x0000000087fe1ae0) 
thrown [./open/src/hotspot/share/prims/jni.cpp, line 599]
Event: 0.882 Thread 0x00000217ff3f6800 Exception <a 'sun/nio/fs/WindowsException'{0x0000000087fe1da0}> (0x0000000087fe1da0) 
thrown [./open/src/hotspot/share/prims/jni.cpp, line 599]
Event: 1.060 Thread 0x00000217ff3f6800 Exception <a 'sun/nio/fs/WindowsException'{0x0000000087ea54c0}> (0x0000000087ea54c0) 
thrown [./open/src/hotspot/share/prims/jni.cpp, line 599]
Event: 1.060 Thread 0x00000217ff3f6800 Exception <a 'sun/nio/fs/WindowsException'{0x0000000087ea5850}> (0x0000000087ea5850) 
thrown [./open/src/hotspot/share/prims/jni.cpp, line 599]
Event: 1.066 Thread 0x00000217ff3f6800 Exception <a 'sun/nio/fs/WindowsException'{0x0000000087efd640}> (0x0000000087efd640) 
thrown [./open/src/hotspot/share/prims/jni.cpp, line 599]
Event: 1.066 Thread 0x00000217ff3f6800 Exception <a 'sun/nio/fs/WindowsException'{0x0000000087efd910}> (0x0000000087efd910) 
thrown [./open/src/hotspot/share/prims/jni.cpp, line 599]

Events (20 events):
Event: 1.065 Executing VM operation: HandshakeOneThread
Event: 1.065 Executing VM operation: HandshakeOneThread done
Event: 1.065 Executing VM operation: HandshakeOneThread
Event: 1.065 Executing VM operation: HandshakeOneThread done
Event: 1.065 Executing VM operation: HandshakeOneThread
Event: 1.065 Executing VM operation: HandshakeOneThread done
Event: 1.065 Executing VM operation: HandshakeOneThread
Event: 1.065 Executing VM operation: HandshakeOneThread done
Event: 1.065 Executing VM operation: HandshakeOneThread
Event: 1.065 Executing VM operation: HandshakeOneThread done
Event: 1.065 Executing VM operation: BulkRevokeBias
Event: 1.065 Executing VM operation: BulkRevokeBias done
Event: 1.110 Executing VM operation: HandshakeOneThread
Event: 1.110 Executing VM operation: HandshakeOneThread done
Event: 1.112 Thread 0x00000217ffac0000 Thread added: 0x00000217ffac0000
Event: 1.119 Loaded shared library C:\Users\Drew\AppData\Local\Temp\lwjgl_Drew\3.3.3+5\x64\lwjgl.dll
Event: 1.140 loading class java/util/function/IntFunction
Event: 1.140 loading class java/util/function/IntFunction done
Event: 1.149 Loaded shared library C:\Users\Drew\AppData\Local\Temp\lwjgl_Drew\3.3.3+5\x64\lwjgl_opengl.dll
Event: 1.152 Loaded shared library C:\Users\Drew\AppData\Local\Temp\lwjgl_Drew\3.3.3+5\x64\lwjgl.dll


Dynamic libraries:
0x00007ff62c020000 - 0x00007ff62c02f000 	C:\Program Files\Java\jdk-14.0.1\bin\java.exe
0x00007ffd4aa00000 - 0x00007ffd4ac09000 	C:\WINDOWS\SYSTEM32\ntdll.dll
0x00007ffd49ff0000 - 0x00007ffd4a0ad000 	C:\WINDOWS\System32\KERNEL32.DLL
0x00007ffd48420000 - 0x00007ffd487a4000 	C:\WINDOWS\System32\KERNELBASE.dll
0x00007ffd47e90000 - 0x00007ffd47fa1000 	C:\WINDOWS\System32\ucrtbase.dll
0x00007ffd44560000 - 0x00007ffd44578000 	C:\Program Files\Java\jdk-14.0.1\bin\jli.dll
0x00007ffd4a0b0000 - 0x00007ffd4a15e000 	C:\WINDOWS\System32\ADVAPI32.dll
0x00007ffd34c00000 - 0x00007ffd34c15000 	C:\Program Files\Java\jdk-14.0.1\bin\VCRUNTIME140.dll
0x00007ffd48e90000 - 0x00007ffd48f33000 	C:\WINDOWS\System32\msvcrt.dll
0x00007ffd4a520000 - 0x00007ffd4a5be000 	C:\WINDOWS\System32\sechost.dll
0x00007ffd48d40000 - 0x00007ffd48e61000 	C:\WINDOWS\System32\RPCRT4.dll
0x00007ffd4a160000 - 0x00007ffd4a30d000 	C:\WINDOWS\System32\USER32.dll
0x00007ffd48030000 - 0x00007ffd48056000 	C:\WINDOWS\System32\win32u.dll
0x00007ffd36830000 - 0x00007ffd36ad5000 	C:\WINDOWS\WinSxS\amd64_microsoft.windows.common-controls_6595b64144ccf1df_6.0.22000.120_none_9d947278b86cc467\COMCTL32.dll
0x00007ffd48d10000 - 0x00007ffd48d3a000 	C:\WINDOWS\System32\GDI32.dll
0x00007ffd48300000 - 0x00007ffd4841e000 	C:\WINDOWS\System32\gdi32full.dll
0x00007ffd487b0000 - 0x00007ffd4884d000 	C:\WINDOWS\System32\msvcp_win.dll
0x00007ffd3f900000 - 0x00007ffd3f90a000 	C:\WINDOWS\SYSTEM32\VERSION.dll
0x00007ffd49fb0000 - 0x00007ffd49fe1000 	C:\WINDOWS\System32\IMM32.DLL
0x00007ffd0f8e0000 - 0x00007ffd0f97b000 	C:\Program Files\Java\jdk-14.0.1\bin\msvcp140.dll
0x00007ffcc9610000 - 0x00007ffcca12e000 	C:\Program Files\Java\jdk-14.0.1\bin\server\jvm.dll
0x00007ffd48e80000 - 0x00007ffd48e88000 	C:\WINDOWS\System32\PSAPI.DLL
0x00007ffd3a740000 - 0x00007ffd3a773000 	C:\WINDOWS\SYSTEM32\WINMM.dll
0x00007ffd452b0000 - 0x00007ffd452b9000 	C:\WINDOWS\SYSTEM32\WSOCK32.dll
0x00007ffd48ae0000 - 0x00007ffd48b4f000 	C:\WINDOWS\System32\WS2_32.dll
0x00007ffd46ff0000 - 0x00007ffd47008000 	C:\WINDOWS\SYSTEM32\kernel.appcore.dll
0x00007ffd427d0000 - 0x00007ffd427da000 	C:\Program Files\Java\jdk-14.0.1\bin\jimage.dll
0x00007ffd39c80000 - 0x00007ffd39ea1000 	C:\WINDOWS\SYSTEM32\DBGHELP.DLL
0x00007ffd35cd0000 - 0x00007ffd35d01000 	C:\WINDOWS\SYSTEM32\dbgcore.DLL
0x00007ffd47fb0000 - 0x00007ffd4802f000 	C:\WINDOWS\System32\bcryptPrimitives.dll
0x00007ffd10aa0000 - 0x00007ffd10ad8000 	C:\Program Files\Java\jdk-14.0.1\bin\jdwp.dll
0x00007ffd19d60000 - 0x00007ffd19d85000 	C:\Program Files\Java\jdk-14.0.1\bin\java.dll
0x00007ffd23f60000 - 0x00007ffd23f76000 	C:\Program Files\Java\jdk-14.0.1\bin\zip.dll
0x00007ffd49030000 - 0x00007ffd497f5000 	C:\WINDOWS\System32\SHELL32.dll
0x00007ffd45f60000 - 0x00007ffd467c2000 	C:\WINDOWS\SYSTEM32\windows.storage.dll
0x00007ffd4a5d0000 - 0x00007ffd4a946000 	C:\WINDOWS\System32\combase.dll
0x00007ffd45df0000 - 0x00007ffd45f57000 	C:\WINDOWS\SYSTEM32\wintypes.dll
0x00007ffd48f40000 - 0x00007ffd4902a000 	C:\WINDOWS\System32\SHCORE.dll
0x00007ffd48b50000 - 0x00007ffd48bad000 	C:\WINDOWS\System32\shlwapi.dll
0x00007ffd47dc0000 - 0x00007ffd47de5000 	C:\WINDOWS\SYSTEM32\profapi.dll
0x00007ffd41e40000 - 0x00007ffd41e4b000 	C:\Program Files\Java\jdk-14.0.1\bin\dt_socket.dll
0x00007ffd46a90000 - 0x00007ffd46abd000 	C:\WINDOWS\SYSTEM32\IPHLPAPI.DLL
0x00007ffd474a0000 - 0x00007ffd47507000 	C:\WINDOWS\system32\mswsock.dll
0x00007ffd46ac0000 - 0x00007ffd46ba7000 	C:\WINDOWS\SYSTEM32\DNSAPI.dll
0x00007ffd48e70000 - 0x00007ffd48e79000 	C:\WINDOWS\System32\NSI.dll
0x00007ffd3c6a0000 - 0x00007ffd3c6aa000 	C:\Windows\System32\rasadhlp.dll
0x00007ffd40e10000 - 0x00007ffd40e91000 	C:\WINDOWS\System32\fwpuclnt.dll
0x00007ffd25910000 - 0x00007ffd25929000 	C:\Program Files\Java\jdk-14.0.1\bin\net.dll
0x00007ffd42800000 - 0x00007ffd42914000 	C:\WINDOWS\SYSTEM32\WINHTTP.dll
0x00007ffd20590000 - 0x00007ffd205a2000 	C:\Program Files\Java\jdk-14.0.1\bin\nio.dll
0x00007ffd04cf0000 - 0x00007ffd04e88000 	C:\Program Files\Java\jdk-14.0.1\bin\awt.dll
0x00007ffd48c30000 - 0x00007ffd48d06000 	C:\WINDOWS\System32\OLEAUT32.dll
0x00007ffd453c0000 - 0x00007ffd45452000 	C:\WINDOWS\SYSTEM32\apphelp.dll
0x00007ffd458e0000 - 0x00007ffd4590f000 	C:\WINDOWS\system32\DWMAPI.DLL
0x00007ffd45550000 - 0x00007ffd455fc000 	C:\WINDOWS\system32\uxtheme.dll
0x00007ffd11fb0000 - 0x00007ffd120b1000 	C:\WINDOWS\system32\opengl32.dll
0x00007ffd2a2a0000 - 0x00007ffd2a2cd000 	C:\WINDOWS\SYSTEM32\GLU32.dll
0x00007ffd45680000 - 0x00007ffd456b8000 	C:\WINDOWS\SYSTEM32\dxcore.dll
0x00007ffd4a370000 - 0x00007ffd4a48d000 	C:\WINDOWS\System32\MSCTF.dll
0x00007ffd48940000 - 0x00007ffd48ada000 	C:\WINDOWS\System32\ole32.dll
0x00007ffd11b50000 - 0x00007ffd11cf6000 	C:\WINDOWS\system32\d3d9.dll
0x00007ffd3d5b0000 - 0x00007ffd3d66c000 	C:\WINDOWS\System32\DriverStore\FileRepository\nv_dispi.inf_amd64_866484083fc526af\nvldumdx.dll
0x00007ffd47740000 - 0x00007ffd47752000 	C:\WINDOWS\SYSTEM32\msasn1.dll
0x00007ffd3f860000 - 0x00007ffd3f891000 	C:\WINDOWS\SYSTEM32\cryptnet.dll
0x00007ffd48060000 - 0x00007ffd481c2000 	C:\WINDOWS\System32\CRYPT32.dll
0x00007ffd3f560000 - 0x00007ffd3f6b1000 	C:\WINDOWS\SYSTEM32\drvstore.dll
0x00007ffd47b50000 - 0x00007ffd47b83000 	C:\WINDOWS\SYSTEM32\devobj.dll
0x00007ffd47b90000 - 0x00007ffd47bdc000 	C:\WINDOWS\SYSTEM32\CFGMGR32.dll
0x00007ffd477b0000 - 0x00007ffd477ef000 	C:\WINDOWS\SYSTEM32\wldp.dll
0x00007ffd47700000 - 0x00007ffd4770c000 	C:\WINDOWS\SYSTEM32\cryptbase.dll
0x00007ffd48290000 - 0x00007ffd482f7000 	C:\WINDOWS\System32\wintrust.dll
0x00007ffd49f90000 - 0x00007ffd49faf000 	C:\WINDOWS\System32\imagehlp.dll
0x00007ffd476e0000 - 0x00007ffd476f8000 	C:\WINDOWS\SYSTEM32\CRYPTSP.dll
0x00007ffd46ee0000 - 0x00007ffd46f15000 	C:\WINDOWS\system32\rsaenh.dll
0x00007ffd47860000 - 0x00007ffd47887000 	C:\WINDOWS\SYSTEM32\bcrypt.dll
0x00007ffd37860000 - 0x00007ffd39a4e000 	C:\WINDOWS\System32\DriverStore\FileRepository\nv_dispi.inf_amd64_866484083fc526af\nvgpucomp64.dll
0x00007ffce3980000 - 0x00007ffce6345000 	C:\WINDOWS\System32\DriverStore\FileRepository\nv_dispi.inf_amd64_866484083fc526af\nvd3dumx.dll
0x00007ffd42500000 - 0x00007ffd42544000 	C:\WINDOWS\SYSTEM32\directxdatabasehelper.dll
0x00007ffd47010000 - 0x00007ffd47044000 	C:\WINDOWS\SYSTEM32\ntmarta.dll
0x00007ffd098a0000 - 0x00007ffd09b70000 	C:\WINDOWS\system32\nvspcap64.dll
0x00007ffd47530000 - 0x00007ffd47554000 	C:\WINDOWS\SYSTEM32\gpapi.dll
0x00007ffd0f860000 - 0x00007ffd0f8db000 	C:\Users\Drew\AppData\Local\Temp\lwjgl_Drew\3.3.3+5\x64\lwjgl.dll
0x00007ffd04a80000 - 0x00007ffd04cf0000 	C:\Users\Drew\AppData\Local\Temp\lwjgl_Drew\3.3.3+5\x64\jemalloc.dll
0x00007ffd34bc0000 - 0x00007ffd34bc7000 	C:\Program Files\Java\jdk-14.0.1\bin\jawt.dll
0x00007ffd0f7d0000 - 0x00007ffd0f852000 	C:\Program Files\Java\jdk-14.0.1\bin\freetype.dll
0x00007ffd0c460000 - 0x00007ffd0c506000 	C:\Program Files\Java\jdk-14.0.1\bin\fontmanager.dll
0x00007ffd216a0000 - 0x00007ffd217cc000 	C:\WINDOWS\SYSTEM32\textinputframework.dll
0x00007ffd49800000 - 0x00007ffd498af000 	C:\WINDOWS\System32\clbcatq.dll
0x00007ffd42390000 - 0x00007ffd424cc000 	C:\Windows\System32\AppXDeploymentClient.dll
0x00007ffd42110000 - 0x00007ffd42300000 	C:\WINDOWS\SYSTEM32\urlmon.dll
0x00007ffd41aa0000 - 0x00007ffd41d5e000 	C:\Windows\System32\iertutil.dll
0x00007ffd41dd0000 - 0x00007ffd41df9000 	C:\Windows\System32\srvcli.dll
0x00007ffd46a80000 - 0x00007ffd46a8c000 	C:\Windows\System32\netutils.dll
0x00007ffcef870000 - 0x00007ffcf2460000 	C:\WINDOWS\System32\DriverStore\FileRepository\nv_dispi.inf_amd64_866484083fc526af\nvoglv64.dll
0x00007ffd498d0000 - 0x00007ffd49d42000 	C:\WINDOWS\System32\SETUPAPI.dll
0x00007ffd44590000 - 0x00007ffd445a4000 	C:\WINDOWS\SYSTEM32\WTSAPI32.dll
0x00007ffd0bcb0000 - 0x00007ffd0bd0e000 	C:\Users\Drew\AppData\Local\Temp\lwjgl_Drew\3.3.3+5\x64\lwjgl_opengl.dll
0x00007ffd46fa0000 - 0x00007ffd46fed000 	C:\WINDOWS\SYSTEM32\powrprof.dll
0x00007ffd46f20000 - 0x00007ffd46f33000 	C:\WINDOWS\SYSTEM32\UMPDC.dll
0x00007ffd46a10000 - 0x00007ffd46a74000 	C:\WINDOWS\SYSTEM32\WINSTA.dll

dbghelp: loaded successfully - version: 4.0.5 - missing functions: none
symbol engine: initialized successfully - sym options: 0x614 - pdb path: .;C:\Program Files\Java\jdk-14.0.1\bin;C:\WINDOWS\SYSTEM32;C:\WINDOWS\WinSxS\amd64_microsoft.windows.common-controls_6595b64144ccf1df_6.0.22000.120_none_9d947278b86cc467;C:\Program Files\Java\jdk-14.0.1\bin\server;C:\WINDOWS\System32\DriverStore\FileRepository\nv_dispi.inf_amd64_866484083fc526af;C:\Users\Drew\AppData\Local\Temp\lwjgl_Drew\3.3.3+5\x64

VM Arguments:
jvm_args: -agentlib:jdwp=transport=dt_socket,server=n,suspend=y,address=localhost:61405 -enableassertions -Dsun.awt.noerasebackground=true -Dorg.lwjgl.util.DebugLoader=true -Dvisualvm.display.name=Project-Gordian%PID -Dvisualvm.id=1726695277754 -XX:+ShowCodeDetailsInExceptionMessages 
java_command: shell.AWTTest
java_class_path (initial): Z:\ProjectGordian\Project-Gordian\target\classes;C:\Users\Drew\.m2\repository\org\apache\commons\commons-math3\3.1\commons-math3-3.1.jar;C:\Users\Drew\.m2\repository\org\apache\commons\commons-collections4\4.5.0-M1\commons-collections4-4.5.0-M1.jar;C:\Users\Drew\.m2\repository\org\junit\jupiter\junit-jupiter-engine\5.4.0\junit-jupiter-engine-5.4.0.jar;C:\Users\Drew\.m2\repository\org\apiguardian\apiguardian-api\1.0.0\apiguardian-api-1.0.0.jar;C:\Users\Drew\.m2\repository\org\junit\platform\junit-platform-engine\1.4.0\junit-platform-engine-1.4.0.jar;C:\Users\Drew\.m2\repository\org\opentest4j\opentest4j\1.1.1\opentest4j-1.1.1.jar;C:\Users\Drew\.m2\repository\org\junit\platform\junit-platform-commons\1.4.0\junit-platform-commons-1.4.0.jar;C:\Users\Drew\.m2\repository\org\junit\jupiter\junit-jupiter-api\5.4.0\junit-jupiter-api-5.4.0.jar;C:\Users\Drew\.m2\repository\org\apache\commons\commons-lang3\3.14.0\commons-lang3-3.14.0.jar;C:\Users\Drew\.m2\repository\org\lwjglx\lwjgl3-awt\0.1.8\lwjgl3-awt-0.1.8.jar;C:\Users\Drew\.m2\repository\org\lwjgl\lwjgl\3.3.3\lwjgl-3.3.3.jar;C:\Users\Drew\.m2\repository\org\lwjgl\lwjgl-assimp\3.3.3\lwjgl-assimp-3.3.3.jar;C:\Users\Drew\.m2\repository\org\lwjgl\lwjgl-bgfx\3.3.3\lwjgl-bgfx-3.3.3.jar;C:\Users\Drew\.m2\repository\org\lwjgl\lwjgl-cuda\3.3.3\lwjgl-cuda-3.3.3.jar;C:\Users\Drew\.m2\repository\org\lwjgl\lwjgl-egl\3.3.3\lwjgl-egl-3.3.3.jar;C:\Users\Drew\.m2\repository\org\lwjgl\lwjgl-fmod\3.3.3\lwjgl-fmod-3.3.3.jar;C:\Users\Drew\.m2\repository\org\lwjgl\lwjgl-freetype\3.3.3\lwjgl-freetype-3.3.3.jar;C:\Users\Drew\.m2\repository\org\lwjgl\lwjgl-glfw\3.3.3\lwjgl-glfw-3.3.3.jar;C:\Users\Drew\.m2\repository\org\lwjgl\lwjgl-harfbuzz\3.3.3\lwjgl-harfbuzz-3.3.3.jar;C:\Users\Drew\.m2\repository\org\lwjgl\lwjgl-hwloc\3.3.3\lwjgl-hwloc-3.3.3.jar;C:\Users\Drew\.m2\repository\org\lwjgl\lwjgl-jawt\3.3.3\lwjgl-jawt-3.3.3.jar;C:\Users\Drew\.m2\repository\org\lwjgl\lwjgl-jemalloc\3.3.3\lwjgl-jemalloc-3.3.3.jar;C:\Users\Dr
Launcher Type: SUN_STANDARD

[Global flags]
     intx CICompilerCount                          = 12                                        {product} {ergonomic}
     uint ConcGCThreads                            = 3                                         {product} {ergonomic}
     uint G1ConcRefinementThreads                  = 13                                        {product} {ergonomic}
   size_t G1HeapRegionSize                         = 1048576                                   {product} {ergonomic}
    uintx GCDrainStackTargetSize                   = 64                                        {product} {ergonomic}
   size_t InitialHeapSize                          = 134217728                                 {product} {ergonomic}
   size_t MarkStackSize                            = 4194304                                   {product} {ergonomic}
   size_t MaxHeapSize                              = 2130706432                                {product} {ergonomic}
   size_t MaxNewSize                               = 1278214144                                {product} {ergonomic}
   size_t MinHeapDeltaBytes                        = 1048576                                   {product} {ergonomic}
   size_t MinHeapSize                              = 8388608                                   {product} {ergonomic}
    uintx NonNMethodCodeHeapSize                   = 7602480                                {pd product} {ergonomic}
    uintx NonProfiledCodeHeapSize                  = 122027880                              {pd product} {ergonomic}
    uintx ProfiledCodeHeapSize                     = 122027880                              {pd product} {ergonomic}
    uintx ReservedCodeCacheSize                    = 251658240                              {pd product} {ergonomic}
     bool SegmentedCodeCache                       = true                                      {product} {ergonomic}
     bool ShowCodeDetailsInExceptionMessages       = true                                   {manageable} {command line}
   size_t SoftMaxHeapSize                          = 2130706432                             {manageable} {ergonomic}
     bool UseCompressedClassPointers               = true                                 {lp64_product} {ergonomic}
     bool UseCompressedOops                        = true                                 {lp64_product} {ergonomic}
     bool UseG1GC                                  = true                                      {product} {ergonomic}
     bool UseLargePagesIndividualAllocation        = false                                  {pd product} {ergonomic}

Logging:
Log output configuration:
 #0: stdout all=warning uptime,level,tags
 #1: stderr all=off uptime,level,tags

Environment Variables:
JAVA_HOME=C:\Program Files\Java\jdk1.7.0_67\bin
PATH=C:\Program Files\NVIDIA GPU Computing Toolkit\CUDA\v11.8\bin;C:\Program Files\NVIDIA GPU Computing Toolkit\CUDA\v11.8\libnvvp;C:\Program Files\NVIDIA GPU Computing Toolkit\CUDA\v11.3\bin;C:\Program Files\NVIDIA GPU Computing Toolkit\CUDA\v11.3\libnvvp;C:\Program Files\ImageMagick-6.9.2-Q16;C:\Program Files\Java\jre7\bin;C:\Windows\system32;C:\Windows;C:\Windows\System32\Wbem;C:\Windows\System32\WindowsPowerShell\v1.0\;C:\Program Files (x86)\ATI Technologies\ATI.ACE\Core-Static;C:\Program Files\Common Files\Autodesk Shared\;C:\Windows\System32\OpenSSH\;C:\Program Files\NVIDIA Corporation\NVIDIA NGX;C:\WINDOWS\system32;C:\WINDOWS;C:\WINDOWS\System32\Wbem;C:\WINDOWS\System32\WindowsPowerShell\v1.0\;C:\WINDOWS\System32\OpenSSH\;C:\Program Files (x86)\NVIDIA Corporation\PhysX\Common;C:\Program Files\NVIDIA Corporation\NVIDIA NvDLISR;C:\WINDOWS\system32;C:\WINDOWS;C:\WINDOWS\System32\Wbem;C:\WINDOWS\System32\WindowsPowerShell\v1.0\;C:\WINDOWS\System32\OpenSSH\;C:\Program Files\Git\cmd;C:\Users\Drew\Downloads\ffmpeg-master-latest-win64-gpl-shared\ffmpeg-master-latest-win64-gpl-shared\bin;C:\Users\Drew\AppData\Local\Programs\Python\Python310\Scripts\;C:\Users\Drew\AppData\Local\Programs\Python\Python310\;C:\Users\Drew\AppData\Local\Microsoft\WindowsApps;C:\Users\D;C:\Program Files\dotnet\;C:\Users\Drew\AppData\Roaming\nvm;C:\Program Files\nodejs;C:\Program Files\NVIDIA Corporation\Nsight Compute 2022.3.0\;C:\Users\Drew\scoop\shims;C:\Users\Drew\Downloads\ffmpeg-master-latest-win64-gpl-shared\ffmpeg-master-latest-win64-gpl-shared\bin;C:\Program Files\ImageMagick-6.9.2-Q16;C:\Program Files\Java\jre7\bin;C:\Windows\system32;C:\Windows;C:\Windows\System32\Wbem;C:\Windows\System32\WindowsPowerShell\v1.0\;C:\Program Files (x86)\ATI Technologies\ATI.ACE\Core-Static;C:\Program Files\Common Files\Autodesk Shared\;C:\Windows\System32\OpenSSH\;C:\Program Files\NVIDIA Corporation\NVIDIA NGX;C:\WINDOWS\system32;C:\WINDOWS;C:\WINDOWS\System32\Wbem;C:\WINDOWS\System32\WindowsPowerShell\
USERNAME=Drew
OS=Windows_NT
PROCESSOR_IDENTIFIER=AMD64 Family 23 Model 1 Stepping 1, AuthenticAMD



---------------  S Y S T E M  ---------------

OS: Windows 10 , 64 bit Build 22000 (10.0.22000.2538)
OS uptime: 1 days 23:37 hours

CPU:total 16 (initial active 16) (16 cores per cpu, 2 threads per core) family 23 model 1 stepping 1, cmov, cx8, fxsr, mmx, sse, sse2, sse3, ssse3, sse4.1, sse4.2, popcnt, avx, avx2, aes, clmul, mmxext, 3dnowpref, lzcnt, sse4a, ht, tsc, tscinvbit, tscinv, bmi1, bmi2, adx, sha, fma

Memory: 4k page, system-wide physical 8123M (2175M free)
TotalPageFile size 21046M (AvailPageFile size 9974M)
current process WorkingSet (physical memory assigned to process): 132M, peak: 132M
current process commit charge ("private bytes"): 358M, peak: 358M

vm_info: Java HotSpot(TM) 64-Bit Server VM (14.0.1+7) for windows-amd64 JRE (14.0.1+7), built on Mar  5 2020 10:30:14 by "mach5one" with MS VC++ 15.9 (VS2017)

END.
