#
# A fatal error has been detected by the Java Runtime Environment:
#
#  SIGSEGV (0xb) at pc=0x00007fffb782b6a0, pid=86042, tid=8963
#
# JRE version: Java(TM) SE Runtime Environment (14.0.2+12) (build 14.0.2+12-46)
# Java VM: Java HotSpot(TM) 64-Bit Server VM (14.0.2+12-46, mixed mode, sharing, tiered, compressed oops, g1 gc, bsd-amd64)
# Problematic frame:
# C  [libsystem_c.dylib+0x3d6a0]  flockfile+0x4
#
# No core dump will be written. Core dumps have been disabled. To enable core dumping, try "ulimit -c unlimited" before starting Java again
#
# If you would like to submit a bug report, please visit:
#   https://bugreport.java.com/bugreport/crash.jsp
# The crash happened outside the Java Virtual Machine in native code.
# See problematic frame for where to report the bug.
#

---------------  S U M M A R Y ------------

Command Line: main

Host: MacBookPro14,3 x86_64 2900 MHz, 8 cores, 16G, Darwin 16.7.0
Time: Tue Aug 11 13:16:40 2020 CDT elapsed time: 0 seconds (0d 0h 0m 0s)

---------------  T H R E A D  ---------------

Current thread (0x00007fd6ee80f000):  JavaThread "main" [_thread_in_native, id=8963, stack(0x000000010898a000,0x0000000108a8a000)]

Stack: [0x000000010898a000,0x0000000108a8a000],  sp=0x0000000108a895d0,  free space=1021k
Native frames: (J=compiled Java code, A=aot compiled Java code, j=interpreted, Vv=VM code, C=native code)
C  [libsystem_c.dylib+0x3d6a0]  flockfile+0x4
C  [libsystem_c.dylib+0x3e01f]  fgets+0x2c
C  [libqhull.dylib+0x1fba3]  qh_readpoints+0x2f3
C  [libqhull.dylib+0x5758d]  Java_qhullJNI_qh_1readpoints+0x6d
j  qhullJNI.qh_readpoints(JJJ)J+0
j  qhull.qh_readpoints(LSWIGTYPE_p_int;LSWIGTYPE_p_int;LSWIGTYPE_p_boolT;)LSWIGTYPE_p_coordT;+12
j  main.main([Ljava/lang/String;)V+30
v  ~StubRoutines::call_stub
V  [libjvm.dylib+0x34b6f6]  JavaCalls::call_helper(JavaValue*, methodHandle const&, JavaCallArguments*, Thread*)+0x256
V  [libjvm.dylib+0x38fdb9]  jni_invoke_static(JNIEnv_*, JavaValue*, _jobject*, JNICallType, _jmethodID*, JNI_ArgumentPusher*, Thread*)+0x11c
V  [libjvm.dylib+0x39369c]  jni_CallStaticVoidMethod+0x1b3
C  [libjli.dylib+0x4a42]  JavaMain+0xab4
C  [libjli.dylib+0x6d4a]  ThreadJavaMain+0x9
C  [libsystem_pthread.dylib+0x393b]  _pthread_body+0xb4
C  [libsystem_pthread.dylib+0x3887]  _pthread_body+0x0
C  [libsystem_pthread.dylib+0x308d]  thread_start+0xd

Java frames: (J=compiled Java code, j=interpreted, Vv=VM code)
j  qhullJNI.qh_readpoints(JJJ)J+0
j  qhull.qh_readpoints(LSWIGTYPE_p_int;LSWIGTYPE_p_int;LSWIGTYPE_p_boolT;)LSWIGTYPE_p_coordT;+12
j  main.main([Ljava/lang/String;)V+30
v  ~StubRoutines::call_stub

siginfo: si_signo: 11 (SIGSEGV), si_code: 1 (SEGV_MAPERR), si_addr: 0x0000000000000068

Register to memory mapping:

RAX=0x0 is NULL
RBX={method} {0x000000012d7d9358} 'qh_readpoints' '(JJJ)J' in 'qhullJNI'
RCX=0x0 is NULL
RDX=0x0 is NULL
RSP=0x0000000108a895d0 is pointing into the stack for thread: 0x00007fd6ee80f000
RBP=0x0000000108a895d0 is pointing into the stack for thread: 0x00007fd6ee80f000
RSI=0x00000000000000c8 is an unknown value
RDI=0x0 is NULL
R8 =0x0 is NULL
R9 =0x00007fd6ed50ed40 points into unknown readable memory: 70 13 7a 2d 01 00 00 00
R10=0x000000000000002e is an unknown value
R11=0x00007fffb782bff3: fgets+0 in /usr/lib/system/libsystem_c.dylib at 0x00007fffb77ee000
R12=0x00000000000000c8 is an unknown value
R13={method} {0x000000012d7d9358} 'qh_readpoints' '(JJJ)J' in 'qhullJNI'
R14=0x0 is NULL
R15=0x0000000108a896f0 is pointing into the stack for thread: 0x00007fd6ee80f000


Registers:
RAX=0x0000000000000000, RBX=0x000000012d7d9358, RCX=0x0000000000000000, RDX=0x0000000000000000
RSP=0x0000000108a895d0, RBP=0x0000000108a895d0, RSI=0x00000000000000c8, RDI=0x0000000000000000
R8 =0x0000000000000000, R9 =0x00007fd6ed50ed40, R10=0x000000000000002e, R11=0x00007fffb782bff3
R12=0x00000000000000c8, R13=0x000000012d7d9358, R14=0x0000000000000000, R15=0x0000000108a896f0
RIP=0x00007fffb782b6a0, EFLAGS=0x0000000000010202, ERR=0x0000000000000004
  TRAPNO=0x000000000000000e

Top of Stack: (sp=0x0000000108a895d0)
0x0000000108a895d0:   0000000108a89620 00007fffb782c01f
0x0000000108a895e0:   c4616d3eb62a00af 000000012d7d9358
0x0000000108a895f0:   0000000000000000 000000012d7d9358
0x0000000108a89600:   0000000000000000 000000012d7d9358
0x0000000108a89610:   0000000108a89928 0000000113f290b0
0x0000000108a89620:   0000000108a897f0 0000000113eccba3
0x0000000108a89630:   0000000000000000 00007fd602000000
0x0000000108a89640:   0000000108a89548 0000000000000000
0x0000000108a89650:   0000000000000000 0000000000000000
0x0000000108a89660:   00007fd600000400 0000000108a89678
0x0000000108a89670:   0000000113f00020 00000001084b7f40
0x0000000108a89680:   0000000000000000 0000000000000008
0x0000000108a89690:   0000000000000000 0000000000000000
0x0000000108a896a0:   0000000108a89600 0000000000000000
0x0000000108a896b0:   00007f01ee80f000 0000000000000000
0x0000000108a896c0:   0000000000000000 0000000108107100
0x0000000108a896d0:   0000000000000000 0000000000000000
0x0000000108a896e0:   0000000000000000 0000000108a89700
0x0000000108a896f0:   0000000000000000 00000001084e1660
0x0000000108a89700:   00000008004c0c00 00000006ee80f000
0x0000000108a89710:   0000000800b65c70 000000012d7d9358
0x0000000108a89720:   00007fd6ee80f000 0000000200000006
0x0000000108a89730:   0000000000000003 00007fd6ed50e810
0x0000000108a89740:   0000000400000000 00007fd600000008
0x0000000108a89750:   00000001084e15f0 00000008004c0c00
0x0000000108a89760:   0000000000000005 00007fd6ed50e800
0x0000000108a89770:   000000000014ccd7 00007fd600000011
0x0000000108a89780:   000000012d7d9358 00007fd6ee80f000
0x0000000108a89790:   00007fd6ed50e650 00007fd6ed50e800
0x0000000108a897a0:   00007fd6ed50e810 00007fd6ed50ebe8
0x0000000108a897b0:   00000000000003d8 00007fd6ed509270
0x0000000108a897c0:   c4616d3eb62a00af 000000012d7d9358 

Instructions: (pc=0x00007fffb782b6a0)
0x00007fffb782b5a0:   44 89 c3 29 d3 01 cb 39 df 0f 46 df b8 01 00 00
0x00007fffb782b5b0:   00 89 da 29 f2 7e 33 83 fa 01 74 0c 89 d7 c1 ef
0x00007fffb782b5c0:   1f 01 d7 d1 ff 0f af c7 01 c1 48 63 c1 48 c1 e0
0x00007fffb782b5d0:   04 41 8b 14 01 0f ca 44 39 e2 89 df 75 b3 49 01
0x00007fffb782b5e0:   c1 4d 85 c9 74 04 4d 8b 79 04 4c 89 f8 48 83 c4
0x00007fffb782b5f0:   38 5b 41 5c 41 5d 41 5e 41 5f 5d c3 55 48 89 e5
0x00007fffb782b600:   53 50 48 89 fb 48 8d 43 01 48 83 f8 01 77 12 e8
0x00007fffb782b610:   d0 8e 04 00 c7 00 09 00 00 00 b8 ff ff ff ff eb
0x00007fffb782b620:   1d 48 8b 3b e8 c4 03 00 00 8b 73 08 48 89 df e8
0x00007fffb782b630:   11 00 00 00 48 89 df e8 00 91 04 00 31 c0 48 83
0x00007fffb782b640:   c4 08 5b 5d c3 55 48 89 e5 41 57 41 56 41 54 53
0x00007fffb782b650:   41 89 f4 49 89 fe 4d 8b 7e 10 bb 24 00 00 00 45
0x00007fffb782b660:   85 e4 7e 28 41 83 3c 1f 00 75 18 49 8b 7c 1f f0
0x00007fffb782b670:   e8 c7 90 04 00 49 8b 7c 1f e8 e8 bd 90 04 00 4d
0x00007fffb782b680:   8b 7e 10 48 83 c3 28 41 ff cc 75 d8 4c 89 ff 5b
0x00007fffb782b690:   41 5c 41 5e 41 5f 5d e9 a0 90 04 00 55 48 89 e5
0x00007fffb782b6a0:   48 8b 7f 68 48 83 c7 08 5d e9 f2 92 04 00 55 48
0x00007fffb782b6b0:   89 e5 48 8b 7f 68 48 83 c7 08 5d e9 e0 92 04 00
0x00007fffb782b6c0:   55 48 89 e5 48 8b 7f 68 48 83 c7 08 e8 d5 92 04
0x00007fffb782b6d0:   00 f7 d8 19 c0 5d c3 55 48 89 e5 48 8b 7f 68 48
0x00007fffb782b6e0:   83 c7 08 5d e9 c3 92 04 00 55 48 89 e5 41 57 41
0x00007fffb782b6f0:   56 53 48 81 ec d8 00 00 00 49 89 f6 48 89 fb 84
0x00007fffb782b700:   c0 74 2c 0f 29 85 40 ff ff ff 0f 29 8d 50 ff ff
0x00007fffb782b710:   ff 0f 29 95 60 ff ff ff 0f 29 9d 70 ff ff ff 0f
0x00007fffb782b720:   29 65 80 0f 29 6d 90 0f 29 75 a0 0f 29 7d b0 4c
0x00007fffb782b730:   89 8d 38 ff ff ff 4c 89 85 30 ff ff ff 48 89 8d
0x00007fffb782b740:   28 ff ff ff 48 89 95 20 ff ff ff 4c 8d 3d 1e 49
0x00007fffb782b750:   e8 08 4d 8b 3f 4c 89 7d e0 48 8d 85 10 ff ff ff
0x00007fffb782b760:   48 89 45 d0 48 8d 45 10 48 89 45 c8 c7 45 c4 30
0x00007fffb782b770:   00 00 00 c7 45 c0 10 00 00 00 48 8b 3d 8f 48 e8
0x00007fffb782b780:   08 e8 f6 91 04 00 48 85 c0 48 8d 35 28 4f e8 08
0x00007fffb782b790:   48 0f 45 f0 48 8d 4d c0 48 89 df 4c 89 f2 e8 09 


Stack slot to memory mapping:
stack at sp + 0 slots: 0x0000000108a89620 is pointing into the stack for thread: 0x00007fd6ee80f000
stack at sp + 1 slots: 0x00007fffb782c01f: fgets+0x2c in /usr/lib/system/libsystem_c.dylib at 0x00007fffb77ee000
stack at sp + 2 slots: 0xc4616d3eb62a00af is an unknown value
stack at sp + 3 slots: {method} {0x000000012d7d9358} 'qh_readpoints' '(JJJ)J' in 'qhullJNI'
stack at sp + 4 slots: 0x0 is NULL
stack at sp + 5 slots: {method} {0x000000012d7d9358} 'qh_readpoints' '(JJJ)J' in 'qhullJNI'
stack at sp + 6 slots: 0x0 is NULL
stack at sp + 7 slots: {method} {0x000000012d7d9358} 'qh_readpoints' '(JJJ)J' in 'qhullJNI'


---------------  P R O C E S S  ---------------

Threads class SMR info:
_java_thread_list=0x00007fd6ed4117d0, length=10, elements={
0x00007fd6ee80f000, 0x00007fd6ef03f000, 0x00007fd6ef042000, 0x00007fd6ee86e800,
0x00007fd6ee0a5800, 0x00007fd6ee0a6800, 0x00007fd6ef040800, 0x00007fd6ed810800,
0x00007fd6ef02c000, 0x00007fd6ed853800
}

Java Threads: ( => current thread )
=>0x00007fd6ee80f000 JavaThread "main" [_thread_in_native, id=8963, stack(0x000000010898a000,0x0000000108a8a000)]
  0x00007fd6ef03f000 JavaThread "Reference Handler" daemon [_thread_blocked, id=18435, stack(0x000070000b84e000,0x000070000b94e000)]
  0x00007fd6ef042000 JavaThread "Finalizer" daemon [_thread_blocked, id=19203, stack(0x000070000b951000,0x000070000ba51000)]
  0x00007fd6ee86e800 JavaThread "Signal Dispatcher" daemon [_thread_blocked, id=22795, stack(0x000070000ba54000,0x000070000bb54000)]
  0x00007fd6ee0a5800 JavaThread "Service Thread" daemon [_thread_blocked, id=23555, stack(0x000070000bb57000,0x000070000bc57000)]
  0x00007fd6ee0a6800 JavaThread "C2 CompilerThread0" daemon [_thread_blocked, id=24323, stack(0x000070000bc5a000,0x000070000bd5a000)]
  0x00007fd6ef040800 JavaThread "C1 CompilerThread0" daemon [_thread_blocked, id=25091, stack(0x000070000bd5d000,0x000070000be5d000)]
  0x00007fd6ed810800 JavaThread "Sweeper thread" daemon [_thread_blocked, id=25859, stack(0x000070000be60000,0x000070000bf60000)]
  0x00007fd6ef02c000 JavaThread "Notification Thread" daemon [_thread_blocked, id=26627, stack(0x000070000bf63000,0x000070000c063000)]
  0x00007fd6ed853800 JavaThread "Common-Cleaner" daemon [_thread_blocked, id=27907, stack(0x000070000c169000,0x000070000c269000)]

Other Threads:
  0x00007fd6ef03e000 VMThread "VM Thread" [stack: 0x000070000b74b000,0x000070000b84b000] [id=17411]
  0x00007fd6ed803000 WatcherThread [stack: 0x000070000c066000,0x000070000c166000] [id=27139]
  0x00007fd6ee847000 GCTaskThread "GC Thread#0" [stack: 0x000070000b23c000,0x000070000b33c000] [id=14339]
  0x00007fd6ee868000 ConcurrentGCThread "G1 Main Marker" [stack: 0x000070000b33f000,0x000070000b43f000] [id=14851]
  0x00007fd6ee868800 ConcurrentGCThread "G1 Conc#0" [stack: 0x000070000b442000,0x000070000b542000] [id=15875]
  0x00007fd6ee0a1000 ConcurrentGCThread "G1 Refine#0" [stack: 0x000070000b545000,0x000070000b645000] [id=16387]
  0x00007fd6ee0a2000 ConcurrentGCThread "G1 Young RemSet Sampling" [stack: 0x000070000b648000,0x000070000b748000] [id=16899]

Threads with active compile tasks:

VM state:not at safepoint (normal execution)

VM Mutex/Monitor currently owned by a thread: None

Heap address: 0x0000000700000000, size: 4096 MB, Compressed Oops mode: Zero based, Oop shift amount: 3
Narrow klass base: 0x0000000800000000, Narrow klass shift: 3
Compressed class space size: 1073741824 Address: 0x0000000800b05000

Heap:
 garbage-first heap   total 264192K, used 816K [0x0000000700000000, 0x0000000800000000)
  region size 1024K, 1 young (1024K), 0 survivors (0K)
 Metaspace       used 381K, capacity 4744K, committed 5120K, reserved 1056768K
  class space    used 10K, capacity 388K, committed 512K, reserved 1048576K
Heap Regions: E=young(eden), S=young(survivor), O=old, HS=humongous(starts), HC=humongous(continues), CS=collection set, F=free, OA=open archive, CA=closed archive, TAMS=top-at-mark-start (previous, next)
|   0|0x0000000700000000, 0x0000000700000000, 0x0000000700100000|  0%| F|  |TAMS 0x0000000700000000, 0x0000000700000000| Untracked 
|   1|0x0000000700100000, 0x0000000700100000, 0x0000000700200000|  0%| F|  |TAMS 0x0000000700100000, 0x0000000700100000| Untracked 
|   2|0x0000000700200000, 0x0000000700200000, 0x0000000700300000|  0%| F|  |TAMS 0x0000000700200000, 0x0000000700200000| Untracked 
|   3|0x0000000700300000, 0x0000000700300000, 0x0000000700400000|  0%| F|  |TAMS 0x0000000700300000, 0x0000000700300000| Untracked 
|   4|0x0000000700400000, 0x0000000700400000, 0x0000000700500000|  0%| F|  |TAMS 0x0000000700400000, 0x0000000700400000| Untracked 
|   5|0x0000000700500000, 0x0000000700500000, 0x0000000700600000|  0%| F|  |TAMS 0x0000000700500000, 0x0000000700500000| Untracked 
|   6|0x0000000700600000, 0x0000000700600000, 0x0000000700700000|  0%| F|  |TAMS 0x0000000700600000, 0x0000000700600000| Untracked 
|   7|0x0000000700700000, 0x0000000700700000, 0x0000000700800000|  0%| F|  |TAMS 0x0000000700700000, 0x0000000700700000| Untracked 
|   8|0x0000000700800000, 0x0000000700800000, 0x0000000700900000|  0%| F|  |TAMS 0x0000000700800000, 0x0000000700800000| Untracked 
|   9|0x0000000700900000, 0x0000000700900000, 0x0000000700a00000|  0%| F|  |TAMS 0x0000000700900000, 0x0000000700900000| Untracked 
|  10|0x0000000700a00000, 0x0000000700a00000, 0x0000000700b00000|  0%| F|  |TAMS 0x0000000700a00000, 0x0000000700a00000| Untracked 
|  11|0x0000000700b00000, 0x0000000700b00000, 0x0000000700c00000|  0%| F|  |TAMS 0x0000000700b00000, 0x0000000700b00000| Untracked 
|  12|0x0000000700c00000, 0x0000000700c00000, 0x0000000700d00000|  0%| F|  |TAMS 0x0000000700c00000, 0x0000000700c00000| Untracked 
|  13|0x0000000700d00000, 0x0000000700d00000, 0x0000000700e00000|  0%| F|  |TAMS 0x0000000700d00000, 0x0000000700d00000| Untracked 
|  14|0x0000000700e00000, 0x0000000700e00000, 0x0000000700f00000|  0%| F|  |TAMS 0x0000000700e00000, 0x0000000700e00000| Untracked 
|  15|0x0000000700f00000, 0x0000000700f00000, 0x0000000701000000|  0%| F|  |TAMS 0x0000000700f00000, 0x0000000700f00000| Untracked 
|  16|0x0000000701000000, 0x0000000701000000, 0x0000000701100000|  0%| F|  |TAMS 0x0000000701000000, 0x0000000701000000| Untracked 
|  17|0x0000000701100000, 0x0000000701100000, 0x0000000701200000|  0%| F|  |TAMS 0x0000000701100000, 0x0000000701100000| Untracked 
|  18|0x0000000701200000, 0x0000000701200000, 0x0000000701300000|  0%| F|  |TAMS 0x0000000701200000, 0x0000000701200000| Untracked 
|  19|0x0000000701300000, 0x0000000701300000, 0x0000000701400000|  0%| F|  |TAMS 0x0000000701300000, 0x0000000701300000| Untracked 
|  20|0x0000000701400000, 0x0000000701400000, 0x0000000701500000|  0%| F|  |TAMS 0x0000000701400000, 0x0000000701400000| Untracked 
|  21|0x0000000701500000, 0x0000000701500000, 0x0000000701600000|  0%| F|  |TAMS 0x0000000701500000, 0x0000000701500000| Untracked 
|  22|0x0000000701600000, 0x0000000701600000, 0x0000000701700000|  0%| F|  |TAMS 0x0000000701600000, 0x0000000701600000| Untracked 
|  23|0x0000000701700000, 0x0000000701700000, 0x0000000701800000|  0%| F|  |TAMS 0x0000000701700000, 0x0000000701700000| Untracked 
|  24|0x0000000701800000, 0x0000000701800000, 0x0000000701900000|  0%| F|  |TAMS 0x0000000701800000, 0x0000000701800000| Untracked 
|  25|0x0000000701900000, 0x0000000701900000, 0x0000000701a00000|  0%| F|  |TAMS 0x0000000701900000, 0x0000000701900000| Untracked 
|  26|0x0000000701a00000, 0x0000000701a00000, 0x0000000701b00000|  0%| F|  |TAMS 0x0000000701a00000, 0x0000000701a00000| Untracked 
|  27|0x0000000701b00000, 0x0000000701b00000, 0x0000000701c00000|  0%| F|  |TAMS 0x0000000701b00000, 0x0000000701b00000| Untracked 
|  28|0x0000000701c00000, 0x0000000701c00000, 0x0000000701d00000|  0%| F|  |TAMS 0x0000000701c00000, 0x0000000701c00000| Untracked 
|  29|0x0000000701d00000, 0x0000000701d00000, 0x0000000701e00000|  0%| F|  |TAMS 0x0000000701d00000, 0x0000000701d00000| Untracked 
|  30|0x0000000701e00000, 0x0000000701e00000, 0x0000000701f00000|  0%| F|  |TAMS 0x0000000701e00000, 0x0000000701e00000| Untracked 
|  31|0x0000000701f00000, 0x0000000701f00000, 0x0000000702000000|  0%| F|  |TAMS 0x0000000701f00000, 0x0000000701f00000| Untracked 
|  32|0x0000000702000000, 0x0000000702000000, 0x0000000702100000|  0%| F|  |TAMS 0x0000000702000000, 0x0000000702000000| Untracked 
|  33|0x0000000702100000, 0x0000000702100000, 0x0000000702200000|  0%| F|  |TAMS 0x0000000702100000, 0x0000000702100000| Untracked 
|  34|0x0000000702200000, 0x0000000702200000, 0x0000000702300000|  0%| F|  |TAMS 0x0000000702200000, 0x0000000702200000| Untracked 
|  35|0x0000000702300000, 0x0000000702300000, 0x0000000702400000|  0%| F|  |TAMS 0x0000000702300000, 0x0000000702300000| Untracked 
|  36|0x0000000702400000, 0x0000000702400000, 0x0000000702500000|  0%| F|  |TAMS 0x0000000702400000, 0x0000000702400000| Untracked 
|  37|0x0000000702500000, 0x0000000702500000, 0x0000000702600000|  0%| F|  |TAMS 0x0000000702500000, 0x0000000702500000| Untracked 
|  38|0x0000000702600000, 0x0000000702600000, 0x0000000702700000|  0%| F|  |TAMS 0x0000000702600000, 0x0000000702600000| Untracked 
|  39|0x0000000702700000, 0x0000000702700000, 0x0000000702800000|  0%| F|  |TAMS 0x0000000702700000, 0x0000000702700000| Untracked 
|  40|0x0000000702800000, 0x0000000702800000, 0x0000000702900000|  0%| F|  |TAMS 0x0000000702800000, 0x0000000702800000| Untracked 
|  41|0x0000000702900000, 0x0000000702900000, 0x0000000702a00000|  0%| F|  |TAMS 0x0000000702900000, 0x0000000702900000| Untracked 
|  42|0x0000000702a00000, 0x0000000702a00000, 0x0000000702b00000|  0%| F|  |TAMS 0x0000000702a00000, 0x0000000702a00000| Untracked 
|  43|0x0000000702b00000, 0x0000000702b00000, 0x0000000702c00000|  0%| F|  |TAMS 0x0000000702b00000, 0x0000000702b00000| Untracked 
|  44|0x0000000702c00000, 0x0000000702c00000, 0x0000000702d00000|  0%| F|  |TAMS 0x0000000702c00000, 0x0000000702c00000| Untracked 
|  45|0x0000000702d00000, 0x0000000702d00000, 0x0000000702e00000|  0%| F|  |TAMS 0x0000000702d00000, 0x0000000702d00000| Untracked 
|  46|0x0000000702e00000, 0x0000000702e00000, 0x0000000702f00000|  0%| F|  |TAMS 0x0000000702e00000, 0x0000000702e00000| Untracked 
|  47|0x0000000702f00000, 0x0000000702f00000, 0x0000000703000000|  0%| F|  |TAMS 0x0000000702f00000, 0x0000000702f00000| Untracked 
|  48|0x0000000703000000, 0x0000000703000000, 0x0000000703100000|  0%| F|  |TAMS 0x0000000703000000, 0x0000000703000000| Untracked 
|  49|0x0000000703100000, 0x0000000703100000, 0x0000000703200000|  0%| F|  |TAMS 0x0000000703100000, 0x0000000703100000| Untracked 
|  50|0x0000000703200000, 0x0000000703200000, 0x0000000703300000|  0%| F|  |TAMS 0x0000000703200000, 0x0000000703200000| Untracked 
|  51|0x0000000703300000, 0x0000000703300000, 0x0000000703400000|  0%| F|  |TAMS 0x0000000703300000, 0x0000000703300000| Untracked 
|  52|0x0000000703400000, 0x0000000703400000, 0x0000000703500000|  0%| F|  |TAMS 0x0000000703400000, 0x0000000703400000| Untracked 
|  53|0x0000000703500000, 0x0000000703500000, 0x0000000703600000|  0%| F|  |TAMS 0x0000000703500000, 0x0000000703500000| Untracked 
|  54|0x0000000703600000, 0x0000000703600000, 0x0000000703700000|  0%| F|  |TAMS 0x0000000703600000, 0x0000000703600000| Untracked 
|  55|0x0000000703700000, 0x0000000703700000, 0x0000000703800000|  0%| F|  |TAMS 0x0000000703700000, 0x0000000703700000| Untracked 
|  56|0x0000000703800000, 0x0000000703800000, 0x0000000703900000|  0%| F|  |TAMS 0x0000000703800000, 0x0000000703800000| Untracked 
|  57|0x0000000703900000, 0x0000000703900000, 0x0000000703a00000|  0%| F|  |TAMS 0x0000000703900000, 0x0000000703900000| Untracked 
|  58|0x0000000703a00000, 0x0000000703a00000, 0x0000000703b00000|  0%| F|  |TAMS 0x0000000703a00000, 0x0000000703a00000| Untracked 
|  59|0x0000000703b00000, 0x0000000703b00000, 0x0000000703c00000|  0%| F|  |TAMS 0x0000000703b00000, 0x0000000703b00000| Untracked 
|  60|0x0000000703c00000, 0x0000000703c00000, 0x0000000703d00000|  0%| F|  |TAMS 0x0000000703c00000, 0x0000000703c00000| Untracked 
|  61|0x0000000703d00000, 0x0000000703d00000, 0x0000000703e00000|  0%| F|  |TAMS 0x0000000703d00000, 0x0000000703d00000| Untracked 
|  62|0x0000000703e00000, 0x0000000703e00000, 0x0000000703f00000|  0%| F|  |TAMS 0x0000000703e00000, 0x0000000703e00000| Untracked 
|  63|0x0000000703f00000, 0x0000000703f00000, 0x0000000704000000|  0%| F|  |TAMS 0x0000000703f00000, 0x0000000703f00000| Untracked 
|  64|0x0000000704000000, 0x0000000704000000, 0x0000000704100000|  0%| F|  |TAMS 0x0000000704000000, 0x0000000704000000| Untracked 
|  65|0x0000000704100000, 0x0000000704100000, 0x0000000704200000|  0%| F|  |TAMS 0x0000000704100000, 0x0000000704100000| Untracked 
|  66|0x0000000704200000, 0x0000000704200000, 0x0000000704300000|  0%| F|  |TAMS 0x0000000704200000, 0x0000000704200000| Untracked 
|  67|0x0000000704300000, 0x0000000704300000, 0x0000000704400000|  0%| F|  |TAMS 0x0000000704300000, 0x0000000704300000| Untracked 
|  68|0x0000000704400000, 0x0000000704400000, 0x0000000704500000|  0%| F|  |TAMS 0x0000000704400000, 0x0000000704400000| Untracked 
|  69|0x0000000704500000, 0x0000000704500000, 0x0000000704600000|  0%| F|  |TAMS 0x0000000704500000, 0x0000000704500000| Untracked 
|  70|0x0000000704600000, 0x0000000704600000, 0x0000000704700000|  0%| F|  |TAMS 0x0000000704600000, 0x0000000704600000| Untracked 
|  71|0x0000000704700000, 0x0000000704700000, 0x0000000704800000|  0%| F|  |TAMS 0x0000000704700000, 0x0000000704700000| Untracked 
|  72|0x0000000704800000, 0x0000000704800000, 0x0000000704900000|  0%| F|  |TAMS 0x0000000704800000, 0x0000000704800000| Untracked 
|  73|0x0000000704900000, 0x0000000704900000, 0x0000000704a00000|  0%| F|  |TAMS 0x0000000704900000, 0x0000000704900000| Untracked 
|  74|0x0000000704a00000, 0x0000000704a00000, 0x0000000704b00000|  0%| F|  |TAMS 0x0000000704a00000, 0x0000000704a00000| Untracked 
|  75|0x0000000704b00000, 0x0000000704b00000, 0x0000000704c00000|  0%| F|  |TAMS 0x0000000704b00000, 0x0000000704b00000| Untracked 
|  76|0x0000000704c00000, 0x0000000704c00000, 0x0000000704d00000|  0%| F|  |TAMS 0x0000000704c00000, 0x0000000704c00000| Untracked 
|  77|0x0000000704d00000, 0x0000000704d00000, 0x0000000704e00000|  0%| F|  |TAMS 0x0000000704d00000, 0x0000000704d00000| Untracked 
|  78|0x0000000704e00000, 0x0000000704e00000, 0x0000000704f00000|  0%| F|  |TAMS 0x0000000704e00000, 0x0000000704e00000| Untracked 
|  79|0x0000000704f00000, 0x0000000704f00000, 0x0000000705000000|  0%| F|  |TAMS 0x0000000704f00000, 0x0000000704f00000| Untracked 
|  80|0x0000000705000000, 0x0000000705000000, 0x0000000705100000|  0%| F|  |TAMS 0x0000000705000000, 0x0000000705000000| Untracked 
|  81|0x0000000705100000, 0x0000000705100000, 0x0000000705200000|  0%| F|  |TAMS 0x0000000705100000, 0x0000000705100000| Untracked 
|  82|0x0000000705200000, 0x0000000705200000, 0x0000000705300000|  0%| F|  |TAMS 0x0000000705200000, 0x0000000705200000| Untracked 
|  83|0x0000000705300000, 0x0000000705300000, 0x0000000705400000|  0%| F|  |TAMS 0x0000000705300000, 0x0000000705300000| Untracked 
|  84|0x0000000705400000, 0x0000000705400000, 0x0000000705500000|  0%| F|  |TAMS 0x0000000705400000, 0x0000000705400000| Untracked 
|  85|0x0000000705500000, 0x0000000705500000, 0x0000000705600000|  0%| F|  |TAMS 0x0000000705500000, 0x0000000705500000| Untracked 
|  86|0x0000000705600000, 0x0000000705600000, 0x0000000705700000|  0%| F|  |TAMS 0x0000000705600000, 0x0000000705600000| Untracked 
|  87|0x0000000705700000, 0x0000000705700000, 0x0000000705800000|  0%| F|  |TAMS 0x0000000705700000, 0x0000000705700000| Untracked 
|  88|0x0000000705800000, 0x0000000705800000, 0x0000000705900000|  0%| F|  |TAMS 0x0000000705800000, 0x0000000705800000| Untracked 
|  89|0x0000000705900000, 0x0000000705900000, 0x0000000705a00000|  0%| F|  |TAMS 0x0000000705900000, 0x0000000705900000| Untracked 
|  90|0x0000000705a00000, 0x0000000705a00000, 0x0000000705b00000|  0%| F|  |TAMS 0x0000000705a00000, 0x0000000705a00000| Untracked 
|  91|0x0000000705b00000, 0x0000000705b00000, 0x0000000705c00000|  0%| F|  |TAMS 0x0000000705b00000, 0x0000000705b00000| Untracked 
|  92|0x0000000705c00000, 0x0000000705c00000, 0x0000000705d00000|  0%| F|  |TAMS 0x0000000705c00000, 0x0000000705c00000| Untracked 
|  93|0x0000000705d00000, 0x0000000705d00000, 0x0000000705e00000|  0%| F|  |TAMS 0x0000000705d00000, 0x0000000705d00000| Untracked 
|  94|0x0000000705e00000, 0x0000000705e00000, 0x0000000705f00000|  0%| F|  |TAMS 0x0000000705e00000, 0x0000000705e00000| Untracked 
|  95|0x0000000705f00000, 0x0000000705f00000, 0x0000000706000000|  0%| F|  |TAMS 0x0000000705f00000, 0x0000000705f00000| Untracked 
|  96|0x0000000706000000, 0x0000000706000000, 0x0000000706100000|  0%| F|  |TAMS 0x0000000706000000, 0x0000000706000000| Untracked 
|  97|0x0000000706100000, 0x0000000706100000, 0x0000000706200000|  0%| F|  |TAMS 0x0000000706100000, 0x0000000706100000| Untracked 
|  98|0x0000000706200000, 0x0000000706200000, 0x0000000706300000|  0%| F|  |TAMS 0x0000000706200000, 0x0000000706200000| Untracked 
|  99|0x0000000706300000, 0x0000000706300000, 0x0000000706400000|  0%| F|  |TAMS 0x0000000706300000, 0x0000000706300000| Untracked 
| 100|0x0000000706400000, 0x0000000706400000, 0x0000000706500000|  0%| F|  |TAMS 0x0000000706400000, 0x0000000706400000| Untracked 
| 101|0x0000000706500000, 0x0000000706500000, 0x0000000706600000|  0%| F|  |TAMS 0x0000000706500000, 0x0000000706500000| Untracked 
| 102|0x0000000706600000, 0x0000000706600000, 0x0000000706700000|  0%| F|  |TAMS 0x0000000706600000, 0x0000000706600000| Untracked 
| 103|0x0000000706700000, 0x0000000706700000, 0x0000000706800000|  0%| F|  |TAMS 0x0000000706700000, 0x0000000706700000| Untracked 
| 104|0x0000000706800000, 0x0000000706800000, 0x0000000706900000|  0%| F|  |TAMS 0x0000000706800000, 0x0000000706800000| Untracked 
| 105|0x0000000706900000, 0x0000000706900000, 0x0000000706a00000|  0%| F|  |TAMS 0x0000000706900000, 0x0000000706900000| Untracked 
| 106|0x0000000706a00000, 0x0000000706a00000, 0x0000000706b00000|  0%| F|  |TAMS 0x0000000706a00000, 0x0000000706a00000| Untracked 
| 107|0x0000000706b00000, 0x0000000706b00000, 0x0000000706c00000|  0%| F|  |TAMS 0x0000000706b00000, 0x0000000706b00000| Untracked 
| 108|0x0000000706c00000, 0x0000000706c00000, 0x0000000706d00000|  0%| F|  |TAMS 0x0000000706c00000, 0x0000000706c00000| Untracked 
| 109|0x0000000706d00000, 0x0000000706d00000, 0x0000000706e00000|  0%| F|  |TAMS 0x0000000706d00000, 0x0000000706d00000| Untracked 
| 110|0x0000000706e00000, 0x0000000706e00000, 0x0000000706f00000|  0%| F|  |TAMS 0x0000000706e00000, 0x0000000706e00000| Untracked 
| 111|0x0000000706f00000, 0x0000000706f00000, 0x0000000707000000|  0%| F|  |TAMS 0x0000000706f00000, 0x0000000706f00000| Untracked 
| 112|0x0000000707000000, 0x0000000707000000, 0x0000000707100000|  0%| F|  |TAMS 0x0000000707000000, 0x0000000707000000| Untracked 
| 113|0x0000000707100000, 0x0000000707100000, 0x0000000707200000|  0%| F|  |TAMS 0x0000000707100000, 0x0000000707100000| Untracked 
| 114|0x0000000707200000, 0x0000000707200000, 0x0000000707300000|  0%| F|  |TAMS 0x0000000707200000, 0x0000000707200000| Untracked 
| 115|0x0000000707300000, 0x0000000707300000, 0x0000000707400000|  0%| F|  |TAMS 0x0000000707300000, 0x0000000707300000| Untracked 
| 116|0x0000000707400000, 0x0000000707400000, 0x0000000707500000|  0%| F|  |TAMS 0x0000000707400000, 0x0000000707400000| Untracked 
| 117|0x0000000707500000, 0x0000000707500000, 0x0000000707600000|  0%| F|  |TAMS 0x0000000707500000, 0x0000000707500000| Untracked 
| 118|0x0000000707600000, 0x0000000707600000, 0x0000000707700000|  0%| F|  |TAMS 0x0000000707600000, 0x0000000707600000| Untracked 
| 119|0x0000000707700000, 0x0000000707700000, 0x0000000707800000|  0%| F|  |TAMS 0x0000000707700000, 0x0000000707700000| Untracked 
| 120|0x0000000707800000, 0x0000000707800000, 0x0000000707900000|  0%| F|  |TAMS 0x0000000707800000, 0x0000000707800000| Untracked 
| 121|0x0000000707900000, 0x0000000707900000, 0x0000000707a00000|  0%| F|  |TAMS 0x0000000707900000, 0x0000000707900000| Untracked 
| 122|0x0000000707a00000, 0x0000000707a00000, 0x0000000707b00000|  0%| F|  |TAMS 0x0000000707a00000, 0x0000000707a00000| Untracked 
| 123|0x0000000707b00000, 0x0000000707b00000, 0x0000000707c00000|  0%| F|  |TAMS 0x0000000707b00000, 0x0000000707b00000| Untracked 
| 124|0x0000000707c00000, 0x0000000707c00000, 0x0000000707d00000|  0%| F|  |TAMS 0x0000000707c00000, 0x0000000707c00000| Untracked 
| 125|0x0000000707d00000, 0x0000000707d00000, 0x0000000707e00000|  0%| F|  |TAMS 0x0000000707d00000, 0x0000000707d00000| Untracked 
| 126|0x0000000707e00000, 0x0000000707e00000, 0x0000000707f00000|  0%| F|  |TAMS 0x0000000707e00000, 0x0000000707e00000| Untracked 
| 127|0x0000000707f00000, 0x0000000707f00000, 0x0000000708000000|  0%| F|  |TAMS 0x0000000707f00000, 0x0000000707f00000| Untracked 
| 128|0x0000000708000000, 0x0000000708000000, 0x0000000708100000|  0%| F|  |TAMS 0x0000000708000000, 0x0000000708000000| Untracked 
| 129|0x0000000708100000, 0x0000000708100000, 0x0000000708200000|  0%| F|  |TAMS 0x0000000708100000, 0x0000000708100000| Untracked 
| 130|0x0000000708200000, 0x0000000708200000, 0x0000000708300000|  0%| F|  |TAMS 0x0000000708200000, 0x0000000708200000| Untracked 
| 131|0x0000000708300000, 0x0000000708300000, 0x0000000708400000|  0%| F|  |TAMS 0x0000000708300000, 0x0000000708300000| Untracked 
| 132|0x0000000708400000, 0x0000000708400000, 0x0000000708500000|  0%| F|  |TAMS 0x0000000708400000, 0x0000000708400000| Untracked 
| 133|0x0000000708500000, 0x0000000708500000, 0x0000000708600000|  0%| F|  |TAMS 0x0000000708500000, 0x0000000708500000| Untracked 
| 134|0x0000000708600000, 0x0000000708600000, 0x0000000708700000|  0%| F|  |TAMS 0x0000000708600000, 0x0000000708600000| Untracked 
| 135|0x0000000708700000, 0x0000000708700000, 0x0000000708800000|  0%| F|  |TAMS 0x0000000708700000, 0x0000000708700000| Untracked 
| 136|0x0000000708800000, 0x0000000708800000, 0x0000000708900000|  0%| F|  |TAMS 0x0000000708800000, 0x0000000708800000| Untracked 
| 137|0x0000000708900000, 0x0000000708900000, 0x0000000708a00000|  0%| F|  |TAMS 0x0000000708900000, 0x0000000708900000| Untracked 
| 138|0x0000000708a00000, 0x0000000708a00000, 0x0000000708b00000|  0%| F|  |TAMS 0x0000000708a00000, 0x0000000708a00000| Untracked 
| 139|0x0000000708b00000, 0x0000000708b00000, 0x0000000708c00000|  0%| F|  |TAMS 0x0000000708b00000, 0x0000000708b00000| Untracked 
| 140|0x0000000708c00000, 0x0000000708c00000, 0x0000000708d00000|  0%| F|  |TAMS 0x0000000708c00000, 0x0000000708c00000| Untracked 
| 141|0x0000000708d00000, 0x0000000708d00000, 0x0000000708e00000|  0%| F|  |TAMS 0x0000000708d00000, 0x0000000708d00000| Untracked 
| 142|0x0000000708e00000, 0x0000000708e00000, 0x0000000708f00000|  0%| F|  |TAMS 0x0000000708e00000, 0x0000000708e00000| Untracked 
| 143|0x0000000708f00000, 0x0000000708f00000, 0x0000000709000000|  0%| F|  |TAMS 0x0000000708f00000, 0x0000000708f00000| Untracked 
| 144|0x0000000709000000, 0x0000000709000000, 0x0000000709100000|  0%| F|  |TAMS 0x0000000709000000, 0x0000000709000000| Untracked 
| 145|0x0000000709100000, 0x0000000709100000, 0x0000000709200000|  0%| F|  |TAMS 0x0000000709100000, 0x0000000709100000| Untracked 
| 146|0x0000000709200000, 0x0000000709200000, 0x0000000709300000|  0%| F|  |TAMS 0x0000000709200000, 0x0000000709200000| Untracked 
| 147|0x0000000709300000, 0x0000000709300000, 0x0000000709400000|  0%| F|  |TAMS 0x0000000709300000, 0x0000000709300000| Untracked 
| 148|0x0000000709400000, 0x0000000709400000, 0x0000000709500000|  0%| F|  |TAMS 0x0000000709400000, 0x0000000709400000| Untracked 
| 149|0x0000000709500000, 0x0000000709500000, 0x0000000709600000|  0%| F|  |TAMS 0x0000000709500000, 0x0000000709500000| Untracked 
| 150|0x0000000709600000, 0x0000000709600000, 0x0000000709700000|  0%| F|  |TAMS 0x0000000709600000, 0x0000000709600000| Untracked 
| 151|0x0000000709700000, 0x0000000709700000, 0x0000000709800000|  0%| F|  |TAMS 0x0000000709700000, 0x0000000709700000| Untracked 
| 152|0x0000000709800000, 0x0000000709800000, 0x0000000709900000|  0%| F|  |TAMS 0x0000000709800000, 0x0000000709800000| Untracked 
| 153|0x0000000709900000, 0x0000000709900000, 0x0000000709a00000|  0%| F|  |TAMS 0x0000000709900000, 0x0000000709900000| Untracked 
| 154|0x0000000709a00000, 0x0000000709a00000, 0x0000000709b00000|  0%| F|  |TAMS 0x0000000709a00000, 0x0000000709a00000| Untracked 
| 155|0x0000000709b00000, 0x0000000709b00000, 0x0000000709c00000|  0%| F|  |TAMS 0x0000000709b00000, 0x0000000709b00000| Untracked 
| 156|0x0000000709c00000, 0x0000000709c00000, 0x0000000709d00000|  0%| F|  |TAMS 0x0000000709c00000, 0x0000000709c00000| Untracked 
| 157|0x0000000709d00000, 0x0000000709d00000, 0x0000000709e00000|  0%| F|  |TAMS 0x0000000709d00000, 0x0000000709d00000| Untracked 
| 158|0x0000000709e00000, 0x0000000709e00000, 0x0000000709f00000|  0%| F|  |TAMS 0x0000000709e00000, 0x0000000709e00000| Untracked 
| 159|0x0000000709f00000, 0x0000000709f00000, 0x000000070a000000|  0%| F|  |TAMS 0x0000000709f00000, 0x0000000709f00000| Untracked 
| 160|0x000000070a000000, 0x000000070a000000, 0x000000070a100000|  0%| F|  |TAMS 0x000000070a000000, 0x000000070a000000| Untracked 
| 161|0x000000070a100000, 0x000000070a100000, 0x000000070a200000|  0%| F|  |TAMS 0x000000070a100000, 0x000000070a100000| Untracked 
| 162|0x000000070a200000, 0x000000070a200000, 0x000000070a300000|  0%| F|  |TAMS 0x000000070a200000, 0x000000070a200000| Untracked 
| 163|0x000000070a300000, 0x000000070a300000, 0x000000070a400000|  0%| F|  |TAMS 0x000000070a300000, 0x000000070a300000| Untracked 
| 164|0x000000070a400000, 0x000000070a400000, 0x000000070a500000|  0%| F|  |TAMS 0x000000070a400000, 0x000000070a400000| Untracked 
| 165|0x000000070a500000, 0x000000070a500000, 0x000000070a600000|  0%| F|  |TAMS 0x000000070a500000, 0x000000070a500000| Untracked 
| 166|0x000000070a600000, 0x000000070a600000, 0x000000070a700000|  0%| F|  |TAMS 0x000000070a600000, 0x000000070a600000| Untracked 
| 167|0x000000070a700000, 0x000000070a700000, 0x000000070a800000|  0%| F|  |TAMS 0x000000070a700000, 0x000000070a700000| Untracked 
| 168|0x000000070a800000, 0x000000070a800000, 0x000000070a900000|  0%| F|  |TAMS 0x000000070a800000, 0x000000070a800000| Untracked 
| 169|0x000000070a900000, 0x000000070a900000, 0x000000070aa00000|  0%| F|  |TAMS 0x000000070a900000, 0x000000070a900000| Untracked 
| 170|0x000000070aa00000, 0x000000070aa00000, 0x000000070ab00000|  0%| F|  |TAMS 0x000000070aa00000, 0x000000070aa00000| Untracked 
| 171|0x000000070ab00000, 0x000000070ab00000, 0x000000070ac00000|  0%| F|  |TAMS 0x000000070ab00000, 0x000000070ab00000| Untracked 
| 172|0x000000070ac00000, 0x000000070ac00000, 0x000000070ad00000|  0%| F|  |TAMS 0x000000070ac00000, 0x000000070ac00000| Untracked 
| 173|0x000000070ad00000, 0x000000070ad00000, 0x000000070ae00000|  0%| F|  |TAMS 0x000000070ad00000, 0x000000070ad00000| Untracked 
| 174|0x000000070ae00000, 0x000000070ae00000, 0x000000070af00000|  0%| F|  |TAMS 0x000000070ae00000, 0x000000070ae00000| Untracked 
| 175|0x000000070af00000, 0x000000070af00000, 0x000000070b000000|  0%| F|  |TAMS 0x000000070af00000, 0x000000070af00000| Untracked 
| 176|0x000000070b000000, 0x000000070b000000, 0x000000070b100000|  0%| F|  |TAMS 0x000000070b000000, 0x000000070b000000| Untracked 
| 177|0x000000070b100000, 0x000000070b100000, 0x000000070b200000|  0%| F|  |TAMS 0x000000070b100000, 0x000000070b100000| Untracked 
| 178|0x000000070b200000, 0x000000070b200000, 0x000000070b300000|  0%| F|  |TAMS 0x000000070b200000, 0x000000070b200000| Untracked 
| 179|0x000000070b300000, 0x000000070b300000, 0x000000070b400000|  0%| F|  |TAMS 0x000000070b300000, 0x000000070b300000| Untracked 
| 180|0x000000070b400000, 0x000000070b400000, 0x000000070b500000|  0%| F|  |TAMS 0x000000070b400000, 0x000000070b400000| Untracked 
| 181|0x000000070b500000, 0x000000070b500000, 0x000000070b600000|  0%| F|  |TAMS 0x000000070b500000, 0x000000070b500000| Untracked 
| 182|0x000000070b600000, 0x000000070b600000, 0x000000070b700000|  0%| F|  |TAMS 0x000000070b600000, 0x000000070b600000| Untracked 
| 183|0x000000070b700000, 0x000000070b700000, 0x000000070b800000|  0%| F|  |TAMS 0x000000070b700000, 0x000000070b700000| Untracked 
| 184|0x000000070b800000, 0x000000070b800000, 0x000000070b900000|  0%| F|  |TAMS 0x000000070b800000, 0x000000070b800000| Untracked 
| 185|0x000000070b900000, 0x000000070b900000, 0x000000070ba00000|  0%| F|  |TAMS 0x000000070b900000, 0x000000070b900000| Untracked 
| 186|0x000000070ba00000, 0x000000070ba00000, 0x000000070bb00000|  0%| F|  |TAMS 0x000000070ba00000, 0x000000070ba00000| Untracked 
| 187|0x000000070bb00000, 0x000000070bb00000, 0x000000070bc00000|  0%| F|  |TAMS 0x000000070bb00000, 0x000000070bb00000| Untracked 
| 188|0x000000070bc00000, 0x000000070bc00000, 0x000000070bd00000|  0%| F|  |TAMS 0x000000070bc00000, 0x000000070bc00000| Untracked 
| 189|0x000000070bd00000, 0x000000070bd00000, 0x000000070be00000|  0%| F|  |TAMS 0x000000070bd00000, 0x000000070bd00000| Untracked 
| 190|0x000000070be00000, 0x000000070be00000, 0x000000070bf00000|  0%| F|  |TAMS 0x000000070be00000, 0x000000070be00000| Untracked 
| 191|0x000000070bf00000, 0x000000070bf00000, 0x000000070c000000|  0%| F|  |TAMS 0x000000070bf00000, 0x000000070bf00000| Untracked 
| 192|0x000000070c000000, 0x000000070c000000, 0x000000070c100000|  0%| F|  |TAMS 0x000000070c000000, 0x000000070c000000| Untracked 
| 193|0x000000070c100000, 0x000000070c100000, 0x000000070c200000|  0%| F|  |TAMS 0x000000070c100000, 0x000000070c100000| Untracked 
| 194|0x000000070c200000, 0x000000070c200000, 0x000000070c300000|  0%| F|  |TAMS 0x000000070c200000, 0x000000070c200000| Untracked 
| 195|0x000000070c300000, 0x000000070c300000, 0x000000070c400000|  0%| F|  |TAMS 0x000000070c300000, 0x000000070c300000| Untracked 
| 196|0x000000070c400000, 0x000000070c400000, 0x000000070c500000|  0%| F|  |TAMS 0x000000070c400000, 0x000000070c400000| Untracked 
| 197|0x000000070c500000, 0x000000070c500000, 0x000000070c600000|  0%| F|  |TAMS 0x000000070c500000, 0x000000070c500000| Untracked 
| 198|0x000000070c600000, 0x000000070c600000, 0x000000070c700000|  0%| F|  |TAMS 0x000000070c600000, 0x000000070c600000| Untracked 
| 199|0x000000070c700000, 0x000000070c700000, 0x000000070c800000|  0%| F|  |TAMS 0x000000070c700000, 0x000000070c700000| Untracked 
| 200|0x000000070c800000, 0x000000070c800000, 0x000000070c900000|  0%| F|  |TAMS 0x000000070c800000, 0x000000070c800000| Untracked 
| 201|0x000000070c900000, 0x000000070c900000, 0x000000070ca00000|  0%| F|  |TAMS 0x000000070c900000, 0x000000070c900000| Untracked 
| 202|0x000000070ca00000, 0x000000070ca00000, 0x000000070cb00000|  0%| F|  |TAMS 0x000000070ca00000, 0x000000070ca00000| Untracked 
| 203|0x000000070cb00000, 0x000000070cb00000, 0x000000070cc00000|  0%| F|  |TAMS 0x000000070cb00000, 0x000000070cb00000| Untracked 
| 204|0x000000070cc00000, 0x000000070cc00000, 0x000000070cd00000|  0%| F|  |TAMS 0x000000070cc00000, 0x000000070cc00000| Untracked 
| 205|0x000000070cd00000, 0x000000070cd00000, 0x000000070ce00000|  0%| F|  |TAMS 0x000000070cd00000, 0x000000070cd00000| Untracked 
| 206|0x000000070ce00000, 0x000000070ce00000, 0x000000070cf00000|  0%| F|  |TAMS 0x000000070ce00000, 0x000000070ce00000| Untracked 
| 207|0x000000070cf00000, 0x000000070cf00000, 0x000000070d000000|  0%| F|  |TAMS 0x000000070cf00000, 0x000000070cf00000| Untracked 
| 208|0x000000070d000000, 0x000000070d000000, 0x000000070d100000|  0%| F|  |TAMS 0x000000070d000000, 0x000000070d000000| Untracked 
| 209|0x000000070d100000, 0x000000070d100000, 0x000000070d200000|  0%| F|  |TAMS 0x000000070d100000, 0x000000070d100000| Untracked 
| 210|0x000000070d200000, 0x000000070d200000, 0x000000070d300000|  0%| F|  |TAMS 0x000000070d200000, 0x000000070d200000| Untracked 
| 211|0x000000070d300000, 0x000000070d300000, 0x000000070d400000|  0%| F|  |TAMS 0x000000070d300000, 0x000000070d300000| Untracked 
| 212|0x000000070d400000, 0x000000070d400000, 0x000000070d500000|  0%| F|  |TAMS 0x000000070d400000, 0x000000070d400000| Untracked 
| 213|0x000000070d500000, 0x000000070d500000, 0x000000070d600000|  0%| F|  |TAMS 0x000000070d500000, 0x000000070d500000| Untracked 
| 214|0x000000070d600000, 0x000000070d600000, 0x000000070d700000|  0%| F|  |TAMS 0x000000070d600000, 0x000000070d600000| Untracked 
| 215|0x000000070d700000, 0x000000070d700000, 0x000000070d800000|  0%| F|  |TAMS 0x000000070d700000, 0x000000070d700000| Untracked 
| 216|0x000000070d800000, 0x000000070d800000, 0x000000070d900000|  0%| F|  |TAMS 0x000000070d800000, 0x000000070d800000| Untracked 
| 217|0x000000070d900000, 0x000000070d900000, 0x000000070da00000|  0%| F|  |TAMS 0x000000070d900000, 0x000000070d900000| Untracked 
| 218|0x000000070da00000, 0x000000070da00000, 0x000000070db00000|  0%| F|  |TAMS 0x000000070da00000, 0x000000070da00000| Untracked 
| 219|0x000000070db00000, 0x000000070db00000, 0x000000070dc00000|  0%| F|  |TAMS 0x000000070db00000, 0x000000070db00000| Untracked 
| 220|0x000000070dc00000, 0x000000070dc00000, 0x000000070dd00000|  0%| F|  |TAMS 0x000000070dc00000, 0x000000070dc00000| Untracked 
| 221|0x000000070dd00000, 0x000000070dd00000, 0x000000070de00000|  0%| F|  |TAMS 0x000000070dd00000, 0x000000070dd00000| Untracked 
| 222|0x000000070de00000, 0x000000070de00000, 0x000000070df00000|  0%| F|  |TAMS 0x000000070de00000, 0x000000070de00000| Untracked 
| 223|0x000000070df00000, 0x000000070df00000, 0x000000070e000000|  0%| F|  |TAMS 0x000000070df00000, 0x000000070df00000| Untracked 
| 224|0x000000070e000000, 0x000000070e000000, 0x000000070e100000|  0%| F|  |TAMS 0x000000070e000000, 0x000000070e000000| Untracked 
| 225|0x000000070e100000, 0x000000070e100000, 0x000000070e200000|  0%| F|  |TAMS 0x000000070e100000, 0x000000070e100000| Untracked 
| 226|0x000000070e200000, 0x000000070e200000, 0x000000070e300000|  0%| F|  |TAMS 0x000000070e200000, 0x000000070e200000| Untracked 
| 227|0x000000070e300000, 0x000000070e300000, 0x000000070e400000|  0%| F|  |TAMS 0x000000070e300000, 0x000000070e300000| Untracked 
| 228|0x000000070e400000, 0x000000070e400000, 0x000000070e500000|  0%| F|  |TAMS 0x000000070e400000, 0x000000070e400000| Untracked 
| 229|0x000000070e500000, 0x000000070e500000, 0x000000070e600000|  0%| F|  |TAMS 0x000000070e500000, 0x000000070e500000| Untracked 
| 230|0x000000070e600000, 0x000000070e600000, 0x000000070e700000|  0%| F|  |TAMS 0x000000070e600000, 0x000000070e600000| Untracked 
| 231|0x000000070e700000, 0x000000070e700000, 0x000000070e800000|  0%| F|  |TAMS 0x000000070e700000, 0x000000070e700000| Untracked 
| 232|0x000000070e800000, 0x000000070e800000, 0x000000070e900000|  0%| F|  |TAMS 0x000000070e800000, 0x000000070e800000| Untracked 
| 233|0x000000070e900000, 0x000000070e900000, 0x000000070ea00000|  0%| F|  |TAMS 0x000000070e900000, 0x000000070e900000| Untracked 
| 234|0x000000070ea00000, 0x000000070ea00000, 0x000000070eb00000|  0%| F|  |TAMS 0x000000070ea00000, 0x000000070ea00000| Untracked 
| 235|0x000000070eb00000, 0x000000070eb00000, 0x000000070ec00000|  0%| F|  |TAMS 0x000000070eb00000, 0x000000070eb00000| Untracked 
| 236|0x000000070ec00000, 0x000000070ec00000, 0x000000070ed00000|  0%| F|  |TAMS 0x000000070ec00000, 0x000000070ec00000| Untracked 
| 237|0x000000070ed00000, 0x000000070ed00000, 0x000000070ee00000|  0%| F|  |TAMS 0x000000070ed00000, 0x000000070ed00000| Untracked 
| 238|0x000000070ee00000, 0x000000070ee00000, 0x000000070ef00000|  0%| F|  |TAMS 0x000000070ee00000, 0x000000070ee00000| Untracked 
| 239|0x000000070ef00000, 0x000000070ef00000, 0x000000070f000000|  0%| F|  |TAMS 0x000000070ef00000, 0x000000070ef00000| Untracked 
| 240|0x000000070f000000, 0x000000070f000000, 0x000000070f100000|  0%| F|  |TAMS 0x000000070f000000, 0x000000070f000000| Untracked 
| 241|0x000000070f100000, 0x000000070f100000, 0x000000070f200000|  0%| F|  |TAMS 0x000000070f100000, 0x000000070f100000| Untracked 
| 242|0x000000070f200000, 0x000000070f200000, 0x000000070f300000|  0%| F|  |TAMS 0x000000070f200000, 0x000000070f200000| Untracked 
| 243|0x000000070f300000, 0x000000070f300000, 0x000000070f400000|  0%| F|  |TAMS 0x000000070f300000, 0x000000070f300000| Untracked 
| 244|0x000000070f400000, 0x000000070f400000, 0x000000070f500000|  0%| F|  |TAMS 0x000000070f400000, 0x000000070f400000| Untracked 
| 245|0x000000070f500000, 0x000000070f500000, 0x000000070f600000|  0%| F|  |TAMS 0x000000070f500000, 0x000000070f500000| Untracked 
| 246|0x000000070f600000, 0x000000070f600000, 0x000000070f700000|  0%| F|  |TAMS 0x000000070f600000, 0x000000070f600000| Untracked 
| 247|0x000000070f700000, 0x000000070f700000, 0x000000070f800000|  0%| F|  |TAMS 0x000000070f700000, 0x000000070f700000| Untracked 
| 248|0x000000070f800000, 0x000000070f800000, 0x000000070f900000|  0%| F|  |TAMS 0x000000070f800000, 0x000000070f800000| Untracked 
| 249|0x000000070f900000, 0x000000070f900000, 0x000000070fa00000|  0%| F|  |TAMS 0x000000070f900000, 0x000000070f900000| Untracked 
| 250|0x000000070fa00000, 0x000000070fa00000, 0x000000070fb00000|  0%| F|  |TAMS 0x000000070fa00000, 0x000000070fa00000| Untracked 
| 251|0x000000070fb00000, 0x000000070fb00000, 0x000000070fc00000|  0%| F|  |TAMS 0x000000070fb00000, 0x000000070fb00000| Untracked 
| 252|0x000000070fc00000, 0x000000070fc00000, 0x000000070fd00000|  0%| F|  |TAMS 0x000000070fc00000, 0x000000070fc00000| Untracked 
| 253|0x000000070fd00000, 0x000000070fd00000, 0x000000070fe00000|  0%| F|  |TAMS 0x000000070fd00000, 0x000000070fd00000| Untracked 
| 254|0x000000070fe00000, 0x000000070fe00000, 0x000000070ff00000|  0%| F|  |TAMS 0x000000070fe00000, 0x000000070fe00000| Untracked 
| 255|0x000000070ff00000, 0x000000070fff0548, 0x0000000710000000| 93%| E|  |TAMS 0x000000070ff00000, 0x000000070ff00000| Complete 
|3070|0x00000007bfe00000, 0x00000007bfe51000, 0x00000007bff00000| 31%|OA|  |TAMS 0x00000007bfe00000, 0x00000007bfe00000| Untracked 
|3071|0x00000007bff00000, 0x00000007bff7b000, 0x00000007c0000000| 48%|CA|  |TAMS 0x00000007bff00000, 0x00000007bff00000| Untracked 

Card table byte_map: [0x0000000112405000,0x0000000112c05000] _byte_map_base: 0x000000010ec05000

Marking Bits (Prev, Next): (CMBitMap*) 0x00007fd6ee847618, (CMBitMap*) 0x00007fd6ee847658
 Prev Bits: [0x00000001233a1000, 0x00000001273a1000)
 Next Bits: [0x00000001273a1000, 0x000000012b3a1000)

Polling page: 0x0000000106b90000

Metaspace:

Usage:
  Non-class:      4.25 MB capacity,   370.87 KB (  9%) used,     3.89 MB ( 91%) free+waste,   384 bytes ( <1%) overhead. 
      Class:    388.00 KB capacity,    10.36 KB (  3%) used,   377.45 KB ( 97%) free+waste,   192 bytes ( <1%) overhead. 
       Both:      4.63 MB capacity,   381.23 KB (  8%) used,     4.26 MB ( 92%) free+waste,   576 bytes ( <1%) overhead. 

Virtual space:
  Non-class space:        8.00 MB reserved,       4.50 MB ( 56%) committed 
      Class space:        1.00 GB reserved,     512.00 KB ( <1%) committed 
             Both:        1.01 GB reserved,       5.00 MB ( <1%) committed 

Chunk freelists:
   Non-Class:  56.00 KB
       Class:  0 bytes
        Both:  56.00 KB

MaxMetaspaceSize: unlimited
CompressedClassSpaceSize: 1.00 GB

CodeHeap 'non-profiled nmethods': size=120028Kb used=14Kb max_used=14Kb free=120013Kb
 bounds [0x000000011be6a000, 0x000000011c0da000, 0x00000001233a1000]
CodeHeap 'profiled nmethods': size=120028Kb used=70Kb max_used=70Kb free=119957Kb
 bounds [0x0000000114933000, 0x0000000114ba3000, 0x000000011be6a000]
CodeHeap 'non-nmethods': size=5704Kb used=1100Kb max_used=1100Kb free=4603Kb
 bounds [0x00000001143a1000, 0x0000000114611000, 0x0000000114933000]
 total_blobs=392 nmethods=52 adapters=254
 compilation: enabled
              stopped_count=0, restarted_count=0
 full_count=0

Compilation events (20 events):
Event: 0.041 Thread 0x00007fd6ef040800   42       3       java.util.ImmutableCollections$Set12$1::hasNext (13 bytes)
Event: 0.041 Thread 0x00007fd6ef040800 nmethod 42 0x0000000114941d10 code [0x0000000114941ea0, 0x0000000114942010]
Event: 0.041 Thread 0x00007fd6ef040800   43       1       java.lang.Module::getDescriptor (5 bytes)
Event: 0.041 Thread 0x00007fd6ef040800 nmethod 43 0x000000011be6d410 code [0x000000011be6d5a0, 0x000000011be6d670]
Event: 0.041 Thread 0x00007fd6ef040800   44       3       java.lang.String::isLatin1 (19 bytes)
Event: 0.042 Thread 0x00007fd6ef040800 nmethod 44 0x0000000114942090 code [0x0000000114942220, 0x00000001149423b0]
Event: 0.042 Thread 0x00007fd6ef040800   45       3       java.lang.String::coder (15 bytes)
Event: 0.042 Thread 0x00007fd6ef040800 nmethod 45 0x0000000114942410 code [0x00000001149425a0, 0x00000001149426f0]
Event: 0.044 Thread 0x00007fd6ef040800   46       3       java.lang.String::charAt (25 bytes)
Event: 0.044 Thread 0x00007fd6ef040800 nmethod 46 0x0000000114942790 code [0x0000000114942960, 0x0000000114942d30]
Event: 0.044 Thread 0x00007fd6ef040800   47       3       java.lang.StringLatin1::charAt (28 bytes)
Event: 0.044 Thread 0x00007fd6ef040800 nmethod 47 0x0000000114942e90 code [0x0000000114943040, 0x0000000114943220]
Event: 0.044 Thread 0x00007fd6ef040800   48       3       java.lang.String::length (11 bytes)
Event: 0.044 Thread 0x00007fd6ef040800 nmethod 48 0x0000000114943310 code [0x00000001149434a0, 0x0000000114943650]
Event: 0.044 Thread 0x00007fd6ef040800   49       3       java.util.HashSet::add (20 bytes)
Event: 0.045 Thread 0x00007fd6ef040800 nmethod 49 0x0000000114943710 code [0x00000001149438e0, 0x0000000114943cd0]
Event: 0.045 Thread 0x00007fd6ef040800   50       3       java.lang.String::equals (50 bytes)
Event: 0.045 Thread 0x00007fd6ef040800 nmethod 50 0x0000000114943e90 code [0x0000000114944040, 0x00000001149444a0]
Event: 0.047 Thread 0x00007fd6ef040800   52       3       java.lang.Math::min (11 bytes)
Event: 0.047 Thread 0x00007fd6ef040800 nmethod 52 0x0000000114944590 code [0x0000000114944720, 0x0000000114944850]

GC Heap History (0 events):
No events

Deoptimization events (0 events):
No events

Classes unloaded (0 events):
No events

Classes redefined (0 events):
No events

Internal exceptions (0 events):
No events

Events (20 events):
Event: 0.028 Protecting memory [0x000070000bb57000,0x000070000bb5b000] with protection modes 0
Event: 0.028 Thread 0x00007fd6ee0a6800 Thread added: 0x00007fd6ee0a6800
Event: 0.028 Protecting memory [0x000070000bc5a000,0x000070000bc5e000] with protection modes 0
Event: 0.028 Thread 0x00007fd6ef040800 Thread added: 0x00007fd6ef040800
Event: 0.028 Protecting memory [0x000070000bd5d000,0x000070000bd61000] with protection modes 0
Event: 0.028 Thread 0x00007fd6ed810800 Thread added: 0x00007fd6ed810800
Event: 0.028 Protecting memory [0x000070000be60000,0x000070000be64000] with protection modes 0
Event: 0.040 Thread 0x00007fd6ef02c000 Thread added: 0x00007fd6ef02c000
Event: 0.040 Protecting memory [0x000070000bf63000,0x000070000bf67000] with protection modes 0
Event: 0.041 loading class jdk/internal/loader/URLClassPath$FileLoader
Event: 0.041 loading class jdk/internal/loader/URLClassPath$FileLoader done
Event: 0.042 loading class jdk/internal/loader/URLClassPath$FileLoader$1
Event: 0.042 loading class jdk/internal/loader/URLClassPath$FileLoader$1 done
Event: 0.042 Thread 0x00007fd6ed853800 Thread added: 0x00007fd6ed853800
Event: 0.042 Protecting memory [0x000070000c169000,0x000070000c16d000] with protection modes 0
Event: 0.042 Executing VM operation: HandshakeOneThread
Event: 0.042 Executing VM operation: HandshakeOneThread done
Event: 0.044 loading class java/lang/ClassLoaderHelper
Event: 0.044 loading class java/lang/ClassLoaderHelper done
Event: 0.044 Loaded shared library /Users/awollac/Library/Java/Extensions/libqhull.dylib


Dynamic libraries:
0x00007fffb76bd000 	/usr/lib/libz.1.dylib
0x0000000106b12000 	/Library/Java/JavaVirtualMachines/jdk-14.0.2.jdk/Contents/Home/lib/libjli.dylib
0x00007fffa1a1c000 	/System/Library/Frameworks/Cocoa.framework/Versions/A/Cocoa
0x00007fffa82be000 	/System/Library/Frameworks/Security.framework/Versions/A/Security
0x00007fffa08d7000 	/System/Library/Frameworks/ApplicationServices.framework/Versions/A/ApplicationServices
0x00007fffb620f000 	/usr/lib/libSystem.B.dylib
0x00007fffb76dd000 	/usr/lib/system/libcache.dylib
0x00007fffb76e2000 	/usr/lib/system/libcommonCrypto.dylib
0x00007fffb76ed000 	/usr/lib/system/libcompiler_rt.dylib
0x00007fffb76f5000 	/usr/lib/system/libcopyfile.dylib
0x00007fffb76fe000 	/usr/lib/system/libcorecrypto.dylib
0x00007fffb7782000 	/usr/lib/system/libdispatch.dylib
0x00007fffb77b4000 	/usr/lib/system/libdyld.dylib
0x00007fffb77ba000 	/usr/lib/system/libkeymgr.dylib
0x00007fffb77c8000 	/usr/lib/system/liblaunch.dylib
0x00007fffb77c9000 	/usr/lib/system/libmacho.dylib
0x00007fffb77cf000 	/usr/lib/system/libquarantine.dylib
0x00007fffb77d2000 	/usr/lib/system/libremovefile.dylib
0x00007fffb77d4000 	/usr/lib/system/libsystem_asl.dylib
0x00007fffb77ed000 	/usr/lib/system/libsystem_blocks.dylib
0x00007fffb77ee000 	/usr/lib/system/libsystem_c.dylib
0x00007fffb787c000 	/usr/lib/system/libsystem_configuration.dylib
0x00007fffb7880000 	/usr/lib/system/libsystem_coreservices.dylib
0x00007fffb7884000 	/usr/lib/system/libsystem_coretls.dylib
0x00007fffb789d000 	/usr/lib/system/libsystem_dnssd.dylib
0x00007fffb78a4000 	/usr/lib/system/libsystem_info.dylib
0x00007fffb78ce000 	/usr/lib/system/libsystem_kernel.dylib
0x00007fffb78f1000 	/usr/lib/system/libsystem_m.dylib
0x00007fffb7939000 	/usr/lib/system/libsystem_malloc.dylib
0x00007fffb7958000 	/usr/lib/system/libsystem_network.dylib
0x00007fffb79b2000 	/usr/lib/system/libsystem_networkextension.dylib
0x00007fffb79bc000 	/usr/lib/system/libsystem_notify.dylib
0x00007fffb79c6000 	/usr/lib/system/libsystem_platform.dylib
0x00007fffb79cf000 	/usr/lib/system/libsystem_pthread.dylib
0x00007fffb79da000 	/usr/lib/system/libsystem_sandbox.dylib
0x00007fffb79de000 	/usr/lib/system/libsystem_secinit.dylib
0x00007fffb79e0000 	/usr/lib/system/libsystem_symptoms.dylib
0x00007fffb79e8000 	/usr/lib/system/libsystem_trace.dylib
0x00007fffb79fc000 	/usr/lib/system/libunwind.dylib
0x00007fffb7a02000 	/usr/lib/system/libxpc.dylib
0x00007fffb6ebe000 	/usr/lib/libobjc.A.dylib
0x00007fffb63a0000 	/usr/lib/libc++abi.dylib
0x00007fffb6349000 	/usr/lib/libc++.1.dylib
0x00007fffa1fb2000 	/System/Library/Frameworks/CoreFoundation.framework/Versions/A/CoreFoundation
0x00007fffa3a2a000 	/System/Library/Frameworks/Foundation.framework/Versions/C/Foundation
0x00007fff9faec000 	/System/Library/Frameworks/AppKit.framework/Versions/C/AppKit
0x00007fffa1c08000 	/System/Library/Frameworks/CoreData.framework/Versions/A/CoreData
0x00007fffb2c94000 	/System/Library/PrivateFrameworks/RemoteViewServices.framework/Versions/A/RemoteViewServices
0x00007fffb4c7f000 	/System/Library/PrivateFrameworks/UIFoundation.framework/Versions/A/UIFoundation
0x00007fffae042000 	/System/Library/PrivateFrameworks/DFRFoundation.framework/Versions/A/DFRFoundation
0x00007fffb6801000 	/usr/lib/libenergytrace.dylib
0x00007fffb3ac1000 	/System/Library/PrivateFrameworks/SkyLight.framework/Versions/A/SkyLight
0x00007fffa244c000 	/System/Library/Frameworks/CoreGraphics.framework/Versions/A/CoreGraphics
0x00007fffb620a000 	/usr/lib/libScreenReader.dylib
0x00007fff9eb0e000 	/System/Library/Frameworks/Accelerate.framework/Versions/A/Accelerate
0x00007fffa4028000 	/System/Library/Frameworks/IOSurface.framework/Versions/A/IOSurface
0x00007fffa0dfa000 	/System/Library/Frameworks/AudioToolbox.framework/Versions/A/AudioToolbox
0x00007fffa1007000 	/System/Library/Frameworks/AudioUnit.framework/Versions/A/AudioUnit
0x00007fffae087000 	/System/Library/PrivateFrameworks/DataDetectorsCore.framework/Versions/A/DataDetectorsCore
0x00007fffae178000 	/System/Library/PrivateFrameworks/DesktopServicesPriv.framework/Versions/A/DesktopServicesPriv
0x00007fffa1569000 	/System/Library/Frameworks/Carbon.framework/Versions/A/Frameworks/HIToolbox.framework/Versions/A/HIToolbox
0x00007fffb690a000 	/usr/lib/libicucore.A.dylib
0x00007fffa7b57000 	/System/Library/Frameworks/QuartzCore.framework/Versions/A/QuartzCore
0x00007fffa1935000 	/System/Library/Frameworks/Carbon.framework/Versions/A/Frameworks/SpeechRecognition.framework/Versions/A/SpeechRecognition
0x00007fffb6328000 	/usr/lib/libauto.dylib
0x00007fffb75a3000 	/usr/lib/libxml2.2.dylib
0x00007fffadcfc000 	/System/Library/PrivateFrameworks/CoreUI.framework/Versions/A/CoreUI
0x00007fffa1b66000 	/System/Library/Frameworks/CoreAudio.framework/Versions/A/CoreAudio
0x00007fffa3893000 	/System/Library/Frameworks/DiskArbitration.framework/Versions/A/DiskArbitration
0x00007fffb6b35000 	/usr/lib/liblangid.dylib
0x00007fffb1b7b000 	/System/Library/PrivateFrameworks/MultitouchSupport.framework/Versions/A/MultitouchSupport
0x00007fffa3f91000 	/System/Library/Frameworks/IOKit.framework/Versions/A/IOKit
0x00007fffb5fd0000 	/usr/lib/libDiagnosticMessagesClient.dylib
0x00007fffa2e77000 	/System/Library/Frameworks/CoreServices.framework/Versions/A/CoreServices
0x00007fffb2538000 	/System/Library/PrivateFrameworks/PerformanceAnalysis.framework/Versions/A/PerformanceAnalysis
0x00007fffaffca000 	/System/Library/PrivateFrameworks/GenerationalStorage.framework/Versions/A/GenerationalStorage
0x00007fffa6ff7000 	/System/Library/Frameworks/OpenGL.framework/Versions/A/OpenGL
0x00007fffa2acf000 	/System/Library/Frameworks/CoreImage.framework/Versions/A/CoreImage
0x00007fffa35a0000 	/System/Library/Frameworks/CoreText.framework/Versions/A/CoreText
0x00007fffa4081000 	/System/Library/Frameworks/ImageIO.framework/Versions/A/ImageIO
0x00007fffab8b9000 	/System/Library/PrivateFrameworks/Backup.framework/Versions/A/Backup
0x00007fffb627c000 	/usr/lib/libarchive.2.dylib
0x00007fffa1170000 	/System/Library/Frameworks/CFNetwork.framework/Versions/A/CFNetwork
0x00007fffa89eb000 	/System/Library/Frameworks/SystemConfiguration.framework/Versions/A/SystemConfiguration
0x00007fffb5f17000 	/usr/lib/libCRFSuite.dylib
0x00007fffb6329000 	/usr/lib/libbsm.0.dylib
0x00007fffb77bb000 	/usr/lib/system/libkxld.dylib
0x00007fffb63f2000 	/usr/lib/libcoretls.dylib
0x00007fffb63f3000 	/usr/lib/libcoretls_cfhelpers.dylib
0x00007fffb6209000 	/usr/lib/libOpenScriptingUtil.dylib
0x00007fffb7293000 	/usr/lib/libpam.2.dylib
0x00007fffb7352000 	/usr/lib/libsqlite3.dylib
0x00007fffb7595000 	/usr/lib/libxar.1.dylib
0x00007fffb633a000 	/usr/lib/libbz2.1.0.dylib
0x00007fffb6b37000 	/usr/lib/liblzma.5.dylib
0x00007fffb6e43000 	/usr/lib/libnetwork.dylib
0x00007fffb7298000 	/usr/lib/libpcap.A.dylib
0x00007fffa31da000 	/System/Library/Frameworks/CoreServices.framework/Versions/A/Frameworks/FSEvents.framework/Versions/A/FSEvents
0x00007fffa2eca000 	/System/Library/Frameworks/CoreServices.framework/Versions/A/Frameworks/CarbonCore.framework/Versions/A/CarbonCore
0x00007fffa3350000 	/System/Library/Frameworks/CoreServices.framework/Versions/A/Frameworks/Metadata.framework/Versions/A/Metadata
0x00007fffa3401000 	/System/Library/Frameworks/CoreServices.framework/Versions/A/Frameworks/OSServices.framework/Versions/A/OSServices
0x00007fffa3461000 	/System/Library/Frameworks/CoreServices.framework/Versions/A/Frameworks/SearchKit.framework/Versions/A/SearchKit
0x00007fffa2e78000 	/System/Library/Frameworks/CoreServices.framework/Versions/A/Frameworks/AE.framework/Versions/A/AE
0x00007fffa31e3000 	/System/Library/Frameworks/CoreServices.framework/Versions/A/Frameworks/LaunchServices.framework/Versions/A/LaunchServices
0x00007fffa31a6000 	/System/Library/Frameworks/CoreServices.framework/Versions/A/Frameworks/DictionaryServices.framework/Versions/A/DictionaryServices
0x00007fffa34d2000 	/System/Library/Frameworks/CoreServices.framework/Versions/A/Frameworks/SharedFileList.framework/Versions/A/SharedFileList
0x00007fffa621b000 	/System/Library/Frameworks/NetFS.framework/Versions/A/NetFS
0x00007fffb1c55000 	/System/Library/PrivateFrameworks/NetAuth.framework/Versions/A/NetAuth
0x00007fffb5ec0000 	/System/Library/PrivateFrameworks/login.framework/Versions/A/Frameworks/loginsupport.framework/Versions/A/loginsupport
0x00007fffb4ab1000 	/System/Library/PrivateFrameworks/TCC.framework/Versions/A/TCC
0x00007fffb6b68000 	/usr/lib/libmecabra.dylib
0x00007fffa08d8000 	/System/Library/Frameworks/ApplicationServices.framework/Versions/A/Frameworks/ATS.framework/Versions/A/ATS
0x00007fffa0c57000 	/System/Library/Frameworks/ApplicationServices.framework/Versions/A/Frameworks/ColorSync.framework/Versions/A/ColorSync
0x00007fffa0d02000 	/System/Library/Frameworks/ApplicationServices.framework/Versions/A/Frameworks/HIServices.framework/Versions/A/HIServices
0x00007fffa0d54000 	/System/Library/Frameworks/ApplicationServices.framework/Versions/A/Frameworks/LangAnalysis.framework/Versions/A/LangAnalysis
0x00007fffa0d64000 	/System/Library/Frameworks/ApplicationServices.framework/Versions/A/Frameworks/PrintCore.framework/Versions/A/PrintCore
0x00007fffa0db2000 	/System/Library/Frameworks/ApplicationServices.framework/Versions/A/Frameworks/QD.framework/Versions/A/QD
0x00007fffa0dee000 	/System/Library/Frameworks/ApplicationServices.framework/Versions/A/Frameworks/SpeechSynthesis.framework/Versions/A/SpeechSynthesis
0x00007fff9eb27000 	/System/Library/Frameworks/Accelerate.framework/Versions/A/Frameworks/vImage.framework/Versions/A/vImage
0x00007fff9f82d000 	/System/Library/Frameworks/Accelerate.framework/Versions/A/Frameworks/vecLib.framework/Versions/A/vecLib
0x00007fff9f5f2000 	/System/Library/Frameworks/Accelerate.framework/Versions/A/Frameworks/vecLib.framework/Versions/A/libvDSP.dylib
0x00007fff9f1b3000 	/System/Library/Frameworks/Accelerate.framework/Versions/A/Frameworks/vecLib.framework/Versions/A/libBNNS.dylib
0x00007fff9f5d6000 	/System/Library/Frameworks/Accelerate.framework/Versions/A/Frameworks/vecLib.framework/Versions/A/libQuadrature.dylib
0x00007fff9f77a000 	/System/Library/Frameworks/Accelerate.framework/Versions/A/Frameworks/vecLib.framework/Versions/A/libvMisc.dylib
0x00007fff9f1c8000 	/System/Library/Frameworks/Accelerate.framework/Versions/A/Frameworks/vecLib.framework/Versions/A/libLAPACK.dylib
0x00007fff9f041000 	/System/Library/Frameworks/Accelerate.framework/Versions/A/Frameworks/vecLib.framework/Versions/A/libBLAS.dylib
0x00007fff9f5bf000 	/System/Library/Frameworks/Accelerate.framework/Versions/A/Frameworks/vecLib.framework/Versions/A/libLinearAlgebra.dylib
0x00007fff9f5dd000 	/System/Library/Frameworks/Accelerate.framework/Versions/A/Frameworks/vecLib.framework/Versions/A/libSparseBLAS.dylib
0x00007fffa09e0000 	/System/Library/Frameworks/ApplicationServices.framework/Versions/A/Frameworks/ATS.framework/Versions/A/Resources/libFontParser.dylib
0x00007fffa0b10000 	/System/Library/Frameworks/ApplicationServices.framework/Versions/A/Frameworks/ATS.framework/Versions/A/Resources/libFontRegistry.dylib
0x00007fffa42d8000 	/System/Library/Frameworks/ImageIO.framework/Versions/A/Resources/libJPEG.dylib
0x00007fffa4327000 	/System/Library/Frameworks/ImageIO.framework/Versions/A/Resources/libTIFF.dylib
0x00007fffa42fc000 	/System/Library/Frameworks/ImageIO.framework/Versions/A/Resources/libPng.dylib
0x00007fffa41e2000 	/System/Library/Frameworks/ImageIO.framework/Versions/A/Resources/libGIF.dylib
0x00007fffa41e7000 	/System/Library/Frameworks/ImageIO.framework/Versions/A/Resources/libJP2.dylib
0x00007fffa4324000 	/System/Library/Frameworks/ImageIO.framework/Versions/A/Resources/libRadiance.dylib
0x00007fffb63db000 	/usr/lib/libcompression.dylib
0x00007fffab3fb000 	/System/Library/PrivateFrameworks/AppleJPEG.framework/Versions/A/AppleJPEG
0x00007fffb6731000 	/usr/lib/libcups.2.dylib
0x00007fffa50de000 	/System/Library/Frameworks/Kerberos.framework/Versions/A/Kerberos
0x00007fffa3dfc000 	/System/Library/Frameworks/GSS.framework/Versions/A/GSS
0x00007fffb72e6000 	/usr/lib/libresolv.9.dylib
0x00007fffb6817000 	/usr/lib/libiconv.2.dylib
0x00007fffb06f7000 	/System/Library/PrivateFrameworks/Heimdal.framework/Versions/A/Heimdal
0x00007fffb6811000 	/usr/lib/libheimdal-asn1.dylib
0x00007fffa646c000 	/System/Library/Frameworks/OpenDirectory.framework/Versions/A/OpenDirectory
0x00007fffacf0e000 	/System/Library/PrivateFrameworks/CommonAuth.framework/Versions/A/CommonAuth
0x00007fffa6452000 	/System/Library/Frameworks/OpenDirectory.framework/Versions/A/Frameworks/CFOpenDirectory.framework/Versions/A/CFOpenDirectory
0x00007fffa85c1000 	/System/Library/Frameworks/SecurityFoundation.framework/Versions/A/SecurityFoundation
0x00007fffb0eaf000 	/System/Library/PrivateFrameworks/LanguageModeling.framework/Versions/A/LanguageModeling
0x00007fffb6b51000 	/usr/lib/libmarisa.dylib
0x00007fffb5f33000 	/usr/lib/libChineseTokenizer.dylib
0x00007fffb63ca000 	/usr/lib/libcmph.dylib
0x00007fffad660000 	/System/Library/PrivateFrameworks/CoreEmoji.framework/Versions/A/CoreEmoji
0x00007fffa8661000 	/System/Library/Frameworks/ServiceManagement.framework/Versions/A/ServiceManagement
0x00007fffb7693000 	/usr/lib/libxslt.1.dylib
0x00007fffa187d000 	/System/Library/Frameworks/Carbon.framework/Versions/A/Frameworks/Ink.framework/Versions/A/Ink
0x00007fffb4b43000 	/System/Library/PrivateFrameworks/TextureIO.framework/Versions/A/TextureIO
0x00007fffa58d7000 	/System/Library/Frameworks/Metal.framework/Versions/A/Metal
0x00007fffb62a8000 	/usr/lib/libate.dylib
0x00007fffafcf9000 	/System/Library/PrivateFrameworks/GPUCompiler.framework/libmetal_timestamp.dylib
0x00007fffa647b000 	/System/Library/Frameworks/OpenGL.framework/Versions/A/Libraries/libCoreFSCache.dylib
0x00007fffb0d88000 	/System/Library/PrivateFrameworks/IOAccelerator.framework/Versions/A/IOAccelerator
0x00007fffa36ee000 	/System/Library/Frameworks/CoreVideo.framework/Versions/A/CoreVideo
0x00007fffb5fd2000 	/usr/lib/libFosl_dynamic.dylib
0x00007fffb1987000 	/System/Library/PrivateFrameworks/MetalPerformanceShaders.framework/Versions/A/MetalPerformanceShaders
0x00007fffae571000 	/System/Library/PrivateFrameworks/FaceCore.framework/Versions/A/FaceCore
0x00007fffa6403000 	/System/Library/Frameworks/OpenCL.framework/Versions/A/OpenCL
0x00007fffa664e000 	/System/Library/Frameworks/OpenGL.framework/Versions/A/Libraries/libGLU.dylib
0x00007fffa6484000 	/System/Library/Frameworks/OpenGL.framework/Versions/A/Libraries/libGFXShared.dylib
0x00007fffa648e000 	/System/Library/Frameworks/OpenGL.framework/Versions/A/Libraries/libGL.dylib
0x00007fffa649a000 	/System/Library/Frameworks/OpenGL.framework/Versions/A/Libraries/libGLImage.dylib
0x00007fffa6478000 	/System/Library/Frameworks/OpenGL.framework/Versions/A/Libraries/libCVMSPluginSupport.dylib
0x00007fffa647f000 	/System/Library/Frameworks/OpenGL.framework/Versions/A/Libraries/libCoreVMClient.dylib
0x00007fffadfc2000 	/System/Library/PrivateFrameworks/CrashReporterSupport.framework/Versions/A/CrashReporterSupport
0x00007fffb3a13000 	/System/Library/PrivateFrameworks/Sharing.framework/Versions/A/Sharing
0x00007fffb0da6000 	/System/Library/PrivateFrameworks/IconServices.framework/Versions/A/IconServices
0x00007fffb2c61000 	/System/Library/PrivateFrameworks/ProtocolBuffer.framework/Versions/A/ProtocolBuffer
0x00007fffab2db000 	/System/Library/PrivateFrameworks/Apple80211.framework/Versions/A/Apple80211
0x00007fffa3724000 	/System/Library/Frameworks/CoreWLAN.framework/Versions/A/CoreWLAN
0x00007fffade3c000 	/System/Library/PrivateFrameworks/CoreUtils.framework/Versions/A/CoreUtils
0x00007fffa3eed000 	/System/Library/Frameworks/IOBluetooth.framework/Versions/A/IOBluetooth
0x00007fffadf5c000 	/System/Library/PrivateFrameworks/CoreWiFi.framework/Versions/A/CoreWiFi
0x00007fffa1bf4000 	/System/Library/Frameworks/CoreBluetooth.framework/Versions/A/CoreBluetooth
0x00007fffa1f04000 	/System/Library/Frameworks/CoreDisplay.framework/Versions/A/CoreDisplay
0x00007fffb0d91000 	/System/Library/PrivateFrameworks/IOPresentment.framework/Versions/A/IOPresentment
0x00007fffae04d000 	/System/Library/PrivateFrameworks/DSExternalDisplay.framework/Versions/A/DSExternalDisplay
0x00007fffae138000 	/System/Library/PrivateFrameworks/DebugSymbols.framework/Versions/A/DebugSymbols
0x00007fffadc6c000 	/System/Library/PrivateFrameworks/CoreSymbolication.framework/Versions/A/CoreSymbolication
0x00007fffb45fe000 	/System/Library/PrivateFrameworks/Symbolication.framework/Versions/A/Symbolication
0x00007fffab2fe000 	/System/Library/PrivateFrameworks/AppleFSCompression.framework/Versions/A/AppleFSCompression
0x00007fffb3f06000 	/System/Library/PrivateFrameworks/SpeechRecognitionCore.framework/Versions/A/SpeechRecognitionCore
0x00007fffac5c2000 	/System/Library/PrivateFrameworks/ChunkingLibrary.framework/Versions/A/ChunkingLibrary
0x0000000107c00000 	/Library/Java/JavaVirtualMachines/jdk-14.0.2.jdk/Contents/Home/lib/server/libjvm.dylib
0x0000000106b85000 	/Library/Java/JavaVirtualMachines/jdk-14.0.2.jdk/Contents/Home/lib/libjimage.dylib
0x0000000106b9a000 	/Library/Java/JavaVirtualMachines/jdk-14.0.2.jdk/Contents/Home/lib/libjava.dylib
0x0000000106bc2000 	/Library/Java/JavaVirtualMachines/jdk-14.0.2.jdk/Contents/Home/lib/libzip.dylib
0x0000000113ead000 	/Users/awollac/Library/Java/Extensions/libqhull.dylib


VM Arguments:
java_command: main
java_class_path (initial): .
Launcher Type: SUN_STANDARD

[Global flags]
     intx CICompilerCount                          = 4                                         {product} {ergonomic}
     uint ConcGCThreads                            = 2                                         {product} {ergonomic}
     uint G1ConcRefinementThreads                  = 8                                         {product} {ergonomic}
   size_t G1HeapRegionSize                         = 1048576                                   {product} {ergonomic}
    uintx GCDrainStackTargetSize                   = 64                                        {product} {ergonomic}
   size_t InitialHeapSize                          = 268435456                                 {product} {ergonomic}
   size_t MarkStackSize                            = 4194304                                   {product} {ergonomic}
   size_t MaxHeapSize                              = 4294967296                                {product} {ergonomic}
   size_t MaxNewSize                               = 2576351232                                {product} {ergonomic}
   size_t MinHeapDeltaBytes                        = 1048576                                   {product} {ergonomic}
   size_t MinHeapSize                              = 8388608                                   {product} {ergonomic}
    uintx NonNMethodCodeHeapSize                   = 5839372                                {pd product} {ergonomic}
    uintx NonProfiledCodeHeapSize                  = 122909434                              {pd product} {ergonomic}
    uintx ProfiledCodeHeapSize                     = 122909434                              {pd product} {ergonomic}
    uintx ReservedCodeCacheSize                    = 251658240                              {pd product} {ergonomic}
     bool SegmentedCodeCache                       = true                                      {product} {ergonomic}
   size_t SoftMaxHeapSize                          = 4294967296                             {manageable} {ergonomic}
     bool UseCompressedClassPointers               = true                                 {lp64_product} {ergonomic}
     bool UseCompressedOops                        = true                                 {lp64_product} {ergonomic}
     bool UseG1GC                                  = true                                      {product} {ergonomic}

Logging:
Log output configuration:
 #0: stdout all=warning uptime,level,tags
 #1: stderr all=off uptime,level,tags

Environment Variables:
JAVA_HOME=/Library/Java/JavaVirtualMachines/jdk-14.0.2.jdk/Contents/Home
PATH=/opt/local/bin:/opt/local/sbin:/Users/awollac/.opam/4.04.0/bin:/usr/local/bin:/usr/bin:/bin:/usr/sbin:/sbin:/Applications/Racket v7.4/bin:/opt/X11/bin:/Library/TeX/texbin:/Applications/Wireshark.app/Contents/MacOS
SHELL=/bin/bash
DISPLAY=/private/tmp/com.apple.launchd.AJiGU6qGWP/org.macosforge.xquartz:0

Signal Handlers:
SIGSEGV: [libjvm.dylib+0x7415b8], sa_mask[0]=11111111011111110111111111111111, sa_flags=SA_ONSTACK|SA_RESTART|SA_SIGINFO
SIGBUS: [libjvm.dylib+0x7415b8], sa_mask[0]=11111111011111110111111111111111, sa_flags=SA_RESTART|SA_SIGINFO
SIGFPE: [libjvm.dylib+0x7415b8], sa_mask[0]=11111111011111110111111111111111, sa_flags=SA_RESTART|SA_SIGINFO
SIGPIPE: [libjvm.dylib+0x5eb4b1], sa_mask[0]=11111111011111110111111111111111, sa_flags=SA_RESTART|SA_SIGINFO
SIGXFSZ: [libjvm.dylib+0x5eb4b1], sa_mask[0]=11111111011111110111111111111111, sa_flags=SA_RESTART|SA_SIGINFO
SIGILL: [libjvm.dylib+0x7415b8], sa_mask[0]=11111111011111110111111111111111, sa_flags=SA_RESTART|SA_SIGINFO
SIGUSR2: [libjvm.dylib+0x5eba83], sa_mask[0]=00000000000000000000000000000000, sa_flags=SA_RESTART|SA_SIGINFO
SIGHUP: [libjvm.dylib+0x5eaae5], sa_mask[0]=11111111011111110111111111111111, sa_flags=SA_RESTART|SA_SIGINFO
SIGINT: [libjvm.dylib+0x5eaae5], sa_mask[0]=11111111011111110111111111111111, sa_flags=SA_RESTART|SA_SIGINFO
SIGTERM: [libjvm.dylib+0x5eaae5], sa_mask[0]=11111111011111110111111111111111, sa_flags=SA_RESTART|SA_SIGINFO
SIGQUIT: [libjvm.dylib+0x5eaae5], sa_mask[0]=11111111011111110111111111111111, sa_flags=SA_RESTART|SA_SIGINFO


---------------  S Y S T E M  ---------------

OS:uname:Darwin 16.7.0 Darwin Kernel Version 16.7.0: Thu Jun 15 17:36:27 PDT 2017; root:xnu-3789.70.16~2/RELEASE_X86_64 x86_64
OS uptime: 53 days 14:54 hours
rlimit: STACK 8192k, CORE 0k, NPROC 709, NOFILE 10240, AS infinity, DATA infinity, FSIZE infinity
load average:1.88 1.71 2.13

CPU:total 8 (initial active 8) (4 cores per cpu, 2 threads per core) family 6 model 158 stepping 9, cmov, cx8, fxsr, mmx, sse, sse2, sse3, ssse3, sse4.1, sse4.2, popcnt, avx, avx2, aes, clmul, erms, rtm, 3dnowpref, lzcnt, ht, tsc, tscinvbit, bmi1, bmi2, adx, fma

Memory: 4k page, physical 16777216k(2210416k free), swap 1048576k(828928k free)

vm_info: Java HotSpot(TM) 64-Bit Server VM (14.0.2+12-46) for bsd-amd64 JRE (14.0.2+12-46), built on Jul  8 2020 23:32:31 by "mach5one" with clang 4.2.1 Compatible Apple LLVM 10.0.0 (clang-1000.11.45.5)

END.
